# lattice-best-path --lm-scale=14 --word-symbol-table=exp/tri1/graph/words.txt "ark:gunzip -c exp/tri1/decode/lat.*.gz|" ark,t:exp/tri1/decode/scoring/14.tra 
# Started at Thu Mar 17 09:41:29 UTC 2022
#
lattice-best-path --lm-scale=14 --word-symbol-table=exp/tri1/graph/words.txt 'ark:gunzip -c exp/tri1/decode/lat.*.gz|' ark,t:exp/tri1/decode/scoring/14.tra 
LOG (lattice-best-path[5.5.1009~1-e4940]:main():lattice-best-path.cc:99) For utterance COF001_Pa001_029, best cost 1015.67 + 32154.3 = 33170 over 343 frames.
COF001_Pa001_029 ดรัม แม่เหล็ก เป็น วัตถุ รูป ทรงกระบอก 
LOG (lattice-best-path[5.5.1009~1-e4940]:main():lattice-best-path.cc:99) For utterance COF001_Pa001_030, best cost 1725.11 + 52970.1 = 54695.3 over 563 frames.
COF001_Pa001_030 และ สามารถ อ่าน ข้อมูล จาก เช็ค ที่ มี รอยพับ และ เปรอะเปื้อน ได้ ด้วย 
LOG (lattice-best-path[5.5.1009~1-e4940]:main():lattice-best-path.cc:99) For utterance COF001_Pa001_031, best cost 1053.33 + 31116.7 = 32170 over 340 frames.
COF001_Pa001_031 การ ทำ ด้วย ใน สาร ฟาก ซาก 
LOG (lattice-best-path[5.5.1009~1-e4940]:main():lattice-best-path.cc:99) For utterance COF001_Pa001_032, best cost 2116.78 + 73166.4 = 75283.1 over 817 frames.
COF001_Pa001_032 ใน ตำรับ ย่าน นอกจาก พืชสมุนไพร แล้ว ยัง อาจ ประกอบด้วย ทราบ และ แร่ธาตุ อีกด้วย 
LOG (lattice-best-path[5.5.1009~1-e4940]:main():lattice-best-path.cc:99) For utterance COF001_Pa001_033, best cost 2155.71 + 60679 = 62834.7 over 680 frames.
COF001_Pa001_033 ให้ ถ้า ชาว และ เย็น หลัง อาบน้ำ ทุกวัน ติด กัน ประมาณ 2 ศัพท์ ดาบ 
LOG (lattice-best-path[5.5.1009~1-e4940]:main():lattice-best-path.cc:99) For utterance COF001_Pa001_034, best cost 969.977 + 25158.4 = 26128.4 over 287 frames.
COF001_Pa001_034 ใส่ เสื้อ เปิด ขอ แบบ ฝรั่ง 
LOG (lattice-best-path[5.5.1009~1-e4940]:main():lattice-best-path.cc:99) For utterance COF001_Pa001_035, best cost 1074.87 + 52791.9 = 53866.8 over 590 frames.
COF001_Pa001_035 2.1.5 ระบบ จัดการ โต๊ะ ประกอบด้วย 
LOG (lattice-best-path[5.5.1009~1-e4940]:main():lattice-best-path.cc:99) For utterance COF002_Pa002_029, best cost 1449.54 + 44354.1 = 45803.6 over 494 frames.
COF002_Pa002_029 แต่ ภายใน มี ใส่ ไฟฟ้า อาจ ต่อ เขา เครื่อง ใช้ 
LOG (lattice-best-path[5.5.1009~1-e4940]:main():lattice-best-path.cc:99) For utterance COF002_Pa002_030, best cost 927.006 + 29813.2 = 30740.2 over 331 frames.
COF002_Pa002_030 ต้อง เสียชีวิต ไป ราศี ร้าย 
LOG (lattice-best-path[5.5.1009~1-e4940]:main():lattice-best-path.cc:99) For utterance COF002_Pa002_031, best cost 649.836 + 21465.6 = 22115.4 over 248 frames.
COF002_Pa002_031 มี ประตู 1 บาน 
LOG (lattice-best-path[5.5.1009~1-e4940]:main():lattice-best-path.cc:99) For utterance COF002_Pa002_032, best cost 1651.29 + 61403.4 = 63054.7 over 642 frames.
COF002_Pa002_032 ซึ่ง มี ปรากฏ อยู่ ใน ตำรา ยาแผนโบราณ ที่ รัฐมนตรี ตรรก 
LOG (lattice-best-path[5.5.1009~1-e4940]:main():lattice-best-path.cc:99) For utterance COF002_Pa002_033, best cost 638.387 + 26840.2 = 27478.6 over 286 frames.
COF002_Pa002_033 การ อาการ ท้องอืด ของ 
LOG (lattice-best-path[5.5.1009~1-e4940]:main():lattice-best-path.cc:99) For utterance COF002_Pa002_034, best cost 891.94 + 27753.2 = 28645.2 over 299 frames.
COF002_Pa002_034 ต่อมา ได้แก่ ทาง ปรับปรุง องค์ 
LOG (lattice-best-path[5.5.1009~1-e4940]:main():lattice-best-path.cc:99) For utterance COF002_Pa002_035, best cost 3506.32 + 119395 = 122901 over 1280 frames.
COF002_Pa002_035 อย่างไรก็ตาม ถ้า จะ นำ ไป การ นั้น กับ ร้านอาหาร ขนาด ใหญ่ ที่ มี ลูกค้า มาก จำนวน โต๊ะ ตั้งแต่ 50 ตก ขึ้นไป อาจ ทำงาน ไม่ ผ่าน 
LOG (lattice-best-path[5.5.1009~1-e4940]:main():lattice-best-path.cc:99) For utterance COF004_Pa004_029, best cost 2617.58 + 84361.4 = 86979 over 923 frames.
COF004_Pa004_029 อัตรา เหลว ของ การ พิมพ์ ข้อมูล ข้าว จาก ขึ้น อยู่ กับ ความ สามารถ ของ พนักงาน ที่ ทำ การ พิมพ์ ขึ้น 
LOG (lattice-best-path[5.5.1009~1-e4940]:main():lattice-best-path.cc:99) For utterance COF004_Pa004_030, best cost 781.233 + 28047 = 28828.2 over 321 frames.
COF004_Pa004_030 เพื่อ มี ให้ ลุกลาม ต่อไป 
LOG (lattice-best-path[5.5.1009~1-e4940]:main():lattice-best-path.cc:99) For utterance COF004_Pa004_031, best cost 1148.17 + 39565 = 40713.1 over 446 frames.
COF004_Pa004_031 เนื่องจาก การ ตก เป็น เครื่องมือ จับ ตราบ 
LOG (lattice-best-path[5.5.1009~1-e4940]:main():lattice-best-path.cc:99) For utterance COF004_Pa004_032, best cost 1479.62 + 68780.5 = 70260.1 over 755 frames.
COF004_Pa004_032 การ เหง้าว่านน้ำ รากเจตมูลเพลิง รัฐ แถบ แต่ และ รากนมสวรรค์ 
LOG (lattice-best-path[5.5.1009~1-e4940]:main():lattice-best-path.cc:99) For utterance COF004_Pa004_033, best cost 1311.46 + 36568.2 = 37879.7 over 415 frames.
COF004_Pa004_033 จะ ทำให้ แพทย์ หาย สนิท เป็น เดือย เดียว การ 
LOG (lattice-best-path[5.5.1009~1-e4940]:main():lattice-best-path.cc:99) For utterance COF004_Pa004_034, best cost 1079.51 + 33861.7 = 34941.2 over 384 frames.
COF004_Pa004_034 ลง ที่ เรา ไป ไทย ไทย เพทุบาย 
LOG (lattice-best-path[5.5.1009~1-e4940]:main():lattice-best-path.cc:99) For utterance COF004_Pa004_035, best cost 1196.84 + 34008.7 = 35205.6 over 389 frames.
COF004_Pa004_035 แต่ ภาพ เป็น การ ไทย ทะเล ข้างล่าง 8 
LOG (lattice-best-path[5.5.1009~1-e4940]:main():lattice-best-path.cc:99) For utterance COF005_Pa005_029, best cost 1935.05 + 66749.4 = 68684.4 over 694 frames.
COF005_Pa005_029 แต่ การ แสดงผล จะ การ อยู่ กับ ออกแบบ อุปกรณ์ ต่างๆ ที่ การ กับ เครื่องพิมพ์ นี้ 
LOG (lattice-best-path[5.5.1009~1-e4940]:main():lattice-best-path.cc:99) For utterance COF005_Pa005_030, best cost 1419.62 + 47827.2 = 49246.8 over 510 frames.
COF005_Pa005_030 และ จะ สูญเสีย ความ รู้สึก ใน ส่วน ที่ เป็น อัมพาต ด้วย 
LOG (lattice-best-path[5.5.1009~1-e4940]:main():lattice-best-path.cc:99) For utterance COF005_Pa005_031, best cost 1359.93 + 42012.2 = 43372.2 over 437 frames.
COF005_Pa005_031 ทำ หน้าที่ ไทย น้ำหนัก จาก เสา ลง สูง ว่า 
LOG (lattice-best-path[5.5.1009~1-e4940]:main():lattice-best-path.cc:99) For utterance COF005_Pa005_032, best cost 838.576 + 35930 = 36768.6 over 387 frames.
COF005_Pa005_032 นอกจากนี้ ยังมี มาตรา โบราณ 
LOG (lattice-best-path[5.5.1009~1-e4940]:main():lattice-best-path.cc:99) For utterance COF005_Pa005_033, best cost 1465.52 + 41438.1 = 42903.6 over 430 frames.
COF005_Pa005_033 เหล่า โขลก ให้ พอ แรก ใส่ ลง ใน น้ำ 1 
LOG (lattice-best-path[5.5.1009~1-e4940]:main():lattice-best-path.cc:99) For utterance COF005_Pa005_034, best cost 1232.2 + 32619.5 = 33851.7 over 343 frames.
COF005_Pa005_034 สาย สาย สาย 1 ก็ การ สลึง ฝรั่ง 
LOG (lattice-best-path[5.5.1009~1-e4940]:main():lattice-best-path.cc:99) For utterance COF005_Pa005_035, best cost 1013.5 + 43667.1 = 44680.6 over 454 frames.
COF005_Pa005_035 เครื่องต้นแบบ เครื่อง ที่ 1 มี บล๊อคไดอะแกรม 
LOG (lattice-best-path[5.5.1009~1-e4940]:main():lattice-best-path.cc:99) For utterance COF007_Pa007_029, best cost 1039.92 + 41233.8 = 42273.8 over 466 frames.
COF007_Pa007_029 คือ การ คง รอบ ที่ มี ตัวอักษร 
LOG (lattice-best-path[5.5.1009~1-e4940]:main():lattice-best-path.cc:99) For utterance COF007_Pa007_030, best cost 3806.7 + 121561 = 125368 over 1351 frames.
COF007_Pa007_030 และ พบว่า ควร นม รูป ผสม ข้าว ดำ ควร สัตว์ ใกล้ 4 เขียน กับ โค พื้นเมือง เป็น คน รม รูป ผสม ที่ ให้ นม ขีด ที่สุด 
LOG (lattice-best-path[5.5.1009~1-e4940]:main():lattice-best-path.cc:99) For utterance COF007_Pa007_031, best cost 1992.94 + 63666.5 = 65659.4 over 709 frames.
COF007_Pa007_031 ด้วย เจาะ ทัน ขึ้น เป็น ปลูก กว้าง กว่า พรวน เขียน พอ สวม เขา ได้ 
LOG (lattice-best-path[5.5.1009~1-e4940]:main():lattice-best-path.cc:99) For utterance COF007_Pa007_032, best cost 916.029 + 38558.7 = 39474.7 over 432 frames.
COF007_Pa007_032 ปกติ การ สมุนไพร เช่น ชง 
LOG (lattice-best-path[5.5.1009~1-e4940]:main():lattice-best-path.cc:99) For utterance COF007_Pa007_033, best cost 1199.95 + 35892.2 = 37092.2 over 408 frames.
COF007_Pa007_033 จาก ช่วย ให้ หาย เคล็ด ขาด ยา ออก 
LOG (lattice-best-path[5.5.1009~1-e4940]:main():lattice-best-path.cc:99) For utterance COF007_Pa007_034, best cost 1527.62 + 53045.8 = 54573.4 over 610 frames.
COF007_Pa007_034 แต่ จะ ส่วน อยู่ การ อายุ 6 หรือ 7 ขวบ เท่านั้น 
LOG (lattice-best-path[5.5.1009~1-e4940]:main():lattice-best-path.cc:99) For utterance COF007_Pa007_035, best cost 1008.93 + 46570.1 = 47579.1 over 538 frames.
COF007_Pa007_035 ดร. กฤษณพงศ์ เขียน กราฟิก ตอน 
LOG (lattice-best-path[5.5.1009~1-e4940]:main():lattice-best-path.cc:99) For utterance COF008_Pa008_029, best cost 1100.02 + 37688.6 = 38788.7 over 405 frames.
COF008_Pa008_029 โดย ทำให้ การ มี ประจุ ไฟฟ้า ลบ 
LOG (lattice-best-path[5.5.1009~1-e4940]:main():lattice-best-path.cc:99) For utterance COF008_Pa008_030, best cost 761.836 + 43429.7 = 44191.5 over 461 frames.
COF008_Pa008_030 1.3 กระบืองาน จาก 
LOG (lattice-best-path[5.5.1009~1-e4940]:main():lattice-best-path.cc:99) For utterance COF008_Pa008_031, best cost 810.94 + 29865.4 = 30676.4 over 306 frames.
COF008_Pa008_031 และ การ กับ ดั้งแขวน เท่านั้น 
LOG (lattice-best-path[5.5.1009~1-e4940]:main():lattice-best-path.cc:99) For utterance COF008_Pa008_032, best cost 1086.15 + 31222 = 32308.2 over 323 frames.
COF008_Pa008_032 ก็ จัดซื้อ จำ เร็ว ขวา กำหนด ได้ 
LOG (lattice-best-path[5.5.1009~1-e4940]:main():lattice-best-path.cc:99) For utterance COF008_Pa008_033, best cost 934.654 + 30389.8 = 31324.5 over 330 frames.
COF008_Pa008_033 และ เปลี่ยน ขนาน และ นี้ กระดาษ 
LOG (lattice-best-path[5.5.1009~1-e4940]:main():lattice-best-path.cc:99) For utterance COF008_Pa008_034, best cost 722.295 + 27172.1 = 27894.4 over 293 frames.
COF008_Pa008_034 จะ ขาด อิเล็กตรอน ตัว 
LOG (lattice-best-path[5.5.1009~1-e4940]:main():lattice-best-path.cc:99) For utterance COF008_Pa008_035, best cost 2070.06 + 81927.5 = 83997.5 over 897 frames.
COF008_Pa008_035 ซึ่ง โปรแกรม จะ ทำ หน้าที่ เลียนแบบ เมื่อ อัน วงจรรีเลย์ ตัวตั้งเวลา และ ตัวนับ 
LOG (lattice-best-path[5.5.1009~1-e4940]:main():lattice-best-path.cc:99) For utterance COF009_Pa009_029, best cost 2311.8 + 74846.2 = 77158 over 768 frames.
COF009_Pa009_029 เมื่อ จึง สัญญาณ เค็ม จะ ผู้ ออก ละ ชิ้น ปั้น ตัวอักษร ตาม รหัส ของ ข้อมูล ต่างๆ 
LOG (lattice-best-path[5.5.1009~1-e4940]:main():lattice-best-path.cc:99) For utterance COF009_Pa009_030, best cost 829.89 + 27118.3 = 27948.2 over 282 frames.
COF009_Pa009_030 เฉลี่ย ขอ กล่าว 16 ตัว 
LOG (lattice-best-path[5.5.1009~1-e4940]:main():lattice-best-path.cc:99) For utterance COF009_Pa009_031, best cost 1128.97 + 41843.6 = 42972.6 over 449 frames.
COF009_Pa009_031 ยาว รอบ การ ขาด ทำ หน้าที่ รับประทาน 
LOG (lattice-best-path[5.5.1009~1-e4940]:main():lattice-best-path.cc:99) For utterance COF009_Pa009_032, best cost 1257.86 + 42815.8 = 44073.7 over 456 frames.
COF009_Pa009_032 ประชาชน ยัง ขาด ความ รูป ความเข้าใจ เรื่อง ย่าน 
LOG (lattice-best-path[5.5.1009~1-e4940]:main():lattice-best-path.cc:99) For utterance COF009_Pa009_033, best cost 1583.3 + 50961.5 = 52544.8 over 532 frames.
COF009_Pa009_033 การ วุ้น แปะ แผล ใน ปาก หรือ พาด ที่ ริมฝีปาก บ่อยๆ 
LOG (lattice-best-path[5.5.1009~1-e4940]:main():lattice-best-path.cc:99) For utterance COF009_Pa009_034, best cost 1017.07 + 32967.4 = 33984.4 over 361 frames.
COF009_Pa009_034 จน ดู เหมือนว่า และ ควร กระดาษ ได้ 
LOG (lattice-best-path[5.5.1009~1-e4940]:main():lattice-best-path.cc:99) For utterance COF009_Pa009_035, best cost 2113.23 + 64900.5 = 67013.7 over 675 frames.
COF009_Pa009_035 การ ทำงาน ด้วย ซอฟท์แวร์ ซึ่ง ไม่ มี ตัวตน นี้ จึง ไม่ มี การ เขื่อน ที่ ทาง ควร 
LOG (lattice-best-path[5.5.1009~1-e4940]:main():lattice-best-path.cc:99) For utterance COF011_Pa011_029, best cost 1185.28 + 41392.3 = 42577.6 over 441 frames.
COF011_Pa011_029 ตัวอักษร นั้น จะ ปรากฏ ขึ้น บน บน โทรทัศน์ 
LOG (lattice-best-path[5.5.1009~1-e4940]:main():lattice-best-path.cc:99) For utterance COF011_Pa011_030, best cost 2892.41 + 138945 = 141837 over 1576 frames.
COF011_Pa011_030 ประกอบด้วย ผล ถ้า 4 ย่าน แคลเซียม โซเดียม แมกนีเซียม ฟอสฟอรัส เขา ไหล ซิเทรต เล็ก ทองแดง และ ไอโอดีน 
LOG (lattice-best-path[5.5.1009~1-e4940]:main():lattice-best-path.cc:99) For utterance COF011_Pa011_031, best cost 1011.2 + 35808 = 36819.2 over 391 frames.
COF011_Pa011_031 การ ช่วย รับ ส่วน เรียน ของ กระเบื้อง 
LOG (lattice-best-path[5.5.1009~1-e4940]:main():lattice-best-path.cc:99) For utterance COF011_Pa011_032, best cost 992.122 + 34067.4 = 35059.6 over 377 frames.
COF011_Pa011_032 และ จาก การ ที่ ขึ้น มี คู่แข่งขัน มาก 
LOG (lattice-best-path[5.5.1009~1-e4940]:main():lattice-best-path.cc:99) For utterance COF011_Pa011_033, best cost 1063.35 + 27488.5 = 28551.8 over 295 frames.
COF011_Pa011_033 ผ้า คลุม ชั้น เนื้อ มี 5 4 
LOG (lattice-best-path[5.5.1009~1-e4940]:main():lattice-best-path.cc:99) For utterance COF011_Pa011_034, best cost 1057.42 + 53666.3 = 54723.7 over 615 frames.
COF011_Pa011_034 สอบ เกาะ ทรานซิสเตอร์ การ ประโยชน์ ใช้งาน 
LOG (lattice-best-path[5.5.1009~1-e4940]:main():lattice-best-path.cc:99) For utterance COF011_Pa011_035, best cost 1293 + 53807.7 = 55100.7 over 601 frames.
COF011_Pa011_035 ผู้ใช้ จะ ตั้ง เขียน โปรแกรม ผู้ใช้ ทิ้ง ตอน 
LOG (lattice-best-path[5.5.1009~1-e4940]:main():lattice-best-path.cc:99) For utterance COF014_Pa014_029, best cost 1471.72 + 55361.6 = 56833.4 over 641 frames.
COF014_Pa014_029 ก็ สามารถ เทียบ ออกมา แสดง บน บน โทรทัศน์ ได้ 
LOG (lattice-best-path[5.5.1009~1-e4940]:main():lattice-best-path.cc:99) For utterance COF014_Pa014_030, best cost 1268.25 + 43929.9 = 45198.2 over 483 frames.
COF014_Pa014_030 เคลือบ ด้วย วัสดุ ต่าง ต่าง การ เก็บ ทัน 
LOG (lattice-best-path[5.5.1009~1-e4940]:main():lattice-best-path.cc:99) For utterance COF014_Pa014_031, best cost 941.996 + 38363.9 = 39305.9 over 442 frames.
COF014_Pa014_031 หน้าจั่ว ที่ นิยม ทำ มี ดังนี้ 
LOG (lattice-best-path[5.5.1009~1-e4940]:main():lattice-best-path.cc:99) For utterance COF014_Pa014_032, best cost 1730.83 + 81607.9 = 83338.7 over 896 frames.
COF014_Pa014_032 เมื่อ พิจารณา รัฐ การ ของ สมุนไพร ใน ประเทศ ที่ พัฒนา และ 
LOG (lattice-best-path[5.5.1009~1-e4940]:main():lattice-best-path.cc:99) For utterance COF014_Pa014_033, best cost 1082.65 + 41812.7 = 42895.4 over 454 frames.
COF014_Pa014_033 จึง นิยม ภาค จาก อยู่ เรา อีกด้วย 
LOG (lattice-best-path[5.5.1009~1-e4940]:main():lattice-best-path.cc:99) For utterance COF014_Pa014_034, best cost 1190.63 + 50657.7 = 51848.4 over 566 frames.
COF014_Pa014_034 กล่าวคือ เขื่อน แสดง เลเซอร์ มี ความ พร้อมเพรียง 
LOG (lattice-best-path[5.5.1009~1-e4940]:main():lattice-best-path.cc:99) For utterance COF014_Pa014_035, best cost 4343.46 + 214961 = 219305 over 2428 frames.
COF014_Pa014_035 นอกจากนี้ ยังมี ขึ้น นักศึกษา ที่ ได้ ช่วย ที่ และ ทดสอบ วงจร เรื่อง จิระศักดิ์ ตันปรียชญา อาจ ผิด ดิบ น้ำ 7 ขณะ ลม และ กิติพจน์ สิทธิเลิศพิศาล 
LOG (lattice-best-path[5.5.1009~1-e4940]:main():lattice-best-path.cc:99) For utterance COF017_Pa017_029, best cost 2819.35 + 85803.3 = 88622.7 over 958 frames.
COF017_Pa017_029 อย่างไร เกิด ตาม ใน ปัจจุบัน มี เครื่อง รับ 2 แบบ จะ โทรทัศน์ บาง แบบ สามารถ พิมพ์ ข่าวสาร ไม่ ดู ได้ ด้วย 
LOG (lattice-best-path[5.5.1009~1-e4940]:main():lattice-best-path.cc:99) For utterance COF017_Pa017_030, best cost 1139.83 + 35474.1 = 36613.9 over 378 frames.
COF017_Pa017_030 และ กลายเป็น แกน การ ตัว แบบ แกน แข็ง 
LOG (lattice-best-path[5.5.1009~1-e4940]:main():lattice-best-path.cc:99) For utterance COF017_Pa017_031, best cost 2292.35 + 72982.8 = 75275.2 over 777 frames.
COF017_Pa017_031 เลี้ยง ชื่อ ตาม ลักษณะ ของ รูปร่าง เช่น กระเบื้อง หาง มน กระเบื้อง หาง ตาก กระเบื้อง คอก 
LOG (lattice-best-path[5.5.1009~1-e4940]:main():lattice-best-path.cc:99) For utterance COF017_Pa017_032, best cost 2095.82 + 75055 = 77150.9 over 818 frames.
COF017_Pa017_032 เนื่องจาก ขวบ ความ เป็นพิษ เรือน แหล่ง จัด ยา และ และ ตกค้าง กระบวนการ และ 
LOG (lattice-best-path[5.5.1009~1-e4940]:main():lattice-best-path.cc:99) For utterance COF017_Pa017_033, best cost 1764.59 + 43932.8 = 45697.4 over 481 frames.
COF017_Pa017_033 ใส่ เสื้อ โค หวี กล่าว ข้อกำหนด สั่ง เรียน เอา สวม รส 
LOG (lattice-best-path[5.5.1009~1-e4940]:main():lattice-best-path.cc:99) For utterance COF017_Pa017_034, best cost 1177.63 + 33283.8 = 34461.5 over 372 frames.
COF017_Pa017_034 เมื่อ อาศัย ก๊าซ เป็น ตรวจ การ ใน เสนอ 
LOG (lattice-best-path[5.5.1009~1-e4940]:main():lattice-best-path.cc:99) For utterance COF017_Pa017_035, best cost 1909.1 + 49121.6 = 51030.7 over 522 frames.
COF017_Pa017_035 ลด ที่ 3 เส้นกราฟ ค้นหา พุ่ง ของ 9 เอง ผิด ภาค 4 ที่ 
LOG (lattice-best-path[5.5.1009~1-e4940]:main():lattice-best-path.cc:99) For utterance COF020_Pa020_029, best cost 1639.02 + 54881.4 = 56520.4 over 636 frames.
COF020_Pa020_029 เมื่อ เปลี่ยน ที่ ยาก กับ อาการ ถ่ายทอด ข้อมูล ของ เครื่อง ใช้ 
LOG (lattice-best-path[5.5.1009~1-e4940]:main():lattice-best-path.cc:99) For utterance COF020_Pa020_030, best cost 4168.23 + 136590 = 140758 over 1605 frames.
COF020_Pa020_030 เพราะ และ สถานที่ ให้ การ เป็น หลัก วิชาการ และ เทคนิค ใน การ ปฏิบัติการ ฝน หลวง ใน ผู้ จะ สัตว์ ตลาด 2516 เป็นต้นมา หาย จน ตาก ข้าว ทุก วันนี้ 
LOG (lattice-best-path[5.5.1009~1-e4940]:main():lattice-best-path.cc:99) For utterance COF020_Pa020_031, best cost 1507.95 + 45434 = 46941.9 over 515 frames.
COF020_Pa020_031 ถ้า มุง ด้วย กระเบื้อง การ กระเบื้อง พอก เป็น ส่วน ดิบ 
LOG (lattice-best-path[5.5.1009~1-e4940]:main():lattice-best-path.cc:99) For utterance COF020_Pa020_032, best cost 1162.59 + 36399.6 = 37562.2 over 419 frames.
COF020_Pa020_032 การ ที่ จาก พัฒนา นำ ใช้ ไม้ อีกครั้ง 
LOG (lattice-best-path[5.5.1009~1-e4940]:main():lattice-best-path.cc:99) For utterance COF020_Pa020_033, best cost 1607.7 + 69176.5 = 70784.2 over 799 frames.
COF020_Pa020_033 การ เป็น ทาง ผ้านุ่ง ผ้าเช็ดตัว ผ้าเคียนพุง มือ และ ผ้าพาดไหล่ 
LOG (lattice-best-path[5.5.1009~1-e4940]:main():lattice-best-path.cc:99) For utterance COF020_Pa020_034, best cost 1898.58 + 72248.1 = 74146.7 over 851 frames.
COF020_Pa020_034 เลเซอร์ ทำ ขึ้น ก๊าซ ของ แทน ก๊าซ ของเหลว และ สาร การ ตัวนำ 
LOG (lattice-best-path[5.5.1009~1-e4940]:main():lattice-best-path.cc:99) For utterance COF020_Pa020_035, best cost 2927.7 + 89933.1 = 92860.8 over 1046 frames.
COF020_Pa020_035 จาก การ ทดลอง พบว่า โครงสร้าง ของ สาร ตัว นำ ยิ่ง อยู่ ที่ ที่ จะ เห็น อยู่ ใน ระบบ พอ ทดลอง ดิบ 
LOG (lattice-best-path[5.5.1009~1-e4940]:main():lattice-best-path.cc:99) For utterance COF024_Pa024_029, best cost 2808.67 + 91529.5 = 94338.1 over 1016 frames.
COF024_Pa024_029 ใน การ เขียน เส้นกราฟ เครื่อง จับ และ สัญญาณ ซึ่ง ตรวจ เล็ก ซึ่ง จึง จาก เครื่อง ใช้ ให้ เป็น สัญญาณ ซึ่ง อุปมาน 
LOG (lattice-best-path[5.5.1009~1-e4940]:main():lattice-best-path.cc:99) For utterance COF024_Pa024_030, best cost 1200.89 + 33967.2 = 35168.1 over 381 frames.
COF024_Pa024_030 ซึ่ง รายงาน วาด มี ฝน ตก เวลา ร้าย 
LOG (lattice-best-path[5.5.1009~1-e4940]:main():lattice-best-path.cc:99) For utterance COF024_Pa024_031, best cost 1914.19 + 54292.6 = 56206.8 over 588 frames.
COF024_Pa024_031 มี ประโยชน์ เพื่อ เป็น ที่ ให้ ลม พัด ผ่าน จาก ใต้ถุน ขึ้น บน เรียน 
LOG (lattice-best-path[5.5.1009~1-e4940]:main():lattice-best-path.cc:99) For utterance COF024_Pa024_032, best cost 758.865 + 40800.6 = 41559.4 over 460 frames.
COF024_Pa024_032 2.2 อุตสาหกรรม ยาแผนปัจจุบัน 
LOG (lattice-best-path[5.5.1009~1-e4940]:main():lattice-best-path.cc:99) For utterance COF024_Pa024_033, best cost 3535.43 + 119462 = 122998 over 1282 frames.
COF024_Pa024_033 ศิลาจารึก ชิ้น นี้ เป็น หลักฐาน เอกสาร โบราณ ที่ บ่งบอก การ วัฒนธรรม ทั้ง ด้าน การ การ รู้ อักษร ที่ ปรากฏ บน การ แผ่นดิน ไทย ทั้ง และ 
LOG (lattice-best-path[5.5.1009~1-e4940]:main():lattice-best-path.cc:99) For utterance COF024_Pa024_034, best cost 1366.42 + 49318.9 = 50685.3 over 543 frames.
COF024_Pa024_034 แต่ สิ้นเปลือง ค่าใช้จ่าย กับ กระดาษ เป็น โดย ไม่ จำเป็น 
LOG (lattice-best-path[5.5.1009~1-e4940]:main():lattice-best-path.cc:99) For utterance COF024_Pa024_035, best cost 2077.64 + 75414.4 = 77492.1 over 802 frames.
COF024_Pa024_035 นอกจากนี้ โครงสร้าง ของ ดี นอก ยัง เป็น โครงสร้าง พื้นฐาน ของ กำลัง ทั่ว ทั่วไป 
LOG (lattice-best-path[5.5.1009~1-e4940]:main():lattice-best-path.cc:99) For utterance COM025_Pa025_029, best cost 1698.96 + 53612.1 = 55311.1 over 584 frames.
COM025_Pa025_029 เพื่อ นำ ไป ทำการ ควบคุม การ เขียน เส้นกราฟ หรือ ที่ รูป ต่อไป 
LOG (lattice-best-path[5.5.1009~1-e4940]:main():lattice-best-path.cc:99) For utterance COM025_Pa025_030, best cost 5072.36 + 181487 = 186559 over 2009 frames.
COM025_Pa025_030 4 จุด 3 ติดตาม ตรวจ ที่ และ บันทึก ฝน แบบ เขื่อน ที่ ได้ ของ สำนักงาน ปฏิบัติการ ฝน หลวง หรือ สถานี โต ของ รม อุดอู้ นิยม วิธี ยา ที่ ต่าง อยู่ ที่ จังหวัด ที่ เป็น ผ่าน ปฏิบัติการ 
LOG (lattice-best-path[5.5.1009~1-e4940]:main():lattice-best-path.cc:99) For utterance COM025_Pa025_031, best cost 1466.51 + 44254.7 = 45721.2 over 494 frames.
COM025_Pa025_031 และ เป็น ที่ ทำให้ อากาศ ภายใน ไหล ผ่าน ช่อง นี้ ได้ 
LOG (lattice-best-path[5.5.1009~1-e4940]:main():lattice-best-path.cc:99) For utterance COM025_Pa025_032, best cost 2585.67 + 97632.2 = 100218 over 1090 frames.
COM025_Pa025_032 ด้วย ทั่วไป ประชาชน ไทย มี ที่ ที่ จำ การ รักษา การ เจ็บไข้ ของ ตนเอง และ ครอบครัว เป็น 3 แบบ 
LOG (lattice-best-path[5.5.1009~1-e4940]:main():lattice-best-path.cc:99) For utterance COM025_Pa025_033, best cost 2251.62 + 62870.4 = 65122 over 691 frames.
COM025_Pa025_033 แต่ อย่าง ไม่ พบ จารึก อักษร ขอม โบราณ ใน แถบ ภาคเหนือ ตั้งแต่ จังหวัด ตาก ขึ้นไป 
LOG (lattice-best-path[5.5.1009~1-e4940]:main():lattice-best-path.cc:99) For utterance COM025_Pa025_034, best cost 1073.36 + 35708.5 = 36781.8 over 385 frames.
COM025_Pa025_034 รายละเอียด ของ ไมโครคอมพิวเตอร์ ชุด แรก ดัง นี้ 
LOG (lattice-best-path[5.5.1009~1-e4940]:main():lattice-best-path.cc:99) For utterance COM025_Pa025_035, best cost 1994.07 + 66040.6 = 68034.6 over 729 frames.
COM025_Pa025_035 ช่วง นี้ กระแส เขื่อน จะ เพิ่ม การ ยัง รวดเร็ว ตาม แรงดันไฟฟ้า ที่ ส่วน เขื่อน 
LOG (lattice-best-path[5.5.1009~1-e4940]:main():lattice-best-path.cc:99) For utterance COM027_Pa027_029, best cost 2312.59 + 98024.2 = 100337 over 1115 frames.
COM027_Pa027_029 เครื่อง ใช้ และ อิเล็กทรอนิกส์ ที่ สาร ขึ้นมา มี วิธีการ ป้อน คำสั่ง หรือ ข้อมูล สาย วิธี 
LOG (lattice-best-path[5.5.1009~1-e4940]:main():lattice-best-path.cc:99) For utterance COM027_Pa027_030, best cost 3587.88 + 149013 = 152601 over 1677 frames.
COM027_Pa027_030 ผล ของ การ ประเมิน ประจำวัน วิเคราะห์ สำคัญ ต่อ การ กำหนด เป้าหมาย หวัง ผล ใน การ วางแผน ปฏิบัติ การ ใน หวาน รวง ขึ้น 
LOG (lattice-best-path[5.5.1009~1-e4940]:main():lattice-best-path.cc:99) For utterance COM027_Pa027_031, best cost 820.642 + 32983.7 = 33804.4 over 385 frames.
COM027_Pa027_031 ด้วย นี้ บันได เป็น ตัวกลาง 
LOG (lattice-best-path[5.5.1009~1-e4940]:main():lattice-best-path.cc:99) For utterance COM027_Pa027_032, best cost 5138.91 + 180859 = 185998 over 2072 frames.
COM027_Pa027_032 จะ ที่ ใน ว่า การ รักษา ตนเอง และ การ การ ภาค แพทย์ พื้น บาน นั้น ยังมี ความ สำคัญ ต่อ ผล ภัย เป็น จำนวน แหลก โดยเฉพาะ ใน ชนบท ขีด หาง ใกล้ จาก สถานที่ บริการ ของ เป็น 
LOG (lattice-best-path[5.5.1009~1-e4940]:main():lattice-best-path.cc:99) For utterance COM027_Pa027_033, best cost 1027.18 + 37792.1 = 38819.3 over 429 frames.
COM027_Pa027_033 มี คอก ความ โครงการ ทั้งสอง ด้าน 
LOG (lattice-best-path[5.5.1009~1-e4940]:main():lattice-best-path.cc:99) For utterance COM027_Pa027_034, best cost 1948.16 + 85959.3 = 87907.4 over 968 frames.
COM027_Pa027_034 ความ ใน การ การ คอมพิวเตอร์ และ ประสาร จึง จึง การ การ ขึ้น อีกครั้ง 
LOG (lattice-best-path[5.5.1009~1-e4940]:main():lattice-best-path.cc:99) For utterance COM027_Pa027_035, best cost 870.194 + 24458.1 = 25328.3 over 274 frames.
COM027_Pa027_035 เพื่อ ให้ เกิด แชนแนล ขึ้น ได้ 
LOG (lattice-best-path[5.5.1009~1-e4940]:main():lattice-best-path.cc:99) For utterance COM030_Pa030_029, best cost 991.729 + 30717.3 = 31709.1 over 348 frames.
COM030_Pa030_029 หรือ เครื่อง ไม่ สามารถ ปฏิบัติ ตาม ด้าน 
LOG (lattice-best-path[5.5.1009~1-e4940]:main():lattice-best-path.cc:99) For utterance COM030_Pa030_030, best cost 1790.08 + 58677.7 = 60467.8 over 657 frames.
COM030_Pa030_030 ซึ่ง จึง การ ย่อม รับ จาก ทั้ง ภายใน และ ต่างประเทศ ใน ระดับ 1 
LOG (lattice-best-path[5.5.1009~1-e4940]:main():lattice-best-path.cc:99) For utterance COM030_Pa030_031, best cost 748.002 + 23606.3 = 24354.3 over 253 frames.
COM030_Pa030_031 ทำมุม 45 องศา อาจ 
LOG (lattice-best-path[5.5.1009~1-e4940]:main():lattice-best-path.cc:99) For utterance COM030_Pa030_032, best cost 3099.62 + 113372 = 116472 over 1249 frames.
COM030_Pa030_032 การ ส่งเสริม การ การ สมุนไพร จึง จำเป็น ต้อง พิจารณา คิด ความรู้ และ ความ สามารถ ของ ประชาชน โดยเฉพาะ ช้า ชนบท เป็น สำคัญ 
LOG (lattice-best-path[5.5.1009~1-e4940]:main():lattice-best-path.cc:99) For utterance COM030_Pa030_033, best cost 799.173 + 30481.5 = 31280.6 over 342 frames.
COM030_Pa030_033 พลังงาน คือ ความ สามารถ ทำงาน 
LOG (lattice-best-path[5.5.1009~1-e4940]:main():lattice-best-path.cc:99) For utterance COM030_Pa030_034, best cost 2253.28 + 84466 = 86719.2 over 950 frames.
COM030_Pa030_034 มี กับ เริ่ม อุดม วโรตม์สิกขดิตถ์ และ ดร. จะ มี ที่ ยาก กาญจนะวรรณ เป็น ประธาน โครงการ 
LOG (lattice-best-path[5.5.1009~1-e4940]:main():lattice-best-path.cc:99) For utterance COM030_Pa030_035, best cost 3727.15 + 124316 = 128043 over 1319 frames.
COM030_Pa030_035 เพื่อ เป็น การ ทบทวน ความเข้าใจ ของ ทุก สาร ที่ เกี่ยวข้อง ตั้ง ภาพ รัฐบาล และ เอกชน ว่า ศูนย์ฯ เผ็ด นวด ขึ้น อิเล็คโทรนิคส์ และ คอมพิวเตอร์ มี ความเป็นมา อย่างไร 
LOG (lattice-best-path[5.5.1009~1-e4940]:main():lattice-best-path.cc:99) For utterance COM032_Pa032_029, best cost 1584.65 + 56720.7 = 58305.4 over 659 frames.
COM032_Pa032_029 ซึ่ง ทำ ได้ ด้วย การ นำ ข้อมูล ต่างๆ บันทึก ไว้ ใน รูปแบบ 
LOG (lattice-best-path[5.5.1009~1-e4940]:main():lattice-best-path.cc:99) For utterance COM032_Pa032_030, best cost 1923.5 + 55527.2 = 57450.7 over 603 frames.
COM032_Pa032_030 เพื่อ ช่วย เลือก ขึ้น ที่ เกษตร ประจำ และ การ ขาดแคลน น้ำ เพื่อ ก๊าซ บริโภค 
LOG (lattice-best-path[5.5.1009~1-e4940]:main():lattice-best-path.cc:99) For utterance COM032_Pa032_031, best cost 1343.46 + 31936.9 = 33280.4 over 356 frames.
COM032_Pa032_031 ส่วน บน ลม 2 ต่ำ ตาม ของ ฝา เป็น หลัก 
LOG (lattice-best-path[5.5.1009~1-e4940]:main():lattice-best-path.cc:99) For utterance COM032_Pa032_032, best cost 2598.55 + 81628.1 = 84226.6 over 904 frames.
COM032_Pa032_032 การ เลือก สมุนไพร ที่ จะ พัฒนา ไป การ ใน การ สาธารณสุขมูลฐาน มี หลัก เป็น ที่ จะ ต้อง ดิบ หรือ ดัง ต่อไปนี้ 
LOG (lattice-best-path[5.5.1009~1-e4940]:main():lattice-best-path.cc:99) For utterance COM032_Pa032_033, best cost 1126.82 + 36440.3 = 37567.2 over 412 frames.
COM032_Pa032_033 ความจริง ดินปืน มี พลังงาน อยู่ ขอม แล้ว 
LOG (lattice-best-path[5.5.1009~1-e4940]:main():lattice-best-path.cc:99) For utterance COM032_Pa032_034, best cost 719.539 + 23709 = 24428.6 over 261 frames.
COM032_Pa032_034 และ จะ ต้อง ตาก คำกำกวม 
LOG (lattice-best-path[5.5.1009~1-e4940]:main():lattice-best-path.cc:99) For utterance COM032_Pa032_035, best cost 3949.44 + 154496 = 158446 over 1710 frames.
COM032_Pa032_035 ส่วน เทคโนโลยี อิเล็คโทรนิคส์ และ ใช้ กันสาด ตั้ง อยู่ ที่ ชั้น พบ ของ อาคาร สำนักงานปลัดกระทรวงฯ วิทยาศาสตร์ เทคโนโลยี และ การ พลังงาน ถนนพระราม6 พญาไท 10400 ตาราง ที่ 1 
LOG (lattice-best-path[5.5.1009~1-e4940]:main():lattice-best-path.cc:99) For utterance COM034_Pa034_029, best cost 2197.96 + 79549.5 = 81747.5 over 841 frames.
COM034_Pa034_029 กลไก ของ เครื่อง จัด บัตร ออก ตาม ต้องการ โดย อัตรา เร็ว ของ การ กดดัน 2 
LOG (lattice-best-path[5.5.1009~1-e4940]:main():lattice-best-path.cc:99) For utterance COM034_Pa034_030, best cost 1222.77 + 38146.1 = 39368.9 over 414 frames.
COM034_Pa034_030 เพื่อ ระบาย นาน ออก จาก พรุ ลง เท่าไร 
LOG (lattice-best-path[5.5.1009~1-e4940]:main():lattice-best-path.cc:99) For utterance COM034_Pa034_031, best cost 1533.86 + 48271.4 = 49805.2 over 521 frames.
COM034_Pa034_031 ทำ ชัก ขึ้น เก็บ บน นอกชาน ได้ เมื่อ เวลา ทำ ขึ้น 
LOG (lattice-best-path[5.5.1009~1-e4940]:main():lattice-best-path.cc:99) For utterance COM034_Pa034_032, best cost 854.91 + 31897.1 = 32752 over 348 frames.
COM034_Pa034_032 เป็น ยา ที่ การ ภายนอก เท่านั้น 
LOG (lattice-best-path[5.5.1009~1-e4940]:main():lattice-best-path.cc:99) For utterance COM034_Pa034_033, best cost 1181.98 + 44744.1 = 45926 over 480 frames.
COM034_Pa034_033 มี ลักษณะ ข่าย บ่งบอก เรียน อย่าง วงล้อเพลตัน 
LOG (lattice-best-path[5.5.1009~1-e4940]:main():lattice-best-path.cc:99) For utterance COM034_Pa034_034, best cost 604.804 + 29462 = 30066.8 over 313 frames.
COM034_Pa034_034 ข้อกำหนด ของ เวิร์ดโปรเซสเซอร์ 
LOG (lattice-best-path[5.5.1009~1-e4940]:main():lattice-best-path.cc:99) For utterance COM034_Pa034_035, best cost 2304.09 + 105878 = 108182 over 1122 frames.
COM034_Pa034_035 คณะกรรมการ ดังกล่าว มี รัฐมนตรี ว่า การ กระทรวง วิทยาศาสตร์ เทคโนโลยี และ การ พลังงาน เป็น ประธาน 
LOG (lattice-best-path[5.5.1009~1-e4940]:main():lattice-best-path.cc:99) For utterance COM036_Pa036_029, best cost 923.432 + 28569.3 = 29492.7 over 335 frames.
COM036_Pa036_029 แต่ ไม่ ได้ ทำ หน้า ที่ บัตร 
LOG (lattice-best-path[5.5.1009~1-e4940]:main():lattice-best-path.cc:99) For utterance COM036_Pa036_030, best cost 1038.52 + 32381.6 = 33420.1 over 386 frames.
COM036_Pa036_030 มี ลูป เคลือบ ถูก ผ้า ของ ประเทศ 
LOG (lattice-best-path[5.5.1009~1-e4940]:main():lattice-best-path.cc:99) For utterance COM036_Pa036_031, best cost 810.954 + 32678.3 = 33489.2 over 398 frames.
COM036_Pa036_031 ไป ว่า บ้านเมือง เจริญ ขึ้น 
LOG (lattice-best-path[5.5.1009~1-e4940]:main():lattice-best-path.cc:99) For utterance COM036_Pa036_032, best cost 1170.59 + 51468.1 = 52638.7 over 619 frames.
COM036_Pa036_032 เพื่อ ให้ เป็น ที่ ยอมรับ ของ บุคคลากร เหล่านี้ 
LOG (lattice-best-path[5.5.1009~1-e4940]:main():lattice-best-path.cc:99) For utterance COM036_Pa036_033, best cost 1187.96 + 49018.2 = 50206.2 over 580 frames.
COM036_Pa036_033 ซึ่ง ผ่าน การ ไนโตรเจน เหลว รอบ ท่อแก้ว 
LOG (lattice-best-path[5.5.1009~1-e4940]:main():lattice-best-path.cc:99) For utterance COM036_Pa036_034, best cost 2557.2 + 93543.3 = 96100.5 over 1085 frames.
COM036_Pa036_034 ผลลัพธ์ ที่ ได้ ย่อม ไม่ เหมือน การ 1 มา จาก ความ คลาดเคลื่อน เปลี่ยนแปลง ของ มือ ผู้ จัด กระดาษ 
LOG (lattice-best-path[5.5.1009~1-e4940]:main():lattice-best-path.cc:99) For utterance COM036_Pa036_035, best cost 1520.11 + 75401.6 = 76921.7 over 919 frames.
COM036_Pa036_035 โดย ไม่ รัฐมนตรี ว่า การ กระทรวง เป็น ประธาน เช่น การ 
LOG (lattice-best-path[5.5.1009~1-e4940]:main():lattice-best-path.cc:99) For utterance COM037_Pa037_029, best cost 1192.5 + 45462.7 = 46655.2 over 496 frames.
COM037_Pa037_029 ถ้า บัตร ทุก เจาะ ถูกต้อง โหมด ทั้งแผ่น 
LOG (lattice-best-path[5.5.1009~1-e4940]:main():lattice-best-path.cc:99) For utterance COM037_Pa037_030, best cost 623.316 + 37150.9 = 37774.3 over 421 frames.
COM037_Pa037_030 เมื่อ ก่อไฟ หาร 
LOG (lattice-best-path[5.5.1009~1-e4940]:main():lattice-best-path.cc:99) For utterance COM037_Pa037_031, best cost 1140.19 + 67018.8 = 68159 over 728 frames.
COM037_Pa037_031 โดย ชัก กระทรวง ใน พระบาทสมเด็จพระเจ้าอยู่หัว 
LOG (lattice-best-path[5.5.1009~1-e4940]:main():lattice-best-path.cc:99) For utterance COM037_Pa037_032, best cost 1059.15 + 34309.6 = 35368.7 over 387 frames.
COM037_Pa037_032 จึง จาก ได้ผล ใน การ แรก ซาก 
LOG (lattice-best-path[5.5.1009~1-e4940]:main():lattice-best-path.cc:99) For utterance COM037_Pa037_033, best cost 1110.43 + 45784.1 = 46894.6 over 495 frames.
COM037_Pa037_033 โลหะ ตรง ที่ ถูก แสดง จะ หลอม 
LOG (lattice-best-path[5.5.1009~1-e4940]:main():lattice-best-path.cc:99) For utterance COM037_Pa037_034, best cost 776.829 + 45095 = 45871.8 over 513 frames.
COM037_Pa037_034 4.3.1 ส่วน ของ ซอฟท์แวร์ 
LOG (lattice-best-path[5.5.1009~1-e4940]:main():lattice-best-path.cc:99) For utterance COM037_Pa037_035, best cost 1432.14 + 64434.4 = 65866.5 over 714 frames.
COM037_Pa037_035 รวมทั้ง ติด ตาม ประเมินผล การ ดำเนินงาน ของ ศูนย์ฯ 
LOG (lattice-best-path[5.5.1009~1-e4940]:main():lattice-best-path.cc:99) For utterance COM040_Pa040_029, best cost 1247 + 42708.4 = 43955.4 over 456 frames.
COM040_Pa040_029 ซึ่ง ค่า การ วิธี ขึ้น บัตร ด้วย เครื่อง บัตร 
LOG (lattice-best-path[5.5.1009~1-e4940]:main():lattice-best-path.cc:99) For utterance COM040_Pa040_030, best cost 1221.36 + 44474.2 = 45695.5 over 470 frames.
COM040_Pa040_030 ซึ่ง เกิด เขื่อน เป็น ครั้งคราว ใน เอา เบงกอล 
LOG (lattice-best-path[5.5.1009~1-e4940]:main():lattice-best-path.cc:99) For utterance COM040_Pa040_031, best cost 2309.02 + 79650.6 = 81959.6 over 866 frames.
COM040_Pa040_031 ค่า เรา รู้จัก การ สมุนไพร ซึ่ง เป็น พืช ที่ มี สรรพคุณ ใน การ รักษา โรค บาง ชนิด 
LOG (lattice-best-path[5.5.1009~1-e4940]:main():lattice-best-path.cc:99) For utterance COM040_Pa040_032, best cost 573.737 + 27739.1 = 28312.8 over 298 frames.
COM040_Pa040_032 สรรพคุณ และ วิธีใช้ 
LOG (lattice-best-path[5.5.1009~1-e4940]:main():lattice-best-path.cc:99) For utterance COM040_Pa040_033, best cost 806.576 + 31506.9 = 32313.5 over 348 frames.
COM040_Pa040_033 เวลา เต็ม ตัว จะ เข้าเฝ้า 
LOG (lattice-best-path[5.5.1009~1-e4940]:main():lattice-best-path.cc:99) For utterance COM040_Pa040_034, best cost 1096.93 + 48802.7 = 49899.7 over 525 frames.
COM040_Pa040_034 ศูนย์ฯ วิจัย อิเล็กทรอนิกส์ และ ภาควิชา อิเล็กทรอนิกส์ 
LOG (lattice-best-path[5.5.1009~1-e4940]:main():lattice-best-path.cc:99) For utterance COM040_Pa040_035, best cost 1645.49 + 76476.4 = 78121.9 over 816 frames.
COM040_Pa040_035 สำหรับ ภารกิจ ที่ จึง มอบหมาย จาก ดำเนินงาน ภายใต้ สำนักงานปลัดกระทรวงฯ 
LOG (lattice-best-path[5.5.1009~1-e4940]:main():lattice-best-path.cc:99) For utterance COM043_Pa043_029, best cost 3893.98 + 118693 = 122587 over 1208 frames.
COM043_Pa043_029 ใน ทำนอง เดียวกัน กับ การ เตรียม ข้อมูล ลง แถบแม่เหล็ก เรา สามารถ เรียง ข้อมูล จาก ปั้น บล๊อค ซอส ลง สู่ แถบ ตลับ จัด แม่เหล็ก และ ดิสเกตต์ ได้ เช่น การ 
LOG (lattice-best-path[5.5.1009~1-e4940]:main():lattice-best-path.cc:99) For utterance COM043_Pa043_030, best cost 1811.77 + 69095.8 = 70907.5 over 749 frames.
COM043_Pa043_030 เต็ม ไป ด้วย สัตว์ ร้าย นานา ชนิด เช่น ตาก ขาด แมงป่อง 
LOG (lattice-best-path[5.5.1009~1-e4940]:main():lattice-best-path.cc:99) For utterance COM043_Pa043_031, best cost 1541.97 + 51241.1 = 52783 over 515 frames.
COM043_Pa043_031 รัฐ จะ มี สรรพคุณ ใน 9 รักษา โรค ไม่ เหมือน การ 
LOG (lattice-best-path[5.5.1009~1-e4940]:main():lattice-best-path.cc:99) For utterance COM043_Pa043_032, best cost 1004.66 + 31359.3 = 32364 over 322 frames.
COM043_Pa043_032 ระงับ อาการ ไอ และ ขับ เสมหะ 
LOG (lattice-best-path[5.5.1009~1-e4940]:main():lattice-best-path.cc:99) For utterance COM043_Pa043_033, best cost 1177.24 + 42884.2 = 44061.4 over 431 frames.
COM043_Pa043_033 คง เป็น ซอส การ อยู่ กับ บัตร เร็ว 
LOG (lattice-best-path[5.5.1009~1-e4940]:main():lattice-best-path.cc:99) For utterance COM043_Pa043_034, best cost 728.051 + 28130.1 = 28858.1 over 287 frames.
COM043_Pa043_034 และ เกิด การ คิด ง่าย 
LOG (lattice-best-path[5.5.1009~1-e4940]:main():lattice-best-path.cc:99) For utterance COM043_Pa043_035, best cost 842.1 + 41383.3 = 42225.4 over 425 frames.
COM043_Pa043_035 1 โครงการ เทคโนโลยี ระบบ ใช้ 
LOG (lattice-best-path[5.5.1009~1-e4940]:main():lattice-best-path.cc:99) For utterance COM044_Pa044_029, best cost 2133.01 + 51816.1 = 53949.1 over 551 frames.
COM044_Pa044_029 และ แถบ หรือ จาน แม่เหล็ก ที่ มา จะ เครื่อง บันทึก ข้อมูล แบบ ต่างๆ ก็ มี จำนวน มาก 
LOG (lattice-best-path[5.5.1009~1-e4940]:main():lattice-best-path.cc:99) For utterance COM044_Pa044_030, best cost 699.888 + 17872.4 = 18572.3 over 180 frames.
COM044_Pa044_030 วิทยุ ฝน ตก หนัก 
LOG (lattice-best-path[5.5.1009~1-e4940]:main():lattice-best-path.cc:99) For utterance COM044_Pa044_031, best cost 1636.1 + 51188.3 = 52824.3 over 545 frames.
COM044_Pa044_031 นอกจากนั้น ด้าน ต้อง วัตถุ การ อะไร ที่ อย่าง ประกอบ เป็น เครื่องยา 
LOG (lattice-best-path[5.5.1009~1-e4940]:main():lattice-best-path.cc:99) For utterance COM044_Pa044_032, best cost 1520.47 + 47175.2 = 48695.6 over 487 frames.
COM044_Pa044_032 ให้ นำ น้อง ขมิ้น ขมิ้น ถ้า บริเวณ ที่ ทุก ก๊าซ 
LOG (lattice-best-path[5.5.1009~1-e4940]:main():lattice-best-path.cc:99) For utterance COM044_Pa044_033, best cost 607.978 + 21079.8 = 21687.8 over 227 frames.
COM044_Pa044_033 ลงมา ขึ้น ข้อพระหัตถ์ 
LOG (lattice-best-path[5.5.1009~1-e4940]:main():lattice-best-path.cc:99) For utterance COM044_Pa044_034, best cost 434.605 + 27293.4 = 27728 over 283 frames.
COM044_Pa044_034 สถาบันเทคโนโลยีพระจอมเกล้าลาดกระบัง 
LOG (lattice-best-path[5.5.1009~1-e4940]:main():lattice-best-path.cc:99) For utterance COM044_Pa044_035, best cost 1054.15 + 40632 = 41686.1 over 441 frames.
COM044_Pa044_035 2 ของ การ ออกแบบ วงจรรวม ขนาด ได้ 
LOG (lattice-best-path[5.5.1009~1-e4940]:main():lattice-best-path.cc:99) For utterance COM046_Pa046_029, best cost 1468.01 + 52335.8 = 53803.9 over 560 frames.
COM046_Pa046_029 ด้วย เชื่อม สถานที่ ป้อน ข้อมูล หลายๆ สถานี เขา ด้วย การ 
LOG (lattice-best-path[5.5.1009~1-e4940]:main():lattice-best-path.cc:99) For utterance COM046_Pa046_030, best cost 1309.82 + 49285.2 = 50595 over 529 frames.
COM046_Pa046_030 เพื่อ ไทย การ ควันไฟ ออก จาก เรือนครัว ได้ สะดวก 
LOG (lattice-best-path[5.5.1009~1-e4940]:main():lattice-best-path.cc:99) For utterance COM046_Pa046_031, best cost 1946.41 + 68770.9 = 70717.3 over 761 frames.
COM046_Pa046_031 เพราะ เรา มี สมุนไพร ไหล ชนิด ที่ มี วิธีการ ตรง ได้ นาย ไม่ ซับซ้อน 
LOG (lattice-best-path[5.5.1009~1-e4940]:main():lattice-best-path.cc:99) For utterance COM046_Pa046_032, best cost 1202.22 + 48086.7 = 49288.9 over 527 frames.
COM046_Pa046_032 เพื่อ รักษา อาการ ท้องอืด อาหาร ไม่ ย่อย 
LOG (lattice-best-path[5.5.1009~1-e4940]:main():lattice-best-path.cc:99) For utterance COM046_Pa046_033, best cost 1965.27 + 73731.3 = 75696.6 over 804 frames.
COM046_Pa046_033 หนุ่มหนุ่ม เหล่า เจ้าชู้ ลูกผู้ดี หรือ เช่น สตรี รูป งาน ตาม เป็น พรวน 
LOG (lattice-best-path[5.5.1009~1-e4940]:main():lattice-best-path.cc:99) For utterance COM046_Pa046_034, best cost 922.404 + 32254.7 = 33177.1 over 356 frames.
COM046_Pa046_034 วุฒิพงศ์ เกรง ช้า ดำ รู้สึก 
LOG (lattice-best-path[5.5.1009~1-e4940]:main():lattice-best-path.cc:99) For utterance COM046_Pa046_035, best cost 1042.11 + 52767 = 53809.1 over 576 frames.
COM046_Pa046_035 4 โครงการ ใช้ อิเล็กทรอนิกส์ ทาง การแพทย์ 
LOG (lattice-best-path[5.5.1009~1-e4940]:main():lattice-best-path.cc:99) For utterance COM047_Pa047_029, best cost 2297.61 + 81139.1 = 83436.7 over 865 frames.
COM047_Pa047_029 ส่วน การ จะ ตำรับ ก่อน หลัง ใน การ บันทึก แถบ หรือ จาน แม่เหล็ก นั้น ควบคุม ด้วย ใช้ 
LOG (lattice-best-path[5.5.1009~1-e4940]:main():lattice-best-path.cc:99) For utterance COM047_Pa047_030, best cost 965.956 + 35313.4 = 36279.3 over 380 frames.
COM047_Pa047_030 ฤดูหนาว นั่ง กว่า ภาค การ มาก 
LOG (lattice-best-path[5.5.1009~1-e4940]:main():lattice-best-path.cc:99) For utterance COM047_Pa047_031, best cost 2174.33 + 77333.2 = 79507.5 over 827 frames.
COM047_Pa047_031 เช่น จะ เห็น ว่า สมุนไพร สามารถ ช่วย รักษา โรค และ อาการ เจ็บป่วย เล็กๆน้อยๆ ได้ ระยะ 
LOG (lattice-best-path[5.5.1009~1-e4940]:main():lattice-best-path.cc:99) For utterance COM047_Pa047_032, best cost 871.69 + 24206.5 = 25078.2 over 266 frames.
COM047_Pa047_032 ทิ้ง ทาง ขึ้น ไว้ 1 ขึ้น 
LOG (lattice-best-path[5.5.1009~1-e4940]:main():lattice-best-path.cc:99) For utterance COM047_Pa047_033, best cost 1122.48 + 46218 = 47340.5 over 497 frames.
COM047_Pa047_033 เครื่องแบบ 9 ทำให้ เสียง พระเกียรติยศ ด้วย 
LOG (lattice-best-path[5.5.1009~1-e4940]:main():lattice-best-path.cc:99) For utterance COM047_Pa047_034, best cost 3594.59 + 110702 = 114296 over 1215 frames.
COM047_Pa047_034 ใน กล มี ที่ รู้ ค่า จะ ใหญ่ โต สามารถ ที่ จะ ทำ ได้ โดย การ สาย เล็ก ที่ โต๊ะ เดิม และ เล็ก ที่ ตก ไม้ บน จอภาพ 
LOG (lattice-best-path[5.5.1009~1-e4940]:main():lattice-best-path.cc:99) For utterance COM047_Pa047_035, best cost 1242.51 + 62651.9 = 63894.4 over 670 frames.
COM047_Pa047_035 5 โครงการ การ พัฒนา วงจรอิเล็กทรอนิกส์ เพื่อ อุตสาหกรรม 
LOG (lattice-best-path[5.5.1009~1-e4940]:main():lattice-best-path.cc:124) Overall cost per frame is 93.4096 = 2.53847 [graph] + 90.8711 [acoustic] over 104898 frames.
LOG (lattice-best-path[5.5.1009~1-e4940]:main():lattice-best-path.cc:128) Done 168 lattices, failed for 0
# Accounting: time=0 threads=1
# Ended (code 0) at Thu Mar 17 09:41:29 UTC 2022, elapsed time 0 seconds
