# lattice-depth-per-frame "ark:gunzip -c exp/mono/decode/lat.1.gz|" "ark,t:|gzip -c > exp/mono/decode/depth_tmp.1.gz" ark:- | lattice-best-path --acoustic-scale=0.1 ark:- ark:/dev/null "ark,t:|gzip -c >exp/mono/decode/ali_tmp.1.gz" 
# Started at Thu Mar 17 09:39:47 UTC 2022
#
lattice-depth-per-frame 'ark:gunzip -c exp/mono/decode/lat.1.gz|' 'ark,t:|gzip -c > exp/mono/decode/depth_tmp.1.gz' ark:- 
lattice-best-path --acoustic-scale=0.1 ark:- ark:/dev/null 'ark,t:|gzip -c >exp/mono/decode/ali_tmp.1.gz' 
LOG (lattice-best-path[5.5.1009~1-e4940]:main():lattice-best-path.cc:99) For utterance COF001_Pa001_029, best cost 72.1571 + 3261.62 = 3333.78 over 343 frames.
LOG (lattice-best-path[5.5.1009~1-e4940]:main():lattice-best-path.cc:99) For utterance COF001_Pa001_030, best cost 128.439 + 5368.13 = 5496.56 over 563 frames.
LOG (lattice-best-path[5.5.1009~1-e4940]:main():lattice-best-path.cc:99) For utterance COF001_Pa001_031, best cost 72.6407 + 3119.06 = 3191.7 over 340 frames.
LOG (lattice-best-path[5.5.1009~1-e4940]:main():lattice-best-path.cc:99) For utterance COF001_Pa001_032, best cost 148.657 + 7403.63 = 7552.29 over 817 frames.
LOG (lattice-best-path[5.5.1009~1-e4940]:main():lattice-best-path.cc:99) For utterance COF001_Pa001_033, best cost 140.612 + 6123.43 = 6264.04 over 680 frames.
LOG (lattice-best-path[5.5.1009~1-e4940]:main():lattice-best-path.cc:99) For utterance COF001_Pa001_034, best cost 68.7275 + 2547.74 = 2616.46 over 287 frames.
LOG (lattice-best-path[5.5.1009~1-e4940]:main():lattice-best-path.cc:99) For utterance COF001_Pa001_035, best cost 74.4429 + 5294.85 = 5369.29 over 590 frames.
LOG (lattice-best-path[5.5.1009~1-e4940]:main():lattice-best-path.cc:99) For utterance COF002_Pa002_029, best cost 94.5145 + 4452.59 = 4547.1 over 494 frames.
LOG (lattice-best-path[5.5.1009~1-e4940]:main():lattice-best-path.cc:99) For utterance COF002_Pa002_030, best cost 65.7691 + 2949.15 = 3014.92 over 331 frames.
LOG (lattice-best-path[5.5.1009~1-e4940]:main():lattice-best-path.cc:99) For utterance COF002_Pa002_031, best cost 46.278 + 2145.17 = 2191.45 over 248 frames.
LOG (lattice-best-path[5.5.1009~1-e4940]:main():lattice-best-path.cc:99) For utterance COF002_Pa002_032, best cost 112.606 + 6133.37 = 6245.97 over 642 frames.
LOG (lattice-best-path[5.5.1009~1-e4940]:main():lattice-best-path.cc:99) For utterance COF002_Pa002_033, best cost 48.8808 + 2604.62 = 2653.51 over 286 frames.
LOG (lattice-best-path[5.5.1009~1-e4940]:main():lattice-best-path.cc:99) For utterance COF002_Pa002_034, best cost 50.3689 + 2759.22 = 2809.59 over 299 frames.
LOG (lattice-best-path[5.5.1009~1-e4940]:main():lattice-best-path.cc:99) For utterance COF002_Pa002_035, best cost 251.771 + 11934.6 = 12186.3 over 1280 frames.
LOG (lattice-best-path[5.5.1009~1-e4940]:main():lattice-best-path.cc:99) For utterance COF004_Pa004_029, best cost 187.235 + 8606.34 = 8793.58 over 923 frames.
LOG (lattice-best-path[5.5.1009~1-e4940]:main():lattice-best-path.cc:99) For utterance COF004_Pa004_030, best cost 58.7103 + 2842.22 = 2900.93 over 321 frames.
LOG (lattice-best-path[5.5.1009~1-e4940]:main():lattice-best-path.cc:99) For utterance COF004_Pa004_031, best cost 82.6368 + 3975.51 = 4058.14 over 446 frames.
LOG (lattice-best-path[5.5.1009~1-e4940]:main():lattice-best-path.cc:99) For utterance COF004_Pa004_032, best cost 104.815 + 6788.27 = 6893.09 over 755 frames.
LOG (lattice-best-path[5.5.1009~1-e4940]:main():lattice-best-path.cc:99) For utterance COF004_Pa004_033, best cost 85.0921 + 3710.64 = 3795.73 over 415 frames.
LOG (lattice-best-path[5.5.1009~1-e4940]:main():lattice-best-path.cc:99) For utterance COF004_Pa004_034, best cost 67.0097 + 3366.53 = 3433.54 over 384 frames.
LOG (lattice-best-path[5.5.1009~1-e4940]:main():lattice-best-path.cc:99) For utterance COF004_Pa004_035, best cost 74.0681 + 3400.65 = 3474.72 over 389 frames.
LOG (lattice-best-path[5.5.1009~1-e4940]:main():lattice-best-path.cc:99) For utterance COF005_Pa005_029, best cost 141.701 + 6752.23 = 6893.93 over 694 frames.
LOG (lattice-best-path[5.5.1009~1-e4940]:main():lattice-best-path.cc:99) For utterance COF005_Pa005_030, best cost 103.778 + 4882.59 = 4986.37 over 510 frames.
LOG (lattice-best-path[5.5.1009~1-e4940]:main():lattice-best-path.cc:99) For utterance COF005_Pa005_031, best cost 103.494 + 4189.42 = 4292.92 over 437 frames.
LOG (lattice-best-path[5.5.1009~1-e4940]:main():lattice-best-path.cc:99) For utterance COF005_Pa005_032, best cost 59.8835 + 3554.22 = 3614.11 over 387 frames.
LOG (lattice-best-path[5.5.1009~1-e4940]:main():lattice-best-path.cc:99) For utterance COF005_Pa005_033, best cost 108.805 + 4096.54 = 4205.35 over 430 frames.
LOG (lattice-best-path[5.5.1009~1-e4940]:main():lattice-best-path.cc:99) For utterance COF005_Pa005_034, best cost 77.8703 + 3270.91 = 3348.78 over 343 frames.
LOG (lattice-best-path[5.5.1009~1-e4940]:main():lattice-best-path.cc:99) For utterance COF005_Pa005_035, best cost 79.8254 + 4414.74 = 4494.57 over 454 frames.
LOG (lattice-best-path[5.5.1009~1-e4940]:main():lattice-best-path.cc:99) For utterance COF007_Pa007_029, best cost 61.7601 + 4111.16 = 4172.92 over 466 frames.
LOG (lattice-best-path[5.5.1009~1-e4940]:main():lattice-best-path.cc:99) For utterance COF007_Pa007_030, best cost 253.796 + 12210 = 12463.8 over 1351 frames.
LOG (lattice-best-path[5.5.1009~1-e4940]:main():lattice-best-path.cc:99) For utterance COF007_Pa007_031, best cost 132.519 + 6374.03 = 6506.55 over 709 frames.
LOG (lattice-best-path[5.5.1009~1-e4940]:main():lattice-best-path.cc:99) For utterance COF007_Pa007_032, best cost 62.2671 + 3832.24 = 3894.51 over 432 frames.
LOG (lattice-best-path[5.5.1009~1-e4940]:main():lattice-best-path.cc:99) For utterance COF007_Pa007_033, best cost 69.8455 + 3601.67 = 3671.52 over 408 frames.
LOG (lattice-best-path[5.5.1009~1-e4940]:main():lattice-best-path.cc:99) For utterance COF007_Pa007_034, best cost 116.128 + 5363.63 = 5479.76 over 610 frames.
LOG (lattice-best-path[5.5.1009~1-e4940]:main():lattice-best-path.cc:99) For utterance COF007_Pa007_035, best cost 53.6126 + 4643.22 = 4696.83 over 538 frames.
LOG (lattice-best-path[5.5.1009~1-e4940]:main():lattice-best-path.cc:99) For utterance COF008_Pa008_029, best cost 86.1006 + 3793.97 = 3880.07 over 405 frames.
LOG (lattice-best-path[5.5.1009~1-e4940]:main():lattice-best-path.cc:99) For utterance COF008_Pa008_030, best cost 62.2506 + 4272.29 = 4334.55 over 461 frames.
LOG (lattice-best-path[5.5.1009~1-e4940]:main():lattice-best-path.cc:99) For utterance COF008_Pa008_031, best cost 55.3689 + 2982.42 = 3037.79 over 306 frames.
LOG (lattice-best-path[5.5.1009~1-e4940]:main():lattice-best-path.cc:99) For utterance COF008_Pa008_032, best cost 75.3731 + 3080.94 = 3156.32 over 323 frames.
LOG (lattice-best-path[5.5.1009~1-e4940]:main():lattice-best-path.cc:99) For utterance COF008_Pa008_033, best cost 82.327 + 2980.04 = 3062.37 over 330 frames.
LOG (lattice-best-path[5.5.1009~1-e4940]:main():lattice-best-path.cc:99) For utterance COF008_Pa008_034, best cost 67.5618 + 2690.16 = 2757.72 over 293 frames.
LOG (lattice-best-path[5.5.1009~1-e4940]:main():lattice-best-path.cc:99) For utterance COF008_Pa008_035, best cost 141.883 + 8195.27 = 8337.15 over 897 frames.
LOG (lattice-best-path[5.5.1009~1-e4940]:main():lattice-best-path.cc:99) For utterance COF009_Pa009_029, best cost 147.789 + 7580.55 = 7728.33 over 768 frames.
LOG (lattice-best-path[5.5.1009~1-e4940]:main():lattice-best-path.cc:99) For utterance COF009_Pa009_030, best cost 66.4415 + 2711.27 = 2777.71 over 282 frames.
LOG (lattice-best-path[5.5.1009~1-e4940]:main():lattice-best-path.cc:99) For utterance COF009_Pa009_031, best cost 84.3264 + 4216.11 = 4300.43 over 449 frames.
LOG (lattice-best-path[5.5.1009~1-e4940]:main():lattice-best-path.cc:99) For utterance COF009_Pa009_032, best cost 83.8077 + 4308.74 = 4392.55 over 456 frames.
LOG (lattice-best-path[5.5.1009~1-e4940]:main():lattice-best-path.cc:99) For utterance COF009_Pa009_033, best cost 114.762 + 5096.03 = 5210.79 over 532 frames.
LOG (lattice-best-path[5.5.1009~1-e4940]:main():lattice-best-path.cc:99) For utterance COF009_Pa009_034, best cost 68.2396 + 3252.73 = 3320.97 over 361 frames.
LOG (lattice-best-path[5.5.1009~1-e4940]:main():lattice-best-path.cc:99) For utterance COF009_Pa009_035, best cost 158.941 + 6533.8 = 6692.74 over 675 frames.
LOG (lattice-best-path[5.5.1009~1-e4940]:main():lattice-best-path.cc:99) For utterance COF011_Pa011_029, best cost 87.5461 + 4142.22 = 4229.76 over 441 frames.
LOG (lattice-best-path[5.5.1009~1-e4940]:main():lattice-best-path.cc:99) For utterance COF011_Pa011_030, best cost 176.721 + 13855.1 = 14031.9 over 1576 frames.
LOG (lattice-best-path[5.5.1009~1-e4940]:main():lattice-best-path.cc:99) For utterance COF011_Pa011_031, best cost 73.0604 + 3605.25 = 3678.31 over 391 frames.
LOG (lattice-best-path[5.5.1009~1-e4940]:main():lattice-best-path.cc:99) For utterance COF011_Pa011_032, best cost 63.3384 + 3441.96 = 3505.3 over 377 frames.
LOG (lattice-best-path[5.5.1009~1-e4940]:main():lattice-best-path.cc:99) For utterance COF011_Pa011_033, best cost 54.7147 + 2719.97 = 2774.69 over 295 frames.
LOG (lattice-best-path[5.5.1009~1-e4940]:main():lattice-best-path.cc:99) For utterance COF011_Pa011_034, best cost 71.9131 + 5291.74 = 5363.65 over 615 frames.
LOG (lattice-best-path[5.5.1009~1-e4940]:main():lattice-best-path.cc:99) For utterance COF011_Pa011_035, best cost 91.188 + 5360.79 = 5451.98 over 601 frames.
LOG (lattice-best-path[5.5.1009~1-e4940]:main():lattice-best-path.cc:99) For utterance COF014_Pa014_029, best cost 101.034 + 5613.46 = 5714.49 over 641 frames.
LOG (lattice-best-path[5.5.1009~1-e4940]:main():lattice-best-path.cc:99) For utterance COF014_Pa014_030, best cost 77.5377 + 4430.6 = 4508.13 over 483 frames.
LOG (lattice-best-path[5.5.1009~1-e4940]:main():lattice-best-path.cc:99) For utterance COF014_Pa014_031, best cost 78.0235 + 3848.64 = 3926.66 over 442 frames.
LOG (lattice-best-path[5.5.1009~1-e4940]:main():lattice-best-path.cc:99) For utterance COF014_Pa014_032, best cost 99.1933 + 8107.7 = 8206.89 over 896 frames.
LOG (lattice-best-path[5.5.1009~1-e4940]:main():lattice-best-path.cc:99) For utterance COF014_Pa014_033, best cost 72.8027 + 4167.48 = 4240.28 over 454 frames.
LOG (lattice-best-path[5.5.1009~1-e4940]:main():lattice-best-path.cc:99) For utterance COF014_Pa014_034, best cost 79.9689 + 4981.63 = 5061.6 over 566 frames.
LOG (lattice-best-path[5.5.1009~1-e4940]:main():lattice-best-path.cc:99) For utterance COF014_Pa014_035, best cost 296.212 + 21394.2 = 21690.4 over 2428 frames.
LOG (lattice-best-path[5.5.1009~1-e4940]:main():lattice-best-path.cc:99) For utterance COF017_Pa017_029, best cost 182.417 + 8707.59 = 8890.01 over 958 frames.
LOG (lattice-best-path[5.5.1009~1-e4940]:main():lattice-best-path.cc:99) For utterance COF017_Pa017_030, best cost 78.8706 + 3539.15 = 3618.02 over 378 frames.
LOG (lattice-best-path[5.5.1009~1-e4940]:main():lattice-best-path.cc:99) For utterance COF017_Pa017_031, best cost 155.236 + 7280.48 = 7435.72 over 777 frames.
LOG (lattice-best-path[5.5.1009~1-e4940]:main():lattice-best-path.cc:99) For utterance COF017_Pa017_032, best cost 138.768 + 7528.08 = 7666.84 over 818 frames.
LOG (lattice-best-path[5.5.1009~1-e4940]:main():lattice-best-path.cc:99) For utterance COF017_Pa017_033, best cost 90.1626 + 4380.47 = 4470.63 over 481 frames.
LOG (lattice-best-path[5.5.1009~1-e4940]:main():lattice-best-path.cc:99) For utterance COF017_Pa017_034, best cost 66.6765 + 3287.73 = 3354.41 over 372 frames.
LOG (lattice-best-path[5.5.1009~1-e4940]:main():lattice-best-path.cc:99) For utterance COF017_Pa017_035, best cost 86.1451 + 4927.38 = 5013.53 over 522 frames.
LOG (lattice-best-path[5.5.1009~1-e4940]:main():lattice-best-path.cc:99) For utterance COF020_Pa020_029, best cost 100.789 + 5604.63 = 5705.42 over 636 frames.
LOG (lattice-best-path[5.5.1009~1-e4940]:main():lattice-best-path.cc:99) For utterance COF020_Pa020_030, best cost 248.087 + 14042.7 = 14290.7 over 1605 frames.
LOG (lattice-best-path[5.5.1009~1-e4940]:main():lattice-best-path.cc:99) For utterance COF020_Pa020_031, best cost 106.144 + 4591.72 = 4697.86 over 515 frames.
LOG (lattice-best-path[5.5.1009~1-e4940]:main():lattice-best-path.cc:99) For utterance COF020_Pa020_032, best cost 77.4169 + 3683.42 = 3760.84 over 419 frames.
LOG (lattice-best-path[5.5.1009~1-e4940]:main():lattice-best-path.cc:99) For utterance COF020_Pa020_033, best cost 119.738 + 7001.37 = 7121.1 over 799 frames.
LOG (lattice-best-path[5.5.1009~1-e4940]:main():lattice-best-path.cc:99) For utterance COF020_Pa020_034, best cost 132.32 + 7262.7 = 7395.02 over 851 frames.
LOG (lattice-best-path[5.5.1009~1-e4940]:main():lattice-best-path.cc:99) For utterance COF020_Pa020_035, best cost 206.957 + 9212.46 = 9419.41 over 1046 frames.
LOG (lattice-best-path[5.5.1009~1-e4940]:main():lattice-best-path.cc:99) For utterance COF024_Pa024_029, best cost 197.426 + 9224.04 = 9421.47 over 1016 frames.
LOG (lattice-best-path[5.5.1009~1-e4940]:main():lattice-best-path.cc:99) For utterance COF024_Pa024_030, best cost 79.2142 + 3406.3 = 3485.52 over 381 frames.
LOG (lattice-best-path[5.5.1009~1-e4940]:main():lattice-best-path.cc:99) For utterance COF024_Pa024_031, best cost 135.566 + 5497.54 = 5633.1 over 588 frames.
LOG (lattice-best-path[5.5.1009~1-e4940]:main():lattice-best-path.cc:99) For utterance COF024_Pa024_032, best cost 54.058 + 4122.55 = 4176.61 over 460 frames.
LOG (lattice-best-path[5.5.1009~1-e4940]:main():lattice-best-path.cc:99) For utterance COF024_Pa024_033, best cost 256.531 + 11974.9 = 12231.4 over 1282 frames.
LOG (lattice-best-path[5.5.1009~1-e4940]:main():lattice-best-path.cc:99) For utterance COF024_Pa024_034, best cost 97.2638 + 4939.04 = 5036.3 over 543 frames.
LOG (lattice-best-path[5.5.1009~1-e4940]:main():lattice-best-path.cc:99) For utterance COF024_Pa024_035, best cost 155.299 + 7589.04 = 7744.34 over 802 frames.
LOG (lattice-best-path[5.5.1009~1-e4940]:main():lattice-best-path.cc:99) For utterance COM025_Pa025_029, best cost 122.776 + 5421.96 = 5544.74 over 584 frames.
LOG (lattice-best-path[5.5.1009~1-e4940]:main():lattice-best-path.cc:99) For utterance COM025_Pa025_030, best cost 382.122 + 18309.1 = 18691.2 over 2009 frames.
LOG (lattice-best-path[5.5.1009~1-e4940]:main():lattice-best-path.cc:99) For utterance COM025_Pa025_031, best cost 103.592 + 4476.82 = 4580.41 over 494 frames.
LOG (lattice-best-path[5.5.1009~1-e4940]:main():lattice-best-path.cc:99) For utterance COM025_Pa025_032, best cost 182.039 + 9880.11 = 10062.1 over 1090 frames.
LOG (lattice-best-path[5.5.1009~1-e4940]:main():lattice-best-path.cc:99) For utterance COM025_Pa025_033, best cost 159.534 + 6340.59 = 6500.13 over 691 frames.
LOG (lattice-best-path[5.5.1009~1-e4940]:main():lattice-best-path.cc:99) For utterance COM025_Pa025_034, best cost 70.7124 + 3575.07 = 3645.78 over 385 frames.
LOG (lattice-best-path[5.5.1009~1-e4940]:main():lattice-best-path.cc:99) For utterance COM025_Pa025_035, best cost 137.355 + 6639.11 = 6776.46 over 729 frames.
LOG (lattice-best-path[5.5.1009~1-e4940]:main():lattice-best-path.cc:99) For utterance COM027_Pa027_029, best cost 160.535 + 9834.31 = 9994.84 over 1115 frames.
LOG (lattice-best-path[5.5.1009~1-e4940]:main():lattice-best-path.cc:99) For utterance COM027_Pa027_030, best cost 235.696 + 14999.7 = 15235.4 over 1677 frames.
LOG (lattice-best-path[5.5.1009~1-e4940]:main():lattice-best-path.cc:99) For utterance COM027_Pa027_031, best cost 57.9001 + 3308.87 = 3366.77 over 385 frames.
LOG (lattice-best-path[5.5.1009~1-e4940]:main():lattice-best-path.cc:99) For utterance COM027_Pa027_032, best cost 355.161 + 18170.3 = 18525.5 over 2072 frames.
LOG (lattice-best-path[5.5.1009~1-e4940]:main():lattice-best-path.cc:99) For utterance COM027_Pa027_033, best cost 65.1433 + 3777.77 = 3842.91 over 429 frames.
LOG (lattice-best-path[5.5.1009~1-e4940]:main():lattice-best-path.cc:99) For utterance COM027_Pa027_034, best cost 135.389 + 8619.84 = 8755.22 over 968 frames.
LOG (lattice-best-path[5.5.1009~1-e4940]:main():lattice-best-path.cc:99) For utterance COM027_Pa027_035, best cost 60.8505 + 2448.18 = 2509.03 over 274 frames.
LOG (lattice-best-path[5.5.1009~1-e4940]:main():lattice-best-path.cc:99) For utterance COM030_Pa030_029, best cost 68.4162 + 3100.89 = 3169.31 over 348 frames.
LOG (lattice-best-path[5.5.1009~1-e4940]:main():lattice-best-path.cc:99) For utterance COM030_Pa030_030, best cost 119.932 + 5984.56 = 6104.49 over 657 frames.
LOG (lattice-best-path[5.5.1009~1-e4940]:main():lattice-best-path.cc:99) For utterance COM030_Pa030_031, best cost 43.7114 + 2366.07 = 2409.78 over 253 frames.
LOG (lattice-best-path[5.5.1009~1-e4940]:main():lattice-best-path.cc:99) For utterance COM030_Pa030_032, best cost 214.641 + 11547.4 = 11762 over 1249 frames.
LOG (lattice-best-path[5.5.1009~1-e4940]:main():lattice-best-path.cc:99) For utterance COM030_Pa030_033, best cost 57.445 + 3049.61 = 3107.06 over 342 frames.
LOG (lattice-best-path[5.5.1009~1-e4940]:main():lattice-best-path.cc:99) For utterance COM030_Pa030_034, best cost 139.177 + 8524.74 = 8663.91 over 950 frames.
LOG (lattice-best-path[5.5.1009~1-e4940]:main():lattice-best-path.cc:99) For utterance COM030_Pa030_035, best cost 222.45 + 12510.8 = 12733.2 over 1319 frames.
LOG (lattice-best-path[5.5.1009~1-e4940]:main():lattice-best-path.cc:99) For utterance COM032_Pa032_029, best cost 118.151 + 5868 = 5986.16 over 659 frames.
LOG (lattice-best-path[5.5.1009~1-e4940]:main():lattice-best-path.cc:99) For utterance COM032_Pa032_030, best cost 133.166 + 5615.86 = 5749.03 over 603 frames.
LOG (lattice-best-path[5.5.1009~1-e4940]:main():lattice-best-path.cc:99) For utterance COM032_Pa032_031, best cost 93.2785 + 3244.08 = 3337.36 over 356 frames.
LOG (lattice-best-path[5.5.1009~1-e4940]:main():lattice-best-path.cc:99) For utterance COM032_Pa032_032, best cost 186.478 + 8305.96 = 8492.44 over 904 frames.
LOG (lattice-best-path[5.5.1009~1-e4940]:main():lattice-best-path.cc:99) For utterance COM032_Pa032_033, best cost 76.8057 + 3674.97 = 3751.77 over 412 frames.
LOG (lattice-best-path[5.5.1009~1-e4940]:main():lattice-best-path.cc:99) For utterance COM032_Pa032_034, best cost 52.3811 + 2415.04 = 2467.42 over 261 frames.
LOG (lattice-best-path[5.5.1009~1-e4940]:main():lattice-best-path.cc:99) For utterance COM032_Pa032_035, best cost 257.493 + 15647.4 = 15904.9 over 1710 frames.
LOG (lattice-best-path[5.5.1009~1-e4940]:main():lattice-best-path.cc:99) For utterance COM034_Pa034_029, best cost 151.911 + 7983.77 = 8135.68 over 841 frames.
LOG (lattice-best-path[5.5.1009~1-e4940]:main():lattice-best-path.cc:99) For utterance COM034_Pa034_030, best cost 82.3659 + 3809.04 = 3891.41 over 414 frames.
LOG (lattice-best-path[5.5.1009~1-e4940]:main():lattice-best-path.cc:99) For utterance COM034_Pa034_031, best cost 107.884 + 4823.41 = 4931.3 over 521 frames.
LOG (lattice-best-path[5.5.1009~1-e4940]:main():lattice-best-path.cc:99) For utterance COM034_Pa034_032, best cost 66.0395 + 3212.1 = 3278.14 over 348 frames.
LOG (lattice-best-path[5.5.1009~1-e4940]:main():lattice-best-path.cc:99) For utterance COM034_Pa034_033, best cost 86.0576 + 4469.18 = 4555.24 over 480 frames.
LOG (lattice-best-path[5.5.1009~1-e4940]:main():lattice-best-path.cc:99) For utterance COM034_Pa034_034, best cost 43.3953 + 2960.53 = 3003.92 over 313 frames.
LOG (lattice-best-path[5.5.1009~1-e4940]:main():lattice-best-path.cc:99) For utterance COM034_Pa034_035, best cost 165.113 + 10571.5 = 10736.6 over 1122 frames.
LOG (lattice-best-path[5.5.1009~1-e4940]:main():lattice-best-path.cc:99) For utterance COM036_Pa036_029, best cost 58.9451 + 2887.73 = 2946.68 over 335 frames.
LOG (lattice-best-path[5.5.1009~1-e4940]:main():lattice-best-path.cc:99) For utterance COM036_Pa036_030, best cost 70.8879 + 3256.25 = 3327.14 over 386 frames.
LOG (lattice-best-path[5.5.1009~1-e4940]:main():lattice-best-path.cc:99) For utterance COM036_Pa036_031, best cost 53.1985 + 3268.13 = 3321.33 over 398 frames.
LOG (lattice-best-path[5.5.1009~1-e4940]:main():lattice-best-path.cc:99) For utterance COM036_Pa036_032, best cost 84.4032 + 5216.38 = 5300.78 over 619 frames.
LOG (lattice-best-path[5.5.1009~1-e4940]:main():lattice-best-path.cc:99) For utterance COM036_Pa036_033, best cost 81.1221 + 4925.18 = 5006.3 over 580 frames.
LOG (lattice-best-path[5.5.1009~1-e4940]:main():lattice-best-path.cc:99) For utterance COM036_Pa036_034, best cost 178.364 + 9466.36 = 9644.73 over 1085 frames.
LOG (lattice-best-path[5.5.1009~1-e4940]:main():lattice-best-path.cc:99) For utterance COM036_Pa036_035, best cost 114.73 + 7646.52 = 7761.25 over 919 frames.
LOG (lattice-best-path[5.5.1009~1-e4940]:main():lattice-best-path.cc:99) For utterance COM037_Pa037_029, best cost 94.3109 + 4589.38 = 4683.7 over 496 frames.
LOG (lattice-best-path[5.5.1009~1-e4940]:main():lattice-best-path.cc:99) For utterance COM037_Pa037_030, best cost 63.0629 + 3701.36 = 3764.43 over 421 frames.
LOG (lattice-best-path[5.5.1009~1-e4940]:main():lattice-best-path.cc:99) For utterance COM037_Pa037_031, best cost 77.6545 + 6704.82 = 6782.48 over 728 frames.
LOG (lattice-best-path[5.5.1009~1-e4940]:main():lattice-best-path.cc:99) For utterance COM037_Pa037_032, best cost 60.742 + 3496.52 = 3557.27 over 387 frames.
LOG (lattice-best-path[5.5.1009~1-e4940]:main():lattice-best-path.cc:99) For utterance COM037_Pa037_033, best cost 87.5929 + 4599.42 = 4687.01 over 495 frames.
LOG (lattice-best-path[5.5.1009~1-e4940]:main():lattice-best-path.cc:99) For utterance COM037_Pa037_034, best cost 55.6466 + 4611.45 = 4667.09 over 513 frames.
LOG (lattice-best-path[5.5.1009~1-e4940]:main():lattice-best-path.cc:99) For utterance COM037_Pa037_035, best cost 93.6835 + 6594.57 = 6688.25 over 714 frames.
LOG (lattice-best-path[5.5.1009~1-e4940]:main():lattice-best-path.cc:99) For utterance COM040_Pa040_029, best cost 80.2917 + 4308.26 = 4388.55 over 456 frames.
LOG (lattice-best-path[5.5.1009~1-e4940]:main():lattice-best-path.cc:99) For utterance COM040_Pa040_030, best cost 80.1792 + 4429.36 = 4509.54 over 470 frames.
LOG (lattice-best-path[5.5.1009~1-e4940]:main():lattice-best-path.cc:99) For utterance COM040_Pa040_031, best cost 156.96 + 8093.38 = 8250.34 over 866 frames.
LOG (lattice-best-path[5.5.1009~1-e4940]:main():lattice-best-path.cc:99) For utterance COM040_Pa040_032, best cost 42.4477 + 2806.13 = 2848.58 over 298 frames.
LOG (lattice-best-path[5.5.1009~1-e4940]:main():lattice-best-path.cc:99) For utterance COM040_Pa040_033, best cost 53.4 + 3130.04 = 3183.44 over 348 frames.
LOG (lattice-best-path[5.5.1009~1-e4940]:main():lattice-best-path.cc:99) For utterance COM040_Pa040_034, best cost 79.0699 + 4926.46 = 5005.53 over 525 frames.
LOG (lattice-best-path[5.5.1009~1-e4940]:main():lattice-best-path.cc:99) For utterance COM040_Pa040_035, best cost 118.937 + 7696 = 7814.94 over 816 frames.
LOG (lattice-best-path[5.5.1009~1-e4940]:main():lattice-best-path.cc:99) For utterance COM043_Pa043_029, best cost 253.895 + 11940.7 = 12194.5 over 1208 frames.
LOG (lattice-best-path[5.5.1009~1-e4940]:main():lattice-best-path.cc:99) For utterance COM043_Pa043_030, best cost 123.107 + 6856.18 = 6979.29 over 749 frames.
LOG (lattice-best-path[5.5.1009~1-e4940]:main():lattice-best-path.cc:99) For utterance COM043_Pa043_031, best cost 119.787 + 5106.06 = 5225.85 over 515 frames.
LOG (lattice-best-path[5.5.1009~1-e4940]:main():lattice-best-path.cc:99) For utterance COM043_Pa043_032, best cost 63.488 + 3140.37 = 3203.86 over 322 frames.
LOG (lattice-best-path[5.5.1009~1-e4940]:main():lattice-best-path.cc:99) For utterance COM043_Pa043_033, best cost 109.828 + 4237.06 = 4346.89 over 431 frames.
LOG (lattice-best-path[5.5.1009~1-e4940]:main():lattice-best-path.cc:99) For utterance COM043_Pa043_034, best cost 66.1839 + 2778.73 = 2844.92 over 287 frames.
LOG (lattice-best-path[5.5.1009~1-e4940]:main():lattice-best-path.cc:99) For utterance COM043_Pa043_035, best cost 63.9098 + 4163 = 4226.91 over 425 frames.
LOG (lattice-best-path[5.5.1009~1-e4940]:main():lattice-best-path.cc:99) For utterance COM044_Pa044_029, best cost 154.912 + 5156.94 = 5311.85 over 551 frames.
LOG (lattice-best-path[5.5.1009~1-e4940]:main():lattice-best-path.cc:99) For utterance COM044_Pa044_030, best cost 61.8234 + 1757.24 = 1819.06 over 180 frames.
LOG (lattice-best-path[5.5.1009~1-e4940]:main():lattice-best-path.cc:99) For utterance COM044_Pa044_031, best cost 107.65 + 5091.18 = 5198.83 over 545 frames.
LOG (lattice-best-path[5.5.1009~1-e4940]:main():lattice-best-path.cc:99) For utterance COM044_Pa044_032, best cost 122.239 + 4694.93 = 4817.17 over 487 frames.
LOG (lattice-best-path[5.5.1009~1-e4940]:main():lattice-best-path.cc:99) For utterance COM044_Pa044_033, best cost 47.2071 + 2073.14 = 2120.35 over 227 frames.
LOG (lattice-best-path[5.5.1009~1-e4940]:main():lattice-best-path.cc:99) For utterance COM044_Pa044_034, best cost 30.7421 + 2722.48 = 2753.22 over 283 frames.
LOG (lattice-best-path[5.5.1009~1-e4940]:main():lattice-best-path.cc:99) For utterance COM044_Pa044_035, best cost 79.9162 + 4037.87 = 4117.78 over 441 frames.
LOG (lattice-best-path[5.5.1009~1-e4940]:main():lattice-best-path.cc:99) For utterance COM046_Pa046_029, best cost 105.768 + 5286.48 = 5392.25 over 560 frames.
LOG (lattice-best-path[5.5.1009~1-e4940]:main():lattice-best-path.cc:99) For utterance COM046_Pa046_030, best cost 90.0319 + 4954.62 = 5044.65 over 529 frames.
LOG (lattice-best-path[5.5.1009~1-e4940]:main():lattice-best-path.cc:99) For utterance COM046_Pa046_031, best cost 134.495 + 6975.74 = 7110.24 over 761 frames.
LOG (lattice-best-path[5.5.1009~1-e4940]:main():lattice-best-path.cc:99) For utterance COM046_Pa046_032, best cost 92.8957 + 4801.05 = 4893.95 over 527 frames.
LOG (lattice-best-path[5.5.1009~1-e4940]:main():lattice-best-path.cc:99) For utterance COM046_Pa046_033, best cost 129.189 + 7373.04 = 7502.23 over 804 frames.
LOG (lattice-best-path[5.5.1009~1-e4940]:main():lattice-best-path.cc:99) For utterance COM046_Pa046_034, best cost 39.1978 + 3192 = 3231.2 over 356 frames.
LOG (lattice-best-path[5.5.1009~1-e4940]:main():lattice-best-path.cc:99) For utterance COM046_Pa046_035, best cost 79.835 + 5333.24 = 5413.08 over 576 frames.
LOG (lattice-best-path[5.5.1009~1-e4940]:main():lattice-best-path.cc:99) For utterance COM047_Pa047_029, best cost 168.899 + 8166.39 = 8335.29 over 865 frames.
LOG (lattice-best-path[5.5.1009~1-e4940]:main():lattice-best-path.cc:99) For utterance COM047_Pa047_030, best cost 66.819 + 3535.71 = 3602.53 over 380 frames.
LOG (lattice-best-path[5.5.1009~1-e4940]:main():lattice-best-path.cc:99) For utterance COM047_Pa047_031, best cost 156.363 + 7795.51 = 7951.88 over 827 frames.
LOG (lattice-best-path[5.5.1009~1-e4940]:main():lattice-best-path.cc:99) For utterance COM047_Pa047_032, best cost 60.0083 + 2452.68 = 2512.69 over 266 frames.
LOG (lattice-best-path[5.5.1009~1-e4940]:main():lattice-best-path.cc:99) For utterance COM047_Pa047_033, best cost 78.3441 + 4636.96 = 4715.3 over 497 frames.
LOG (lattice-depth-per-frame[5.5.1009~1-e4940]:main():lattice-depth-per-frame.cc:82) Done 168 lattices.
LOG (lattice-best-path[5.5.1009~1-e4940]:main():lattice-best-path.cc:99) For utterance COM047_Pa047_034, best cost 245.575 + 11179 = 11424.6 over 1215 frames.
LOG (lattice-best-path[5.5.1009~1-e4940]:main():lattice-best-path.cc:99) For utterance COM047_Pa047_035, best cost 91.3151 + 6309.58 = 6400.89 over 670 frames.
LOG (lattice-best-path[5.5.1009~1-e4940]:main():lattice-best-path.cc:124) Overall cost per frame is 9.30922 = 0.175298 [graph] + 9.13392 [acoustic] over 104898 frames.
LOG (lattice-best-path[5.5.1009~1-e4940]:main():lattice-best-path.cc:128) Done 168 lattices, failed for 0
# Accounting: time=0 threads=1
# Ended (code 0) at Thu Mar 17 09:39:47 UTC 2022, elapsed time 0 seconds
