# lattice-best-path --lm-scale=7 --word-symbol-table=exp/mono/graph/words.txt "ark:gunzip -c exp/mono/decode/lat.*.gz|" ark,t:exp/mono/decode/scoring/7.tra 
# Started at Thu Mar 17 09:39:47 UTC 2022
#
lattice-best-path --lm-scale=7 --word-symbol-table=exp/mono/graph/words.txt 'ark:gunzip -c exp/mono/decode/lat.*.gz|' ark,t:exp/mono/decode/scoring/7.tra 
LOG (lattice-best-path[5.5.1009~1-e4940]:main():lattice-best-path.cc:99) For utterance COF001_Pa001_029, best cost 584.636 + 32526.9 = 33111.6 over 343 frames.
COF001_Pa001_029 ดำ ตาม เล็ก เป็น ที่ ผู้ รูป ทรงกระบอก 
LOG (lattice-best-path[5.5.1009~1-e4940]:main():lattice-best-path.cc:99) For utterance COF001_Pa001_030, best cost 899.075 + 53681.3 = 54580.3 over 563 frames.
COF001_Pa001_030 และ สามารถ ฐานข้อมูล จาก เช็ค ที่ มี รอยพับ และ ปรับ เตือน ได้ ด้วย 
LOG (lattice-best-path[5.5.1009~1-e4940]:main():lattice-best-path.cc:99) For utterance COF001_Pa001_031, best cost 565.746 + 31113.9 = 31679.6 over 340 frames.
COF001_Pa001_031 การ ทำ ด้วย ใน สาร เดิน ฟาก ทราบ 
LOG (lattice-best-path[5.5.1009~1-e4940]:main():lattice-best-path.cc:99) For utterance COF001_Pa001_032, best cost 1126.04 + 73937.1 = 75063.2 over 817 frames.
COF001_Pa001_032 ใน ตำรับ ย่าน นอกจาก เพื่อ สมุนไพร ตาม ยัง อาจ ประกอบด้วย สัตว์ และ กัน แร่ธาตุ อีกด้วย 
LOG (lattice-best-path[5.5.1009~1-e4940]:main():lattice-best-path.cc:99) For utterance COF001_Pa001_033, best cost 1040.63 + 61163.5 = 62204.1 over 680 frames.
COF001_Pa001_033 ให้ ถ้า ชาว ไหล เย็น หลัง อาบน้ำ ทุกวัน ติด กัน ประมาณ 2 สัปดาห์ 
LOG (lattice-best-path[5.5.1009~1-e4940]:main():lattice-best-path.cc:99) For utterance COF001_Pa001_034, best cost 481.093 + 25477.4 = 25958.5 over 287 frames.
COF001_Pa001_034 ใส่ เสื้อ เปิด ขอ แบบ ฝรั่ง 
LOG (lattice-best-path[5.5.1009~1-e4940]:main():lattice-best-path.cc:99) For utterance COF001_Pa001_035, best cost 521.1 + 52948.5 = 53469.6 over 590 frames.
COF001_Pa001_035 2.1.5 ระบบ จัดการ ต่อ ประกอบด้วย 
LOG (lattice-best-path[5.5.1009~1-e4940]:main():lattice-best-path.cc:99) For utterance COF002_Pa002_029, best cost 661.602 + 44525.9 = 45187.5 over 494 frames.
COF002_Pa002_029 แต่ ภายใน มี ใส่ ไฟฟ้า ต่อ เขา เครื่อง ใช้ 
LOG (lattice-best-path[5.5.1009~1-e4940]:main():lattice-best-path.cc:99) For utterance COF002_Pa002_030, best cost 460.383 + 29491.5 = 29951.8 over 331 frames.
COF002_Pa002_030 ต่อ เสียชีวิต ไป ยัง และ เสียดาย 
LOG (lattice-best-path[5.5.1009~1-e4940]:main():lattice-best-path.cc:99) For utterance COF002_Pa002_031, best cost 323.946 + 21451.7 = 21775.6 over 248 frames.
COF002_Pa002_031 มี ประตู 1 บาน 
LOG (lattice-best-path[5.5.1009~1-e4940]:main():lattice-best-path.cc:99) For utterance COF002_Pa002_032, best cost 788.24 + 61333.7 = 62121.9 over 642 frames.
COF002_Pa002_032 ซึ่ง มี ปรากฏ อยู่ ใน ตำรา ยาแผนโบราณ ที่ รัฐมนตรี ประกาศ 
LOG (lattice-best-path[5.5.1009~1-e4940]:main():lattice-best-path.cc:99) For utterance COF002_Pa002_033, best cost 370.27 + 26012.4 = 26382.7 over 286 frames.
COF002_Pa002_033 แก่ อาการ ท้องอืด ท้องเฟ้อ 
LOG (lattice-best-path[5.5.1009~1-e4940]:main():lattice-best-path.cc:99) For utterance COF002_Pa002_034, best cost 466.804 + 27458.4 = 27925.2 over 299 frames.
COF002_Pa002_034 ต่อมา ได้แก่ ไทย เพื่อ รับ โพรง 
LOG (lattice-best-path[5.5.1009~1-e4940]:main():lattice-best-path.cc:99) For utterance COF002_Pa002_035, best cost 1781.04 + 119322 = 121103 over 1280 frames.
COF002_Pa002_035 อย่างไรก็ตาม ถ้า จะ นำ ไป ใช้งาน กับ ร้านอาหาร ขนาน ย้าย ที่ มี ลูกค้า มาก จำนวน ตก ตั้งแต่ 50 ตก ขึ้นไป อาจ ทำงาน มี ผ่าน 
LOG (lattice-best-path[5.5.1009~1-e4940]:main():lattice-best-path.cc:99) For utterance COF004_Pa004_029, best cost 1310.65 + 86063.4 = 87374 over 923 frames.
COF004_Pa004_029 อัตรา เหลว ของ การ ทิ้ง ข้อมูล เท่า จาก การ อยู่ กับ ความ สามารถ ของ พนักงาน ที่ ทำการ ทิ้ง ดิบ 
LOG (lattice-best-path[5.5.1009~1-e4940]:main():lattice-best-path.cc:99) For utterance COF004_Pa004_030, best cost 410.972 + 28422.2 = 28833.2 over 321 frames.
COF004_Pa004_030 เพื่อ มี หาย ลุกลาม ต่อไป 
LOG (lattice-best-path[5.5.1009~1-e4940]:main():lattice-best-path.cc:99) For utterance COF004_Pa004_031, best cost 578.458 + 39755.1 = 40333.5 over 446 frames.
COF004_Pa004_031 เนื่องจาก การ ตก เป็น เครื่องมือ จับ ต่าง 
LOG (lattice-best-path[5.5.1009~1-e4940]:main():lattice-best-path.cc:99) For utterance COF004_Pa004_032, best cost 733.705 + 67882.7 = 68616.4 over 755 frames.
COF004_Pa004_032 การ เหง้าว่านน้ำ รากเจตมูลเพลิง ราก แถบ แต่ และ รากนมสวรรค์ 
LOG (lattice-best-path[5.5.1009~1-e4940]:main():lattice-best-path.cc:99) For utterance COF004_Pa004_033, best cost 595.645 + 37106.4 = 37702.1 over 415 frames.
COF004_Pa004_033 จาก ทำ แผล ให้ สนิท เป็น เดือย เดียวกัน 
LOG (lattice-best-path[5.5.1009~1-e4940]:main():lattice-best-path.cc:99) For utterance COF004_Pa004_034, best cost 513.592 + 33610.7 = 34124.3 over 384 frames.
COF004_Pa004_034 ลง เที่ยว เพื่อ ของ ถ่ายเท เพทุบาย 
LOG (lattice-best-path[5.5.1009~1-e4940]:main():lattice-best-path.cc:99) For utterance COF004_Pa004_035, best cost 569.788 + 33944 = 34513.8 over 389 frames.
COF004_Pa004_035 แต่ ภาพ เป็น การ ถ่ายเท ครั้ง รับ แต่ 
LOG (lattice-best-path[5.5.1009~1-e4940]:main():lattice-best-path.cc:99) For utterance COF005_Pa005_029, best cost 1029.99 + 67471.8 = 68501.8 over 694 frames.
COF005_Pa005_029 แต่ การ แสดงผล จัด เครื่อง อยู่ กับ ออกแบบ อุปกรณ์ ต่างๆ ที่ การ กับ เครื่อง ที่ มี 
LOG (lattice-best-path[5.5.1009~1-e4940]:main():lattice-best-path.cc:99) For utterance COF005_Pa005_030, best cost 748.044 + 48798.2 = 49546.2 over 510 frames.
COF005_Pa005_030 และ จะ สูญเสีย ขอม รู้สึก ใน ส่วน ที่ เป็น อัมพาต ด้วย 
LOG (lattice-best-path[5.5.1009~1-e4940]:main():lattice-best-path.cc:99) For utterance COF005_Pa005_031, best cost 724.461 + 41894.2 = 42618.7 over 437 frames.
COF005_Pa005_031 ไป หน้าที่ ไทย น้ำหนัก จาก เสา ลง สูง หนู ว่า 
LOG (lattice-best-path[5.5.1009~1-e4940]:main():lattice-best-path.cc:99) For utterance COF005_Pa005_032, best cost 419.184 + 35542.2 = 35961.4 over 387 frames.
COF005_Pa005_032 นอกจากนี้ ยังมี มาตรา โบราณ 
LOG (lattice-best-path[5.5.1009~1-e4940]:main():lattice-best-path.cc:99) For utterance COF005_Pa005_033, best cost 774.925 + 40952.1 = 41727 over 430 frames.
COF005_Pa005_033 แล้ว โขลก ให้ พอ แหลก ใส่ ลง ใน นำ ดึง แก้ว 
LOG (lattice-best-path[5.5.1009~1-e4940]:main():lattice-best-path.cc:99) For utterance COF005_Pa005_034, best cost 545.092 + 32709.1 = 33254.2 over 343 frames.
COF005_Pa005_034 สายสร้อย ใส่ 1 ก็ การ สลึง เฟื้อง 
LOG (lattice-best-path[5.5.1009~1-e4940]:main():lattice-best-path.cc:99) For utterance COF005_Pa005_035, best cost 558.778 + 44147.4 = 44706.2 over 454 frames.
COF005_Pa005_035 เครื่องต้นแบบ เครื่อง ที่ 1 มี บล๊อค ไดอะแกรม 
LOG (lattice-best-path[5.5.1009~1-e4940]:main():lattice-best-path.cc:99) For utterance COF007_Pa007_029, best cost 464.964 + 41070.9 = 41535.8 over 466 frames.
COF007_Pa007_029 คือ การ กงล้อ ที่ ที่ มี ตัวอักษร 
LOG (lattice-best-path[5.5.1009~1-e4940]:main():lattice-best-path.cc:99) For utterance COF007_Pa007_030, best cost 1829.07 + 122032 = 123861 over 1351 frames.
COF007_Pa007_030 และ พบว่า ควร นม นก ผสม ข้าว ดำ ศูนย์ฯ สัตว์ ไอซี เขียน กับ ขูด พื้นเมือง เป็น ควร นุ่ง รูป ผสม ที่ ให้ นม ที่ ที่สุด 
LOG (lattice-best-path[5.5.1009~1-e4940]:main():lattice-best-path.cc:99) For utterance COF007_Pa007_031, best cost 941.404 + 63725.1 = 64666.6 over 709 frames.
COF007_Pa007_031 โดย เจาะ ทัน คือ เป็น รูป กว้าง กว้าง หัวเทียน พอ สวม เขา ได้ 
LOG (lattice-best-path[5.5.1009~1-e4940]:main():lattice-best-path.cc:99) For utterance COF007_Pa007_032, best cost 492.278 + 38247.9 = 38740.2 over 432 frames.
COF007_Pa007_032 ประกาศ ขึ้น การ สมุนไพร เห็น ชง 
LOG (lattice-best-path[5.5.1009~1-e4940]:main():lattice-best-path.cc:99) For utterance COF007_Pa007_033, best cost 507.953 + 35989.8 = 36497.8 over 408 frames.
COF007_Pa007_033 จาก ช่วย หาย หาย เคล็ด ขัดยอก 
LOG (lattice-best-path[5.5.1009~1-e4940]:main():lattice-best-path.cc:99) For utterance COF007_Pa007_034, best cost 831.378 + 53612.6 = 54444 over 610 frames.
COF007_Pa007_034 แต่ จะ สวม อยู่ การ ไอ อยู่ 6 หรือ 7 ขวบ เท่านั้น 
LOG (lattice-best-path[5.5.1009~1-e4940]:main():lattice-best-path.cc:99) For utterance COF007_Pa007_035, best cost 375.288 + 46432.2 = 46807.5 over 538 frames.
COF007_Pa007_035 ดร. กฤษณพงศ์ กีรติกร 
LOG (lattice-best-path[5.5.1009~1-e4940]:main():lattice-best-path.cc:99) For utterance COF008_Pa008_029, best cost 602.704 + 37939.7 = 38542.4 over 405 frames.
COF008_Pa008_029 โดย ทำให้ การ มือ นี้ ประจุ ไฟฟ้า โลก 
LOG (lattice-best-path[5.5.1009~1-e4940]:main():lattice-best-path.cc:99) For utterance COF008_Pa008_030, best cost 435.754 + 42722.9 = 43158.7 over 461 frames.
COF008_Pa008_030 1.3 กระบืองาน หรือ กระบือปลัก 
LOG (lattice-best-path[5.5.1009~1-e4940]:main():lattice-best-path.cc:99) For utterance COF008_Pa008_031, best cost 387.582 + 29824.2 = 30211.8 over 306 frames.
COF008_Pa008_031 และ การ กับ ดั้งแขวน เท่านั้น 
LOG (lattice-best-path[5.5.1009~1-e4940]:main():lattice-best-path.cc:99) For utterance COF008_Pa008_032, best cost 586.943 + 30745.2 = 31332.1 over 323 frames.
COF008_Pa008_032 ก็ 5 อาจ เสื่อม เร็ว ขวา กำหนด ได้ 
LOG (lattice-best-path[5.5.1009~1-e4940]:main():lattice-best-path.cc:99) For utterance COF008_Pa008_033, best cost 604.476 + 29770.3 = 30374.8 over 330 frames.
COF008_Pa008_033 แล้ว กลืน ทั้ง น้ำ เล่น นี้ งาน ขยาย 
LOG (lattice-best-path[5.5.1009~1-e4940]:main():lattice-best-path.cc:99) For utterance COF008_Pa008_034, best cost 472.933 + 26901.6 = 27374.6 over 293 frames.
COF008_Pa008_034 จาก ธาตุ อิเล็กตรอน 1 ตัว ว่า 
LOG (lattice-best-path[5.5.1009~1-e4940]:main():lattice-best-path.cc:99) For utterance COF008_Pa008_035, best cost 1078.42 + 81846.1 = 82924.5 over 897 frames.
COF008_Pa008_035 ซึ่ง โปรแกรม จะ ทำ หน้าที่ เลียนแบบ เหมือน วงจร ผลิต ไหล ตัวตั้งเวลา และ ตัวนับ 
LOG (lattice-best-path[5.5.1009~1-e4940]:main():lattice-best-path.cc:99) For utterance COF009_Pa009_029, best cost 1070.33 + 75759.2 = 76829.5 over 768 frames.
COF009_Pa009_029 เมื่อ จึง สัญญาณ ทำ จะ พุ่ง ออกมา ทิ้ง ดัน ตัวอักษร ตาม รหัส ของ ข้อมูล ต่างๆ 
LOG (lattice-best-path[5.5.1009~1-e4940]:main():lattice-best-path.cc:99) For utterance COF009_Pa009_030, best cost 465.09 + 27112.7 = 27577.8 over 282 frames.
COF009_Pa009_030 เฉลี่ย คอก ราศี พบ ตัว ว่า 
LOG (lattice-best-path[5.5.1009~1-e4940]:main():lattice-best-path.cc:99) For utterance COF009_Pa009_031, best cost 590.285 + 42161.1 = 42751.4 over 449 frames.
COF009_Pa009_031 ยาว รอบ การ ทาง ทำ หน้าที่ รับ ตะพานหนู 
LOG (lattice-best-path[5.5.1009~1-e4940]:main():lattice-best-path.cc:99) For utterance COF009_Pa009_032, best cost 593.168 + 43078.3 = 43671.5 over 456 frames.
COF009_Pa009_032 ประชาชน ยัง ขาด ความรู้ ความเข้าใจ เรือน ยา 
LOG (lattice-best-path[5.5.1009~1-e4940]:main():lattice-best-path.cc:99) For utterance COF009_Pa009_033, best cost 803.331 + 50960.3 = 51763.6 over 532 frames.
COF009_Pa009_033 การ วุ้น แปะ แผน ใน ปาก หรือ แพทย์ ที่ ริมฝีปาก บ่อยๆ 
LOG (lattice-best-path[5.5.1009~1-e4940]:main():lattice-best-path.cc:99) For utterance COF009_Pa009_034, best cost 477.677 + 32527.3 = 33005 over 361 frames.
COF009_Pa009_034 จน ดุ เหมือนว่า โฮล กระดาษ ได้ 
LOG (lattice-best-path[5.5.1009~1-e4940]:main():lattice-best-path.cc:99) For utterance COF009_Pa009_035, best cost 1118.31 + 65331.4 = 66449.7 over 675 frames.
COF009_Pa009_035 การ ทำงาน ด้วย สอบ มา ซึ่ง มี มี ตรวจ ต้น นี้ จึง มี มี การ ขึ้น ที่ ทาง กล 
LOG (lattice-best-path[5.5.1009~1-e4940]:main():lattice-best-path.cc:99) For utterance COF011_Pa011_029, best cost 612.822 + 41422.2 = 42035 over 441 frames.
COF011_Pa011_029 ตัวอักษร นั้น จะ ปรากฏ เขื่อน บน บน โทรทัศน์ 
LOG (lattice-best-path[5.5.1009~1-e4940]:main():lattice-best-path.cc:99) For utterance COF011_Pa011_030, best cost 1237.05 + 138551 = 139789 over 1576 frames.
COF011_Pa011_030 ประกอบด้วย โพแทสเซียม แคลเซียม โซเดียม แมกนีเซียม ฟอสฟอรัส คลอไรด์ ซิเทรต เล็ก ทองแดง และ ไอโอดีน 
LOG (lattice-best-path[5.5.1009~1-e4940]:main():lattice-best-path.cc:99) For utterance COF011_Pa011_031, best cost 511.423 + 36052.5 = 36563.9 over 391 frames.
COF011_Pa011_031 การ ช่วย รับ ส่วน ยื่น ของ กระเบื้อง 
LOG (lattice-best-path[5.5.1009~1-e4940]:main():lattice-best-path.cc:99) For utterance COF011_Pa011_032, best cost 443.369 + 34419.6 = 34862.9 over 377 frames.
COF011_Pa011_032 และ จาก การ ที่ มี คู่แข่งขัน มาก 
LOG (lattice-best-path[5.5.1009~1-e4940]:main():lattice-best-path.cc:99) For utterance COF011_Pa011_033, best cost 383.003 + 27199.7 = 27582.7 over 295 frames.
COF011_Pa011_033 ภาค ขม ขนาด มี ราศี 
LOG (lattice-best-path[5.5.1009~1-e4940]:main():lattice-best-path.cc:99) For utterance COF011_Pa011_034, best cost 503.392 + 52917.4 = 53420.8 over 615 frames.
COF011_Pa011_034 2 ต่อ ทรานซิสเตอร์ การ ประโยชน์ หน่วยงาน 
LOG (lattice-best-path[5.5.1009~1-e4940]:main():lattice-best-path.cc:99) For utterance COF011_Pa011_035, best cost 673.292 + 53566.8 = 54240.1 over 601 frames.
COF011_Pa011_035 ผู้ใช้ จัด ต้อง เคี่ยว โปรแกรม ผู้ใช้ ทิ้ง กลอน 
LOG (lattice-best-path[5.5.1009~1-e4940]:main():lattice-best-path.cc:99) For utterance COF014_Pa014_029, best cost 707.235 + 56134.6 = 56841.8 over 641 frames.
COF014_Pa014_029 ก็ สามารถ เรียก ออกมา แสดง บน บน โทรทัศน์ ได้ 
LOG (lattice-best-path[5.5.1009~1-e4940]:main():lattice-best-path.cc:99) For utterance COF014_Pa014_030, best cost 550.541 + 44296.7 = 44847.2 over 483 frames.
COF014_Pa014_030 เคลือบ ด้วย วัสดุ ต่างๆ การ เกล็ด ผ่าน 
LOG (lattice-best-path[5.5.1009~1-e4940]:main():lattice-best-path.cc:99) For utterance COF014_Pa014_031, best cost 546.165 + 38486.4 = 39032.6 over 442 frames.
COF014_Pa014_031 ดาบ ตรวจ ที่ นิยม ทำ มี ดังนี้ 
LOG (lattice-best-path[5.5.1009~1-e4940]:main():lattice-best-path.cc:99) For utterance COF014_Pa014_032, best cost 694.353 + 81077 = 81771.3 over 896 frames.
COF014_Pa014_032 เมื่อ พิจารณา ปลา การ ของ สมุนไพร ใน ประเทศที่พัฒนาแล้ว 
LOG (lattice-best-path[5.5.1009~1-e4940]:main():lattice-best-path.cc:99) For utterance COF014_Pa014_033, best cost 523.763 + 41656.9 = 42180.6 over 454 frames.
COF014_Pa014_033 จึง นิยม พาด จาก ยุโรป อีกด้วย 
LOG (lattice-best-path[5.5.1009~1-e4940]:main():lattice-best-path.cc:99) For utterance COF014_Pa014_034, best cost 559.782 + 49816.3 = 50376.1 over 566 frames.
COF014_Pa014_034 กล่าวคือ เครื่อง แสง เลเซอร์ มี ความ พร้อมเพรียง 
LOG (lattice-best-path[5.5.1009~1-e4940]:main():lattice-best-path.cc:99) For utterance COF014_Pa014_035, best cost 2150.8 + 213858 = 216009 over 2428 frames.
COF014_Pa014_035 นอกจากนี้ ยังมี นักศึกษา ที่ ได้ ช่วย สร้าง และ ทดสอบ วงจร คือ จิระศักดิ์ ตันปรียชญา ที่ ปิด นำ 7 กัน หนัก ลม และ ที่ ติด พบ สิทธิเลิศพิศาล 
LOG (lattice-best-path[5.5.1009~1-e4940]:main():lattice-best-path.cc:99) For utterance COF017_Pa017_029, best cost 1285.85 + 87063.6 = 88349.4 over 958 frames.
COF017_Pa017_029 อย่างไรก็ตาม มี ปัจจุบัน มี เพื่อ รับส่ง แบบ จะ โทรทัศน์ บาง แบบ สามารถ ที่ มี ข่าวสาร ไม่ ดุ ได้ ด้วย 
LOG (lattice-best-path[5.5.1009~1-e4940]:main():lattice-best-path.cc:99) For utterance COF017_Pa017_030, best cost 630.689 + 35292.6 = 35923.3 over 378 frames.
COF017_Pa017_030 และ ไป เป็น แกน การ ตัว แบบ แกน เพื่อ แห้ง 
LOG (lattice-best-path[5.5.1009~1-e4940]:main():lattice-best-path.cc:99) For utterance COF017_Pa017_031, best cost 1119.87 + 72759.9 = 73879.8 over 777 frames.
COF017_Pa017_031 แย็ค เศษ ตาม ลักษณะ ของ รูปร่าง เช่น กระเบื้อง แห้ง มอง กระเบื้อง หาง ตัด กระเบื้อง ของ 
LOG (lattice-best-path[5.5.1009~1-e4940]:main():lattice-best-path.cc:99) For utterance COF017_Pa017_032, best cost 971.374 + 75280.7 = 76252.1 over 818 frames.
COF017_Pa017_032 เนื่องจาก กว่า ความ เป็น ที่ แหลม จาน ยา และ และ ตกค้าง กระบวนการ และ 
LOG (lattice-best-path[5.5.1009~1-e4940]:main():lattice-best-path.cc:99) For utterance COF017_Pa017_033, best cost 631.138 + 43804.7 = 44435.8 over 481 frames.
COF017_Pa017_033 ใส่ เสื้อ ผู้ ขึ้น กรองคอ กรองสังเวียน กรองสมรด 
LOG (lattice-best-path[5.5.1009~1-e4940]:main():lattice-best-path.cc:99) For utterance COF017_Pa017_034, best cost 495.968 + 32835.9 = 33331.9 over 372 frames.
COF017_Pa017_034 เมื่อ สายตา เป็น ปวด ต่าง เลเซอร์ 
LOG (lattice-best-path[5.5.1009~1-e4940]:main():lattice-best-path.cc:99) For utterance COF017_Pa017_035, best cost 603.016 + 49273.8 = 49876.8 over 522 frames.
COF017_Pa017_035 โลก ที่ 3 เส้นกราฟ อุณหภูมิ ของ เตาเอพิแทกซี 
LOG (lattice-best-path[5.5.1009~1-e4940]:main():lattice-best-path.cc:99) For utterance COF020_Pa020_029, best cost 705.525 + 56046.3 = 56751.9 over 636 frames.
COF020_Pa020_029 เมื่อ เปรียบเทียบ กับ อัตรา ถ่ายทอด ข้อมูล ของ เครื่อง ใช้ 
LOG (lattice-best-path[5.5.1009~1-e4940]:main():lattice-best-path.cc:99) For utterance COF020_Pa020_030, best cost 1912.58 + 140198 = 142111 over 1605 frames.
COF020_Pa020_030 ผ้า และ สถานที่ ให้ การ เป็น แหลก วิชาการ และ เทคนิค ใด การ ปฏิบัติการ ฝน หลวง ใน พ.ศ. 2516 เป็นต้นมา จน ตาก เท่า ทุกวัน นี้ 
LOG (lattice-best-path[5.5.1009~1-e4940]:main():lattice-best-path.cc:99) For utterance COF020_Pa020_031, best cost 743.011 + 45917.2 = 46660.2 over 515 frames.
COF020_Pa020_031 ถ้า มุง ด้วย กระเบื้อง การ กระเบื้อง ขอบ เป็น ส่วน ปิด 
LOG (lattice-best-path[5.5.1009~1-e4940]:main():lattice-best-path.cc:99) For utterance COF020_Pa020_032, best cost 583.273 + 36777.5 = 37360.8 over 419 frames.
COF020_Pa020_032 การ ที่ จาก พัฒนา นำ ใช้ ไม่ ที่ คลั่ง 
LOG (lattice-best-path[5.5.1009~1-e4940]:main():lattice-best-path.cc:99) For utterance COF020_Pa020_033, best cost 838.165 + 70013.7 = 70851.8 over 799 frames.
COF020_Pa020_033 การ เป็น ทาง ผ่าน หนู ผ้าเช็ดตัว ว่า ผ้าเคียนพุง และ ผ้าพาดไหล่ 
LOG (lattice-best-path[5.5.1009~1-e4940]:main():lattice-best-path.cc:99) For utterance COF020_Pa020_034, best cost 960.598 + 72588 = 73548.6 over 851 frames.
COF020_Pa020_034 เลเซอร์ ทำ ขึ้น จาก ของ แทน ก๊าซ ของเหลว และ สาร การ ตัว น้ำ 
LOG (lattice-best-path[5.5.1009~1-e4940]:main():lattice-best-path.cc:99) For utterance COF020_Pa020_035, best cost 1523.4 + 92020.4 = 93543.8 over 1046 frames.
COF020_Pa020_035 จาก การ ทดลอง พบว่า โครงสร้าง ของ สาร ตัวนำ นี้ มี อยู่ ที่ ที่ เปลี่ยน ได้ อยู่ ใน ระบบ ออก ทั่ว หลอม ดิบ 
LOG (lattice-best-path[5.5.1009~1-e4940]:main():lattice-best-path.cc:99) For utterance COF024_Pa024_029, best cost 1465.16 + 92152.8 = 93618 over 1016 frames.
COF024_Pa024_029 ใน การ เพียง เส้นกราฟ เครื่อง จับ แล สัญญาณ ซึ่ง ตัวเลข ซึ่ง แดด รับ จาก เครื่อง ใช้ ให้ เป็น สัญญาณ ซึ่ง อุปมาน 
LOG (lattice-best-path[5.5.1009~1-e4940]:main():lattice-best-path.cc:99) For utterance COF024_Pa024_030, best cost 576.846 + 34031.6 = 34608.4 over 381 frames.
COF024_Pa024_030 ซึ่ง รายงาน วาด มี ฝน ตก เวลา ได้ 
LOG (lattice-best-path[5.5.1009~1-e4940]:main():lattice-best-path.cc:99) For utterance COF024_Pa024_031, best cost 948.962 + 54975.3 = 55924.3 over 588 frames.
COF024_Pa024_031 มี ประโยชน์ เพื่อ เป็น ที่ ให้ ย่อม พัด ผ่าน จาก ใต้ถุน ขึ้น บน เรียน 
LOG (lattice-best-path[5.5.1009~1-e4940]:main():lattice-best-path.cc:99) For utterance COF024_Pa024_032, best cost 378.406 + 41225.5 = 41603.9 over 460 frames.
COF024_Pa024_032 2.2 อุตสาหกรรม ยาแผนปัจจุบัน 
LOG (lattice-best-path[5.5.1009~1-e4940]:main():lattice-best-path.cc:99) For utterance COF024_Pa024_033, best cost 1795.72 + 119749 = 121544 over 1282 frames.
COF024_Pa024_033 ศิลาจารึก ที่ มี เป็น หลักฐาน เอกสาร โบราณ ที่ บ่งบอก การ วัฒนธรรม ทาง ด้าน การ การ โรค อักษร ที่ ปรากฏ บน พื้นฐาน ดิน ไทย ทั้ง แรก 
LOG (lattice-best-path[5.5.1009~1-e4940]:main():lattice-best-path.cc:99) For utterance COF024_Pa024_034, best cost 680.846 + 49390.4 = 50071.2 over 543 frames.
COF024_Pa024_034 แต่ สิ้นเปลือง ค่าใช้จ่าย กับ กระดาษ เป็น ด้วย ไม่ จำเป็น 
LOG (lattice-best-path[5.5.1009~1-e4940]:main():lattice-best-path.cc:99) For utterance COF024_Pa024_035, best cost 1142.88 + 75823 = 76965.9 over 802 frames.
COF024_Pa024_035 นอกจากนี้ โครงสร้าง ของ ดี นอก ยัง เป็น โครงสร้าง พื้นฐาน ของ โหมด เก็บ กำลัง ทดสอบ ไป 
LOG (lattice-best-path[5.5.1009~1-e4940]:main():lattice-best-path.cc:99) For utterance COM025_Pa025_029, best cost 859.432 + 54219.6 = 55079.1 over 584 frames.
COM025_Pa025_029 เพื่อ นำ ไป ทำการ ควบคุม การ จึง เส้นกราฟ หรือ ที่ รูป ต่อไป 
LOG (lattice-best-path[5.5.1009~1-e4940]:main():lattice-best-path.cc:99) For utterance COM025_Pa025_030, best cost 2884.87 + 182815 = 185700 over 2009 frames.
COM025_Pa025_030 4 จุด 3 7 ตาม ตรวจ ที่ และ บันทึก ต่ำ เรื่อยๆ แดด ตรวจ ฝน แบบ กระดาษ ได้ ของ สำนักงาน ปฏิบัติการ ฝน หลวง หรือ สถานี ตัวเลข จาก ของ กรง อุดอู้ นิยม วิธี ยา ที่ ต่าง อยู่ ที่ จังหวัด ที่ เป็น ทัน ปฏิบัติการ 
LOG (lattice-best-path[5.5.1009~1-e4940]:main():lattice-best-path.cc:99) For utterance COM025_Pa025_031, best cost 725.144 + 44768.2 = 45493.4 over 494 frames.
COM025_Pa025_031 และ เป็น ที่ ทำให้ อากาศ ภายใน หลาย ผ่าน ชง นี้ ได้ 
LOG (lattice-best-path[5.5.1009~1-e4940]:main():lattice-best-path.cc:99) For utterance COM025_Pa025_032, best cost 1336.29 + 98731.1 = 100067 over 1090 frames.
COM025_Pa025_032 โดย ทั่วไป ประชาชน ไทย นี้ พฤติกรรม การ รักษา การ จุด ไทย ของ ตนเอง และ ครอบครัว เป็น 3 แบบ คือ 
LOG (lattice-best-path[5.5.1009~1-e4940]:main():lattice-best-path.cc:99) For utterance COM025_Pa025_033, best cost 1143.37 + 63377.7 = 64521.1 over 691 frames.
COM025_Pa025_033 ใต้ อย่าง ไม่ พบ จารึก อักษร ขอม โบราณ ใน แถบ ภาคเหนือ ตั้งแต่ จะ ที่ ตาก ขึ้นไป 
LOG (lattice-best-path[5.5.1009~1-e4940]:main():lattice-best-path.cc:99) For utterance COM025_Pa025_034, best cost 494.987 + 35750.7 = 36245.7 over 385 frames.
COM025_Pa025_034 รายละเอียด ของ ไมโครคอมพิวเตอร์ ชุด แรก ดังนี้ 
LOG (lattice-best-path[5.5.1009~1-e4940]:main():lattice-best-path.cc:99) For utterance COM025_Pa025_035, best cost 972.978 + 66377 = 67350 over 729 frames.
COM025_Pa025_035 ช่วง นี้ กระแส เครน จับ ค่ำคืน ยัง รวดเร็ว ตาม แรงดันไฟฟ้า ที่สุด เครน 
LOG (lattice-best-path[5.5.1009~1-e4940]:main():lattice-best-path.cc:99) For utterance COM027_Pa027_029, best cost 1232.23 + 98219 = 99451.2 over 1115 frames.
COM027_Pa027_029 เครื่อง ใช้ แบบ อิเล็กทรอนิกส์ ที่ สัตว์ คิด มา นี้ วิธีการ ป้อน คำสั่ง หรือ ข้อมูล ปลาย วิธี 
LOG (lattice-best-path[5.5.1009~1-e4940]:main():lattice-best-path.cc:99) For utterance COM027_Pa027_030, best cost 1711.52 + 149919 = 151631 over 1677 frames.
COM027_Pa027_030 ผล ของ การ ประเมิน ประจำวัน ขึ้น ข้อสอบ ขั้น ต้องการ กำหนด เป้าหมาย หวัง ผล ใน การ วางแผน ปฏิบัติการ ใน หวาน วันรุ่งขึ้น 
LOG (lattice-best-path[5.5.1009~1-e4940]:main():lattice-best-path.cc:99) For utterance COM027_Pa027_031, best cost 405.301 + 33088.7 = 33494 over 385 frames.
COM027_Pa027_031 ด้วย มี บันได เป็น ตัวกลาง 
LOG (lattice-best-path[5.5.1009~1-e4940]:main():lattice-best-path.cc:99) For utterance COM027_Pa027_032, best cost 2573.35 + 181599 = 184172 over 2072 frames.
COM027_Pa027_032 จะ ยิ่ง ใน ว่า การ รักษา ตนเอง และ ก๊าซ พึ่งพา ภาค พื้น บาน นาน ดังนี้ ความ สำคัญ ต่อ คน ถ่าย เป็น จำนวน มาก โดยเฉพาะ ใน ชนบท ที่ หาง ใคร จะ สถานที่ บริการ ของ ราก 
LOG (lattice-best-path[5.5.1009~1-e4940]:main():lattice-best-path.cc:99) For utterance COM027_Pa027_033, best cost 464.599 + 37765.6 = 38230.2 over 429 frames.
COM027_Pa027_033 นี้ ข้อความ โครงการ ทั้งสอง ด้าน 
LOG (lattice-best-path[5.5.1009~1-e4940]:main():lattice-best-path.cc:99) For utterance COM027_Pa027_034, best cost 1039.23 + 86093.9 = 87133.2 over 968 frames.
COM027_Pa027_034 ความ ใน การ การ ใช้ คอมพิวเตอร์ แปล จึง เดิน ศัพท์ การ การ ขึ้น อีกครั้ง 
LOG (lattice-best-path[5.5.1009~1-e4940]:main():lattice-best-path.cc:99) For utterance COM027_Pa027_035, best cost 460.292 + 24432.8 = 24893.1 over 274 frames.
COM027_Pa027_035 เพื่อ ให้ เกิด เช่น ตาม ขึ้น ได้ 
LOG (lattice-best-path[5.5.1009~1-e4940]:main():lattice-best-path.cc:99) For utterance COM030_Pa030_029, best cost 478.913 + 31008.9 = 31487.8 over 348 frames.
COM030_Pa030_029 หรือ เครื่อง ไม่ สามารถ ปฏิบัติ ตาม ได้ 
LOG (lattice-best-path[5.5.1009~1-e4940]:main():lattice-best-path.cc:99) For utterance COM030_Pa030_030, best cost 839.527 + 59845.6 = 60685.1 over 657 frames.
COM030_Pa030_030 ซึ่ง จึง การ ยอมรับ จาก ทั้ง ภายใน และ ต่างประเทศ ใน ระดับ 1 
LOG (lattice-best-path[5.5.1009~1-e4940]:main():lattice-best-path.cc:99) For utterance COM030_Pa030_031, best cost 305.98 + 23660.7 = 23966.6 over 253 frames.
COM030_Pa030_031 ทำมุม 45 องศา 
LOG (lattice-best-path[5.5.1009~1-e4940]:main():lattice-best-path.cc:99) For utterance COM030_Pa030_032, best cost 1505.48 + 115470 = 116976 over 1249 frames.
COM030_Pa030_032 การ ส่งเสริม การ การ สมุนไพร จึง จำเป็น ต้อง พิจารณา ที่ ความรู้ และ ความ สามารถ ของ ประชาชน โดยเฉพาะ จะ ชนบท เป็น สำคัญ 
LOG (lattice-best-path[5.5.1009~1-e4940]:main():lattice-best-path.cc:99) For utterance COM030_Pa030_033, best cost 402.115 + 30496.1 = 30898.2 over 342 frames.
COM030_Pa030_033 พลังงาน คือ ความ สามารถ ทำงาน 
LOG (lattice-best-path[5.5.1009~1-e4940]:main():lattice-best-path.cc:99) For utterance COM030_Pa030_034, best cost 983.115 + 85237.5 = 86220.6 over 950 frames.
COM030_Pa030_034 นี้ ดร. อุดม วโรตม์สิกขดิตถ์ และ ดร. นิตยา กาญจนะวรรณ เป็น หลักฐาน โครงการ 
LOG (lattice-best-path[5.5.1009~1-e4940]:main():lattice-best-path.cc:99) For utterance COM030_Pa030_035, best cost 1563.23 + 125100 = 126663 over 1319 frames.
COM030_Pa030_035 เพื่อ เป็น การ ทบทวน ความเข้าใจ ของ ทุก สาย ที่ เกี่ยวข้อง ตั้ง ภาพ รัฐบาล และ เอกชน กว่า ศูนย์เทคโนโลยีอิเล็กทรอนิกส์และคอมพิวเตอร์แห่งชาติ มี ความเป็นมา อย่างไร 
LOG (lattice-best-path[5.5.1009~1-e4940]:main():lattice-best-path.cc:99) For utterance COM032_Pa032_029, best cost 827.059 + 58680 = 59507.1 over 659 frames.
COM032_Pa032_029 ซึ่ง ทำ ได้ ด้วย การ น้ำ ข้อมูล ต่างๆ บันทึก ไว้ ใน รูปแบบ หรือ 
LOG (lattice-best-path[5.5.1009~1-e4940]:main():lattice-best-path.cc:99) For utterance COM032_Pa032_030, best cost 932.161 + 56158.6 = 57090.8 over 603 frames.
COM032_Pa032_030 เพื่อ ช่วยเหลือ พื้นที่ เกษตร ประจำ และ การ ขาดแคลน น้ำ เพื่อ การ วุฒิพงศ์ บริโภค 
LOG (lattice-best-path[5.5.1009~1-e4940]:main():lattice-best-path.cc:99) For utterance COM032_Pa032_031, best cost 652.95 + 32440.8 = 33093.8 over 356 frames.
COM032_Pa032_031 ส่วน บน ลม สอบ ตาม ตาม ของ ฝาด เป็น และ 
LOG (lattice-best-path[5.5.1009~1-e4940]:main():lattice-best-path.cc:99) For utterance COM032_Pa032_032, best cost 1338.49 + 83023.4 = 84361.9 over 904 frames.
COM032_Pa032_032 การ เลือก สมุนไพร ที่ จะ พัฒนา ไป การ ใน การ สาธารณสุขมูลฐาน นี้ หลัก เป็น ที่ จัด ต้อง ยึด ชื่อ ดัง ต่อไปนี้ 
LOG (lattice-best-path[5.5.1009~1-e4940]:main():lattice-best-path.cc:99) For utterance COM032_Pa032_033, best cost 569.741 + 36709.7 = 37279.5 over 412 frames.
COM032_Pa032_033 ความจริง ดินปืน มี พลังงาน อยู่ พอ แมว 
LOG (lattice-best-path[5.5.1009~1-e4940]:main():lattice-best-path.cc:99) For utterance COM032_Pa032_034, best cost 366.668 + 24150.4 = 24517.1 over 261 frames.
COM032_Pa032_034 และ กับ ต้อง ตัด คำกำกวม 
LOG (lattice-best-path[5.5.1009~1-e4940]:main():lattice-best-path.cc:99) For utterance COM032_Pa032_035, best cost 1802.45 + 156474 = 158276 over 1710 frames.
COM032_Pa032_035 ศูนย์เทคโนโลยีอิเล็กทรอนิกส์และคอมพิวเตอร์แห่งชาติ ตั้ง อยู่ ที่ ชั้น 6 ของ อาคาร สำนักงานปลัดกระทรวงฯ วิทยาศาสตร์ เทคโนโลยี และ การ พลังงาน ถนนพระราม6 พญาไท กรุงเทพฯ 10400 ตาราง ที่ 1 
LOG (lattice-best-path[5.5.1009~1-e4940]:main():lattice-best-path.cc:99) For utterance COM034_Pa034_029, best cost 1127.84 + 79754.8 = 80882.7 over 841 frames.
COM034_Pa034_029 กลไก ของ เครื่อง จาก บัตร ออก ตาม ต้องการ ด้วย อัตรา เร็ว ของ การ กด ปั้น อักษร 
LOG (lattice-best-path[5.5.1009~1-e4940]:main():lattice-best-path.cc:99) For utterance COM034_Pa034_030, best cost 592.576 + 38070.1 = 38662.6 over 414 frames.
COM034_Pa034_030 เพื่อ ระบาย น้ำ ออก จาก ผูก ลง ทะเล 
LOG (lattice-best-path[5.5.1009~1-e4940]:main():lattice-best-path.cc:99) For utterance COM034_Pa034_031, best cost 755.188 + 48234.1 = 48989.3 over 521 frames.
COM034_Pa034_031 ทำ ชัก ขึ้น เกศ บน นอกชาน ได้ เมื่อ เวลา ค่ำคืน 
LOG (lattice-best-path[5.5.1009~1-e4940]:main():lattice-best-path.cc:99) For utterance COM034_Pa034_032, best cost 462.276 + 32121 = 32583.3 over 348 frames.
COM034_Pa034_032 หรือ เป็น ยา ที่ การ ภายนอก เท่านั้น 
LOG (lattice-best-path[5.5.1009~1-e4940]:main():lattice-best-path.cc:99) For utterance COM034_Pa034_033, best cost 602.403 + 44691.8 = 45294.2 over 480 frames.
COM034_Pa034_033 นี้ ลักษณะ ใคร บ่งบอก เรียน อย่าง วงล้อเพลตัน 
LOG (lattice-best-path[5.5.1009~1-e4940]:main():lattice-best-path.cc:99) For utterance COM034_Pa034_034, best cost 303.767 + 29605.3 = 29909 over 313 frames.
COM034_Pa034_034 ข้อกำหนด ของ เวิร์ดโปรเซสเซอร์ 
LOG (lattice-best-path[5.5.1009~1-e4940]:main():lattice-best-path.cc:99) For utterance COM034_Pa034_035, best cost 1155.79 + 105715 = 106871 over 1122 frames.
COM034_Pa034_035 คณะกรรมการ ดังกล่าว นี้ รัฐมนตรี กว่า การ กระทรวง วิทยาศาสตร์ เทคโนโลยี และ การ พลังงาน เป็น ประธาน 
LOG (lattice-best-path[5.5.1009~1-e4940]:main():lattice-best-path.cc:99) For utterance COM036_Pa036_029, best cost 412.616 + 28877.3 = 29290 over 335 frames.
COM036_Pa036_029 แต่ ไม่ได้ ทำ หน้าที่ บัตร 
LOG (lattice-best-path[5.5.1009~1-e4940]:main():lattice-best-path.cc:99) For utterance COM036_Pa036_030, best cost 496.216 + 32562.5 = 33058.7 over 386 frames.
COM036_Pa036_030 มี อยู่ เคลือบ ทุก ค่า ของ ประเทศ 
LOG (lattice-best-path[5.5.1009~1-e4940]:main():lattice-best-path.cc:99) For utterance COM036_Pa036_031, best cost 372.39 + 32681.3 = 33053.7 over 398 frames.
COM036_Pa036_031 ต่อมา บ้านเมือง เจริญ ขึ้น 
LOG (lattice-best-path[5.5.1009~1-e4940]:main():lattice-best-path.cc:99) For utterance COM036_Pa036_032, best cost 590.822 + 52163.8 = 52754.6 over 619 frames.
COM036_Pa036_032 เพื่อ ให้ เป็น ที่ ยอมรับ ของ บุคคลากร เหล่านี้ 
LOG (lattice-best-path[5.5.1009~1-e4940]:main():lattice-best-path.cc:99) For utterance COM036_Pa036_033, best cost 589.256 + 49227.5 = 49816.7 over 580 frames.
COM036_Pa036_033 ซึ่ง ขาด การ ไนโตรเจน เหลว โรค ท่อแก้ว 
LOG (lattice-best-path[5.5.1009~1-e4940]:main():lattice-best-path.cc:99) For utterance COM036_Pa036_034, best cost 1273.12 + 94633.1 = 95906.2 over 1085 frames.
COM036_Pa036_034 ผลลัพธ์ ที่ ได้ ย่อม ไม่ เหมือนกัน 1 ที่ จาก ความ คลาดเคลื่อน เปลี่ยนแปลง ของ หมื่น พูด จัด กระดาษ 
LOG (lattice-best-path[5.5.1009~1-e4940]:main():lattice-best-path.cc:99) For utterance COM036_Pa036_035, best cost 803.109 + 76465.2 = 77268.3 over 919 frames.
COM036_Pa036_035 โดย มี รัฐมนตรี เรื่อย ว่า การ กระทรวง เป็น ประธาน เช่นกัน 
LOG (lattice-best-path[5.5.1009~1-e4940]:main():lattice-best-path.cc:99) For utterance COM037_Pa037_029, best cost 660.176 + 45893.8 = 46554 over 496 frames.
COM037_Pa037_029 ถ้า บัตร ถูก เจาะ พบ ต้อง โหมด ทั้งแผ่น 
LOG (lattice-best-path[5.5.1009~1-e4940]:main():lattice-best-path.cc:99) For utterance COM037_Pa037_030, best cost 512.336 + 36927.9 = 37440.2 over 421 frames.
COM037_Pa037_030 เนื้อ ก่อไฟ เรื่อง หุง 5 หาร 
LOG (lattice-best-path[5.5.1009~1-e4940]:main():lattice-best-path.cc:99) For utterance COM037_Pa037_031, best cost 543.582 + 67048.2 = 67591.8 over 728 frames.
COM037_Pa037_031 ด้วย ปรับ พระราชประสงค์ ใน พระบาทสมเด็จพระเจ้าอยู่หัว 
LOG (lattice-best-path[5.5.1009~1-e4940]:main():lattice-best-path.cc:99) For utterance COM037_Pa037_032, best cost 425.194 + 34965.2 = 35390.4 over 387 frames.
COM037_Pa037_032 จึง จาก ได้ผล ใน การ รักษา 
LOG (lattice-best-path[5.5.1009~1-e4940]:main():lattice-best-path.cc:99) For utterance COM037_Pa037_033, best cost 613.151 + 45994.2 = 46607.3 over 495 frames.
COM037_Pa037_033 โลหะ ตรง ที่ ถูก แสง จัด หลอม 
LOG (lattice-best-path[5.5.1009~1-e4940]:main():lattice-best-path.cc:99) For utterance COM037_Pa037_034, best cost 389.527 + 46114.5 = 46504 over 513 frames.
COM037_Pa037_034 4.3.1 ส่วน ของ ซอฟท์แวร์ 
LOG (lattice-best-path[5.5.1009~1-e4940]:main():lattice-best-path.cc:99) For utterance COM037_Pa037_035, best cost 655.784 + 65945.7 = 66601.4 over 714 frames.
COM037_Pa037_035 รวมทั้ง ติดตาม ประเมินผล การ ดำเนินงาน ของ ศูนย์ฯ 
LOG (lattice-best-path[5.5.1009~1-e4940]:main():lattice-best-path.cc:99) For utterance COM040_Pa040_029, best cost 562.042 + 43082.6 = 43644.6 over 456 frames.
COM040_Pa040_029 ซึ่ง ถ้า การ วิธี บัตร ด้วย เครื่อง บัตร 
LOG (lattice-best-path[5.5.1009~1-e4940]:main():lattice-best-path.cc:99) For utterance COM040_Pa040_030, best cost 561.255 + 44293.6 = 44854.8 over 470 frames.
COM040_Pa040_030 ซึ่ง เกิดขึ้น เป็น ครั้งคราว ใน เอา เบงกอล 
LOG (lattice-best-path[5.5.1009~1-e4940]:main():lattice-best-path.cc:99) For utterance COM040_Pa040_031, best cost 1168.32 + 80853.1 = 82021.5 over 866 frames.
COM040_Pa040_031 เขา เรา รู้จัก การ สมุนไพร ซึ่ง เป็น พืช ที่ หมื่น สรรพคุณ ใน การ รักษา โรค บัตร ชนิด 
LOG (lattice-best-path[5.5.1009~1-e4940]:main():lattice-best-path.cc:99) For utterance COM040_Pa040_032, best cost 297.134 + 28061.3 = 28358.4 over 298 frames.
COM040_Pa040_032 สรรพคุณ และ วิธีใช้ 
LOG (lattice-best-path[5.5.1009~1-e4940]:main():lattice-best-path.cc:99) For utterance COM040_Pa040_033, best cost 373.8 + 31300.4 = 31674.2 over 348 frames.
COM040_Pa040_033 เวลา เตรียมตัว จาก เข้าเฝ้า 
LOG (lattice-best-path[5.5.1009~1-e4940]:main():lattice-best-path.cc:99) For utterance COM040_Pa040_034, best cost 553.489 + 49264.6 = 49818.1 over 525 frames.
COM040_Pa040_034 ศูนย์ฯ วิจัย อิเล็กทรอนิกส์ และ ภาควิชา อิเล็กทรอนิกส์ 
LOG (lattice-best-path[5.5.1009~1-e4940]:main():lattice-best-path.cc:99) For utterance COM040_Pa040_035, best cost 832.558 + 76960 = 77792.5 over 816 frames.
COM040_Pa040_035 สำหรับ ภารกิจ ที่ จึง มอบหมาย เจาะ ดำเนินงาน ภายใต้ สำนักงานปลัดกระทรวงฯ 
LOG (lattice-best-path[5.5.1009~1-e4940]:main():lattice-best-path.cc:99) For utterance COM043_Pa043_029, best cost 1849.15 + 119332 = 121182 over 1208 frames.
COM043_Pa043_029 ใน ทำนอง เดียวกัน กับ การ เตรียม ข้อมูล ลง แถบแม่เหล็ก เรา สามารถ เรียง ข้อมูล จาก ปั้น อักษร ที่ ลง สู่ กับ ตลับ จะ แม่เหล็ก และ ดิสเกตต์ ได้ เช่นกัน 
LOG (lattice-best-path[5.5.1009~1-e4940]:main():lattice-best-path.cc:99) For utterance COM043_Pa043_030, best cost 861.748 + 68561.8 = 69423.6 over 749 frames.
COM043_Pa043_030 เป็น ไป ด้วย สัตว์ หาย นานา ชนิด เช่น งูพิษ ตะขาบ แมงป่อง 
LOG (lattice-best-path[5.5.1009~1-e4940]:main():lattice-best-path.cc:99) For utterance COM043_Pa043_031, best cost 838.509 + 51060.6 = 51899.1 over 515 frames.
COM043_Pa043_031 รอบ ตาราง โรค จะ มี สรรพคุณ ใน 9 รักษา โรค ใน เหมือนกัน 
LOG (lattice-best-path[5.5.1009~1-e4940]:main():lattice-best-path.cc:99) For utterance COM043_Pa043_032, best cost 474.188 + 31364.6 = 31838.8 over 322 frames.
COM043_Pa043_032 ระงับ ประการ ข่าย และ กับ เสมหะ 
LOG (lattice-best-path[5.5.1009~1-e4940]:main():lattice-best-path.cc:99) For utterance COM043_Pa043_033, best cost 768.797 + 42370.6 = 43139.4 over 431 frames.
COM043_Pa043_033 คง เป็น รอย คิด ฝน การ พบ อยู่ กับ บาน เหลว 
LOG (lattice-best-path[5.5.1009~1-e4940]:main():lattice-best-path.cc:99) For utterance COM043_Pa043_034, best cost 487.823 + 27758.9 = 28246.7 over 287 frames.
COM043_Pa043_034 และ เกิด ก๊าซ ที่ ตลาด ดึง ง่าย 
LOG (lattice-best-path[5.5.1009~1-e4940]:main():lattice-best-path.cc:99) For utterance COM043_Pa043_035, best cost 447.369 + 41630 = 42077.4 over 425 frames.
COM043_Pa043_035 1 โครงการ เทคโนโลยี ระบบ ใช้ 
LOG (lattice-best-path[5.5.1009~1-e4940]:main():lattice-best-path.cc:99) For utterance COM044_Pa044_029, best cost 1084.38 + 51569.4 = 52653.7 over 551 frames.
COM044_Pa044_029 และ แถบ หรือ จาน แม่เหล็ก ที่ มา ชัก เครื่อง ทุก ข้อมูล แบบ ต่างๆ ก็ มี จำนวน มาก 
LOG (lattice-best-path[5.5.1009~1-e4940]:main():lattice-best-path.cc:99) For utterance COM044_Pa044_030, best cost 432.764 + 17572.4 = 18005.1 over 180 frames.
COM044_Pa044_030 เปราะ มี อายุ ฝน ตก หนัก 
LOG (lattice-best-path[5.5.1009~1-e4940]:main():lattice-best-path.cc:99) For utterance COM044_Pa044_031, best cost 885.967 + 50778.1 = 51664.1 over 545 frames.
COM044_Pa044_031 บล๊อค ชัก นั้น ดัง ตำรวจ โต๊ะ การ ที่ ยา ประกอบ กัน เป็น เครื่องยา 
LOG (lattice-best-path[5.5.1009~1-e4940]:main():lattice-best-path.cc:99) For utterance COM044_Pa044_032, best cost 905.405 + 46893.1 = 47798.5 over 487 frames.
COM044_Pa044_032 ให้ นำเอา ขมิ้น ที่ ขูด เอา เนื้อ ขมิ้น ถ้า บทเรียน ที่ ถูก ก๊าซ 
LOG (lattice-best-path[5.5.1009~1-e4940]:main():lattice-best-path.cc:99) For utterance COM044_Pa044_033, best cost 342.503 + 20717.3 = 21059.8 over 227 frames.
COM044_Pa044_033 กลบ ลงมา การ ข้อพระหัตถ์ 
LOG (lattice-best-path[5.5.1009~1-e4940]:main():lattice-best-path.cc:99) For utterance COM044_Pa044_034, best cost 215.194 + 27224.8 = 27440 over 283 frames.
COM044_Pa044_034 สถาบันเทคโนโลยีพระจอมเกล้าลาดกระบัง 
LOG (lattice-best-path[5.5.1009~1-e4940]:main():lattice-best-path.cc:99) For utterance COM044_Pa044_035, best cost 559.413 + 40378.7 = 40938.1 over 441 frames.
COM044_Pa044_035 2 โครงการ ออกแบบ วงจรรวม ขนาด ใหญ่ มาก 
LOG (lattice-best-path[5.5.1009~1-e4940]:main():lattice-best-path.cc:99) For utterance COM046_Pa046_029, best cost 740.379 + 52864.8 = 53605.2 over 560 frames.
COM046_Pa046_029 ดู เชื่อม สถานี ป้อน ข้อมูล หลายๆ สถานี เขา ด้วย การ 
LOG (lattice-best-path[5.5.1009~1-e4940]:main():lattice-best-path.cc:99) For utterance COM046_Pa046_030, best cost 630.223 + 49546.2 = 50176.4 over 529 frames.
COM046_Pa046_030 เพื่อ ถ่ายเท ควันไฟ ออก จาก เรือนครัว ได้ สะดวก 
LOG (lattice-best-path[5.5.1009~1-e4940]:main():lattice-best-path.cc:99) For utterance COM046_Pa046_031, best cost 965.72 + 69731.9 = 70697.6 over 761 frames.
COM046_Pa046_031 เพราะ เรา มี สมุนไพร หลาย ชนิด ที่ มี วิธีการ พุ่ง ใน ง่าย ไม่ ซับซ้อน 
LOG (lattice-best-path[5.5.1009~1-e4940]:main():lattice-best-path.cc:99) For utterance COM046_Pa046_032, best cost 658.546 + 48001 = 48659.5 over 527 frames.
COM046_Pa046_032 เพื่อ รักษา อาการ ของ หรือ เฟ้อ อาหาร ไม่ รอย 
LOG (lattice-best-path[5.5.1009~1-e4940]:main():lattice-best-path.cc:99) For utterance COM046_Pa046_033, best cost 984.426 + 73637.1 = 74621.5 over 804 frames.
COM046_Pa046_033 นม มน เหล่า เจ้าชู้ ลูกผู้ดี เห็น ชัดเจน รูป งาม ตาม เป็น พรวน 
LOG (lattice-best-path[5.5.1009~1-e4940]:main():lattice-best-path.cc:99) For utterance COM046_Pa046_034, best cost 382.698 + 31803.8 = 32186.5 over 356 frames.
COM046_Pa046_034 นก ที่ โค้ง เตชะดำรงสิน 
LOG (lattice-best-path[5.5.1009~1-e4940]:main():lattice-best-path.cc:99) For utterance COM046_Pa046_035, best cost 561.847 + 53328.2 = 53890.1 over 576 frames.
COM046_Pa046_035 เสีย โครงการ คอมพิวเตอร์ อิเล็กทรอนิกส์ ทาง การแพทย์ 
LOG (lattice-best-path[5.5.1009~1-e4940]:main():lattice-best-path.cc:99) For utterance COM047_Pa047_029, best cost 1182.29 + 81663.9 = 82846.2 over 865 frames.
COM047_Pa047_029 ส่วน การ จะ ดำ กับ ต้อง หลัง ใน การ บันทึก แถบ ที่ จาน แม่เหล็ก นั้น ควบคุม ด้วย ใช้ 
LOG (lattice-best-path[5.5.1009~1-e4940]:main():lattice-best-path.cc:99) For utterance COM047_Pa047_030, best cost 467.733 + 35357.1 = 35824.9 over 380 frames.
COM047_Pa047_030 ฤดูหนาว หนาว กว่า ภาคกลาง มาก 
LOG (lattice-best-path[5.5.1009~1-e4940]:main():lattice-best-path.cc:99) For utterance COM047_Pa047_031, best cost 1094.54 + 77955.1 = 79049.7 over 827 frames.
COM047_Pa047_031 เช่น จะ ได้ ว่า สมุนไพร สามารถ ช่วย รักษา โรค และ อาการ เจ็บป่วย เล็กๆน้อยๆ ดื้อยา อย่าง 
LOG (lattice-best-path[5.5.1009~1-e4940]:main():lattice-best-path.cc:99) For utterance COM047_Pa047_032, best cost 420.058 + 24526.8 = 24946.9 over 266 frames.
COM047_Pa047_032 ทิ้ง ค้างคืน ไม่ 1 คืน 
LOG (lattice-best-path[5.5.1009~1-e4940]:main():lattice-best-path.cc:99) For utterance COM047_Pa047_033, best cost 548.409 + 46369.6 = 46918 over 497 frames.
COM047_Pa047_033 เครื่องแบบ เก่า ทำให้ เสีย พระเกียรติยศ ด้วย 
LOG (lattice-best-path[5.5.1009~1-e4940]:main():lattice-best-path.cc:99) For utterance COM047_Pa047_034, best cost 1719.02 + 111790 = 113509 over 1215 frames.
COM047_Pa047_034 ใน เกาะ นี้ ที่ ลูกค้า จะ ย้าย ตก สามารถ ที่ จะ ทำ ได้ โดย การ ใส่ เล็ก ที่ โต๊ะ เดิม และ เล็ก ที่ ตก ใน บน จอภาพ 
LOG (lattice-best-path[5.5.1009~1-e4940]:main():lattice-best-path.cc:99) For utterance COM047_Pa047_035, best cost 639.206 + 63095.8 = 63735 over 670 frames.
COM047_Pa047_035 เฮิรทซ์ โครงการ การ พัฒนา วงจรอิเล็กทรอนิกส์ เพื่อ อุตสาหกรรม 
LOG (lattice-best-path[5.5.1009~1-e4940]:main():lattice-best-path.cc:124) Overall cost per frame is 92.5597 = 1.2594 [graph] + 91.3003 [acoustic] over 104898 frames.
LOG (lattice-best-path[5.5.1009~1-e4940]:main():lattice-best-path.cc:128) Done 168 lattices, failed for 0
# Accounting: time=0 threads=1
# Ended (code 0) at Thu Mar 17 09:39:47 UTC 2022, elapsed time 0 seconds
