# lattice-best-path --lm-scale=11 --word-symbol-table=exp/mono/graph/words.txt "ark:gunzip -c exp/mono/decode/lat.*.gz|" ark,t:exp/mono/decode/scoring/11.tra 
# Started at Thu Mar 17 09:39:47 UTC 2022
#
lattice-best-path --lm-scale=11 --word-symbol-table=exp/mono/graph/words.txt 'ark:gunzip -c exp/mono/decode/lat.*.gz|' ark,t:exp/mono/decode/scoring/11.tra 
LOG (lattice-best-path[5.5.1009~1-e4940]:main():lattice-best-path.cc:99) For utterance COF001_Pa001_029, best cost 793.728 + 32616.2 = 33410 over 343 frames.
COF001_Pa001_029 ดำ แม่เหล็ก เป็น วัตถุ รูป ทรงกระบอก 
LOG (lattice-best-path[5.5.1009~1-e4940]:main():lattice-best-path.cc:99) For utterance COF001_Pa001_030, best cost 1279.07 + 53812.6 = 55091.7 over 563 frames.
COF001_Pa001_030 และ สามารถ ฐานข้อมูล จาก เช็ค ที่ มี รอยพับ และ เปรอะเปื้อน ได้ ด้วย 
LOG (lattice-best-path[5.5.1009~1-e4940]:main():lattice-best-path.cc:99) For utterance COF001_Pa001_031, best cost 799.047 + 31190.6 = 31989.6 over 340 frames.
COF001_Pa001_031 การ ทำ ด้วย ใน สาร กันสาด ทราบ 
LOG (lattice-best-path[5.5.1009~1-e4940]:main():lattice-best-path.cc:99) For utterance COF001_Pa001_032, best cost 1635.22 + 74036.4 = 75671.6 over 817 frames.
COF001_Pa001_032 ใน ตำรับ ยา นอกจาก พืชสมุนไพร ตาม ยัง อาจ ประกอบด้วย สัตว์ และ แร่ธาตุ อีกด้วย 
LOG (lattice-best-path[5.5.1009~1-e4940]:main():lattice-best-path.cc:99) For utterance COF001_Pa001_033, best cost 1546.73 + 61234.3 = 62781 over 680 frames.
COF001_Pa001_033 ให้ ถ้า ชาว หลาย เย็น หลัง อาบน้ำ ทุกวัน ติดตั้ง ประมาณ 2 สัปดาห์ 
LOG (lattice-best-path[5.5.1009~1-e4940]:main():lattice-best-path.cc:99) For utterance COF001_Pa001_034, best cost 756.003 + 25477.4 = 26233.4 over 287 frames.
COF001_Pa001_034 ใส่ เสื้อ เปิด ขอ แบบ ฝรั่ง 
LOG (lattice-best-path[5.5.1009~1-e4940]:main():lattice-best-path.cc:99) For utterance COF001_Pa001_035, best cost 818.872 + 52948.5 = 53767.3 over 590 frames.
COF001_Pa001_035 2.1.5 ระบบ จัดการ ต่อ ประกอบด้วย 
LOG (lattice-best-path[5.5.1009~1-e4940]:main():lattice-best-path.cc:99) For utterance COF002_Pa002_029, best cost 1039.66 + 44525.9 = 45565.6 over 494 frames.
COF002_Pa002_029 แต่ ภายใน มี ใส่ ไฟฟ้า ต่อ เขา เครื่อง ใช้ 
LOG (lattice-best-path[5.5.1009~1-e4940]:main():lattice-best-path.cc:99) For utterance COF002_Pa002_030, best cost 723.46 + 29491.5 = 30214.9 over 331 frames.
COF002_Pa002_030 ต่อ เสียชีวิต ไป ยัง และ เสียดาย 
LOG (lattice-best-path[5.5.1009~1-e4940]:main():lattice-best-path.cc:99) For utterance COF002_Pa002_031, best cost 509.058 + 21451.7 = 21960.8 over 248 frames.
COF002_Pa002_031 มี ประตู 1 บาน 
LOG (lattice-best-path[5.5.1009~1-e4940]:main():lattice-best-path.cc:99) For utterance COF002_Pa002_032, best cost 1238.66 + 61333.7 = 62572.4 over 642 frames.
COF002_Pa002_032 ซึ่ง มี ปรากฏ อยู่ ใน ตำรา ยาแผนโบราณ ที่ รัฐมนตรี ประกาศ 
LOG (lattice-best-path[5.5.1009~1-e4940]:main():lattice-best-path.cc:99) For utterance COF002_Pa002_033, best cost 537.689 + 26046.2 = 26583.9 over 286 frames.
COF002_Pa002_033 ก๊าซ การ ท้องอืด ท้องเฟ้อ 
LOG (lattice-best-path[5.5.1009~1-e4940]:main():lattice-best-path.cc:99) For utterance COF002_Pa002_034, best cost 554.058 + 27592.2 = 28146.3 over 299 frames.
COF002_Pa002_034 ต่อมา ได้ แก้ไข ปรับปรุง 
LOG (lattice-best-path[5.5.1009~1-e4940]:main():lattice-best-path.cc:99) For utterance COF002_Pa002_035, best cost 2769.49 + 119346 = 122115 over 1280 frames.
COF002_Pa002_035 อย่างไรก็ตาม ถ้า จะ นำ ไป ใช้งาน กับ ร้านอาหาร ขนาด ย้าย ที่ มี ลูกค้า มาก จำนวน ตก ตั้งแต่ 50 ตก ขึ้นไป อาจ ทำงาน มี ผ่าน 
LOG (lattice-best-path[5.5.1009~1-e4940]:main():lattice-best-path.cc:99) For utterance COF004_Pa004_029, best cost 2059.59 + 86063.4 = 88123 over 923 frames.
COF004_Pa004_029 อัตรา เหลว ของ การ ทิ้ง ข้อมูล เท่า จาก การ อยู่ กับ ความ สามารถ ของ พนักงาน ที่ ทำการ ทิ้ง ดิบ 
LOG (lattice-best-path[5.5.1009~1-e4940]:main():lattice-best-path.cc:99) For utterance COF004_Pa004_030, best cost 645.814 + 28422.2 = 29068 over 321 frames.
COF004_Pa004_030 เพื่อ มี หาย ลุกลาม ต่อไป 
LOG (lattice-best-path[5.5.1009~1-e4940]:main():lattice-best-path.cc:99) For utterance COF004_Pa004_031, best cost 802.765 + 39857.4 = 40660.2 over 446 frames.
COF004_Pa004_031 เนื่องจาก การ ตก เป็น เครื่องมือ จัดการ 
LOG (lattice-best-path[5.5.1009~1-e4940]:main():lattice-best-path.cc:99) For utterance COF004_Pa004_032, best cost 1152.96 + 67882.7 = 69035.7 over 755 frames.
COF004_Pa004_032 การ เหง้าว่านน้ำ รากเจตมูลเพลิง ราก แถบ แต่ และ รากนมสวรรค์ 
LOG (lattice-best-path[5.5.1009~1-e4940]:main():lattice-best-path.cc:99) For utterance COF004_Pa004_033, best cost 936.013 + 37106.4 = 38042.4 over 415 frames.
COF004_Pa004_033 จาก ทำ แผล ให้ สนิท เป็น เดือย เดียวกัน 
LOG (lattice-best-path[5.5.1009~1-e4940]:main():lattice-best-path.cc:99) For utterance COF004_Pa004_034, best cost 737.106 + 33665.4 = 34402.5 over 384 frames.
COF004_Pa004_034 ลง เที่ยว ของ ถ่ายเท เพทุบาย 
LOG (lattice-best-path[5.5.1009~1-e4940]:main():lattice-best-path.cc:99) For utterance COF004_Pa004_035, best cost 814.749 + 34006.5 = 34821.3 over 389 frames.
COF004_Pa004_035 แต่ ภาพ เป็น การ ถ่ายเท ครั้งละ แต่ 
LOG (lattice-best-path[5.5.1009~1-e4940]:main():lattice-best-path.cc:99) For utterance COF005_Pa005_029, best cost 1558.72 + 67522.3 = 69081 over 694 frames.
COF005_Pa005_029 แต่ การ แสดงผล จะ การ อยู่ กับ ออกแบบ อุปกรณ์ ต่างๆ ที่ การ กับ เครื่อง ที่ มี 
LOG (lattice-best-path[5.5.1009~1-e4940]:main():lattice-best-path.cc:99) For utterance COF005_Pa005_030, best cost 1141.56 + 48825.9 = 49967.5 over 510 frames.
COF005_Pa005_030 และ จะ สูญเสีย ความ รู้สึก ใน ส่วน ที่ เป็น อัมพาต ด้วย 
LOG (lattice-best-path[5.5.1009~1-e4940]:main():lattice-best-path.cc:99) For utterance COF005_Pa005_031, best cost 1072.15 + 41957.2 = 43029.3 over 437 frames.
COF005_Pa005_031 ไป หน้าที่ ไทย น้ำหนัก จาก เสา ลง สูง หัวอ่าน 
LOG (lattice-best-path[5.5.1009~1-e4940]:main():lattice-best-path.cc:99) For utterance COF005_Pa005_032, best cost 658.718 + 35542.2 = 36201 over 387 frames.
COF005_Pa005_032 นอกจากนี้ ยังมี มาตรา โบราณ 
LOG (lattice-best-path[5.5.1009~1-e4940]:main():lattice-best-path.cc:99) For utterance COF005_Pa005_033, best cost 1196.86 + 40965.4 = 42162.3 over 430 frames.
COF005_Pa005_033 แล้ว โขลก ให้ พอ แหลก ใส่ ลง ใน นำ 1 แก้ว 
LOG (lattice-best-path[5.5.1009~1-e4940]:main():lattice-best-path.cc:99) For utterance COF005_Pa005_034, best cost 856.573 + 32709.1 = 33565.7 over 343 frames.
COF005_Pa005_034 สายสร้อย ใส่ 1 ก็ การ สลึง เฟื้อง 
LOG (lattice-best-path[5.5.1009~1-e4940]:main():lattice-best-path.cc:99) For utterance COF005_Pa005_035, best cost 878.079 + 44147.4 = 45025.5 over 454 frames.
COF005_Pa005_035 เครื่องต้นแบบ เครื่อง ที่ 1 มี บล๊อค ไดอะแกรม 
LOG (lattice-best-path[5.5.1009~1-e4940]:main():lattice-best-path.cc:99) For utterance COF007_Pa007_029, best cost 679.362 + 41111.6 = 41791 over 466 frames.
COF007_Pa007_029 คือ การ กงล้อ ที่ มี ตัวอักษร 
LOG (lattice-best-path[5.5.1009~1-e4940]:main():lattice-best-path.cc:99) For utterance COF007_Pa007_030, best cost 2791.76 + 122100 = 124892 over 1351 frames.
COF007_Pa007_030 และ พบว่า ควร นม นก ผสม ข้าว ดำ ศูนย์สูตร ไอซี เขียน กับ ขูด พื้นเมือง เป็น ควร นุ่ง รูป ผสม ที่ ให้ นม ที่ ที่สุด 
LOG (lattice-best-path[5.5.1009~1-e4940]:main():lattice-best-path.cc:99) For utterance COF007_Pa007_031, best cost 1387.1 + 63805.5 = 65192.6 over 709 frames.
COF007_Pa007_031 โดย เจาะ ทัน คือ เป็น รูป กว้างขวาง หัวเทียน พอ สวม เขา ได้ 
LOG (lattice-best-path[5.5.1009~1-e4940]:main():lattice-best-path.cc:99) For utterance COF007_Pa007_032, best cost 684.938 + 38322.4 = 39007.3 over 432 frames.
COF007_Pa007_032 ปกติ การ สมุนไพร เห็น ชง 
LOG (lattice-best-path[5.5.1009~1-e4940]:main():lattice-best-path.cc:99) For utterance COF007_Pa007_033, best cost 768.3 + 36016.7 = 36785 over 408 frames.
COF007_Pa007_033 จาก ช่วย หาย ให้ เคล็ด ขัดยอก 
LOG (lattice-best-path[5.5.1009~1-e4940]:main():lattice-best-path.cc:99) For utterance COF007_Pa007_034, best cost 1277.41 + 53636.3 = 54913.7 over 610 frames.
COF007_Pa007_034 แต่ จะ สวม อยู่ การ ไป อยู่ 6 หรือ 7 ขวบ เท่านั้น 
LOG (lattice-best-path[5.5.1009~1-e4940]:main():lattice-best-path.cc:99) For utterance COF007_Pa007_035, best cost 589.739 + 46432.2 = 47021.9 over 538 frames.
COF007_Pa007_035 ดร. กฤษณพงศ์ กีรติกร 
LOG (lattice-best-path[5.5.1009~1-e4940]:main():lattice-best-path.cc:99) For utterance COF008_Pa008_029, best cost 947.106 + 37939.7 = 38886.8 over 405 frames.
COF008_Pa008_029 โดย ทำให้ การ มือ นี้ ประจุ ไฟฟ้า โลก 
LOG (lattice-best-path[5.5.1009~1-e4940]:main():lattice-best-path.cc:99) For utterance COF008_Pa008_030, best cost 684.757 + 42722.9 = 43407.7 over 461 frames.
COF008_Pa008_030 1.3 กระบืองาน หรือ กระบือปลัก 
LOG (lattice-best-path[5.5.1009~1-e4940]:main():lattice-best-path.cc:99) For utterance COF008_Pa008_031, best cost 609.058 + 29824.2 = 30433.3 over 306 frames.
COF008_Pa008_031 และ การ กับ ดั้งแขวน เท่านั้น 
LOG (lattice-best-path[5.5.1009~1-e4940]:main():lattice-best-path.cc:99) For utterance COF008_Pa008_032, best cost 829.105 + 30809.4 = 31638.5 over 323 frames.
COF008_Pa008_032 ก็ อาจ เสื่อม เร็ว ขวา กำหนด ได้ 
LOG (lattice-best-path[5.5.1009~1-e4940]:main():lattice-best-path.cc:99) For utterance COF008_Pa008_033, best cost 833.01 + 29869 = 30702 over 330 frames.
COF008_Pa008_033 แล้ว กลืน ทั้ง น้ำ และ นี้ ขยาย 
LOG (lattice-best-path[5.5.1009~1-e4940]:main():lattice-best-path.cc:99) For utterance COF008_Pa008_034, best cost 713.106 + 26930.2 = 27643.3 over 293 frames.
COF008_Pa008_034 จาก ถ้า อิเล็กตรอน 1 ตัว ว่า 
LOG (lattice-best-path[5.5.1009~1-e4940]:main():lattice-best-path.cc:99) For utterance COF008_Pa008_035, best cost 1560.71 + 81952.7 = 83513.4 over 897 frames.
COF008_Pa008_035 ซึ่ง โปรแกรม จะ ทำ หน้าที่ เลียนแบบ เหมือน วงจร ให้ ตัวตั้งเวลา และ ตัวนับ 
LOG (lattice-best-path[5.5.1009~1-e4940]:main():lattice-best-path.cc:99) For utterance COF009_Pa009_029, best cost 1625.68 + 75805.5 = 77431.1 over 768 frames.
COF009_Pa009_029 เมื่อ จึง สัญญาณ ทำ จะ ผู้ ออกมา การ ดัน ตัวอักษร ตาม รหัส ของ ข้อมูล ต่างๆ 
LOG (lattice-best-path[5.5.1009~1-e4940]:main():lattice-best-path.cc:99) For utterance COF009_Pa009_030, best cost 730.856 + 27112.7 = 27843.6 over 282 frames.
COF009_Pa009_030 เฉลี่ย คอก ราศี พบ ตัว ว่า 
LOG (lattice-best-path[5.5.1009~1-e4940]:main():lattice-best-path.cc:99) For utterance COF009_Pa009_031, best cost 927.59 + 42161.1 = 43088.7 over 449 frames.
COF009_Pa009_031 ยาว รอบ การ ทาง ทำ หน้าที่ รับ ตะพานหนู 
LOG (lattice-best-path[5.5.1009~1-e4940]:main():lattice-best-path.cc:99) For utterance COF009_Pa009_032, best cost 921.884 + 43087.4 = 44009.3 over 456 frames.
COF009_Pa009_032 ประชาชน ยัง ขาด ความรู้ ความเข้าใจ เรื่อง ยา 
LOG (lattice-best-path[5.5.1009~1-e4940]:main():lattice-best-path.cc:99) For utterance COF009_Pa009_033, best cost 1194.5 + 51025.6 = 52220.1 over 532 frames.
COF009_Pa009_033 การ วุ้น แปะ ภายใน ปาก หรือ แพทย์ ที่ ริมฝีปาก บ่อยๆ 
LOG (lattice-best-path[5.5.1009~1-e4940]:main():lattice-best-path.cc:99) For utterance COF009_Pa009_034, best cost 750.636 + 32527.3 = 33277.9 over 361 frames.
COF009_Pa009_034 จน ดุ เหมือนว่า โฮล กระดาษ ได้ 
LOG (lattice-best-path[5.5.1009~1-e4940]:main():lattice-best-path.cc:99) For utterance COF009_Pa009_035, best cost 1704.42 + 65378.4 = 67082.8 over 675 frames.
COF009_Pa009_035 การ ทำงาน ด้วย สอบ มา ซึ่ง มี มี ตรวจ ต้น นี้ จึง มี มี การ กระดาษ ทาง ควร 
LOG (lattice-best-path[5.5.1009~1-e4940]:main():lattice-best-path.cc:99) For utterance COF011_Pa011_029, best cost 963.007 + 41422.2 = 42385.2 over 441 frames.
COF011_Pa011_029 ตัวอักษร นั้น จะ ปรากฏ เขื่อน บน บน โทรทัศน์ 
LOG (lattice-best-path[5.5.1009~1-e4940]:main():lattice-best-path.cc:99) For utterance COF011_Pa011_030, best cost 1943.93 + 138551 = 140495 over 1576 frames.
COF011_Pa011_030 ประกอบด้วย โพแทสเซียม แคลเซียม โซเดียม แมกนีเซียม ฟอสฟอรัส คลอไรด์ ซิเทรต เล็ก ทองแดง และ ไอโอดีน 
LOG (lattice-best-path[5.5.1009~1-e4940]:main():lattice-best-path.cc:99) For utterance COF011_Pa011_031, best cost 803.664 + 36052.5 = 36856.2 over 391 frames.
COF011_Pa011_031 การ ช่วย รับ ส่วน ยื่น ของ กระเบื้อง 
LOG (lattice-best-path[5.5.1009~1-e4940]:main():lattice-best-path.cc:99) For utterance COF011_Pa011_032, best cost 696.722 + 34419.6 = 35116.3 over 377 frames.
COF011_Pa011_032 และ จาก การ ที่ มี คู่แข่งขัน มาก 
LOG (lattice-best-path[5.5.1009~1-e4940]:main():lattice-best-path.cc:99) For utterance COF011_Pa011_033, best cost 601.861 + 27199.7 = 27801.6 over 295 frames.
COF011_Pa011_033 ภาค ขม ขนาด มี ราศี 
LOG (lattice-best-path[5.5.1009~1-e4940]:main():lattice-best-path.cc:99) For utterance COF011_Pa011_034, best cost 791.045 + 52917.4 = 53708.4 over 615 frames.
COF011_Pa011_034 2 ต่อ ทรานซิสเตอร์ การ ประโยชน์ หน่วยงาน 
LOG (lattice-best-path[5.5.1009~1-e4940]:main():lattice-best-path.cc:99) For utterance COF011_Pa011_035, best cost 1003.07 + 53607.9 = 54610.9 over 601 frames.
COF011_Pa011_035 ผู้ใช้ จะ ต้อง เคี่ยว โปรแกรม ผู้ใช้ ทิ้ง ก่อน 
LOG (lattice-best-path[5.5.1009~1-e4940]:main():lattice-best-path.cc:99) For utterance COF014_Pa014_029, best cost 1111.37 + 56134.6 = 57245.9 over 641 frames.
COF014_Pa014_029 ก็ สามารถ เรียก ออกมา แสดง บน บน โทรทัศน์ ได้ 
LOG (lattice-best-path[5.5.1009~1-e4940]:main():lattice-best-path.cc:99) For utterance COF014_Pa014_030, best cost 852.915 + 44306 = 45158.9 over 483 frames.
COF014_Pa014_030 เคลือบ ด้วย วัสดุ ต่างๆ การ 7 ผ่าน 
LOG (lattice-best-path[5.5.1009~1-e4940]:main():lattice-best-path.cc:99) For utterance COF014_Pa014_031, best cost 742.195 + 38598.9 = 39341.1 over 442 frames.
COF014_Pa014_031 หน้าจั่ว ที่ นิยม ทำ มี ดังนี้ 
LOG (lattice-best-path[5.5.1009~1-e4940]:main():lattice-best-path.cc:99) For utterance COF014_Pa014_032, best cost 1091.13 + 81077 = 82168.1 over 896 frames.
COF014_Pa014_032 เมื่อ พิจารณา ปลา การ ของ สมุนไพร ใน ประเทศที่พัฒนาแล้ว 
LOG (lattice-best-path[5.5.1009~1-e4940]:main():lattice-best-path.cc:99) For utterance COF014_Pa014_033, best cost 800.83 + 41674.8 = 42475.6 over 454 frames.
COF014_Pa014_033 จึง นิยม ภาค จาก ยุโรป อีกด้วย 
LOG (lattice-best-path[5.5.1009~1-e4940]:main():lattice-best-path.cc:99) For utterance COF014_Pa014_034, best cost 879.658 + 49816.3 = 50696 over 566 frames.
COF014_Pa014_034 กล่าวคือ เครื่อง แสง เลเซอร์ มี ความ พร้อมเพรียง 
LOG (lattice-best-path[5.5.1009~1-e4940]:main():lattice-best-path.cc:99) For utterance COF014_Pa014_035, best cost 3258.34 + 213942 = 217200 over 2428 frames.
COF014_Pa014_035 นอกจากนี้ ยังมี นักศึกษา ที่ ได้ ช่วย สร้าง และ ทดสอบ วงจร คือ จิระศักดิ์ ตันปรียชญา ที่ ปิด นำ 7 กัน หนัก ลม และ กิติพจน์ สิทธิเลิศพิศาล 
LOG (lattice-best-path[5.5.1009~1-e4940]:main():lattice-best-path.cc:99) For utterance COF017_Pa017_029, best cost 2006.58 + 87075.9 = 89082.5 over 958 frames.
COF017_Pa017_029 อย่างไรก็ตาม มี ปัจจุบัน มี เพื่อ รับส่ง แบบ จะ โทรทัศน์ บาง แบบ สามารถ ที่ มี ข่าวสาร ใน ดุ ได้ ด้วย 
LOG (lattice-best-path[5.5.1009~1-e4940]:main():lattice-best-path.cc:99) For utterance COF017_Pa017_030, best cost 867.577 + 35391.5 = 36259.1 over 378 frames.
COF017_Pa017_030 และ ไป เป็น แกน การ ตัว แบบ การ ทั้ง 
LOG (lattice-best-path[5.5.1009~1-e4940]:main():lattice-best-path.cc:99) For utterance COF017_Pa017_031, best cost 1707.6 + 72804.8 = 74512.4 over 777 frames.
COF017_Pa017_031 และ เศษ ตาม ลักษณะ ของ รูปร่าง เช่น กระเบื้อง แห้ง มอง กระเบื้อง หาง ตัด กระเบื้อง ของ 
LOG (lattice-best-path[5.5.1009~1-e4940]:main():lattice-best-path.cc:99) For utterance COF017_Pa017_032, best cost 1526.45 + 75280.7 = 76807.2 over 818 frames.
COF017_Pa017_032 เนื่องจาก กว่า ความ เป็น ที่ แหลม จาน ยา และ และ ตกค้าง กระบวนการ และ 
LOG (lattice-best-path[5.5.1009~1-e4940]:main():lattice-best-path.cc:99) For utterance COF017_Pa017_033, best cost 991.788 + 43804.7 = 44796.4 over 481 frames.
COF017_Pa017_033 ใส่ เสื้อ ผู้ ขึ้น กรองคอ กรองสังเวียน กรองสมรด 
LOG (lattice-best-path[5.5.1009~1-e4940]:main():lattice-best-path.cc:99) For utterance COF017_Pa017_034, best cost 733.442 + 32877.3 = 33610.8 over 372 frames.
COF017_Pa017_034 เมื่อ สายตา เป็น ปวด การ เลเซอร์ 
LOG (lattice-best-path[5.5.1009~1-e4940]:main():lattice-best-path.cc:99) For utterance COF017_Pa017_035, best cost 947.596 + 49273.8 = 50221.4 over 522 frames.
COF017_Pa017_035 โลก ที่ 3 เส้นกราฟ อุณหภูมิ ของ เตาเอพิแทกซี 
LOG (lattice-best-path[5.5.1009~1-e4940]:main():lattice-best-path.cc:99) For utterance COF020_Pa020_029, best cost 1108.68 + 56046.3 = 57155 over 636 frames.
COF020_Pa020_029 เมื่อ เปรียบเทียบ กับ อัตรา ถ่ายทอด ข้อมูล ของ เครื่อง ใช้ 
LOG (lattice-best-path[5.5.1009~1-e4940]:main():lattice-best-path.cc:99) For utterance COF020_Pa020_030, best cost 2728.96 + 140427 = 143156 over 1605 frames.
COF020_Pa020_030 พระราชทาน ให้ การ เป็น นักวิชาการ และ เทคนิค ใน การ ปฏิบัติการ ฝน หลวง ใน พ.ศ. 2516 เป็นต้นมา จน ตาก เท่า ทุกวัน นี้ 
LOG (lattice-best-path[5.5.1009~1-e4940]:main():lattice-best-path.cc:99) For utterance COF020_Pa020_031, best cost 1056.93 + 46019.6 = 47076.5 over 515 frames.
COF020_Pa020_031 ทาง ด้วย กระเบื้อง การ กระเบื้อง ขอบ เป็น ส่วน ปิด 
LOG (lattice-best-path[5.5.1009~1-e4940]:main():lattice-best-path.cc:99) For utterance COF020_Pa020_032, best cost 851.585 + 36834.2 = 37685.8 over 419 frames.
COF020_Pa020_032 การ ที่ จาก พัฒนา นำ ใช้ ไม่ อีกครั้ง 
LOG (lattice-best-path[5.5.1009~1-e4940]:main():lattice-best-path.cc:99) For utterance COF020_Pa020_033, best cost 1317.12 + 70013.7 = 71330.8 over 799 frames.
COF020_Pa020_033 การ เป็น ทาง ผ่าน หนู ผ้าเช็ดตัว ว่า ผ้าเคียนพุง และ ผ้าพาดไหล่ 
LOG (lattice-best-path[5.5.1009~1-e4940]:main():lattice-best-path.cc:99) For utterance COF020_Pa020_034, best cost 1455.48 + 72627.1 = 74082.6 over 851 frames.
COF020_Pa020_034 เลเซอร์ ทำ ขึ้น จาก ของ แผน ก๊าซ ของเหลว และ สาร การ ตัวนำ 
LOG (lattice-best-path[5.5.1009~1-e4940]:main():lattice-best-path.cc:99) For utterance COF020_Pa020_035, best cost 2276.52 + 92124.5 = 94401.1 over 1046 frames.
COF020_Pa020_035 จาก การ ทดลอง พบว่า โครงสร้าง ของ สาร ตัวนำ นี้ มี อยู่ ที่ ที่ เปลี่ยน ได้ อยู่ ใน ระบบ ออก ทดลอง ดิบ 
LOG (lattice-best-path[5.5.1009~1-e4940]:main():lattice-best-path.cc:99) For utterance COF024_Pa024_029, best cost 2171.69 + 92240.4 = 94412.1 over 1016 frames.
COF024_Pa024_029 ใน การ เพียง เส้นกราฟ เครื่อง จับ คอมพิวเตอร์ สัญญาณ ซึ่ง ตัวเลข แสดง รับ จาก เครื่อง ใช้ ให้ เป็น สัญญาณ ซึ่ง อุปมาน 
LOG (lattice-best-path[5.5.1009~1-e4940]:main():lattice-best-path.cc:99) For utterance COF024_Pa024_030, best cost 871.356 + 34063 = 34934.4 over 381 frames.
COF024_Pa024_030 ซึ่ง รายงาน ว่า มี ฝน ตก เวลา ได้ 
LOG (lattice-best-path[5.5.1009~1-e4940]:main():lattice-best-path.cc:99) For utterance COF024_Pa024_031, best cost 1491.23 + 54975.3 = 56466.6 over 588 frames.
COF024_Pa024_031 มี ประโยชน์ เพื่อ เป็น ที่ ให้ ย่อม พัด ผ่าน จาก ใต้ถุน ขึ้น บน เรียน 
LOG (lattice-best-path[5.5.1009~1-e4940]:main():lattice-best-path.cc:99) For utterance COF024_Pa024_032, best cost 594.638 + 41225.5 = 41820.2 over 460 frames.
COF024_Pa024_032 2.2 อุตสาหกรรม ยาแผนปัจจุบัน 
LOG (lattice-best-path[5.5.1009~1-e4940]:main():lattice-best-path.cc:99) For utterance COF024_Pa024_033, best cost 2821.84 + 119749 = 122570 over 1282 frames.
COF024_Pa024_033 ศิลาจารึก ที่ มี เป็น หลักฐาน เอกสาร โบราณ ที่ บ่งบอก การ วัฒนธรรม ทาง ด้าน การ การ โรค อักษร ที่ ปรากฏ บน พื้นฐาน ดิน ไทย ทั้ง แรก 
LOG (lattice-best-path[5.5.1009~1-e4940]:main():lattice-best-path.cc:99) For utterance COF024_Pa024_034, best cost 1069.9 + 49390.4 = 50460.3 over 543 frames.
COF024_Pa024_034 แต่ สิ้นเปลือง ค่าใช้จ่าย กับ กระดาษ เป็น ด้วย ไม่ จำเป็น 
LOG (lattice-best-path[5.5.1009~1-e4940]:main():lattice-best-path.cc:99) For utterance COF024_Pa024_035, best cost 1708.29 + 75890.4 = 77598.7 over 802 frames.
COF024_Pa024_035 นอกจากนี้ โครงสร้าง ของ คีย์บอร์ด ยัง เป็น โครงสร้าง พื้นฐาน ของ โหมด เก็บ กำลัง ทดสอบ ไป 
LOG (lattice-best-path[5.5.1009~1-e4940]:main():lattice-best-path.cc:99) For utterance COM025_Pa025_029, best cost 1350.54 + 54219.6 = 55570.2 over 584 frames.
COM025_Pa025_029 เพื่อ นำ ไป ทำการ ควบคุม การ จึง เส้นกราฟ หรือ ที่ รูป ต่อไป 
LOG (lattice-best-path[5.5.1009~1-e4940]:main():lattice-best-path.cc:99) For utterance COM025_Pa025_030, best cost 4069.89 + 183215 = 187285 over 2009 frames.
COM025_Pa025_030 4 จะ 3 ติดตาม ตรวจ ที่ และ บันทึก กระเบื้อง แดด ตรวจ ฝน แบบ กระดาษ ได้ ของ สำนักงาน ปฏิบัติการ สมบูรณ์ หรือ สถานี ตัวเลข การ ของ กรง อุดอู้ นิยม นิตยา ที่ ตั้ง อยู่ ที่ จังหวัด ที่ เป็น การ ปฏิบัติการ 
LOG (lattice-best-path[5.5.1009~1-e4940]:main():lattice-best-path.cc:99) For utterance COM025_Pa025_031, best cost 1139.51 + 44768.2 = 45907.7 over 494 frames.
COM025_Pa025_031 และ เป็น ที่ ทำให้ อากาศ ภายใน หลาย ผ่าน ชง นี้ ได้ 
LOG (lattice-best-path[5.5.1009~1-e4940]:main():lattice-best-path.cc:99) For utterance COM025_Pa025_032, best cost 2002.42 + 98801.1 = 100803 over 1090 frames.
COM025_Pa025_032 โดย ทั่วไป ประชาชน ไทย นี้ พฤติกรรม การ รักษา การ เจ็บไข้ ของ ตนเอง และ ครอบครัว เป็น 3 แบบ คือ 
LOG (lattice-best-path[5.5.1009~1-e4940]:main():lattice-best-path.cc:99) For utterance COM025_Pa025_033, best cost 1706.31 + 63453.9 = 65160.3 over 691 frames.
COM025_Pa025_033 ไป อย่างไร พบ จารึก อักษร ขอม โบราณ ใน แถบ ภาคเหนือ ตั้งแต่ จะ ที่ ตาก ขึ้นไป 
LOG (lattice-best-path[5.5.1009~1-e4940]:main():lattice-best-path.cc:99) For utterance COM025_Pa025_034, best cost 777.836 + 35750.7 = 36528.5 over 385 frames.
COM025_Pa025_034 รายละเอียด ของ ไมโครคอมพิวเตอร์ ชุด แรก ดังนี้ 
LOG (lattice-best-path[5.5.1009~1-e4940]:main():lattice-best-path.cc:99) For utterance COM025_Pa025_035, best cost 1487.31 + 66414 = 67901.3 over 729 frames.
COM025_Pa025_035 ช่วง นี้ กระแส การ จับ ค่ำคืน ยัง รวดเร็ว ตาม แรงดันไฟฟ้า ที่สุด เครน 
LOG (lattice-best-path[5.5.1009~1-e4940]:main():lattice-best-path.cc:99) For utterance COM027_Pa027_029, best cost 1737.59 + 98370.1 = 100108 over 1115 frames.
COM027_Pa027_029 เครื่อง ใช้ แบบ อิเล็กทรอนิกส์ ที่ ศาสนา มี วิธีการ ป้อน คำสั่ง หรือ ข้อมูล ไป วิธี 
LOG (lattice-best-path[5.5.1009~1-e4940]:main():lattice-best-path.cc:99) For utterance COM027_Pa027_030, best cost 2592.65 + 149997 = 152589 over 1677 frames.
COM027_Pa027_030 ผล ของ การ ประเมิน ประจำวัน วิเคราะห์ สำคัญ ต้องการ กำหนด เป้าหมาย หวัง ผล ใน การ วางแผน ปฏิบัติการ ใน หวาน วันรุ่งขึ้น 
LOG (lattice-best-path[5.5.1009~1-e4940]:main():lattice-best-path.cc:99) For utterance COM027_Pa027_031, best cost 636.901 + 33088.7 = 33725.6 over 385 frames.
COM027_Pa027_031 ด้วย มี บันได เป็น ตัวกลาง 
LOG (lattice-best-path[5.5.1009~1-e4940]:main():lattice-best-path.cc:99) For utterance COM027_Pa027_032, best cost 3731.32 + 181864 = 185596 over 2072 frames.
COM027_Pa027_032 การ ใน ว่า การ รักษา ตนเอง และ ก๊าซ พึ่งพา คลาดเคลื่อน บาน นั้น ดังนี้ ความ สำคัญ ต่อ คน ไทย เป็น จำนวน มาก โดยเฉพาะ ใน ชนบท ที่ และ ให้ จะ สถานที่ บริการ ของ รับ 
LOG (lattice-best-path[5.5.1009~1-e4940]:main():lattice-best-path.cc:99) For utterance COM027_Pa027_033, best cost 716.576 + 37777.7 = 38494.3 over 429 frames.
COM027_Pa027_033 มี ข้อความ โครงการ ทั้งสอง ด้าน 
LOG (lattice-best-path[5.5.1009~1-e4940]:main():lattice-best-path.cc:99) For utterance COM027_Pa027_034, best cost 1489.28 + 86198.4 = 87687.6 over 968 frames.
COM027_Pa027_034 ความ ใน การ การ ใช้ คอมพิวเตอร์ แปล จึง จึง การ การ การ อีกครั้ง 
LOG (lattice-best-path[5.5.1009~1-e4940]:main():lattice-best-path.cc:99) For utterance COM027_Pa027_035, best cost 669.355 + 24481.8 = 25151.1 over 274 frames.
COM027_Pa027_035 เพื่อ ให้ เกิด แชนแนล ขึ้น ได้ 
LOG (lattice-best-path[5.5.1009~1-e4940]:main():lattice-best-path.cc:99) For utterance COM030_Pa030_029, best cost 752.578 + 31008.9 = 31761.5 over 348 frames.
COM030_Pa030_029 หรือ เครื่อง ไม่ สามารถ ปฏิบัติ ตาม ได้ 
LOG (lattice-best-path[5.5.1009~1-e4940]:main():lattice-best-path.cc:99) For utterance COM030_Pa030_030, best cost 1319.26 + 59845.6 = 61164.8 over 657 frames.
COM030_Pa030_030 ซึ่ง จึง การ ยอมรับ จาก ทั้ง ภายใน และ ต่างประเทศ ใน ระดับ 1 
LOG (lattice-best-path[5.5.1009~1-e4940]:main():lattice-best-path.cc:99) For utterance COM030_Pa030_031, best cost 480.825 + 23660.7 = 24141.5 over 253 frames.
COM030_Pa030_031 ทำมุม 45 องศา 
LOG (lattice-best-path[5.5.1009~1-e4940]:main():lattice-best-path.cc:99) For utterance COM030_Pa030_032, best cost 2361.05 + 115474 = 117835 over 1249 frames.
COM030_Pa030_032 การ ส่งเสริม การ การ สมุนไพร จึง จำเป็น ต้อง พิจารณา ที่ ความรู้ และ ความ สามารถ ของ ประชาชน โดยเฉพาะ การ ชนบท เป็น สำคัญ 
LOG (lattice-best-path[5.5.1009~1-e4940]:main():lattice-best-path.cc:99) For utterance COM030_Pa030_033, best cost 631.895 + 30496.1 = 31128 over 342 frames.
COM030_Pa030_033 พลังงาน คือ ความ สามารถ ทำงาน 
LOG (lattice-best-path[5.5.1009~1-e4940]:main():lattice-best-path.cc:99) For utterance COM030_Pa030_034, best cost 1530.95 + 85247.4 = 86778.3 over 950 frames.
COM030_Pa030_034 มี ดร. อุดม วโรตม์สิกขดิตถ์ และ ดร. นิตยา กาญจนะวรรณ เป็น หลักฐาน โครงการ 
LOG (lattice-best-path[5.5.1009~1-e4940]:main():lattice-best-path.cc:99) For utterance COM030_Pa030_035, best cost 2446.95 + 125108 = 127555 over 1319 frames.
COM030_Pa030_035 เพื่อ เป็น การ ทบทวน ความเข้าใจ ของ ทุก สาย ที่ เกี่ยวข้อง ตั้ง ภาค รัฐบาล และ เอกชน กว่า ศูนย์เทคโนโลยีอิเล็กทรอนิกส์และคอมพิวเตอร์แห่งชาติ มี ความเป็นมา อย่างไร 
LOG (lattice-best-path[5.5.1009~1-e4940]:main():lattice-best-path.cc:99) For utterance COM032_Pa032_029, best cost 1299.66 + 58680 = 59979.7 over 659 frames.
COM032_Pa032_029 ซึ่ง ทำ ได้ ด้วย การ น้ำ ข้อมูล ต่างๆ บันทึก ไว้ ใน รูปแบบ หรือ 
LOG (lattice-best-path[5.5.1009~1-e4940]:main():lattice-best-path.cc:99) For utterance COM032_Pa032_030, best cost 1464.83 + 56158.6 = 57623.4 over 603 frames.
COM032_Pa032_030 เพื่อ ช่วยเหลือ พื้นที่ เกษตร ประจำ และ การ ขาดแคลน น้ำ เพื่อ การ วุฒิพงศ์ บริโภค 
LOG (lattice-best-path[5.5.1009~1-e4940]:main():lattice-best-path.cc:99) For utterance COM032_Pa032_031, best cost 1000.61 + 32464.3 = 33464.9 over 356 frames.
COM032_Pa032_031 ส่วน บน ลง สอบ ตาม ตาม ของ ฝาด เป็น และ 
LOG (lattice-best-path[5.5.1009~1-e4940]:main():lattice-best-path.cc:99) For utterance COM032_Pa032_032, best cost 2051.26 + 83059.6 = 85110.9 over 904 frames.
COM032_Pa032_032 การ เลือก สมุนไพร ที่ จะ พัฒนา ไป การ ใน การ สาธารณสุขมูลฐาน มี หลัก เป็น ที่ จะ ต้อง ยึด ชื่อ ดัง ต่อไปนี้ 
LOG (lattice-best-path[5.5.1009~1-e4940]:main():lattice-best-path.cc:99) For utterance COM032_Pa032_033, best cost 844.863 + 36749.7 = 37594.5 over 412 frames.
COM032_Pa032_033 ความจริง ดินปืน มี พลังงาน อยู่ ไป แล้ว 
LOG (lattice-best-path[5.5.1009~1-e4940]:main():lattice-best-path.cc:99) For utterance COM032_Pa032_034, best cost 576.192 + 24150.4 = 24726.6 over 261 frames.
COM032_Pa032_034 และ กับ ต้อง ตัด คำกำกวม 
LOG (lattice-best-path[5.5.1009~1-e4940]:main():lattice-best-path.cc:99) For utterance COM032_Pa032_035, best cost 2816.16 + 156489 = 159306 over 1710 frames.
COM032_Pa032_035 ศูนย์เทคโนโลยีอิเล็กทรอนิกส์และคอมพิวเตอร์แห่งชาติ ตั้ง อยู่ ที่ ชั้น 6 ของ รักษา สำนักงานปลัดกระทรวงฯ วิทยาศาสตร์ เทคโนโลยี และ การ พลังงาน ถนนพระราม6 พญาไท กรุงเทพฯ 10400 ตาราง ที่ 1 
LOG (lattice-best-path[5.5.1009~1-e4940]:main():lattice-best-path.cc:99) For utterance COM034_Pa034_029, best cost 1671.02 + 79837.7 = 81508.7 over 841 frames.
COM034_Pa034_029 กลไก ของ เครื่อง จาก บัตร ออก ตาม ต้องการ ด้วย อัตรา เร็ว ของ การ กดดัน อักษร 
LOG (lattice-best-path[5.5.1009~1-e4940]:main():lattice-best-path.cc:99) For utterance COM034_Pa034_030, best cost 906.025 + 38090.4 = 38996.5 over 414 frames.
COM034_Pa034_030 เพื่อ ระบาย น้ำ ออก จาก ถูก ลง ทะเล 
LOG (lattice-best-path[5.5.1009~1-e4940]:main():lattice-best-path.cc:99) For utterance COM034_Pa034_031, best cost 1186.72 + 48234.1 = 49420.8 over 521 frames.
COM034_Pa034_031 ทำ ชัก ขึ้น เกศ บน นอกชาน ได้ เมื่อ เวลา ค่ำคืน 
LOG (lattice-best-path[5.5.1009~1-e4940]:main():lattice-best-path.cc:99) For utterance COM034_Pa034_032, best cost 726.434 + 32121 = 32847.5 over 348 frames.
COM034_Pa034_032 หรือ เป็น ยา ที่ การ ภายนอก เท่านั้น 
LOG (lattice-best-path[5.5.1009~1-e4940]:main():lattice-best-path.cc:99) For utterance COM034_Pa034_033, best cost 946.634 + 44691.8 = 45638.5 over 480 frames.
COM034_Pa034_033 นี้ ลักษณะ ใคร บ่งบอก เรียน อย่าง วงล้อเพลตัน 
LOG (lattice-best-path[5.5.1009~1-e4940]:main():lattice-best-path.cc:99) For utterance COM034_Pa034_034, best cost 477.348 + 29605.3 = 30082.6 over 313 frames.
COM034_Pa034_034 ข้อกำหนด ของ เวิร์ดโปรเซสเซอร์ 
LOG (lattice-best-path[5.5.1009~1-e4940]:main():lattice-best-path.cc:99) For utterance COM034_Pa034_035, best cost 1816.25 + 105715 = 107531 over 1122 frames.
COM034_Pa034_035 คณะกรรมการ ดังกล่าว นี้ รัฐมนตรี กว่า การ กระทรวง วิทยาศาสตร์ เทคโนโลยี และ การ พลังงาน เป็น ประธาน 
LOG (lattice-best-path[5.5.1009~1-e4940]:main():lattice-best-path.cc:99) For utterance COM036_Pa036_029, best cost 648.396 + 28877.3 = 29525.7 over 335 frames.
COM036_Pa036_029 แต่ ไม่ได้ ทำ หน้าที่ บัตร 
LOG (lattice-best-path[5.5.1009~1-e4940]:main():lattice-best-path.cc:99) For utterance COM036_Pa036_030, best cost 779.767 + 32562.5 = 33342.3 over 386 frames.
COM036_Pa036_030 มี อยู่ เคลือบ ทุก ค่า ของ ประเทศ 
LOG (lattice-best-path[5.5.1009~1-e4940]:main():lattice-best-path.cc:99) For utterance COM036_Pa036_031, best cost 585.184 + 32681.3 = 33266.5 over 398 frames.
COM036_Pa036_031 ต่อมา บ้านเมือง เจริญ ขึ้น 
LOG (lattice-best-path[5.5.1009~1-e4940]:main():lattice-best-path.cc:99) For utterance COM036_Pa036_032, best cost 928.435 + 52163.8 = 53092.2 over 619 frames.
COM036_Pa036_032 เพื่อ ให้ เป็น ที่ ยอมรับ ของ บุคคลากร เหล่านี้ 
LOG (lattice-best-path[5.5.1009~1-e4940]:main():lattice-best-path.cc:99) For utterance COM036_Pa036_033, best cost 892.344 + 49251.8 = 50144.1 over 580 frames.
COM036_Pa036_033 ซึ่ง ให้ การ ไนโตรเจน เหลว โรค ท่อแก้ว 
LOG (lattice-best-path[5.5.1009~1-e4940]:main():lattice-best-path.cc:99) For utterance COM036_Pa036_034, best cost 1946.13 + 94679 = 96625.2 over 1085 frames.
COM036_Pa036_034 ผลลัพธ์ ที่ ได้ ย่อม ไม่ เหมือนกัน 1 มาตรา ความ คลาดเคลื่อน เปลี่ยนแปลง ของ หรือ พูด จัด กระดาษ 
LOG (lattice-best-path[5.5.1009~1-e4940]:main():lattice-best-path.cc:99) For utterance COM036_Pa036_035, best cost 1262.03 + 76465.2 = 77727.2 over 919 frames.
COM036_Pa036_035 โดย มี รัฐมนตรี เรื่อย ว่า การ กระทรวง เป็น ประธาน เช่นกัน 
LOG (lattice-best-path[5.5.1009~1-e4940]:main():lattice-best-path.cc:99) For utterance COM037_Pa037_029, best cost 1028.83 + 45902.4 = 46931.2 over 496 frames.
COM037_Pa037_029 ถ้า บัตร ถูก เจาะ พบ ต้อง รส ทั้งแผ่น 
LOG (lattice-best-path[5.5.1009~1-e4940]:main():lattice-best-path.cc:99) For utterance COM037_Pa037_030, best cost 693.692 + 37013.6 = 37707.3 over 421 frames.
COM037_Pa037_030 เนื้อ ก่อไฟ เรื่อง 5 หาร 
LOG (lattice-best-path[5.5.1009~1-e4940]:main():lattice-best-path.cc:99) For utterance COM037_Pa037_031, best cost 854.199 + 67048.2 = 67902.4 over 728 frames.
COM037_Pa037_031 ด้วย ปรับ พระราชประสงค์ ใน พระบาทสมเด็จพระเจ้าอยู่หัว 
LOG (lattice-best-path[5.5.1009~1-e4940]:main():lattice-best-path.cc:99) For utterance COM037_Pa037_032, best cost 668.162 + 34965.2 = 35633.4 over 387 frames.
COM037_Pa037_032 จึง จาก ได้ผล ใน การ รักษา 
LOG (lattice-best-path[5.5.1009~1-e4940]:main():lattice-best-path.cc:99) For utterance COM037_Pa037_033, best cost 963.522 + 45994.2 = 46957.7 over 495 frames.
COM037_Pa037_033 โลหะ ตรง ที่ ถูก แสง จัด หลอม 
LOG (lattice-best-path[5.5.1009~1-e4940]:main():lattice-best-path.cc:99) For utterance COM037_Pa037_034, best cost 612.113 + 46114.5 = 46726.6 over 513 frames.
COM037_Pa037_034 4.3.1 ส่วน ของ ซอฟท์แวร์ 
LOG (lattice-best-path[5.5.1009~1-e4940]:main():lattice-best-path.cc:99) For utterance COM037_Pa037_035, best cost 1030.52 + 65945.7 = 66976.2 over 714 frames.
COM037_Pa037_035 รวมทั้ง ติดตาม ประเมินผล การ ดำเนินงาน ของ ศูนย์ฯ 
LOG (lattice-best-path[5.5.1009~1-e4940]:main():lattice-best-path.cc:99) For utterance COM040_Pa040_029, best cost 883.209 + 43082.6 = 43965.8 over 456 frames.
COM040_Pa040_029 ซึ่ง ถ้า การ วิธี บัตร ด้วย เครื่อง บัตร 
LOG (lattice-best-path[5.5.1009~1-e4940]:main():lattice-best-path.cc:99) For utterance COM040_Pa040_030, best cost 881.971 + 44293.6 = 45175.5 over 470 frames.
COM040_Pa040_030 ซึ่ง เกิดขึ้น เป็น ครั้งคราว ใน เอา เบงกอล 
LOG (lattice-best-path[5.5.1009~1-e4940]:main():lattice-best-path.cc:99) For utterance COM040_Pa040_031, best cost 1726.57 + 80933.8 = 82660.3 over 866 frames.
COM040_Pa040_031 เท่าๆ รู้จัก การ สมุนไพร ซึ่ง เป็น พืช ที่ มี สรรพคุณ ใน การ รักษา โรค บัตร ชนิด 
LOG (lattice-best-path[5.5.1009~1-e4940]:main():lattice-best-path.cc:99) For utterance COM040_Pa040_032, best cost 466.924 + 28061.3 = 28528.2 over 298 frames.
COM040_Pa040_032 สรรพคุณ และ วิธีใช้ 
LOG (lattice-best-path[5.5.1009~1-e4940]:main():lattice-best-path.cc:99) For utterance COM040_Pa040_033, best cost 587.4 + 31300.4 = 31887.8 over 348 frames.
COM040_Pa040_033 เวลา เตรียมตัว จาก เข้าเฝ้า 
LOG (lattice-best-path[5.5.1009~1-e4940]:main():lattice-best-path.cc:99) For utterance COM040_Pa040_034, best cost 869.769 + 49264.6 = 50134.4 over 525 frames.
COM040_Pa040_034 ศูนย์ฯ วิจัย อิเล็กทรอนิกส์ และ ภาควิชา อิเล็กทรอนิกส์ 
LOG (lattice-best-path[5.5.1009~1-e4940]:main():lattice-best-path.cc:99) For utterance COM040_Pa040_035, best cost 1278.4 + 76988.2 = 78266.6 over 816 frames.
COM040_Pa040_035 สำหรับ ภารกิจ ที่ จึง มอบหมาย จะ ดำเนินงาน ภายใต้ สำนักงานปลัดกระทรวงฯ 
LOG (lattice-best-path[5.5.1009~1-e4940]:main():lattice-best-path.cc:99) For utterance COM043_Pa043_029, best cost 2792.84 + 119407 = 122199 over 1208 frames.
COM043_Pa043_029 ใน ทำนอง เดียวกัน กับ การ เตรียม ข้อมูล ลง แถบแม่เหล็ก เรา สามารถ เรียง ข้อมูล จาก ปั้น อักษร ลง สุชาติ ตลับ จะ แม่เหล็ก และ ดิสเกตต์ ได้ เช่นกัน 
LOG (lattice-best-path[5.5.1009~1-e4940]:main():lattice-best-path.cc:99) For utterance COM043_Pa043_030, best cost 1354.18 + 68561.8 = 69916 over 749 frames.
COM043_Pa043_030 เป็น ไป ด้วย สัตว์ หาย นานา ชนิด เช่น งูพิษ ตะขาบ แมงป่อง 
LOG (lattice-best-path[5.5.1009~1-e4940]:main():lattice-best-path.cc:99) For utterance COM043_Pa043_031, best cost 1317.66 + 51060.6 = 52378.3 over 515 frames.
COM043_Pa043_031 รอบ ตาราง โรค จะ มี สรรพคุณ ใน 9 รักษา โรค ใน เหมือนกัน 
LOG (lattice-best-path[5.5.1009~1-e4940]:main():lattice-best-path.cc:99) For utterance COM043_Pa043_032, best cost 698.368 + 31403.7 = 32102.1 over 322 frames.
COM043_Pa043_032 ระงับ อาการ ได้ และ กับ เสมหะ 
LOG (lattice-best-path[5.5.1009~1-e4940]:main():lattice-best-path.cc:99) For utterance COM043_Pa043_033, best cost 1181.77 + 42394.8 = 43576.6 over 431 frames.
COM043_Pa043_033 คง เป็น รอย คิด ฝน การ พบ อยู่ กับ บน เหลว 
LOG (lattice-best-path[5.5.1009~1-e4940]:main():lattice-best-path.cc:99) For utterance COM043_Pa043_034, best cost 692.104 + 27820.4 = 28512.5 over 287 frames.
COM043_Pa043_034 และ เกิด การ ที่ ตลาด ได้ ง่าย 
LOG (lattice-best-path[5.5.1009~1-e4940]:main():lattice-best-path.cc:99) For utterance COM043_Pa043_035, best cost 703.008 + 41630 = 42333 over 425 frames.
COM043_Pa043_035 1 โครงการ เทคโนโลยี ระบบ ใช้ 
LOG (lattice-best-path[5.5.1009~1-e4940]:main():lattice-best-path.cc:99) For utterance COM044_Pa044_029, best cost 1574.73 + 51691.7 = 53266.5 over 551 frames.
COM044_Pa044_029 และ แถบ หรือ จาน แม่เหล็ก จิระศักดิ์ เครื่อง ทุก ข้อมูล แบบ ต่างๆ ก็ มี จำนวน มาก 
LOG (lattice-best-path[5.5.1009~1-e4940]:main():lattice-best-path.cc:99) For utterance COM044_Pa044_030, best cost 640.839 + 17608.8 = 18249.6 over 180 frames.
COM044_Pa044_030 เพราะ มี อายุ กับ ตก หนัก 
LOG (lattice-best-path[5.5.1009~1-e4940]:main():lattice-best-path.cc:99) For utterance COM044_Pa044_031, best cost 1184.14 + 50911.8 = 52095.9 over 545 frames.
COM044_Pa044_031 นอกจากนั้น ดัง ตำรวจ ผู้ใช้ ที่ ยา ประกอบ กัน เป็น เครื่องยา 
LOG (lattice-best-path[5.5.1009~1-e4940]:main():lattice-best-path.cc:99) For utterance COM044_Pa044_032, best cost 1272.53 + 47018 = 48290.5 over 487 frames.
COM044_Pa044_032 ให้ นำเอา ขมิ้น ประคบ อนึ่ง ขมิ้น ถ้า บทเรียน ที่ ถูก กับ 
LOG (lattice-best-path[5.5.1009~1-e4940]:main():lattice-best-path.cc:99) For utterance COM044_Pa044_033, best cost 519.278 + 20731.4 = 21250.7 over 227 frames.
COM044_Pa044_033 พบ ลงมา การ ข้อพระหัตถ์ 
LOG (lattice-best-path[5.5.1009~1-e4940]:main():lattice-best-path.cc:99) For utterance COM044_Pa044_034, best cost 338.163 + 27224.8 = 27562.9 over 283 frames.
COM044_Pa044_034 สถาบันเทคโนโลยีพระจอมเกล้าลาดกระบัง 
LOG (lattice-best-path[5.5.1009~1-e4940]:main():lattice-best-path.cc:99) For utterance COM044_Pa044_035, best cost 879.078 + 40378.7 = 41257.8 over 441 frames.
COM044_Pa044_035 2 โครงการ ออกแบบ วงจรรวม ขนาด ใหญ่ มาก 
LOG (lattice-best-path[5.5.1009~1-e4940]:main():lattice-best-path.cc:99) For utterance COM046_Pa046_029, best cost 1142.92 + 52883.8 = 54026.7 over 560 frames.
COM046_Pa046_029 ด้วย เชื่อม สถานี ป้อน ข้อมูล หลายๆ สถานี เขา ด้วย การ 
LOG (lattice-best-path[5.5.1009~1-e4940]:main():lattice-best-path.cc:99) For utterance COM046_Pa046_030, best cost 990.351 + 49546.2 = 50536.5 over 529 frames.
COM046_Pa046_030 เพื่อ ถ่ายเท ควันไฟ ออก จาก เรือนครัว ได้ สะดวก 
LOG (lattice-best-path[5.5.1009~1-e4940]:main():lattice-best-path.cc:99) For utterance COM046_Pa046_031, best cost 1479.45 + 69757.4 = 71236.9 over 761 frames.
COM046_Pa046_031 เพราะ เรา มี สมุนไพร หลาย ชนิด ที่ มี วิธีการ พุ่ง ง่ายๆ ไม่ ซับซ้อน 
LOG (lattice-best-path[5.5.1009~1-e4940]:main():lattice-best-path.cc:99) For utterance COM046_Pa046_032, best cost 1021.85 + 48010.5 = 49032.4 over 527 frames.
COM046_Pa046_032 เพื่อ รักษา อาการ ของ หรือ เฟ้อ อาหาร ใน รอย 
LOG (lattice-best-path[5.5.1009~1-e4940]:main():lattice-best-path.cc:99) For utterance COM046_Pa046_033, best cost 1421.08 + 73730.4 = 75151.5 over 804 frames.
COM046_Pa046_033 หนุ่มหนุ่ม แล้ว เจ้าชู้ ลูกผู้ดี เห็น ชัดเจน รูป งาม ตาม เป็น พรวน 
LOG (lattice-best-path[5.5.1009~1-e4940]:main():lattice-best-path.cc:99) For utterance COM046_Pa046_034, best cost 431.176 + 31920 = 32351.2 over 356 frames.
COM046_Pa046_034 วุฒิพงศ์ เตชะดำรงสิน 
LOG (lattice-best-path[5.5.1009~1-e4940]:main():lattice-best-path.cc:99) For utterance COM046_Pa046_035, best cost 878.185 + 53332.4 = 54210.6 over 576 frames.
COM046_Pa046_035 4 โครงการ คอมพิวเตอร์ อิเล็กทรอนิกส์ ทาง การแพทย์ 
LOG (lattice-best-path[5.5.1009~1-e4940]:main():lattice-best-path.cc:99) For utterance COM047_Pa047_029, best cost 1857.89 + 81663.9 = 83521.8 over 865 frames.
COM047_Pa047_029 ส่วน การ จะ ดำ กับ ต้อง หลัง ใน การ บันทึก แถบ ที่ จาน แม่เหล็ก นั้น ควบคุม ด้วย ใช้ 
LOG (lattice-best-path[5.5.1009~1-e4940]:main():lattice-best-path.cc:99) For utterance COM047_Pa047_030, best cost 706.898 + 35384.1 = 36091 over 380 frames.
COM047_Pa047_030 ฤดูหนาว ตาม กว่า ภาคกลาง มาก 
LOG (lattice-best-path[5.5.1009~1-e4940]:main():lattice-best-path.cc:99) For utterance COM047_Pa047_031, best cost 1719.99 + 77955.1 = 79675.1 over 827 frames.
COM047_Pa047_031 เช่น จะ ได้ ว่า สมุนไพร สามารถ ช่วย รักษา โรค และ อาการ เจ็บป่วย เล็กๆน้อยๆ ดื้อยา อย่าง 
LOG (lattice-best-path[5.5.1009~1-e4940]:main():lattice-best-path.cc:99) For utterance COM047_Pa047_032, best cost 660.091 + 24526.8 = 25186.9 over 266 frames.
COM047_Pa047_032 ทิ้ง ค้างคืน ไม่ 1 คืน 
LOG (lattice-best-path[5.5.1009~1-e4940]:main():lattice-best-path.cc:99) For utterance COM047_Pa047_033, best cost 861.785 + 46369.6 = 47231.4 over 497 frames.
COM047_Pa047_033 เครื่องแบบ เก่า ทำให้ เสีย พระเกียรติยศ ด้วย 
LOG (lattice-best-path[5.5.1009~1-e4940]:main():lattice-best-path.cc:99) For utterance COM047_Pa047_034, best cost 2626.19 + 111862 = 114489 over 1215 frames.
COM047_Pa047_034 ไมครอน มี ที่ ลูกค้า จะ ใหญ่ ตก สามารถ ที่ จะ ทำ ได้ โดย การ ใส่ เล็ก ที่ โต๊ะ เดิม และ เล็ก ที่ ตก ใน บน จอภาพ 
LOG (lattice-best-path[5.5.1009~1-e4940]:main():lattice-best-path.cc:99) For utterance COM047_Pa047_035, best cost 1004.47 + 63095.8 = 64100.2 over 670 frames.
COM047_Pa047_035 เฮิรทซ์ โครงการ การ พัฒนา วงจรอิเล็กทรอนิกส์ เพื่อ อุตสาหกรรม 
LOG (lattice-best-path[5.5.1009~1-e4940]:main():lattice-best-path.cc:124) Overall cost per frame is 93.2666 = 1.91159 [graph] + 91.355 [acoustic] over 104898 frames.
LOG (lattice-best-path[5.5.1009~1-e4940]:main():lattice-best-path.cc:128) Done 168 lattices, failed for 0
# Accounting: time=1 threads=1
# Ended (code 0) at Thu Mar 17 09:39:48 UTC 2022, elapsed time 1 seconds
