# lattice-best-path --lm-scale=9 --word-symbol-table=exp/mono/graph/words.txt "ark:gunzip -c exp/mono/decode/lat.*.gz|" ark,t:exp/mono/decode/scoring/9.tra 
# Started at Thu Mar 17 09:39:47 UTC 2022
#
lattice-best-path --lm-scale=9 --word-symbol-table=exp/mono/graph/words.txt 'ark:gunzip -c exp/mono/decode/lat.*.gz|' ark,t:exp/mono/decode/scoring/9.tra 
LOG (lattice-best-path[5.5.1009~1-e4940]:main():lattice-best-path.cc:99) For utterance COF001_Pa001_029, best cost 685.508 + 32579.4 = 33264.9 over 343 frames.
COF001_Pa001_029 ดำ แม่เหล็ก เป็น ที่ ผู้ รูป ทรงกระบอก 
LOG (lattice-best-path[5.5.1009~1-e4940]:main():lattice-best-path.cc:99) For utterance COF001_Pa001_030, best cost 1155.95 + 53681.3 = 54837.2 over 563 frames.
COF001_Pa001_030 และ สามารถ ฐานข้อมูล จาก เช็ค ที่ มี รอยพับ และ ปรับ เตือน ได้ ด้วย 
LOG (lattice-best-path[5.5.1009~1-e4940]:main():lattice-best-path.cc:99) For utterance COF001_Pa001_031, best cost 727.387 + 31113.9 = 31841.3 over 340 frames.
COF001_Pa001_031 การ ทำ ด้วย ใน สาร เดิน ฟาก ทราบ 
LOG (lattice-best-path[5.5.1009~1-e4940]:main():lattice-best-path.cc:99) For utterance COF001_Pa001_032, best cost 1337.91 + 74036.4 = 75374.3 over 817 frames.
COF001_Pa001_032 ใน ตำรับ ยา นอกจาก พืชสมุนไพร ตาม ยัง อาจ ประกอบด้วย สัตว์ และ แร่ธาตุ อีกด้วย 
LOG (lattice-best-path[5.5.1009~1-e4940]:main():lattice-best-path.cc:99) For utterance COF001_Pa001_033, best cost 1328.61 + 61171.1 = 62499.7 over 680 frames.
COF001_Pa001_033 ให้ ถ้า ชาว หลาย เย็น หลัง อาบน้ำ ทุกวัน ติด กัน ประมาณ 2 สัปดาห์ 
LOG (lattice-best-path[5.5.1009~1-e4940]:main():lattice-best-path.cc:99) For utterance COF001_Pa001_034, best cost 618.548 + 25477.4 = 26095.9 over 287 frames.
COF001_Pa001_034 ใส่ เสื้อ เปิด ขอ แบบ ฝรั่ง 
LOG (lattice-best-path[5.5.1009~1-e4940]:main():lattice-best-path.cc:99) For utterance COF001_Pa001_035, best cost 669.986 + 52948.5 = 53618.4 over 590 frames.
COF001_Pa001_035 2.1.5 ระบบ จัดการ ต่อ ประกอบด้วย 
LOG (lattice-best-path[5.5.1009~1-e4940]:main():lattice-best-path.cc:99) For utterance COF002_Pa002_029, best cost 850.631 + 44525.9 = 45376.5 over 494 frames.
COF002_Pa002_029 แต่ ภายใน มี ใส่ ไฟฟ้า ต่อ เขา เครื่อง ใช้ 
LOG (lattice-best-path[5.5.1009~1-e4940]:main():lattice-best-path.cc:99) For utterance COF002_Pa002_030, best cost 591.921 + 29491.5 = 30083.4 over 331 frames.
COF002_Pa002_030 ต่อ เสียชีวิต ไป ยัง และ เสียดาย 
LOG (lattice-best-path[5.5.1009~1-e4940]:main():lattice-best-path.cc:99) For utterance COF002_Pa002_031, best cost 416.502 + 21451.7 = 21868.2 over 248 frames.
COF002_Pa002_031 มี ประตู 1 บาน 
LOG (lattice-best-path[5.5.1009~1-e4940]:main():lattice-best-path.cc:99) For utterance COF002_Pa002_032, best cost 1013.45 + 61333.7 = 62347.1 over 642 frames.
COF002_Pa002_032 ซึ่ง มี ปรากฏ อยู่ ใน ตำรา ยาแผนโบราณ ที่ รัฐมนตรี ประกาศ 
LOG (lattice-best-path[5.5.1009~1-e4940]:main():lattice-best-path.cc:99) For utterance COF002_Pa002_033, best cost 439.927 + 26046.2 = 26486.2 over 286 frames.
COF002_Pa002_033 ก๊าซ การ ท้องอืด ท้องเฟ้อ 
LOG (lattice-best-path[5.5.1009~1-e4940]:main():lattice-best-path.cc:99) For utterance COF002_Pa002_034, best cost 468.674 + 27576.3 = 28045 over 299 frames.
COF002_Pa002_034 ต่อมา ได้แก่ ไทย ปรับปรุง 
LOG (lattice-best-path[5.5.1009~1-e4940]:main():lattice-best-path.cc:99) For utterance COF002_Pa002_035, best cost 2265.94 + 119346 = 121612 over 1280 frames.
COF002_Pa002_035 อย่างไรก็ตาม ถ้า จะ นำ ไป ใช้งาน กับ ร้านอาหาร ขนาด ย้าย ที่ มี ลูกค้า มาก จำนวน ตก ตั้งแต่ 50 ตก ขึ้นไป อาจ ทำงาน มี ผ่าน 
LOG (lattice-best-path[5.5.1009~1-e4940]:main():lattice-best-path.cc:99) For utterance COF004_Pa004_029, best cost 1685.12 + 86063.4 = 87748.5 over 923 frames.
COF004_Pa004_029 อัตรา เหลว ของ การ ทิ้ง ข้อมูล เท่า จาก การ อยู่ กับ ความ สามารถ ของ พนักงาน ที่ ทำการ ทิ้ง ดิบ 
LOG (lattice-best-path[5.5.1009~1-e4940]:main():lattice-best-path.cc:99) For utterance COF004_Pa004_030, best cost 528.393 + 28422.2 = 28950.6 over 321 frames.
COF004_Pa004_030 เพื่อ มี หาย ลุกลาม ต่อไป 
LOG (lattice-best-path[5.5.1009~1-e4940]:main():lattice-best-path.cc:99) For utterance COF004_Pa004_031, best cost 743.731 + 39755.1 = 40498.8 over 446 frames.
COF004_Pa004_031 เนื่องจาก การ ตก เป็น เครื่องมือ จับ ต่าง 
LOG (lattice-best-path[5.5.1009~1-e4940]:main():lattice-best-path.cc:99) For utterance COF004_Pa004_032, best cost 943.335 + 67882.7 = 68826.1 over 755 frames.
COF004_Pa004_032 การ เหง้าว่านน้ำ รากเจตมูลเพลิง ราก แถบ แต่ และ รากนมสวรรค์ 
LOG (lattice-best-path[5.5.1009~1-e4940]:main():lattice-best-path.cc:99) For utterance COF004_Pa004_033, best cost 765.829 + 37106.4 = 37872.3 over 415 frames.
COF004_Pa004_033 จาก ทำ แผล ให้ สนิท เป็น เดือย เดียวกัน 
LOG (lattice-best-path[5.5.1009~1-e4940]:main():lattice-best-path.cc:99) For utterance COF004_Pa004_034, best cost 603.087 + 33665.4 = 34268.4 over 384 frames.
COF004_Pa004_034 ลง เที่ยว ของ ถ่ายเท เพทุบาย 
LOG (lattice-best-path[5.5.1009~1-e4940]:main():lattice-best-path.cc:99) For utterance COF004_Pa004_035, best cost 666.613 + 34006.5 = 34673.1 over 389 frames.
COF004_Pa004_035 แต่ ภาพ เป็น การ ถ่ายเท ครั้งละ แต่ 
LOG (lattice-best-path[5.5.1009~1-e4940]:main():lattice-best-path.cc:99) For utterance COF005_Pa005_029, best cost 1324.28 + 67471.8 = 68796.1 over 694 frames.
COF005_Pa005_029 แต่ การ แสดงผล จัด เครื่อง อยู่ กับ ออกแบบ อุปกรณ์ ต่างๆ ที่ การ กับ เครื่อง ที่ มี 
LOG (lattice-best-path[5.5.1009~1-e4940]:main():lattice-best-path.cc:99) For utterance COF005_Pa005_030, best cost 934 + 48825.9 = 49759.9 over 510 frames.
COF005_Pa005_030 และ จะ สูญเสีย ความ รู้สึก ใน ส่วน ที่ เป็น อัมพาต ด้วย 
LOG (lattice-best-path[5.5.1009~1-e4940]:main():lattice-best-path.cc:99) For utterance COF005_Pa005_031, best cost 931.45 + 41894.2 = 42825.7 over 437 frames.
COF005_Pa005_031 ไป หน้าที่ ไทย น้ำหนัก จาก เสา ลง สูง หนู ว่า 
LOG (lattice-best-path[5.5.1009~1-e4940]:main():lattice-best-path.cc:99) For utterance COF005_Pa005_032, best cost 538.951 + 35542.2 = 36081.2 over 387 frames.
COF005_Pa005_032 นอกจากนี้ ยังมี มาตรา โบราณ 
LOG (lattice-best-path[5.5.1009~1-e4940]:main():lattice-best-path.cc:99) For utterance COF005_Pa005_033, best cost 979.246 + 40965.4 = 41944.7 over 430 frames.
COF005_Pa005_033 แล้ว โขลก ให้ พอ แหลก ใส่ ลง ใน นำ 1 แก้ว 
LOG (lattice-best-path[5.5.1009~1-e4940]:main():lattice-best-path.cc:99) For utterance COF005_Pa005_034, best cost 700.833 + 32709.1 = 33409.9 over 343 frames.
COF005_Pa005_034 สายสร้อย ใส่ 1 ก็ การ สลึง เฟื้อง 
LOG (lattice-best-path[5.5.1009~1-e4940]:main():lattice-best-path.cc:99) For utterance COF005_Pa005_035, best cost 718.428 + 44147.4 = 44865.9 over 454 frames.
COF005_Pa005_035 เครื่องต้นแบบ เครื่อง ที่ 1 มี บล๊อค ไดอะแกรม 
LOG (lattice-best-path[5.5.1009~1-e4940]:main():lattice-best-path.cc:99) For utterance COF007_Pa007_029, best cost 555.841 + 41111.6 = 41667.4 over 466 frames.
COF007_Pa007_029 คือ การ กงล้อ ที่ มี ตัวอักษร 
LOG (lattice-best-path[5.5.1009~1-e4940]:main():lattice-best-path.cc:99) For utterance COF007_Pa007_030, best cost 2284.17 + 122100 = 124384 over 1351 frames.
COF007_Pa007_030 และ พบว่า ควร นม นก ผสม ข้าว ดำ ศูนย์สูตร ไอซี เขียน กับ ขูด พื้นเมือง เป็น ควร นุ่ง รูป ผสม ที่ ให้ นม ที่ ที่สุด 
LOG (lattice-best-path[5.5.1009~1-e4940]:main():lattice-best-path.cc:99) For utterance COF007_Pa007_031, best cost 1192.67 + 63740.3 = 64932.9 over 709 frames.
COF007_Pa007_031 โดย เจาะ ทัน คือ เป็น รูป กว้าง กว่า หัวเทียน พอ สวม เขา ได้ 
LOG (lattice-best-path[5.5.1009~1-e4940]:main():lattice-best-path.cc:99) For utterance COF007_Pa007_032, best cost 612.555 + 38265.5 = 38878 over 432 frames.
COF007_Pa007_032 ประกาศ ที่ การ สมุนไพร เห็น ชง 
LOG (lattice-best-path[5.5.1009~1-e4940]:main():lattice-best-path.cc:99) For utterance COF007_Pa007_033, best cost 653.083 + 35989.8 = 36642.9 over 408 frames.
COF007_Pa007_033 จาก ช่วย หาย หาย เคล็ด ขัดยอก 
LOG (lattice-best-path[5.5.1009~1-e4940]:main():lattice-best-path.cc:99) For utterance COF007_Pa007_034, best cost 1045.15 + 53636.3 = 54681.4 over 610 frames.
COF007_Pa007_034 แต่ จะ สวม อยู่ การ ไป อยู่ 6 หรือ 7 ขวบ เท่านั้น 
LOG (lattice-best-path[5.5.1009~1-e4940]:main():lattice-best-path.cc:99) For utterance COF007_Pa007_035, best cost 482.514 + 46432.2 = 46914.7 over 538 frames.
COF007_Pa007_035 ดร. กฤษณพงศ์ กีรติกร 
LOG (lattice-best-path[5.5.1009~1-e4940]:main():lattice-best-path.cc:99) For utterance COF008_Pa008_029, best cost 774.905 + 37939.7 = 38714.6 over 405 frames.
COF008_Pa008_029 โดย ทำให้ การ มือ นี้ ประจุ ไฟฟ้า โลก 
LOG (lattice-best-path[5.5.1009~1-e4940]:main():lattice-best-path.cc:99) For utterance COF008_Pa008_030, best cost 560.256 + 42722.9 = 43283.2 over 461 frames.
COF008_Pa008_030 1.3 กระบืองาน หรือ กระบือปลัก 
LOG (lattice-best-path[5.5.1009~1-e4940]:main():lattice-best-path.cc:99) For utterance COF008_Pa008_031, best cost 498.32 + 29824.2 = 30322.5 over 306 frames.
COF008_Pa008_031 และ การ กับ ดั้งแขวน เท่านั้น 
LOG (lattice-best-path[5.5.1009~1-e4940]:main():lattice-best-path.cc:99) For utterance COF008_Pa008_032, best cost 678.358 + 30809.4 = 31487.8 over 323 frames.
COF008_Pa008_032 ก็ อาจ เสื่อม เร็ว ขวา กำหนด ได้ 
LOG (lattice-best-path[5.5.1009~1-e4940]:main():lattice-best-path.cc:99) For utterance COF008_Pa008_033, best cost 740.943 + 29800.4 = 30541.3 over 330 frames.
COF008_Pa008_033 แล้ว กลืน ทั้ง น้ำ และ นี้ งาน ขยาย 
LOG (lattice-best-path[5.5.1009~1-e4940]:main():lattice-best-path.cc:99) For utterance COF008_Pa008_034, best cost 608.056 + 26901.6 = 27509.7 over 293 frames.
COF008_Pa008_034 จาก ธาตุ อิเล็กตรอน 1 ตัว ว่า 
LOG (lattice-best-path[5.5.1009~1-e4940]:main():lattice-best-path.cc:99) For utterance COF008_Pa008_035, best cost 1276.94 + 81952.7 = 83229.6 over 897 frames.
COF008_Pa008_035 ซึ่ง โปรแกรม จะ ทำ หน้าที่ เลียนแบบ เหมือน วงจร ให้ ตัวตั้งเวลา และ ตัวนับ 
LOG (lattice-best-path[5.5.1009~1-e4940]:main():lattice-best-path.cc:99) For utterance COF009_Pa009_029, best cost 1367.45 + 75767.7 = 77135.2 over 768 frames.
COF009_Pa009_029 เมื่อ จึง สัญญาณ ทำ จะ ผู้ ออกมา ทิ้ง ดัน ตัวอักษร ตาม รหัส ของ ข้อมูล ต่างๆ 
LOG (lattice-best-path[5.5.1009~1-e4940]:main():lattice-best-path.cc:99) For utterance COF009_Pa009_030, best cost 597.973 + 27112.7 = 27710.7 over 282 frames.
COF009_Pa009_030 เฉลี่ย คอก ราศี พบ ตัว ว่า 
LOG (lattice-best-path[5.5.1009~1-e4940]:main():lattice-best-path.cc:99) For utterance COF009_Pa009_031, best cost 758.937 + 42161.1 = 42920 over 449 frames.
COF009_Pa009_031 ยาว รอบ การ ทาง ทำ หน้าที่ รับ ตะพานหนู 
LOG (lattice-best-path[5.5.1009~1-e4940]:main():lattice-best-path.cc:99) For utterance COF009_Pa009_032, best cost 762.645 + 43078.3 = 43840.9 over 456 frames.
COF009_Pa009_032 ประชาชน ยัง ขาด ความรู้ ความเข้าใจ เรือน ยา 
LOG (lattice-best-path[5.5.1009~1-e4940]:main():lattice-best-path.cc:99) For utterance COF009_Pa009_033, best cost 1032.85 + 50960.3 = 51993.2 over 532 frames.
COF009_Pa009_033 การ วุ้น แปะ แผน ใน ปาก หรือ แพทย์ ที่ ริมฝีปาก บ่อยๆ 
LOG (lattice-best-path[5.5.1009~1-e4940]:main():lattice-best-path.cc:99) For utterance COF009_Pa009_034, best cost 614.157 + 32527.3 = 33141.5 over 361 frames.
COF009_Pa009_034 จน ดุ เหมือนว่า โฮล กระดาษ ได้ 
LOG (lattice-best-path[5.5.1009~1-e4940]:main():lattice-best-path.cc:99) For utterance COF009_Pa009_035, best cost 1430.47 + 65338 = 66768.5 over 675 frames.
COF009_Pa009_035 การ ทำงาน ด้วย สอบ มา ซึ่ง มี มี ตรวจ ต้น นี้ จึง มี มี การ ขึ้น ที่ ทาง ควร 
LOG (lattice-best-path[5.5.1009~1-e4940]:main():lattice-best-path.cc:99) For utterance COF011_Pa011_029, best cost 787.915 + 41422.2 = 42210.1 over 441 frames.
COF011_Pa011_029 ตัวอักษร นั้น จะ ปรากฏ เขื่อน บน บน โทรทัศน์ 
LOG (lattice-best-path[5.5.1009~1-e4940]:main():lattice-best-path.cc:99) For utterance COF011_Pa011_030, best cost 1590.49 + 138551 = 140142 over 1576 frames.
COF011_Pa011_030 ประกอบด้วย โพแทสเซียม แคลเซียม โซเดียม แมกนีเซียม ฟอสฟอรัส คลอไรด์ ซิเทรต เล็ก ทองแดง และ ไอโอดีน 
LOG (lattice-best-path[5.5.1009~1-e4940]:main():lattice-best-path.cc:99) For utterance COF011_Pa011_031, best cost 657.544 + 36052.5 = 36710.1 over 391 frames.
COF011_Pa011_031 การ ช่วย รับ ส่วน ยื่น ของ กระเบื้อง 
LOG (lattice-best-path[5.5.1009~1-e4940]:main():lattice-best-path.cc:99) For utterance COF011_Pa011_032, best cost 570.045 + 34419.6 = 34989.6 over 377 frames.
COF011_Pa011_032 และ จาก การ ที่ มี คู่แข่งขัน มาก 
LOG (lattice-best-path[5.5.1009~1-e4940]:main():lattice-best-path.cc:99) For utterance COF011_Pa011_033, best cost 492.432 + 27199.7 = 27692.2 over 295 frames.
COF011_Pa011_033 ภาค ขม ขนาด มี ราศี 
LOG (lattice-best-path[5.5.1009~1-e4940]:main():lattice-best-path.cc:99) For utterance COF011_Pa011_034, best cost 647.218 + 52917.4 = 53564.6 over 615 frames.
COF011_Pa011_034 2 ต่อ ทรานซิสเตอร์ การ ประโยชน์ หน่วยงาน 
LOG (lattice-best-path[5.5.1009~1-e4940]:main():lattice-best-path.cc:99) For utterance COF011_Pa011_035, best cost 820.692 + 53607.9 = 54428.6 over 601 frames.
COF011_Pa011_035 ผู้ใช้ จะ ต้อง เคี่ยว โปรแกรม ผู้ใช้ ทิ้ง ก่อน 
LOG (lattice-best-path[5.5.1009~1-e4940]:main():lattice-best-path.cc:99) For utterance COF014_Pa014_029, best cost 909.302 + 56134.6 = 57043.9 over 641 frames.
COF014_Pa014_029 ก็ สามารถ เรียก ออกมา แสดง บน บน โทรทัศน์ ได้ 
LOG (lattice-best-path[5.5.1009~1-e4940]:main():lattice-best-path.cc:99) For utterance COF014_Pa014_030, best cost 697.839 + 44306 = 45003.8 over 483 frames.
COF014_Pa014_030 เคลือบ ด้วย วัสดุ ต่างๆ การ 7 ผ่าน 
LOG (lattice-best-path[5.5.1009~1-e4940]:main():lattice-best-path.cc:99) For utterance COF014_Pa014_031, best cost 702.212 + 38486.4 = 39188.6 over 442 frames.
COF014_Pa014_031 ดาบ ตรวจ ที่ นิยม ทำ มี ดังนี้ 
LOG (lattice-best-path[5.5.1009~1-e4940]:main():lattice-best-path.cc:99) For utterance COF014_Pa014_032, best cost 892.74 + 81077 = 81969.7 over 896 frames.
COF014_Pa014_032 เมื่อ พิจารณา ปลา การ ของ สมุนไพร ใน ประเทศที่พัฒนาแล้ว 
LOG (lattice-best-path[5.5.1009~1-e4940]:main():lattice-best-path.cc:99) For utterance COF014_Pa014_033, best cost 655.224 + 41674.8 = 42330 over 454 frames.
COF014_Pa014_033 จึง นิยม ภาค จาก ยุโรป อีกด้วย 
LOG (lattice-best-path[5.5.1009~1-e4940]:main():lattice-best-path.cc:99) For utterance COF014_Pa014_034, best cost 719.72 + 49816.3 = 50536 over 566 frames.
COF014_Pa014_034 กล่าวคือ เครื่อง แสง เลเซอร์ มี ความ พร้อมเพรียง 
LOG (lattice-best-path[5.5.1009~1-e4940]:main():lattice-best-path.cc:99) For utterance COF014_Pa014_035, best cost 2665.91 + 213942 = 216607 over 2428 frames.
COF014_Pa014_035 นอกจากนี้ ยังมี นักศึกษา ที่ ได้ ช่วย สร้าง และ ทดสอบ วงจร คือ จิระศักดิ์ ตันปรียชญา ที่ ปิด นำ 7 กัน หนัก ลม และ กิติพจน์ สิทธิเลิศพิศาล 
LOG (lattice-best-path[5.5.1009~1-e4940]:main():lattice-best-path.cc:99) For utterance COF017_Pa017_029, best cost 1653.23 + 87063.6 = 88716.8 over 958 frames.
COF017_Pa017_029 อย่างไรก็ตาม มี ปัจจุบัน มี เพื่อ รับส่ง แบบ จะ โทรทัศน์ บาง แบบ สามารถ ที่ มี ข่าวสาร ไม่ ดุ ได้ ด้วย 
LOG (lattice-best-path[5.5.1009~1-e4940]:main():lattice-best-path.cc:99) For utterance COF017_Pa017_030, best cost 741.033 + 35358.2 = 36099.2 over 378 frames.
COF017_Pa017_030 และ ไป เป็น แกน การ ตัว แบบ แกน ทั้ง 
LOG (lattice-best-path[5.5.1009~1-e4940]:main():lattice-best-path.cc:99) For utterance COF017_Pa017_031, best cost 1439.83 + 72759.9 = 74199.8 over 777 frames.
COF017_Pa017_031 แย็ค เศษ ตาม ลักษณะ ของ รูปร่าง เช่น กระเบื้อง แห้ง มอง กระเบื้อง หาง ตัด กระเบื้อง ของ 
LOG (lattice-best-path[5.5.1009~1-e4940]:main():lattice-best-path.cc:99) For utterance COF017_Pa017_032, best cost 1248.91 + 75280.7 = 76529.6 over 818 frames.
COF017_Pa017_032 เนื่องจาก กว่า ความ เป็น ที่ แหลม จาน ยา และ และ ตกค้าง กระบวนการ และ 
LOG (lattice-best-path[5.5.1009~1-e4940]:main():lattice-best-path.cc:99) For utterance COF017_Pa017_033, best cost 811.463 + 43804.7 = 44616.1 over 481 frames.
COF017_Pa017_033 ใส่ เสื้อ ผู้ ขึ้น กรองคอ กรองสังเวียน กรองสมรด 
LOG (lattice-best-path[5.5.1009~1-e4940]:main():lattice-best-path.cc:99) For utterance COF017_Pa017_034, best cost 637.673 + 32835.9 = 33473.6 over 372 frames.
COF017_Pa017_034 เมื่อ สายตา เป็น ปวด ต่าง เลเซอร์ 
LOG (lattice-best-path[5.5.1009~1-e4940]:main():lattice-best-path.cc:99) For utterance COF017_Pa017_035, best cost 775.306 + 49273.8 = 50049.1 over 522 frames.
COF017_Pa017_035 โลก ที่ 3 เส้นกราฟ อุณหภูมิ ของ เตาเอพิแทกซี 
LOG (lattice-best-path[5.5.1009~1-e4940]:main():lattice-best-path.cc:99) For utterance COF020_Pa020_029, best cost 907.103 + 56046.3 = 56953.4 over 636 frames.
COF020_Pa020_029 เมื่อ เปรียบเทียบ กับ อัตรา ถ่ายทอด ข้อมูล ของ เครื่อง ใช้ 
LOG (lattice-best-path[5.5.1009~1-e4940]:main():lattice-best-path.cc:99) For utterance COF020_Pa020_030, best cost 2385.46 + 140269 = 142654 over 1605 frames.
COF020_Pa020_030 ผ้า และ สถานที่ ให้ การ เป็น นักวิชาการ และ เทคนิค ใด การ ปฏิบัติการ ฝน หลวง ใน พ.ศ. 2516 เป็นต้นมา จน ตาก เท่า ทุกวัน นี้ 
LOG (lattice-best-path[5.5.1009~1-e4940]:main():lattice-best-path.cc:99) For utterance COF020_Pa020_031, best cost 955.299 + 45917.2 = 46872.5 over 515 frames.
COF020_Pa020_031 ถ้า มุง ด้วย กระเบื้อง การ กระเบื้อง ขอบ เป็น ส่วน ปิด 
LOG (lattice-best-path[5.5.1009~1-e4940]:main():lattice-best-path.cc:99) For utterance COF020_Pa020_032, best cost 749.922 + 36777.5 = 37527.4 over 419 frames.
COF020_Pa020_032 การ ที่ จาก พัฒนา นำ ใช้ ไม่ ที่ คลั่ง 
LOG (lattice-best-path[5.5.1009~1-e4940]:main():lattice-best-path.cc:99) For utterance COF020_Pa020_033, best cost 1077.64 + 70013.7 = 71091.3 over 799 frames.
COF020_Pa020_033 การ เป็น ทาง ผ่าน หนู ผ้าเช็ดตัว ว่า ผ้าเคียนพุง และ ผ้าพาดไหล่ 
LOG (lattice-best-path[5.5.1009~1-e4940]:main():lattice-best-path.cc:99) For utterance COF020_Pa020_034, best cost 1190.88 + 72627 = 73817.9 over 851 frames.
COF020_Pa020_034 เลเซอร์ ทำ ขึ้น จาก ของ แทน ก๊าซ ของเหลว และ สาร การ ตัวนำ 
LOG (lattice-best-path[5.5.1009~1-e4940]:main():lattice-best-path.cc:99) For utterance COF020_Pa020_035, best cost 1958.65 + 92020.4 = 93979 over 1046 frames.
COF020_Pa020_035 จาก การ ทดลอง พบว่า โครงสร้าง ของ สาร ตัวนำ นี้ มี อยู่ ที่ ที่ เปลี่ยน ได้ อยู่ ใน ระบบ ออก ทั่ว หลอม ดิบ 
LOG (lattice-best-path[5.5.1009~1-e4940]:main():lattice-best-path.cc:99) For utterance COF024_Pa024_029, best cost 1776.84 + 92240.4 = 94017.3 over 1016 frames.
COF024_Pa024_029 ใน การ เพียง เส้นกราฟ เครื่อง จับ คอมพิวเตอร์ สัญญาณ ซึ่ง ตัวเลข แสดง รับ จาก เครื่อง ใช้ ให้ เป็น สัญญาณ ซึ่ง อุปมาน 
LOG (lattice-best-path[5.5.1009~1-e4940]:main():lattice-best-path.cc:99) For utterance COF024_Pa024_030, best cost 741.659 + 34031.6 = 34773.3 over 381 frames.
COF024_Pa024_030 ซึ่ง รายงาน วาด มี ฝน ตก เวลา ได้ 
LOG (lattice-best-path[5.5.1009~1-e4940]:main():lattice-best-path.cc:99) For utterance COF024_Pa024_031, best cost 1220.09 + 54975.3 = 56195.4 over 588 frames.
COF024_Pa024_031 มี ประโยชน์ เพื่อ เป็น ที่ ให้ ย่อม พัด ผ่าน จาก ใต้ถุน ขึ้น บน เรียน 
LOG (lattice-best-path[5.5.1009~1-e4940]:main():lattice-best-path.cc:99) For utterance COF024_Pa024_032, best cost 486.522 + 41225.5 = 41712.1 over 460 frames.
COF024_Pa024_032 2.2 อุตสาหกรรม ยาแผนปัจจุบัน 
LOG (lattice-best-path[5.5.1009~1-e4940]:main():lattice-best-path.cc:99) For utterance COF024_Pa024_033, best cost 2308.78 + 119749 = 122057 over 1282 frames.
COF024_Pa024_033 ศิลาจารึก ที่ มี เป็น หลักฐาน เอกสาร โบราณ ที่ บ่งบอก การ วัฒนธรรม ทาง ด้าน การ การ โรค อักษร ที่ ปรากฏ บน พื้นฐาน ดิน ไทย ทั้ง แรก 
LOG (lattice-best-path[5.5.1009~1-e4940]:main():lattice-best-path.cc:99) For utterance COF024_Pa024_034, best cost 875.374 + 49390.4 = 50265.7 over 543 frames.
COF024_Pa024_034 แต่ สิ้นเปลือง ค่าใช้จ่าย กับ กระดาษ เป็น ด้วย ไม่ จำเป็น 
LOG (lattice-best-path[5.5.1009~1-e4940]:main():lattice-best-path.cc:99) For utterance COF024_Pa024_035, best cost 1397.69 + 75890.4 = 77288.1 over 802 frames.
COF024_Pa024_035 นอกจากนี้ โครงสร้าง ของ คีย์บอร์ด ยัง เป็น โครงสร้าง พื้นฐาน ของ โหมด เก็บ กำลัง ทดสอบ ไป 
LOG (lattice-best-path[5.5.1009~1-e4940]:main():lattice-best-path.cc:99) For utterance COM025_Pa025_029, best cost 1104.98 + 54219.6 = 55324.6 over 584 frames.
COM025_Pa025_029 เพื่อ นำ ไป ทำการ ควบคุม การ จึง เส้นกราฟ หรือ ที่ รูป ต่อไป 
LOG (lattice-best-path[5.5.1009~1-e4940]:main():lattice-best-path.cc:99) For utterance COM025_Pa025_030, best cost 3608.97 + 182910 = 186519 over 2009 frames.
COM025_Pa025_030 4 จุด 3 7 ตาม ตรวจ ที่ และ บันทึก กับ เดือย แดด ตรวจ ฝน แบบ กระดาษ ได้ ของ สำนักงาน ปฏิบัติการ ฝน หลวง หรือ สถานี ตัวเลข การ ของ กรง อุดอู้ นิยม นิตยา ที่ ตั้ง อยู่ ที่ จังหวัด ที่ เป็น ทัน ปฏิบัติการ 
LOG (lattice-best-path[5.5.1009~1-e4940]:main():lattice-best-path.cc:99) For utterance COM025_Pa025_031, best cost 932.328 + 44768.2 = 45700.5 over 494 frames.
COM025_Pa025_031 และ เป็น ที่ ทำให้ อากาศ ภายใน หลาย ผ่าน ชง นี้ ได้ 
LOG (lattice-best-path[5.5.1009~1-e4940]:main():lattice-best-path.cc:99) For utterance COM025_Pa025_032, best cost 1638.35 + 98801.1 = 100439 over 1090 frames.
COM025_Pa025_032 โดย ทั่วไป ประชาชน ไทย นี้ พฤติกรรม การ รักษา การ เจ็บไข้ ของ ตนเอง และ ครอบครัว เป็น 3 แบบ คือ 
LOG (lattice-best-path[5.5.1009~1-e4940]:main():lattice-best-path.cc:99) For utterance COM025_Pa025_033, best cost 1435.81 + 63405.9 = 64841.7 over 691 frames.
COM025_Pa025_033 ไป ยัง ไม่ พบ จารึก อักษร ขอม โบราณ ใน แถบ ภาคเหนือ ตั้งแต่ จะ ที่ ตาก ขึ้นไป 
LOG (lattice-best-path[5.5.1009~1-e4940]:main():lattice-best-path.cc:99) For utterance COM025_Pa025_034, best cost 636.411 + 35750.7 = 36387.1 over 385 frames.
COM025_Pa025_034 รายละเอียด ของ ไมโครคอมพิวเตอร์ ชุด แรก ดังนี้ 
LOG (lattice-best-path[5.5.1009~1-e4940]:main():lattice-best-path.cc:99) For utterance COM025_Pa025_035, best cost 1236.19 + 66391.1 = 67627.3 over 729 frames.
COM025_Pa025_035 ช่วง นี้ กระแส ขึ้น จับ ค่ำคืน ยัง รวดเร็ว ตาม แรงดันไฟฟ้า ที่สุด เครน 
LOG (lattice-best-path[5.5.1009~1-e4940]:main():lattice-best-path.cc:99) For utterance COM027_Pa027_029, best cost 1455.79 + 98331.9 = 99787.7 over 1115 frames.
COM027_Pa027_029 เครื่อง ใช้ แบบ อิเล็กทรอนิกส์ ที่ ศาสนา นี้ วิธีการ ป้อน คำสั่ง หรือ ข้อมูล ปลาย วิธี 
LOG (lattice-best-path[5.5.1009~1-e4940]:main():lattice-best-path.cc:99) For utterance COM027_Pa027_030, best cost 2121.26 + 149997 = 152118 over 1677 frames.
COM027_Pa027_030 ผล ของ การ ประเมิน ประจำวัน วิเคราะห์ สำคัญ ต้องการ กำหนด เป้าหมาย หวัง ผล ใน การ วางแผน ปฏิบัติการ ใน หวาน วันรุ่งขึ้น 
LOG (lattice-best-path[5.5.1009~1-e4940]:main():lattice-best-path.cc:99) For utterance COM027_Pa027_031, best cost 521.101 + 33088.7 = 33609.8 over 385 frames.
COM027_Pa027_031 ด้วย มี บันได เป็น ตัวกลาง 
LOG (lattice-best-path[5.5.1009~1-e4940]:main():lattice-best-path.cc:99) For utterance COM027_Pa027_032, best cost 3205.45 + 181694 = 184899 over 2072 frames.
COM027_Pa027_032 การ ใน ว่า การ รักษา ตนเอง และ ก๊าซ พึ่งพา ภาค พื้น บาน นาน ดังนี้ ความ สำคัญ ต่อ คน ถ่าย เป็น จำนวน มาก โดยเฉพาะ ใน ชนบท ที่ หาง ใคร จะ สถานที่ บริการ ของ รับ 
LOG (lattice-best-path[5.5.1009~1-e4940]:main():lattice-best-path.cc:99) For utterance COM027_Pa027_033, best cost 597.341 + 37765.6 = 38362.9 over 429 frames.
COM027_Pa027_033 นี้ ข้อความ โครงการ ทั้งสอง ด้าน 
LOG (lattice-best-path[5.5.1009~1-e4940]:main():lattice-best-path.cc:99) For utterance COM027_Pa027_034, best cost 1218.5 + 86198.4 = 87416.9 over 968 frames.
COM027_Pa027_034 ความ ใน การ การ ใช้ คอมพิวเตอร์ แปล จึง จึง การ การ การ อีกครั้ง 
LOG (lattice-best-path[5.5.1009~1-e4940]:main():lattice-best-path.cc:99) For utterance COM027_Pa027_035, best cost 591.804 + 24432.8 = 25024.6 over 274 frames.
COM027_Pa027_035 เพื่อ ให้ เกิด เช่น ตาม ขึ้น ได้ 
LOG (lattice-best-path[5.5.1009~1-e4940]:main():lattice-best-path.cc:99) For utterance COM030_Pa030_029, best cost 615.746 + 31008.9 = 31624.7 over 348 frames.
COM030_Pa030_029 หรือ เครื่อง ไม่ สามารถ ปฏิบัติ ตาม ได้ 
LOG (lattice-best-path[5.5.1009~1-e4940]:main():lattice-best-path.cc:99) For utterance COM030_Pa030_030, best cost 1079.39 + 59845.6 = 60925 over 657 frames.
COM030_Pa030_030 ซึ่ง จึง การ ยอมรับ จาก ทั้ง ภายใน และ ต่างประเทศ ใน ระดับ 1 
LOG (lattice-best-path[5.5.1009~1-e4940]:main():lattice-best-path.cc:99) For utterance COM030_Pa030_031, best cost 393.403 + 23660.7 = 24054.1 over 253 frames.
COM030_Pa030_031 ทำมุม 45 องศา 
LOG (lattice-best-path[5.5.1009~1-e4940]:main():lattice-best-path.cc:99) For utterance COM030_Pa030_032, best cost 1931.77 + 115474 = 117405 over 1249 frames.
COM030_Pa030_032 การ ส่งเสริม การ การ สมุนไพร จึง จำเป็น ต้อง พิจารณา ที่ ความรู้ และ ความ สามารถ ของ ประชาชน โดยเฉพาะ การ ชนบท เป็น สำคัญ 
LOG (lattice-best-path[5.5.1009~1-e4940]:main():lattice-best-path.cc:99) For utterance COM030_Pa030_033, best cost 517.005 + 30496.1 = 31013.1 over 342 frames.
COM030_Pa030_033 พลังงาน คือ ความ สามารถ ทำงาน 
LOG (lattice-best-path[5.5.1009~1-e4940]:main():lattice-best-path.cc:99) For utterance COM030_Pa030_034, best cost 1252.59 + 85247.4 = 86500 over 950 frames.
COM030_Pa030_034 มี ดร. อุดม วโรตม์สิกขดิตถ์ และ ดร. นิตยา กาญจนะวรรณ เป็น หลักฐาน โครงการ 
LOG (lattice-best-path[5.5.1009~1-e4940]:main():lattice-best-path.cc:99) For utterance COM030_Pa030_035, best cost 2009.87 + 125100 = 127110 over 1319 frames.
COM030_Pa030_035 เพื่อ เป็น การ ทบทวน ความเข้าใจ ของ ทุก สาย ที่ เกี่ยวข้อง ตั้ง ภาพ รัฐบาล และ เอกชน กว่า ศูนย์เทคโนโลยีอิเล็กทรอนิกส์และคอมพิวเตอร์แห่งชาติ มี ความเป็นมา อย่างไร 
LOG (lattice-best-path[5.5.1009~1-e4940]:main():lattice-best-path.cc:99) For utterance COM032_Pa032_029, best cost 1063.36 + 58680 = 59743.4 over 659 frames.
COM032_Pa032_029 ซึ่ง ทำ ได้ ด้วย การ น้ำ ข้อมูล ต่างๆ บันทึก ไว้ ใน รูปแบบ หรือ 
LOG (lattice-best-path[5.5.1009~1-e4940]:main():lattice-best-path.cc:99) For utterance COM032_Pa032_030, best cost 1198.49 + 56158.6 = 57357.1 over 603 frames.
COM032_Pa032_030 เพื่อ ช่วยเหลือ พื้นที่ เกษตร ประจำ และ การ ขาดแคลน น้ำ เพื่อ การ วุฒิพงศ์ บริโภค 
LOG (lattice-best-path[5.5.1009~1-e4940]:main():lattice-best-path.cc:99) For utterance COM032_Pa032_031, best cost 839.507 + 32440.8 = 33280.3 over 356 frames.
COM032_Pa032_031 ส่วน บน ลม สอบ ตาม ตาม ของ ฝาด เป็น และ 
LOG (lattice-best-path[5.5.1009~1-e4940]:main():lattice-best-path.cc:99) For utterance COM032_Pa032_032, best cost 1678.3 + 83059.6 = 84737.9 over 904 frames.
COM032_Pa032_032 การ เลือก สมุนไพร ที่ จะ พัฒนา ไป การ ใน การ สาธารณสุขมูลฐาน มี หลัก เป็น ที่ จะ ต้อง ยึด ชื่อ ดัง ต่อไปนี้ 
LOG (lattice-best-path[5.5.1009~1-e4940]:main():lattice-best-path.cc:99) For utterance COM032_Pa032_033, best cost 691.252 + 36749.7 = 37440.9 over 412 frames.
COM032_Pa032_033 ความจริง ดินปืน มี พลังงาน อยู่ ไป แล้ว 
LOG (lattice-best-path[5.5.1009~1-e4940]:main():lattice-best-path.cc:99) For utterance COM032_Pa032_034, best cost 471.43 + 24150.4 = 24621.9 over 261 frames.
COM032_Pa032_034 และ กับ ต้อง ตัด คำกำกวม 
LOG (lattice-best-path[5.5.1009~1-e4940]:main():lattice-best-path.cc:99) For utterance COM032_Pa032_035, best cost 2317.44 + 156474 = 158791 over 1710 frames.
COM032_Pa032_035 ศูนย์เทคโนโลยีอิเล็กทรอนิกส์และคอมพิวเตอร์แห่งชาติ ตั้ง อยู่ ที่ ชั้น 6 ของ อาคาร สำนักงานปลัดกระทรวงฯ วิทยาศาสตร์ เทคโนโลยี และ การ พลังงาน ถนนพระราม6 พญาไท กรุงเทพฯ 10400 ตาราง ที่ 1 
LOG (lattice-best-path[5.5.1009~1-e4940]:main():lattice-best-path.cc:99) For utterance COM034_Pa034_029, best cost 1367.2 + 79837.7 = 81204.9 over 841 frames.
COM034_Pa034_029 กลไก ของ เครื่อง จาก บัตร ออก ตาม ต้องการ ด้วย อัตรา เร็ว ของ การ กดดัน อักษร 
LOG (lattice-best-path[5.5.1009~1-e4940]:main():lattice-best-path.cc:99) For utterance COM034_Pa034_030, best cost 741.294 + 38090.4 = 38831.7 over 414 frames.
COM034_Pa034_030 เพื่อ ระบาย น้ำ ออก จาก ถูก ลง ทะเล 
LOG (lattice-best-path[5.5.1009~1-e4940]:main():lattice-best-path.cc:99) For utterance COM034_Pa034_031, best cost 970.956 + 48234.1 = 49205.1 over 521 frames.
COM034_Pa034_031 ทำ ชัก ขึ้น เกศ บน นอกชาน ได้ เมื่อ เวลา ค่ำคืน 
LOG (lattice-best-path[5.5.1009~1-e4940]:main():lattice-best-path.cc:99) For utterance COM034_Pa034_032, best cost 594.355 + 32121 = 32715.4 over 348 frames.
COM034_Pa034_032 หรือ เป็น ยา ที่ การ ภายนอก เท่านั้น 
LOG (lattice-best-path[5.5.1009~1-e4940]:main():lattice-best-path.cc:99) For utterance COM034_Pa034_033, best cost 774.519 + 44691.8 = 45466.3 over 480 frames.
COM034_Pa034_033 นี้ ลักษณะ ใคร บ่งบอก เรียน อย่าง วงล้อเพลตัน 
LOG (lattice-best-path[5.5.1009~1-e4940]:main():lattice-best-path.cc:99) For utterance COM034_Pa034_034, best cost 390.558 + 29605.3 = 29995.8 over 313 frames.
COM034_Pa034_034 ข้อกำหนด ของ เวิร์ดโปรเซสเซอร์ 
LOG (lattice-best-path[5.5.1009~1-e4940]:main():lattice-best-path.cc:99) For utterance COM034_Pa034_035, best cost 1486.02 + 105715 = 107201 over 1122 frames.
COM034_Pa034_035 คณะกรรมการ ดังกล่าว นี้ รัฐมนตรี กว่า การ กระทรวง วิทยาศาสตร์ เทคโนโลยี และ การ พลังงาน เป็น ประธาน 
LOG (lattice-best-path[5.5.1009~1-e4940]:main():lattice-best-path.cc:99) For utterance COM036_Pa036_029, best cost 530.506 + 28877.3 = 29407.8 over 335 frames.
COM036_Pa036_029 แต่ ไม่ได้ ทำ หน้าที่ บัตร 
LOG (lattice-best-path[5.5.1009~1-e4940]:main():lattice-best-path.cc:99) For utterance COM036_Pa036_030, best cost 637.991 + 32562.5 = 33200.5 over 386 frames.
COM036_Pa036_030 มี อยู่ เคลือบ ทุก ค่า ของ ประเทศ 
LOG (lattice-best-path[5.5.1009~1-e4940]:main():lattice-best-path.cc:99) For utterance COM036_Pa036_031, best cost 478.787 + 32681.3 = 33160.1 over 398 frames.
COM036_Pa036_031 ต่อมา บ้านเมือง เจริญ ขึ้น 
LOG (lattice-best-path[5.5.1009~1-e4940]:main():lattice-best-path.cc:99) For utterance COM036_Pa036_032, best cost 759.629 + 52163.8 = 52923.4 over 619 frames.
COM036_Pa036_032 เพื่อ ให้ เป็น ที่ ยอมรับ ของ บุคคลากร เหล่านี้ 
LOG (lattice-best-path[5.5.1009~1-e4940]:main():lattice-best-path.cc:99) For utterance COM036_Pa036_033, best cost 730.099 + 49251.8 = 49981.9 over 580 frames.
COM036_Pa036_033 ซึ่ง ให้ การ ไนโตรเจน เหลว โรค ท่อแก้ว 
LOG (lattice-best-path[5.5.1009~1-e4940]:main():lattice-best-path.cc:99) For utterance COM036_Pa036_034, best cost 1605.27 + 94663.6 = 96268.9 over 1085 frames.
COM036_Pa036_034 ผลลัพธ์ ที่ ได้ ย่อม ไม่ เหมือนกัน 1 ที่ จาก ความ คลาดเคลื่อน เปลี่ยนแปลง ของ หรือ พูด จัด กระดาษ 
LOG (lattice-best-path[5.5.1009~1-e4940]:main():lattice-best-path.cc:99) For utterance COM036_Pa036_035, best cost 1032.57 + 76465.2 = 77497.7 over 919 frames.
COM036_Pa036_035 โดย มี รัฐมนตรี เรื่อย ว่า การ กระทรวง เป็น ประธาน เช่นกัน 
LOG (lattice-best-path[5.5.1009~1-e4940]:main():lattice-best-path.cc:99) For utterance COM037_Pa037_029, best cost 848.798 + 45893.8 = 46742.6 over 496 frames.
COM037_Pa037_029 ถ้า บัตร ถูก เจาะ พบ ต้อง โหมด ทั้งแผ่น 
LOG (lattice-best-path[5.5.1009~1-e4940]:main():lattice-best-path.cc:99) For utterance COM037_Pa037_030, best cost 567.566 + 37013.6 = 37581.2 over 421 frames.
COM037_Pa037_030 เนื้อ ก่อไฟ เรื่อง 5 หาร 
LOG (lattice-best-path[5.5.1009~1-e4940]:main():lattice-best-path.cc:99) For utterance COM037_Pa037_031, best cost 698.891 + 67048.2 = 67747.1 over 728 frames.
COM037_Pa037_031 ด้วย ปรับ พระราชประสงค์ ใน พระบาทสมเด็จพระเจ้าอยู่หัว 
LOG (lattice-best-path[5.5.1009~1-e4940]:main():lattice-best-path.cc:99) For utterance COM037_Pa037_032, best cost 546.678 + 34965.2 = 35511.9 over 387 frames.
COM037_Pa037_032 จึง จาก ได้ผล ใน การ รักษา 
LOG (lattice-best-path[5.5.1009~1-e4940]:main():lattice-best-path.cc:99) For utterance COM037_Pa037_033, best cost 788.337 + 45994.2 = 46782.5 over 495 frames.
COM037_Pa037_033 โลหะ ตรง ที่ ถูก แสง จัด หลอม 
LOG (lattice-best-path[5.5.1009~1-e4940]:main():lattice-best-path.cc:99) For utterance COM037_Pa037_034, best cost 500.82 + 46114.5 = 46615.3 over 513 frames.
COM037_Pa037_034 4.3.1 ส่วน ของ ซอฟท์แวร์ 
LOG (lattice-best-path[5.5.1009~1-e4940]:main():lattice-best-path.cc:99) For utterance COM037_Pa037_035, best cost 843.151 + 65945.7 = 66788.8 over 714 frames.
COM037_Pa037_035 รวมทั้ง ติดตาม ประเมินผล การ ดำเนินงาน ของ ศูนย์ฯ 
LOG (lattice-best-path[5.5.1009~1-e4940]:main():lattice-best-path.cc:99) For utterance COM040_Pa040_029, best cost 722.626 + 43082.6 = 43805.2 over 456 frames.
COM040_Pa040_029 ซึ่ง ถ้า การ วิธี บัตร ด้วย เครื่อง บัตร 
LOG (lattice-best-path[5.5.1009~1-e4940]:main():lattice-best-path.cc:99) For utterance COM040_Pa040_030, best cost 721.613 + 44293.6 = 45015.2 over 470 frames.
COM040_Pa040_030 ซึ่ง เกิดขึ้น เป็น ครั้งคราว ใน เอา เบงกอล 
LOG (lattice-best-path[5.5.1009~1-e4940]:main():lattice-best-path.cc:99) For utterance COM040_Pa040_031, best cost 1412.64 + 80933.8 = 82346.4 over 866 frames.
COM040_Pa040_031 เท่าๆ รู้จัก การ สมุนไพร ซึ่ง เป็น พืช ที่ มี สรรพคุณ ใน การ รักษา โรค บัตร ชนิด 
LOG (lattice-best-path[5.5.1009~1-e4940]:main():lattice-best-path.cc:99) For utterance COM040_Pa040_032, best cost 382.029 + 28061.3 = 28443.3 over 298 frames.
COM040_Pa040_032 สรรพคุณ และ วิธีใช้ 
LOG (lattice-best-path[5.5.1009~1-e4940]:main():lattice-best-path.cc:99) For utterance COM040_Pa040_033, best cost 480.6 + 31300.4 = 31781 over 348 frames.
COM040_Pa040_033 เวลา เตรียมตัว จาก เข้าเฝ้า 
LOG (lattice-best-path[5.5.1009~1-e4940]:main():lattice-best-path.cc:99) For utterance COM040_Pa040_034, best cost 711.629 + 49264.6 = 49976.3 over 525 frames.
COM040_Pa040_034 ศูนย์ฯ วิจัย อิเล็กทรอนิกส์ และ ภาควิชา อิเล็กทรอนิกส์ 
LOG (lattice-best-path[5.5.1009~1-e4940]:main():lattice-best-path.cc:99) For utterance COM040_Pa040_035, best cost 1070.43 + 76960 = 78030.4 over 816 frames.
COM040_Pa040_035 สำหรับ ภารกิจ ที่ จึง มอบหมาย เจาะ ดำเนินงาน ภายใต้ สำนักงานปลัดกระทรวงฯ 
LOG (lattice-best-path[5.5.1009~1-e4940]:main():lattice-best-path.cc:99) For utterance COM043_Pa043_029, best cost 2285.05 + 119407 = 121692 over 1208 frames.
COM043_Pa043_029 ใน ทำนอง เดียวกัน กับ การ เตรียม ข้อมูล ลง แถบแม่เหล็ก เรา สามารถ เรียง ข้อมูล จาก ปั้น อักษร ลง สุชาติ ตลับ จะ แม่เหล็ก และ ดิสเกตต์ ได้ เช่นกัน 
LOG (lattice-best-path[5.5.1009~1-e4940]:main():lattice-best-path.cc:99) For utterance COM043_Pa043_030, best cost 1107.96 + 68561.8 = 69669.8 over 749 frames.
COM043_Pa043_030 เป็น ไป ด้วย สัตว์ หาย นานา ชนิด เช่น งูพิษ ตะขาบ แมงป่อง 
LOG (lattice-best-path[5.5.1009~1-e4940]:main():lattice-best-path.cc:99) For utterance COM043_Pa043_031, best cost 1078.08 + 51060.6 = 52138.7 over 515 frames.
COM043_Pa043_031 รอบ ตาราง โรค จะ มี สรรพคุณ ใน 9 รักษา โรค ใน เหมือนกัน 
LOG (lattice-best-path[5.5.1009~1-e4940]:main():lattice-best-path.cc:99) For utterance COM043_Pa043_032, best cost 609.67 + 31364.6 = 31974.3 over 322 frames.
COM043_Pa043_032 ระงับ ประการ ข่าย และ กับ เสมหะ 
LOG (lattice-best-path[5.5.1009~1-e4940]:main():lattice-best-path.cc:99) For utterance COM043_Pa043_033, best cost 988.454 + 42370.6 = 43359.1 over 431 frames.
COM043_Pa043_033 คง เป็น รอย คิด ฝน การ พบ อยู่ กับ บาน เหลว 
LOG (lattice-best-path[5.5.1009~1-e4940]:main():lattice-best-path.cc:99) For utterance COM043_Pa043_034, best cost 595.655 + 27787.3 = 28383 over 287 frames.
COM043_Pa043_034 และ เกิด ก๊าซ ที่ ตลาด ได้ ง่าย 
LOG (lattice-best-path[5.5.1009~1-e4940]:main():lattice-best-path.cc:99) For utterance COM043_Pa043_035, best cost 575.188 + 41630 = 42205.2 over 425 frames.
COM043_Pa043_035 1 โครงการ เทคโนโลยี ระบบ ใช้ 
LOG (lattice-best-path[5.5.1009~1-e4940]:main():lattice-best-path.cc:99) For utterance COM044_Pa044_029, best cost 1394.2 + 51569.4 = 52963.6 over 551 frames.
COM044_Pa044_029 และ แถบ หรือ จาน แม่เหล็ก ที่ มา ชัก เครื่อง ทุก ข้อมูล แบบ ต่างๆ ก็ มี จำนวน มาก 
LOG (lattice-best-path[5.5.1009~1-e4940]:main():lattice-best-path.cc:99) For utterance COM044_Pa044_030, best cost 556.411 + 17572.4 = 18128.8 over 180 frames.
COM044_Pa044_030 เปราะ มี อายุ ฝน ตก หนัก 
LOG (lattice-best-path[5.5.1009~1-e4940]:main():lattice-best-path.cc:99) For utterance COM044_Pa044_031, best cost 968.845 + 50911.8 = 51880.6 over 545 frames.
COM044_Pa044_031 นอกจากนั้น ดัง ตำรวจ ผู้ใช้ ที่ ยา ประกอบ กัน เป็น เครื่องยา 
LOG (lattice-best-path[5.5.1009~1-e4940]:main():lattice-best-path.cc:99) For utterance COM044_Pa044_032, best cost 1100.15 + 46949.3 = 48049.4 over 487 frames.
COM044_Pa044_032 ให้ นำเอา ขมิ้น ที่ อุดอู้ เนื้อ ขมิ้น ถ้า บทเรียน ที่ ถูก ก๊าซ 
LOG (lattice-best-path[5.5.1009~1-e4940]:main():lattice-best-path.cc:99) For utterance COM044_Pa044_033, best cost 424.863 + 20731.4 = 21156.3 over 227 frames.
COM044_Pa044_033 พบ ลงมา การ ข้อพระหัตถ์ 
LOG (lattice-best-path[5.5.1009~1-e4940]:main():lattice-best-path.cc:99) For utterance COM044_Pa044_034, best cost 276.678 + 27224.8 = 27501.5 over 283 frames.
COM044_Pa044_034 สถาบันเทคโนโลยีพระจอมเกล้าลาดกระบัง 
LOG (lattice-best-path[5.5.1009~1-e4940]:main():lattice-best-path.cc:99) For utterance COM044_Pa044_035, best cost 719.245 + 40378.7 = 41097.9 over 441 frames.
COM044_Pa044_035 2 โครงการ ออกแบบ วงจรรวม ขนาด ใหญ่ มาก 
LOG (lattice-best-path[5.5.1009~1-e4940]:main():lattice-best-path.cc:99) For utterance COM046_Pa046_029, best cost 951.916 + 52864.8 = 53816.8 over 560 frames.
COM046_Pa046_029 ดู เชื่อม สถานี ป้อน ข้อมูล หลายๆ สถานี เขา ด้วย การ 
LOG (lattice-best-path[5.5.1009~1-e4940]:main():lattice-best-path.cc:99) For utterance COM046_Pa046_030, best cost 810.287 + 49546.2 = 50356.5 over 529 frames.
COM046_Pa046_030 เพื่อ ถ่ายเท ควันไฟ ออก จาก เรือนครัว ได้ สะดวก 
LOG (lattice-best-path[5.5.1009~1-e4940]:main():lattice-best-path.cc:99) For utterance COM046_Pa046_031, best cost 1210.46 + 69757.4 = 70967.9 over 761 frames.
COM046_Pa046_031 เพราะ เรา มี สมุนไพร หลาย ชนิด ที่ มี วิธีการ พุ่ง ง่ายๆ ไม่ ซับซ้อน 
LOG (lattice-best-path[5.5.1009~1-e4940]:main():lattice-best-path.cc:99) For utterance COM046_Pa046_032, best cost 836.062 + 48010.5 = 48846.6 over 527 frames.
COM046_Pa046_032 เพื่อ รักษา อาการ ของ หรือ เฟ้อ อาหาร ใน รอย 
LOG (lattice-best-path[5.5.1009~1-e4940]:main():lattice-best-path.cc:99) For utterance COM046_Pa046_033, best cost 1162.71 + 73730.4 = 74893.1 over 804 frames.
COM046_Pa046_033 หนุ่มหนุ่ม แล้ว เจ้าชู้ ลูกผู้ดี เห็น ชัดเจน รูป งาม ตาม เป็น พรวน 
LOG (lattice-best-path[5.5.1009~1-e4940]:main():lattice-best-path.cc:99) For utterance COM046_Pa046_034, best cost 352.78 + 31920 = 32272.8 over 356 frames.
COM046_Pa046_034 วุฒิพงศ์ เตชะดำรงสิน 
LOG (lattice-best-path[5.5.1009~1-e4940]:main():lattice-best-path.cc:99) For utterance COM046_Pa046_035, best cost 722.375 + 53328.2 = 54050.6 over 576 frames.
COM046_Pa046_035 เสีย โครงการ คอมพิวเตอร์ อิเล็กทรอนิกส์ ทาง การแพทย์ 
LOG (lattice-best-path[5.5.1009~1-e4940]:main():lattice-best-path.cc:99) For utterance COM047_Pa047_029, best cost 1520.09 + 81663.9 = 83184 over 865 frames.
COM047_Pa047_029 ส่วน การ จะ ดำ กับ ต้อง หลัง ใน การ บันทึก แถบ ที่ จาน แม่เหล็ก นั้น ควบคุม ด้วย ใช้ 
LOG (lattice-best-path[5.5.1009~1-e4940]:main():lattice-best-path.cc:99) For utterance COM047_Pa047_030, best cost 601.371 + 35357.1 = 35958.5 over 380 frames.
COM047_Pa047_030 ฤดูหนาว หนาว กว่า ภาคกลาง มาก 
LOG (lattice-best-path[5.5.1009~1-e4940]:main():lattice-best-path.cc:99) For utterance COM047_Pa047_031, best cost 1407.26 + 77955.1 = 79362.4 over 827 frames.
COM047_Pa047_031 เช่น จะ ได้ ว่า สมุนไพร สามารถ ช่วย รักษา โรค และ อาการ เจ็บป่วย เล็กๆน้อยๆ ดื้อยา อย่าง 
LOG (lattice-best-path[5.5.1009~1-e4940]:main():lattice-best-path.cc:99) For utterance COM047_Pa047_032, best cost 540.075 + 24526.8 = 25066.9 over 266 frames.
COM047_Pa047_032 ทิ้ง ค้างคืน ไม่ 1 คืน 
LOG (lattice-best-path[5.5.1009~1-e4940]:main():lattice-best-path.cc:99) For utterance COM047_Pa047_033, best cost 705.097 + 46369.6 = 47074.7 over 497 frames.
COM047_Pa047_033 เครื่องแบบ เก่า ทำให้ เสีย พระเกียรติยศ ด้วย 
LOG (lattice-best-path[5.5.1009~1-e4940]:main():lattice-best-path.cc:99) For utterance COM047_Pa047_034, best cost 2210.17 + 111790 = 114000 over 1215 frames.
COM047_Pa047_034 ใน เกาะ นี้ ที่ ลูกค้า จะ ย้าย ตก สามารถ ที่ จะ ทำ ได้ โดย การ ใส่ เล็ก ที่ โต๊ะ เดิม และ เล็ก ที่ ตก ใน บน จอภาพ 
LOG (lattice-best-path[5.5.1009~1-e4940]:main():lattice-best-path.cc:99) For utterance COM047_Pa047_035, best cost 821.836 + 63095.8 = 63917.6 over 670 frames.
COM047_Pa047_035 เฮิรทซ์ โครงการ การ พัฒนา วงจรอิเล็กทรอนิกส์ เพื่อ อุตสาหกรรม 
LOG (lattice-best-path[5.5.1009~1-e4940]:main():lattice-best-path.cc:124) Overall cost per frame is 92.9163 = 1.58824 [graph] + 91.328 [acoustic] over 104898 frames.
LOG (lattice-best-path[5.5.1009~1-e4940]:main():lattice-best-path.cc:128) Done 168 lattices, failed for 0
# Accounting: time=0 threads=1
# Ended (code 0) at Thu Mar 17 09:39:47 UTC 2022, elapsed time 0 seconds
