# build-tree --verbose=1 --max-leaves=2000 --cluster-thresh=-1 exp/tri1/treeacc data/lang/phones/roots.int exp/tri1/questions.qst data/lang/topo exp/tri1/tree 
# Started at Thu Mar 17 09:39:56 UTC 2022
#
build-tree --verbose=1 --max-leaves=2000 --cluster-thresh=-1 exp/tri1/treeacc data/lang/phones/roots.int exp/tri1/questions.qst data/lang/topo exp/tri1/tree 
LOG (build-tree[5.5.1009~1-e4940]:main():build-tree.cc:104) Number of separate statistics is 22471
LOG (build-tree[5.5.1009~1-e4940]:BuildTree():build-tree.cc:161) BuildTree: before building trees, map has 76 leaves.
LOG (build-tree[5.5.1009~1-e4940]:SplitDecisionTree():build-tree-utils.cc:577) DoDecisionTreeSplit: split 1421 times, #leaves now 1497
LOG (build-tree[5.5.1009~1-e4940]:BuildTree():build-tree.cc:187) Setting clustering threshold to smallest split 300.238
VLOG[1] (build-tree[5.5.1009~1-e4940]:BuildTree():build-tree.cc:196) After decision tree split, num-leaves = 1497, like-impr = 6.0421 per frame over 415065 frames.
VLOG[1] (build-tree[5.5.1009~1-e4940]:BuildTree():build-tree.cc:200) Including just phones that were split, improvement is 6.0421 per frame over 415065 frames.
LOG (build-tree[5.5.1009~1-e4940]:BuildTree():build-tree.cc:215) BuildTree: removed 421 leaves.
VLOG[1] (build-tree[5.5.1009~1-e4940]:ClusterEventMapToNClustersRestrictedByMap():build-tree-utils.cc:914) Number of non-empty clusters in map = 72
VLOG[1] (build-tree[5.5.1009~1-e4940]:ClusterEventMapToNClustersRestrictedByMap():build-tree-utils.cc:915) Number of non-empty clusters = 1072
LOG (build-tree[5.5.1009~1-e4940]:BuildTree():build-tree.cc:231) BuildTree: Rounded num leaves to multiple of 8 by removing 4 leaves.
VLOG[1] (build-tree[5.5.1009~1-e4940]:BuildTree():build-tree.cc:256) Objf change due to clustering -0.218751 per frame.
VLOG[1] (build-tree[5.5.1009~1-e4940]:BuildTree():build-tree.cc:259) Normalizing over only split phones, this is: -0.218751 per frame.
VLOG[1] (build-tree[5.5.1009~1-e4940]:BuildTree():build-tree.cc:262) Num-leaves is now 1072
VLOG[1] (build-tree[5.5.1009~1-e4940]:main():build-tree.cc:143) For pdf-id 6, low count 70
VLOG[1] (build-tree[5.5.1009~1-e4940]:main():build-tree.cc:143) For pdf-id 13, low count 90
VLOG[1] (build-tree[5.5.1009~1-e4940]:main():build-tree.cc:143) For pdf-id 15, low count 84
VLOG[1] (build-tree[5.5.1009~1-e4940]:main():build-tree.cc:143) For pdf-id 23, low count 81
VLOG[1] (build-tree[5.5.1009~1-e4940]:main():build-tree.cc:143) For pdf-id 24, low count 59
VLOG[1] (build-tree[5.5.1009~1-e4940]:main():build-tree.cc:143) For pdf-id 31, low count 90
VLOG[1] (build-tree[5.5.1009~1-e4940]:main():build-tree.cc:143) For pdf-id 35, low count 16
VLOG[1] (build-tree[5.5.1009~1-e4940]:main():build-tree.cc:143) For pdf-id 37, low count 15
VLOG[1] (build-tree[5.5.1009~1-e4940]:main():build-tree.cc:143) For pdf-id 38, low count 12
VLOG[1] (build-tree[5.5.1009~1-e4940]:main():build-tree.cc:143) For pdf-id 39, low count 44
VLOG[1] (build-tree[5.5.1009~1-e4940]:main():build-tree.cc:143) For pdf-id 41, low count 59
VLOG[1] (build-tree[5.5.1009~1-e4940]:main():build-tree.cc:143) For pdf-id 42, low count 93
VLOG[1] (build-tree[5.5.1009~1-e4940]:main():build-tree.cc:143) For pdf-id 46, low count 93
VLOG[1] (build-tree[5.5.1009~1-e4940]:main():build-tree.cc:143) For pdf-id 51, low count 14
VLOG[1] (build-tree[5.5.1009~1-e4940]:main():build-tree.cc:143) For pdf-id 52, low count 63
VLOG[1] (build-tree[5.5.1009~1-e4940]:main():build-tree.cc:143) For pdf-id 53, low count 99
VLOG[1] (build-tree[5.5.1009~1-e4940]:main():build-tree.cc:143) For pdf-id 54, low count 58
VLOG[1] (build-tree[5.5.1009~1-e4940]:main():build-tree.cc:143) For pdf-id 56, low count 10
VLOG[1] (build-tree[5.5.1009~1-e4940]:main():build-tree.cc:143) For pdf-id 58, low count 0
VLOG[1] (build-tree[5.5.1009~1-e4940]:main():build-tree.cc:143) For pdf-id 60, low count 0
VLOG[1] (build-tree[5.5.1009~1-e4940]:main():build-tree.cc:143) For pdf-id 61, low count 40
VLOG[1] (build-tree[5.5.1009~1-e4940]:main():build-tree.cc:143) For pdf-id 62, low count 0
VLOG[1] (build-tree[5.5.1009~1-e4940]:main():build-tree.cc:143) For pdf-id 63, low count 36
VLOG[1] (build-tree[5.5.1009~1-e4940]:main():build-tree.cc:143) For pdf-id 65, low count 90
VLOG[1] (build-tree[5.5.1009~1-e4940]:main():build-tree.cc:143) For pdf-id 72, low count 71
VLOG[1] (build-tree[5.5.1009~1-e4940]:main():build-tree.cc:143) For pdf-id 73, low count 0
VLOG[1] (build-tree[5.5.1009~1-e4940]:main():build-tree.cc:143) For pdf-id 75, low count 34
VLOG[1] (build-tree[5.5.1009~1-e4940]:main():build-tree.cc:143) For pdf-id 89, low count 10
VLOG[1] (build-tree[5.5.1009~1-e4940]:main():build-tree.cc:143) For pdf-id 93, low count 33
VLOG[1] (build-tree[5.5.1009~1-e4940]:main():build-tree.cc:143) For pdf-id 94, low count 78
VLOG[1] (build-tree[5.5.1009~1-e4940]:main():build-tree.cc:143) For pdf-id 103, low count 50
VLOG[1] (build-tree[5.5.1009~1-e4940]:main():build-tree.cc:143) For pdf-id 116, low count 90
VLOG[1] (build-tree[5.5.1009~1-e4940]:main():build-tree.cc:143) For pdf-id 117, low count 61
VLOG[1] (build-tree[5.5.1009~1-e4940]:main():build-tree.cc:143) For pdf-id 120, low count 65
VLOG[1] (build-tree[5.5.1009~1-e4940]:main():build-tree.cc:143) For pdf-id 123, low count 34
VLOG[1] (build-tree[5.5.1009~1-e4940]:main():build-tree.cc:143) For pdf-id 132, low count 36
VLOG[1] (build-tree[5.5.1009~1-e4940]:main():build-tree.cc:143) For pdf-id 137, low count 83
VLOG[1] (build-tree[5.5.1009~1-e4940]:main():build-tree.cc:143) For pdf-id 139, low count 38
VLOG[1] (build-tree[5.5.1009~1-e4940]:main():build-tree.cc:143) For pdf-id 143, low count 29
VLOG[1] (build-tree[5.5.1009~1-e4940]:main():build-tree.cc:143) For pdf-id 147, low count 17
VLOG[1] (build-tree[5.5.1009~1-e4940]:main():build-tree.cc:143) For pdf-id 171, low count 60
VLOG[1] (build-tree[5.5.1009~1-e4940]:main():build-tree.cc:143) For pdf-id 172, low count 39
VLOG[1] (build-tree[5.5.1009~1-e4940]:main():build-tree.cc:143) For pdf-id 175, low count 30
VLOG[1] (build-tree[5.5.1009~1-e4940]:main():build-tree.cc:143) For pdf-id 183, low count 68
VLOG[1] (build-tree[5.5.1009~1-e4940]:main():build-tree.cc:143) For pdf-id 185, low count 49
VLOG[1] (build-tree[5.5.1009~1-e4940]:main():build-tree.cc:143) For pdf-id 198, low count 93
VLOG[1] (build-tree[5.5.1009~1-e4940]:main():build-tree.cc:143) For pdf-id 207, low count 68
VLOG[1] (build-tree[5.5.1009~1-e4940]:main():build-tree.cc:143) For pdf-id 210, low count 19
VLOG[1] (build-tree[5.5.1009~1-e4940]:main():build-tree.cc:143) For pdf-id 213, low count 44
VLOG[1] (build-tree[5.5.1009~1-e4940]:main():build-tree.cc:143) For pdf-id 214, low count 98
VLOG[1] (build-tree[5.5.1009~1-e4940]:main():build-tree.cc:143) For pdf-id 216, low count 44
VLOG[1] (build-tree[5.5.1009~1-e4940]:main():build-tree.cc:143) For pdf-id 217, low count 96
VLOG[1] (build-tree[5.5.1009~1-e4940]:main():build-tree.cc:143) For pdf-id 236, low count 60
VLOG[1] (build-tree[5.5.1009~1-e4940]:main():build-tree.cc:143) For pdf-id 246, low count 72
VLOG[1] (build-tree[5.5.1009~1-e4940]:main():build-tree.cc:143) For pdf-id 249, low count 92
VLOG[1] (build-tree[5.5.1009~1-e4940]:main():build-tree.cc:143) For pdf-id 258, low count 57
VLOG[1] (build-tree[5.5.1009~1-e4940]:main():build-tree.cc:143) For pdf-id 259, low count 84
VLOG[1] (build-tree[5.5.1009~1-e4940]:main():build-tree.cc:143) For pdf-id 262, low count 76
VLOG[1] (build-tree[5.5.1009~1-e4940]:main():build-tree.cc:143) For pdf-id 268, low count 31
VLOG[1] (build-tree[5.5.1009~1-e4940]:main():build-tree.cc:143) For pdf-id 279, low count 70
VLOG[1] (build-tree[5.5.1009~1-e4940]:main():build-tree.cc:143) For pdf-id 285, low count 19
VLOG[1] (build-tree[5.5.1009~1-e4940]:main():build-tree.cc:143) For pdf-id 297, low count 31
VLOG[1] (build-tree[5.5.1009~1-e4940]:main():build-tree.cc:143) For pdf-id 304, low count 53
VLOG[1] (build-tree[5.5.1009~1-e4940]:main():build-tree.cc:143) For pdf-id 306, low count 31
VLOG[1] (build-tree[5.5.1009~1-e4940]:main():build-tree.cc:143) For pdf-id 308, low count 60
VLOG[1] (build-tree[5.5.1009~1-e4940]:main():build-tree.cc:143) For pdf-id 309, low count 85
VLOG[1] (build-tree[5.5.1009~1-e4940]:main():build-tree.cc:143) For pdf-id 310, low count 59
VLOG[1] (build-tree[5.5.1009~1-e4940]:main():build-tree.cc:143) For pdf-id 311, low count 36
VLOG[1] (build-tree[5.5.1009~1-e4940]:main():build-tree.cc:143) For pdf-id 313, low count 99
VLOG[1] (build-tree[5.5.1009~1-e4940]:main():build-tree.cc:143) For pdf-id 314, low count 52
VLOG[1] (build-tree[5.5.1009~1-e4940]:main():build-tree.cc:143) For pdf-id 315, low count 47
VLOG[1] (build-tree[5.5.1009~1-e4940]:main():build-tree.cc:143) For pdf-id 320, low count 24
VLOG[1] (build-tree[5.5.1009~1-e4940]:main():build-tree.cc:143) For pdf-id 322, low count 60
VLOG[1] (build-tree[5.5.1009~1-e4940]:main():build-tree.cc:143) For pdf-id 323, low count 54
VLOG[1] (build-tree[5.5.1009~1-e4940]:main():build-tree.cc:143) For pdf-id 329, low count 16
VLOG[1] (build-tree[5.5.1009~1-e4940]:main():build-tree.cc:143) For pdf-id 334, low count 39
VLOG[1] (build-tree[5.5.1009~1-e4940]:main():build-tree.cc:143) For pdf-id 335, low count 23
VLOG[1] (build-tree[5.5.1009~1-e4940]:main():build-tree.cc:143) For pdf-id 339, low count 97
VLOG[1] (build-tree[5.5.1009~1-e4940]:main():build-tree.cc:143) For pdf-id 349, low count 71
VLOG[1] (build-tree[5.5.1009~1-e4940]:main():build-tree.cc:143) For pdf-id 354, low count 67
VLOG[1] (build-tree[5.5.1009~1-e4940]:main():build-tree.cc:143) For pdf-id 358, low count 59
VLOG[1] (build-tree[5.5.1009~1-e4940]:main():build-tree.cc:143) For pdf-id 364, low count 43
VLOG[1] (build-tree[5.5.1009~1-e4940]:main():build-tree.cc:143) For pdf-id 371, low count 88
VLOG[1] (build-tree[5.5.1009~1-e4940]:main():build-tree.cc:143) For pdf-id 372, low count 67
VLOG[1] (build-tree[5.5.1009~1-e4940]:main():build-tree.cc:143) For pdf-id 377, low count 18
VLOG[1] (build-tree[5.5.1009~1-e4940]:main():build-tree.cc:143) For pdf-id 378, low count 33
VLOG[1] (build-tree[5.5.1009~1-e4940]:main():build-tree.cc:143) For pdf-id 383, low count 75
VLOG[1] (build-tree[5.5.1009~1-e4940]:main():build-tree.cc:143) For pdf-id 385, low count 73
VLOG[1] (build-tree[5.5.1009~1-e4940]:main():build-tree.cc:143) For pdf-id 389, low count 13
VLOG[1] (build-tree[5.5.1009~1-e4940]:main():build-tree.cc:143) For pdf-id 398, low count 89
VLOG[1] (build-tree[5.5.1009~1-e4940]:main():build-tree.cc:143) For pdf-id 399, low count 84
VLOG[1] (build-tree[5.5.1009~1-e4940]:main():build-tree.cc:143) For pdf-id 400, low count 37
VLOG[1] (build-tree[5.5.1009~1-e4940]:main():build-tree.cc:143) For pdf-id 401, low count 71
VLOG[1] (build-tree[5.5.1009~1-e4940]:main():build-tree.cc:143) For pdf-id 414, low count 55
VLOG[1] (build-tree[5.5.1009~1-e4940]:main():build-tree.cc:143) For pdf-id 418, low count 45
VLOG[1] (build-tree[5.5.1009~1-e4940]:main():build-tree.cc:143) For pdf-id 419, low count 19
VLOG[1] (build-tree[5.5.1009~1-e4940]:main():build-tree.cc:143) For pdf-id 421, low count 45
VLOG[1] (build-tree[5.5.1009~1-e4940]:main():build-tree.cc:143) For pdf-id 431, low count 23
VLOG[1] (build-tree[5.5.1009~1-e4940]:main():build-tree.cc:143) For pdf-id 432, low count 54
VLOG[1] (build-tree[5.5.1009~1-e4940]:main():build-tree.cc:143) For pdf-id 434, low count 15
VLOG[1] (build-tree[5.5.1009~1-e4940]:main():build-tree.cc:143) For pdf-id 436, low count 29
VLOG[1] (build-tree[5.5.1009~1-e4940]:main():build-tree.cc:143) For pdf-id 439, low count 23
VLOG[1] (build-tree[5.5.1009~1-e4940]:main():build-tree.cc:143) For pdf-id 442, low count 26
VLOG[1] (build-tree[5.5.1009~1-e4940]:main():build-tree.cc:143) For pdf-id 443, low count 16
VLOG[1] (build-tree[5.5.1009~1-e4940]:main():build-tree.cc:143) For pdf-id 447, low count 16
VLOG[1] (build-tree[5.5.1009~1-e4940]:main():build-tree.cc:143) For pdf-id 459, low count 31
VLOG[1] (build-tree[5.5.1009~1-e4940]:main():build-tree.cc:143) For pdf-id 461, low count 28
VLOG[1] (build-tree[5.5.1009~1-e4940]:main():build-tree.cc:143) For pdf-id 469, low count 28
VLOG[1] (build-tree[5.5.1009~1-e4940]:main():build-tree.cc:143) For pdf-id 470, low count 18
VLOG[1] (build-tree[5.5.1009~1-e4940]:main():build-tree.cc:143) For pdf-id 471, low count 21
VLOG[1] (build-tree[5.5.1009~1-e4940]:main():build-tree.cc:143) For pdf-id 472, low count 12
VLOG[1] (build-tree[5.5.1009~1-e4940]:main():build-tree.cc:143) For pdf-id 474, low count 32
VLOG[1] (build-tree[5.5.1009~1-e4940]:main():build-tree.cc:143) For pdf-id 475, low count 78
VLOG[1] (build-tree[5.5.1009~1-e4940]:main():build-tree.cc:143) For pdf-id 476, low count 34
VLOG[1] (build-tree[5.5.1009~1-e4940]:main():build-tree.cc:143) For pdf-id 485, low count 97
VLOG[1] (build-tree[5.5.1009~1-e4940]:main():build-tree.cc:143) For pdf-id 488, low count 24
VLOG[1] (build-tree[5.5.1009~1-e4940]:main():build-tree.cc:143) For pdf-id 489, low count 69
VLOG[1] (build-tree[5.5.1009~1-e4940]:main():build-tree.cc:143) For pdf-id 491, low count 39
VLOG[1] (build-tree[5.5.1009~1-e4940]:main():build-tree.cc:143) For pdf-id 492, low count 30
VLOG[1] (build-tree[5.5.1009~1-e4940]:main():build-tree.cc:143) For pdf-id 493, low count 66
VLOG[1] (build-tree[5.5.1009~1-e4940]:main():build-tree.cc:143) For pdf-id 494, low count 39
VLOG[1] (build-tree[5.5.1009~1-e4940]:main():build-tree.cc:143) For pdf-id 495, low count 18
VLOG[1] (build-tree[5.5.1009~1-e4940]:main():build-tree.cc:143) For pdf-id 496, low count 39
VLOG[1] (build-tree[5.5.1009~1-e4940]:main():build-tree.cc:143) For pdf-id 505, low count 64
VLOG[1] (build-tree[5.5.1009~1-e4940]:main():build-tree.cc:143) For pdf-id 517, low count 81
VLOG[1] (build-tree[5.5.1009~1-e4940]:main():build-tree.cc:143) For pdf-id 518, low count 35
VLOG[1] (build-tree[5.5.1009~1-e4940]:main():build-tree.cc:143) For pdf-id 520, low count 82
VLOG[1] (build-tree[5.5.1009~1-e4940]:main():build-tree.cc:143) For pdf-id 522, low count 18
VLOG[1] (build-tree[5.5.1009~1-e4940]:main():build-tree.cc:143) For pdf-id 524, low count 22
VLOG[1] (build-tree[5.5.1009~1-e4940]:main():build-tree.cc:143) For pdf-id 529, low count 48
VLOG[1] (build-tree[5.5.1009~1-e4940]:main():build-tree.cc:143) For pdf-id 533, low count 18
VLOG[1] (build-tree[5.5.1009~1-e4940]:main():build-tree.cc:143) For pdf-id 535, low count 26
VLOG[1] (build-tree[5.5.1009~1-e4940]:main():build-tree.cc:143) For pdf-id 538, low count 7
VLOG[1] (build-tree[5.5.1009~1-e4940]:main():build-tree.cc:143) For pdf-id 540, low count 30
VLOG[1] (build-tree[5.5.1009~1-e4940]:main():build-tree.cc:143) For pdf-id 550, low count 89
VLOG[1] (build-tree[5.5.1009~1-e4940]:main():build-tree.cc:143) For pdf-id 553, low count 14
VLOG[1] (build-tree[5.5.1009~1-e4940]:main():build-tree.cc:143) For pdf-id 555, low count 44
VLOG[1] (build-tree[5.5.1009~1-e4940]:main():build-tree.cc:143) For pdf-id 556, low count 64
VLOG[1] (build-tree[5.5.1009~1-e4940]:main():build-tree.cc:143) For pdf-id 561, low count 19
VLOG[1] (build-tree[5.5.1009~1-e4940]:main():build-tree.cc:143) For pdf-id 562, low count 47
VLOG[1] (build-tree[5.5.1009~1-e4940]:main():build-tree.cc:143) For pdf-id 563, low count 65
VLOG[1] (build-tree[5.5.1009~1-e4940]:main():build-tree.cc:143) For pdf-id 569, low count 56
VLOG[1] (build-tree[5.5.1009~1-e4940]:main():build-tree.cc:143) For pdf-id 570, low count 27
VLOG[1] (build-tree[5.5.1009~1-e4940]:main():build-tree.cc:143) For pdf-id 571, low count 37
VLOG[1] (build-tree[5.5.1009~1-e4940]:main():build-tree.cc:143) For pdf-id 572, low count 31
VLOG[1] (build-tree[5.5.1009~1-e4940]:main():build-tree.cc:143) For pdf-id 578, low count 12
VLOG[1] (build-tree[5.5.1009~1-e4940]:main():build-tree.cc:143) For pdf-id 585, low count 60
VLOG[1] (build-tree[5.5.1009~1-e4940]:main():build-tree.cc:143) For pdf-id 586, low count 31
VLOG[1] (build-tree[5.5.1009~1-e4940]:main():build-tree.cc:143) For pdf-id 595, low count 19
VLOG[1] (build-tree[5.5.1009~1-e4940]:main():build-tree.cc:143) For pdf-id 601, low count 79
VLOG[1] (build-tree[5.5.1009~1-e4940]:main():build-tree.cc:143) For pdf-id 603, low count 23
VLOG[1] (build-tree[5.5.1009~1-e4940]:main():build-tree.cc:143) For pdf-id 618, low count 16
VLOG[1] (build-tree[5.5.1009~1-e4940]:main():build-tree.cc:143) For pdf-id 619, low count 76
VLOG[1] (build-tree[5.5.1009~1-e4940]:main():build-tree.cc:143) For pdf-id 636, low count 21
VLOG[1] (build-tree[5.5.1009~1-e4940]:main():build-tree.cc:143) For pdf-id 638, low count 39
VLOG[1] (build-tree[5.5.1009~1-e4940]:main():build-tree.cc:143) For pdf-id 640, low count 18
VLOG[1] (build-tree[5.5.1009~1-e4940]:main():build-tree.cc:143) For pdf-id 647, low count 79
VLOG[1] (build-tree[5.5.1009~1-e4940]:main():build-tree.cc:143) For pdf-id 648, low count 47
VLOG[1] (build-tree[5.5.1009~1-e4940]:main():build-tree.cc:143) For pdf-id 652, low count 31
VLOG[1] (build-tree[5.5.1009~1-e4940]:main():build-tree.cc:143) For pdf-id 654, low count 10
VLOG[1] (build-tree[5.5.1009~1-e4940]:main():build-tree.cc:143) For pdf-id 657, low count 21
VLOG[1] (build-tree[5.5.1009~1-e4940]:main():build-tree.cc:143) For pdf-id 658, low count 18
VLOG[1] (build-tree[5.5.1009~1-e4940]:main():build-tree.cc:143) For pdf-id 659, low count 96
VLOG[1] (build-tree[5.5.1009~1-e4940]:main():build-tree.cc:143) For pdf-id 660, low count 77
VLOG[1] (build-tree[5.5.1009~1-e4940]:main():build-tree.cc:143) For pdf-id 661, low count 44
VLOG[1] (build-tree[5.5.1009~1-e4940]:main():build-tree.cc:143) For pdf-id 662, low count 92
VLOG[1] (build-tree[5.5.1009~1-e4940]:main():build-tree.cc:143) For pdf-id 668, low count 68
VLOG[1] (build-tree[5.5.1009~1-e4940]:main():build-tree.cc:143) For pdf-id 671, low count 65
VLOG[1] (build-tree[5.5.1009~1-e4940]:main():build-tree.cc:143) For pdf-id 676, low count 15
VLOG[1] (build-tree[5.5.1009~1-e4940]:main():build-tree.cc:143) For pdf-id 683, low count 57
VLOG[1] (build-tree[5.5.1009~1-e4940]:main():build-tree.cc:143) For pdf-id 692, low count 43
VLOG[1] (build-tree[5.5.1009~1-e4940]:main():build-tree.cc:143) For pdf-id 693, low count 32
VLOG[1] (build-tree[5.5.1009~1-e4940]:main():build-tree.cc:143) For pdf-id 694, low count 79
VLOG[1] (build-tree[5.5.1009~1-e4940]:main():build-tree.cc:143) For pdf-id 696, low count 24
VLOG[1] (build-tree[5.5.1009~1-e4940]:main():build-tree.cc:143) For pdf-id 697, low count 97
VLOG[1] (build-tree[5.5.1009~1-e4940]:main():build-tree.cc:143) For pdf-id 699, low count 23
VLOG[1] (build-tree[5.5.1009~1-e4940]:main():build-tree.cc:143) For pdf-id 700, low count 61
VLOG[1] (build-tree[5.5.1009~1-e4940]:main():build-tree.cc:143) For pdf-id 704, low count 12
VLOG[1] (build-tree[5.5.1009~1-e4940]:main():build-tree.cc:143) For pdf-id 714, low count 23
VLOG[1] (build-tree[5.5.1009~1-e4940]:main():build-tree.cc:143) For pdf-id 715, low count 61
VLOG[1] (build-tree[5.5.1009~1-e4940]:main():build-tree.cc:143) For pdf-id 720, low count 31
VLOG[1] (build-tree[5.5.1009~1-e4940]:main():build-tree.cc:143) For pdf-id 723, low count 23
VLOG[1] (build-tree[5.5.1009~1-e4940]:main():build-tree.cc:143) For pdf-id 734, low count 71
VLOG[1] (build-tree[5.5.1009~1-e4940]:main():build-tree.cc:143) For pdf-id 735, low count 38
VLOG[1] (build-tree[5.5.1009~1-e4940]:main():build-tree.cc:143) For pdf-id 739, low count 40
VLOG[1] (build-tree[5.5.1009~1-e4940]:main():build-tree.cc:143) For pdf-id 743, low count 52
VLOG[1] (build-tree[5.5.1009~1-e4940]:main():build-tree.cc:143) For pdf-id 746, low count 63
VLOG[1] (build-tree[5.5.1009~1-e4940]:main():build-tree.cc:143) For pdf-id 750, low count 88
VLOG[1] (build-tree[5.5.1009~1-e4940]:main():build-tree.cc:143) For pdf-id 751, low count 19
VLOG[1] (build-tree[5.5.1009~1-e4940]:main():build-tree.cc:143) For pdf-id 752, low count 16
VLOG[1] (build-tree[5.5.1009~1-e4940]:main():build-tree.cc:143) For pdf-id 756, low count 19
VLOG[1] (build-tree[5.5.1009~1-e4940]:main():build-tree.cc:143) For pdf-id 758, low count 54
VLOG[1] (build-tree[5.5.1009~1-e4940]:main():build-tree.cc:143) For pdf-id 759, low count 60
VLOG[1] (build-tree[5.5.1009~1-e4940]:main():build-tree.cc:143) For pdf-id 760, low count 61
VLOG[1] (build-tree[5.5.1009~1-e4940]:main():build-tree.cc:143) For pdf-id 762, low count 35
VLOG[1] (build-tree[5.5.1009~1-e4940]:main():build-tree.cc:143) For pdf-id 764, low count 49
VLOG[1] (build-tree[5.5.1009~1-e4940]:main():build-tree.cc:143) For pdf-id 767, low count 63
VLOG[1] (build-tree[5.5.1009~1-e4940]:main():build-tree.cc:143) For pdf-id 768, low count 34
VLOG[1] (build-tree[5.5.1009~1-e4940]:main():build-tree.cc:143) For pdf-id 773, low count 66
VLOG[1] (build-tree[5.5.1009~1-e4940]:main():build-tree.cc:143) For pdf-id 777, low count 52
VLOG[1] (build-tree[5.5.1009~1-e4940]:main():build-tree.cc:143) For pdf-id 778, low count 93
VLOG[1] (build-tree[5.5.1009~1-e4940]:main():build-tree.cc:143) For pdf-id 779, low count 34
VLOG[1] (build-tree[5.5.1009~1-e4940]:main():build-tree.cc:143) For pdf-id 782, low count 76
VLOG[1] (build-tree[5.5.1009~1-e4940]:main():build-tree.cc:143) For pdf-id 783, low count 59
VLOG[1] (build-tree[5.5.1009~1-e4940]:main():build-tree.cc:143) For pdf-id 789, low count 36
VLOG[1] (build-tree[5.5.1009~1-e4940]:main():build-tree.cc:143) For pdf-id 790, low count 60
VLOG[1] (build-tree[5.5.1009~1-e4940]:main():build-tree.cc:143) For pdf-id 795, low count 55
VLOG[1] (build-tree[5.5.1009~1-e4940]:main():build-tree.cc:143) For pdf-id 796, low count 26
VLOG[1] (build-tree[5.5.1009~1-e4940]:main():build-tree.cc:143) For pdf-id 799, low count 40
VLOG[1] (build-tree[5.5.1009~1-e4940]:main():build-tree.cc:143) For pdf-id 806, low count 12
VLOG[1] (build-tree[5.5.1009~1-e4940]:main():build-tree.cc:143) For pdf-id 808, low count 72
VLOG[1] (build-tree[5.5.1009~1-e4940]:main():build-tree.cc:143) For pdf-id 810, low count 16
VLOG[1] (build-tree[5.5.1009~1-e4940]:main():build-tree.cc:143) For pdf-id 811, low count 97
VLOG[1] (build-tree[5.5.1009~1-e4940]:main():build-tree.cc:143) For pdf-id 817, low count 61
VLOG[1] (build-tree[5.5.1009~1-e4940]:main():build-tree.cc:143) For pdf-id 820, low count 24
VLOG[1] (build-tree[5.5.1009~1-e4940]:main():build-tree.cc:143) For pdf-id 821, low count 7
VLOG[1] (build-tree[5.5.1009~1-e4940]:main():build-tree.cc:143) For pdf-id 829, low count 32
VLOG[1] (build-tree[5.5.1009~1-e4940]:main():build-tree.cc:143) For pdf-id 832, low count 38
VLOG[1] (build-tree[5.5.1009~1-e4940]:main():build-tree.cc:143) For pdf-id 833, low count 10
VLOG[1] (build-tree[5.5.1009~1-e4940]:main():build-tree.cc:143) For pdf-id 837, low count 14
VLOG[1] (build-tree[5.5.1009~1-e4940]:main():build-tree.cc:143) For pdf-id 838, low count 86
VLOG[1] (build-tree[5.5.1009~1-e4940]:main():build-tree.cc:143) For pdf-id 842, low count 57
VLOG[1] (build-tree[5.5.1009~1-e4940]:main():build-tree.cc:143) For pdf-id 845, low count 46
VLOG[1] (build-tree[5.5.1009~1-e4940]:main():build-tree.cc:143) For pdf-id 849, low count 21
VLOG[1] (build-tree[5.5.1009~1-e4940]:main():build-tree.cc:143) For pdf-id 857, low count 98
VLOG[1] (build-tree[5.5.1009~1-e4940]:main():build-tree.cc:143) For pdf-id 858, low count 67
VLOG[1] (build-tree[5.5.1009~1-e4940]:main():build-tree.cc:143) For pdf-id 859, low count 99
VLOG[1] (build-tree[5.5.1009~1-e4940]:main():build-tree.cc:143) For pdf-id 864, low count 28
VLOG[1] (build-tree[5.5.1009~1-e4940]:main():build-tree.cc:143) For pdf-id 865, low count 52
VLOG[1] (build-tree[5.5.1009~1-e4940]:main():build-tree.cc:143) For pdf-id 866, low count 84
VLOG[1] (build-tree[5.5.1009~1-e4940]:main():build-tree.cc:143) For pdf-id 869, low count 53
VLOG[1] (build-tree[5.5.1009~1-e4940]:main():build-tree.cc:143) For pdf-id 878, low count 55
VLOG[1] (build-tree[5.5.1009~1-e4940]:main():build-tree.cc:143) For pdf-id 880, low count 82
VLOG[1] (build-tree[5.5.1009~1-e4940]:main():build-tree.cc:143) For pdf-id 881, low count 10
VLOG[1] (build-tree[5.5.1009~1-e4940]:main():build-tree.cc:143) For pdf-id 882, low count 95
VLOG[1] (build-tree[5.5.1009~1-e4940]:main():build-tree.cc:143) For pdf-id 888, low count 57
VLOG[1] (build-tree[5.5.1009~1-e4940]:main():build-tree.cc:143) For pdf-id 893, low count 49
VLOG[1] (build-tree[5.5.1009~1-e4940]:main():build-tree.cc:143) For pdf-id 894, low count 22
VLOG[1] (build-tree[5.5.1009~1-e4940]:main():build-tree.cc:143) For pdf-id 897, low count 88
VLOG[1] (build-tree[5.5.1009~1-e4940]:main():build-tree.cc:143) For pdf-id 898, low count 79
VLOG[1] (build-tree[5.5.1009~1-e4940]:main():build-tree.cc:143) For pdf-id 900, low count 32
VLOG[1] (build-tree[5.5.1009~1-e4940]:main():build-tree.cc:143) For pdf-id 901, low count 35
VLOG[1] (build-tree[5.5.1009~1-e4940]:main():build-tree.cc:143) For pdf-id 902, low count 59
VLOG[1] (build-tree[5.5.1009~1-e4940]:main():build-tree.cc:143) For pdf-id 903, low count 62
VLOG[1] (build-tree[5.5.1009~1-e4940]:main():build-tree.cc:143) For pdf-id 911, low count 71
VLOG[1] (build-tree[5.5.1009~1-e4940]:main():build-tree.cc:143) For pdf-id 912, low count 51
VLOG[1] (build-tree[5.5.1009~1-e4940]:main():build-tree.cc:143) For pdf-id 922, low count 37
VLOG[1] (build-tree[5.5.1009~1-e4940]:main():build-tree.cc:143) For pdf-id 924, low count 28
VLOG[1] (build-tree[5.5.1009~1-e4940]:main():build-tree.cc:143) For pdf-id 932, low count 54
VLOG[1] (build-tree[5.5.1009~1-e4940]:main():build-tree.cc:143) For pdf-id 934, low count 85
VLOG[1] (build-tree[5.5.1009~1-e4940]:main():build-tree.cc:143) For pdf-id 935, low count 66
VLOG[1] (build-tree[5.5.1009~1-e4940]:main():build-tree.cc:143) For pdf-id 944, low count 86
VLOG[1] (build-tree[5.5.1009~1-e4940]:main():build-tree.cc:143) For pdf-id 946, low count 86
VLOG[1] (build-tree[5.5.1009~1-e4940]:main():build-tree.cc:143) For pdf-id 973, low count 82
VLOG[1] (build-tree[5.5.1009~1-e4940]:main():build-tree.cc:143) For pdf-id 983, low count 33
VLOG[1] (build-tree[5.5.1009~1-e4940]:main():build-tree.cc:143) For pdf-id 988, low count 98
VLOG[1] (build-tree[5.5.1009~1-e4940]:main():build-tree.cc:143) For pdf-id 991, low count 50
VLOG[1] (build-tree[5.5.1009~1-e4940]:main():build-tree.cc:143) For pdf-id 993, low count 43
VLOG[1] (build-tree[5.5.1009~1-e4940]:main():build-tree.cc:143) For pdf-id 995, low count 63
VLOG[1] (build-tree[5.5.1009~1-e4940]:main():build-tree.cc:143) For pdf-id 1003, low count 66
VLOG[1] (build-tree[5.5.1009~1-e4940]:main():build-tree.cc:143) For pdf-id 1014, low count 88
VLOG[1] (build-tree[5.5.1009~1-e4940]:main():build-tree.cc:143) For pdf-id 1024, low count 15
VLOG[1] (build-tree[5.5.1009~1-e4940]:main():build-tree.cc:143) For pdf-id 1031, low count 91
VLOG[1] (build-tree[5.5.1009~1-e4940]:main():build-tree.cc:143) For pdf-id 1038, low count 79
VLOG[1] (build-tree[5.5.1009~1-e4940]:main():build-tree.cc:143) For pdf-id 1042, low count 90
VLOG[1] (build-tree[5.5.1009~1-e4940]:main():build-tree.cc:143) For pdf-id 1048, low count 16
VLOG[1] (build-tree[5.5.1009~1-e4940]:main():build-tree.cc:143) For pdf-id 1060, low count 27
VLOG[1] (build-tree[5.5.1009~1-e4940]:main():build-tree.cc:143) For pdf-id 1068, low count 29
VLOG[1] (build-tree[5.5.1009~1-e4940]:main():build-tree.cc:143) For pdf-id 1069, low count 74
VLOG[1] (build-tree[5.5.1009~1-e4940]:main():build-tree.cc:143) For pdf-id 1070, low count 98
VLOG[1] (build-tree[5.5.1009~1-e4940]:main():build-tree.cc:143) For pdf-id 1071, low count 14
WARNING (build-tree[5.5.1009~1-e4940]:main():build-tree.cc:185) Saw no stats for following phones: 2 3 4 5 6 7 8 9 12 14 16 18 20 22 24 26 28 30 32 34 36 38 40 42 44 46 48 50 52 54 56 58 60 62 64 66 68 70 72 74 76 78 80 82 84 86 88 90 92 94 96 98 100 102 104 106 108 110 112 114 116 118 120 122 124 126 128 130 132 134 136 138 140 142 144 146 148 149 150 152 154 156 157 158 160 162 163 166 167 170 171 174 175 178 179 180 182 183 186 187 190 191 194 195 198 199 202 203 206 207 210 211 214 215 218 219 222 223 226 227 230 231 234 235 236 237 238 239 242 243 244 245 246 247 250 251 252 253 254 255 258 259 262 263 266 267 270 271 274 275 278 279 282 283 286 287 290 291 294 295 296 297 298 299 302 303 304 306 
LOG (build-tree[5.5.1009~1-e4940]:main():build-tree.cc:189) Wrote tree
# Accounting: time=4 threads=1
# Ended (code 0) at Thu Mar 17 09:40:00 UTC 2022, elapsed time 4 seconds
