# gmm-init-model --write-occs=exp/tri1/1.occs exp/tri1/tree exp/tri1/treeacc data/lang/topo exp/tri1/1.mdl 
# Started at Thu Mar 17 09:40:00 UTC 2022
#
gmm-init-model --write-occs=exp/tri1/1.occs exp/tri1/tree exp/tri1/treeacc data/lang/topo exp/tri1/1.mdl 
LOG (gmm-init-model[5.5.1009~1-e4940]:main():gmm-init-model.cc:271) Number of separate statistics is 22471
WARNING (gmm-init-model[5.5.1009~1-e4940]:InitAmGmm():gmm-init-model.cc:55) Tree has pdf-id 58 with no stats; corresponding phone list: 235 236 237 238 
WARNING (gmm-init-model[5.5.1009~1-e4940]:InitAmGmm():gmm-init-model.cc:55) Tree has pdf-id 60 with no stats; corresponding phone list: 243 244 245 246 
WARNING (gmm-init-model[5.5.1009~1-e4940]:InitAmGmm():gmm-init-model.cc:55) Tree has pdf-id 62 with no stats; corresponding phone list: 251 252 253 254 
WARNING (gmm-init-model[5.5.1009~1-e4940]:InitAmGmm():gmm-init-model.cc:55) Tree has pdf-id 73 with no stats; corresponding phone list: 295 296 297 298 
WARNING (gmm-init-model[5.5.1009~1-e4940]:InitAmGmm():gmm-init-model.cc:83) Very small count for state 6: 70; corresponding phone list: 27 28 29 30 
WARNING (gmm-init-model[5.5.1009~1-e4940]:InitAmGmm():gmm-init-model.cc:83) Very small count for state 13: 90; corresponding phone list: 55 56 57 58 
WARNING (gmm-init-model[5.5.1009~1-e4940]:InitAmGmm():gmm-init-model.cc:83) Very small count for state 15: 84; corresponding phone list: 63 64 65 66 
WARNING (gmm-init-model[5.5.1009~1-e4940]:InitAmGmm():gmm-init-model.cc:83) Very small count for state 23: 81; corresponding phone list: 95 96 97 98 
WARNING (gmm-init-model[5.5.1009~1-e4940]:InitAmGmm():gmm-init-model.cc:83) Very small count for state 24: 59; corresponding phone list: 99 100 101 102 
WARNING (gmm-init-model[5.5.1009~1-e4940]:InitAmGmm():gmm-init-model.cc:83) Very small count for state 31: 90; corresponding phone list: 127 128 129 130 
WARNING (gmm-init-model[5.5.1009~1-e4940]:InitAmGmm():gmm-init-model.cc:83) Very small count for state 35: 16; corresponding phone list: 143 144 145 146 
WARNING (gmm-init-model[5.5.1009~1-e4940]:InitAmGmm():gmm-init-model.cc:83) Very small count for state 37: 15; corresponding phone list: 151 152 153 154 
WARNING (gmm-init-model[5.5.1009~1-e4940]:InitAmGmm():gmm-init-model.cc:83) Very small count for state 38: 12; corresponding phone list: 155 156 157 158 
WARNING (gmm-init-model[5.5.1009~1-e4940]:InitAmGmm():gmm-init-model.cc:83) Very small count for state 39: 44; corresponding phone list: 159 160 161 162 
WARNING (gmm-init-model[5.5.1009~1-e4940]:InitAmGmm():gmm-init-model.cc:83) Very small count for state 41: 59; corresponding phone list: 167 168 169 170 
WARNING (gmm-init-model[5.5.1009~1-e4940]:InitAmGmm():gmm-init-model.cc:83) Very small count for state 42: 93; corresponding phone list: 171 172 173 174 
WARNING (gmm-init-model[5.5.1009~1-e4940]:InitAmGmm():gmm-init-model.cc:83) Very small count for state 46: 93; corresponding phone list: 187 188 189 190 
WARNING (gmm-init-model[5.5.1009~1-e4940]:InitAmGmm():gmm-init-model.cc:83) Very small count for state 51: 14; corresponding phone list: 208 
WARNING (gmm-init-model[5.5.1009~1-e4940]:InitAmGmm():gmm-init-model.cc:83) Very small count for state 52: 63; corresponding phone list: 211 212 213 214 
WARNING (gmm-init-model[5.5.1009~1-e4940]:InitAmGmm():gmm-init-model.cc:83) Very small count for state 53: 99; corresponding phone list: 215 216 217 218 
WARNING (gmm-init-model[5.5.1009~1-e4940]:InitAmGmm():gmm-init-model.cc:83) Very small count for state 54: 58; corresponding phone list: 219 220 221 222 
WARNING (gmm-init-model[5.5.1009~1-e4940]:InitAmGmm():gmm-init-model.cc:83) Very small count for state 56: 10; corresponding phone list: 227 228 229 230 
WARNING (gmm-init-model[5.5.1009~1-e4940]:InitAmGmm():gmm-init-model.cc:83) Very small count for state 61: 40; corresponding phone list: 247 248 249 250 
WARNING (gmm-init-model[5.5.1009~1-e4940]:InitAmGmm():gmm-init-model.cc:83) Very small count for state 63: 36; corresponding phone list: 255 256 257 258 
WARNING (gmm-init-model[5.5.1009~1-e4940]:InitAmGmm():gmm-init-model.cc:83) Very small count for state 65: 90; corresponding phone list: 263 264 265 266 
WARNING (gmm-init-model[5.5.1009~1-e4940]:InitAmGmm():gmm-init-model.cc:83) Very small count for state 72: 71; corresponding phone list: 291 292 293 294 
WARNING (gmm-init-model[5.5.1009~1-e4940]:InitAmGmm():gmm-init-model.cc:83) Very small count for state 75: 34; corresponding phone list: 303 304 305 306 
WARNING (gmm-init-model[5.5.1009~1-e4940]:InitAmGmm():gmm-init-model.cc:83) Very small count for state 89: 10; corresponding phone list: 175 176 177 178 
WARNING (gmm-init-model[5.5.1009~1-e4940]:InitAmGmm():gmm-init-model.cc:83) Very small count for state 93: 33; corresponding phone list: 223 224 225 226 
WARNING (gmm-init-model[5.5.1009~1-e4940]:InitAmGmm():gmm-init-model.cc:83) Very small count for state 94: 78; corresponding phone list: 163 164 165 166 
WARNING (gmm-init-model[5.5.1009~1-e4940]:InitAmGmm():gmm-init-model.cc:83) Very small count for state 103: 50; corresponding phone list: 19 20 21 22 
WARNING (gmm-init-model[5.5.1009~1-e4940]:InitAmGmm():gmm-init-model.cc:83) Very small count for state 116: 90; corresponding phone list: 263 264 265 266 
WARNING (gmm-init-model[5.5.1009~1-e4940]:InitAmGmm():gmm-init-model.cc:83) Very small count for state 117: 61; corresponding phone list: 247 248 249 250 
WARNING (gmm-init-model[5.5.1009~1-e4940]:InitAmGmm():gmm-init-model.cc:83) Very small count for state 120: 65; corresponding phone list: 11 12 13 14 
WARNING (gmm-init-model[5.5.1009~1-e4940]:InitAmGmm():gmm-init-model.cc:83) Very small count for state 123: 34; corresponding phone list: 91 92 93 94 
WARNING (gmm-init-model[5.5.1009~1-e4940]:InitAmGmm():gmm-init-model.cc:83) Very small count for state 132: 36; corresponding phone list: 191 192 193 194 
WARNING (gmm-init-model[5.5.1009~1-e4940]:InitAmGmm():gmm-init-model.cc:83) Very small count for state 137: 83; corresponding phone list: 239 240 241 242 
WARNING (gmm-init-model[5.5.1009~1-e4940]:InitAmGmm():gmm-init-model.cc:83) Very small count for state 139: 38; corresponding phone list: 67 68 69 70 
WARNING (gmm-init-model[5.5.1009~1-e4940]:InitAmGmm():gmm-init-model.cc:83) Very small count for state 143: 29; corresponding phone list: 200 
WARNING (gmm-init-model[5.5.1009~1-e4940]:InitAmGmm():gmm-init-model.cc:83) Very small count for state 147: 17; corresponding phone list: 279 280 281 282 
WARNING (gmm-init-model[5.5.1009~1-e4940]:InitAmGmm():gmm-init-model.cc:83) Very small count for state 171: 60; corresponding phone list: 219 220 221 222 
WARNING (gmm-init-model[5.5.1009~1-e4940]:InitAmGmm():gmm-init-model.cc:83) Very small count for state 172: 39; corresponding phone list: 191 192 193 194 
WARNING (gmm-init-model[5.5.1009~1-e4940]:InitAmGmm():gmm-init-model.cc:83) Very small count for state 175: 30; corresponding phone list: 167 168 169 170 
WARNING (gmm-init-model[5.5.1009~1-e4940]:InitAmGmm():gmm-init-model.cc:83) Very small count for state 183: 68; corresponding phone list: 119 120 121 122 
WARNING (gmm-init-model[5.5.1009~1-e4940]:InitAmGmm():gmm-init-model.cc:83) Very small count for state 185: 49; corresponding phone list: 55 56 57 58 
WARNING (gmm-init-model[5.5.1009~1-e4940]:InitAmGmm():gmm-init-model.cc:83) Very small count for state 198: 93; corresponding phone list: 83 84 85 86 
WARNING (gmm-init-model[5.5.1009~1-e4940]:InitAmGmm():gmm-init-model.cc:83) Very small count for state 207: 68; corresponding phone list: 167 168 169 170 
WARNING (gmm-init-model[5.5.1009~1-e4940]:InitAmGmm():gmm-init-model.cc:83) Very small count for state 210: 19; corresponding phone list: 203 204 205 206 
WARNING (gmm-init-model[5.5.1009~1-e4940]:InitAmGmm():gmm-init-model.cc:83) Very small count for state 213: 44; corresponding phone list: 215 216 217 218 
WARNING (gmm-init-model[5.5.1009~1-e4940]:InitAmGmm():gmm-init-model.cc:83) Very small count for state 214: 98; corresponding phone list: 87 88 89 90 
WARNING (gmm-init-model[5.5.1009~1-e4940]:InitAmGmm():gmm-init-model.cc:83) Very small count for state 216: 44; corresponding phone list: 259 260 261 262 
WARNING (gmm-init-model[5.5.1009~1-e4940]:InitAmGmm():gmm-init-model.cc:83) Very small count for state 217: 96; corresponding phone list: 31 32 33 34 
WARNING (gmm-init-model[5.5.1009~1-e4940]:InitAmGmm():gmm-init-model.cc:83) Very small count for state 236: 60; corresponding phone list: 175 176 177 178 
WARNING (gmm-init-model[5.5.1009~1-e4940]:InitAmGmm():gmm-init-model.cc:83) Very small count for state 246: 72; corresponding phone list: 187 188 189 190 
WARNING (gmm-init-model[5.5.1009~1-e4940]:InitAmGmm():gmm-init-model.cc:83) Very small count for state 249: 92; corresponding phone list: 59 60 61 62 
WARNING (gmm-init-model[5.5.1009~1-e4940]:InitAmGmm():gmm-init-model.cc:83) Very small count for state 258: 57; corresponding phone list: 123 124 125 126 
WARNING (gmm-init-model[5.5.1009~1-e4940]:InitAmGmm():gmm-init-model.cc:83) Very small count for state 259: 84; corresponding phone list: 207 208 209 210 
WARNING (gmm-init-model[5.5.1009~1-e4940]:InitAmGmm():gmm-init-model.cc:83) Very small count for state 262: 76; corresponding phone list: 232 
WARNING (gmm-init-model[5.5.1009~1-e4940]:InitAmGmm():gmm-init-model.cc:83) Very small count for state 268: 31; corresponding phone list: 167 168 169 170 
WARNING (gmm-init-model[5.5.1009~1-e4940]:InitAmGmm():gmm-init-model.cc:83) Very small count for state 279: 70; corresponding phone list: 31 32 33 34 
WARNING (gmm-init-model[5.5.1009~1-e4940]:InitAmGmm():gmm-init-model.cc:83) Very small count for state 285: 19; corresponding phone list: 175 176 177 178 
WARNING (gmm-init-model[5.5.1009~1-e4940]:InitAmGmm():gmm-init-model.cc:83) Very small count for state 297: 31; corresponding phone list: 195 196 197 198 
WARNING (gmm-init-model[5.5.1009~1-e4940]:InitAmGmm():gmm-init-model.cc:83) Very small count for state 304: 53; corresponding phone list: 167 168 169 170 
WARNING (gmm-init-model[5.5.1009~1-e4940]:InitAmGmm():gmm-init-model.cc:83) Very small count for state 306: 31; corresponding phone list: 232 
WARNING (gmm-init-model[5.5.1009~1-e4940]:InitAmGmm():gmm-init-model.cc:83) Very small count for state 308: 60; corresponding phone list: 287 288 289 290 
WARNING (gmm-init-model[5.5.1009~1-e4940]:InitAmGmm():gmm-init-model.cc:83) Very small count for state 309: 85; corresponding phone list: 91 92 93 94 
WARNING (gmm-init-model[5.5.1009~1-e4940]:InitAmGmm():gmm-init-model.cc:83) Very small count for state 310: 59; corresponding phone list: 167 168 169 170 
WARNING (gmm-init-model[5.5.1009~1-e4940]:InitAmGmm():gmm-init-model.cc:83) Very small count for state 311: 36; corresponding phone list: 87 88 89 90 
WARNING (gmm-init-model[5.5.1009~1-e4940]:InitAmGmm():gmm-init-model.cc:83) Very small count for state 313: 99; corresponding phone list: 183 184 185 186 
WARNING (gmm-init-model[5.5.1009~1-e4940]:InitAmGmm():gmm-init-model.cc:83) Very small count for state 314: 52; corresponding phone list: 167 168 169 170 
WARNING (gmm-init-model[5.5.1009~1-e4940]:InitAmGmm():gmm-init-model.cc:83) Very small count for state 315: 47; corresponding phone list: 15 16 17 18 
WARNING (gmm-init-model[5.5.1009~1-e4940]:InitAmGmm():gmm-init-model.cc:83) Very small count for state 320: 24; corresponding phone list: 207 208 209 210 
WARNING (gmm-init-model[5.5.1009~1-e4940]:InitAmGmm():gmm-init-model.cc:83) Very small count for state 322: 60; corresponding phone list: 55 56 57 58 
WARNING (gmm-init-model[5.5.1009~1-e4940]:InitAmGmm():gmm-init-model.cc:83) Very small count for state 323: 54; corresponding phone list: 175 176 177 178 
WARNING (gmm-init-model[5.5.1009~1-e4940]:InitAmGmm():gmm-init-model.cc:83) Very small count for state 329: 16; corresponding phone list: 223 224 225 226 
WARNING (gmm-init-model[5.5.1009~1-e4940]:InitAmGmm():gmm-init-model.cc:83) Very small count for state 334: 39; corresponding phone list: 223 224 225 226 
WARNING (gmm-init-model[5.5.1009~1-e4940]:InitAmGmm():gmm-init-model.cc:83) Very small count for state 335: 23; corresponding phone list: 171 172 173 174 
WARNING (gmm-init-model[5.5.1009~1-e4940]:InitAmGmm():gmm-init-model.cc:83) Very small count for state 339: 97; corresponding phone list: 211 212 213 214 
WARNING (gmm-init-model[5.5.1009~1-e4940]:InitAmGmm():gmm-init-model.cc:83) Very small count for state 349: 71; corresponding phone list: 167 168 169 170 
WARNING (gmm-init-model[5.5.1009~1-e4940]:InitAmGmm():gmm-init-model.cc:83) Very small count for state 354: 67; corresponding phone list: 111 112 113 114 
WARNING (gmm-init-model[5.5.1009~1-e4940]:InitAmGmm():gmm-init-model.cc:83) Very small count for state 358: 59; corresponding phone list: 299 300 301 302 
WARNING (gmm-init-model[5.5.1009~1-e4940]:InitAmGmm():gmm-init-model.cc:83) Very small count for state 364: 43; corresponding phone list: 215 216 217 218 
WARNING (gmm-init-model[5.5.1009~1-e4940]:InitAmGmm():gmm-init-model.cc:83) Very small count for state 371: 88; corresponding phone list: 167 168 169 170 
WARNING (gmm-init-model[5.5.1009~1-e4940]:InitAmGmm():gmm-init-model.cc:83) Very small count for state 372: 67; corresponding phone list: 211 212 213 214 
WARNING (gmm-init-model[5.5.1009~1-e4940]:InitAmGmm():gmm-init-model.cc:83) Very small count for state 377: 18; corresponding phone list: 175 176 177 178 
WARNING (gmm-init-model[5.5.1009~1-e4940]:InitAmGmm():gmm-init-model.cc:83) Very small count for state 378: 33; corresponding phone list: 167 168 169 170 
WARNING (gmm-init-model[5.5.1009~1-e4940]:InitAmGmm():gmm-init-model.cc:83) Very small count for state 383: 75; corresponding phone list: 115 116 117 118 
WARNING (gmm-init-model[5.5.1009~1-e4940]:InitAmGmm():gmm-init-model.cc:83) Very small count for state 385: 73; corresponding phone list: 23 24 25 26 
WARNING (gmm-init-model[5.5.1009~1-e4940]:InitAmGmm():gmm-init-model.cc:83) Very small count for state 389: 13; corresponding phone list: 167 168 169 170 
WARNING (gmm-init-model[5.5.1009~1-e4940]:InitAmGmm():gmm-init-model.cc:83) Very small count for state 398: 89; corresponding phone list: 175 176 177 178 
WARNING (gmm-init-model[5.5.1009~1-e4940]:InitAmGmm():gmm-init-model.cc:83) Very small count for state 399: 84; corresponding phone list: 91 92 93 94 
WARNING (gmm-init-model[5.5.1009~1-e4940]:InitAmGmm():gmm-init-model.cc:83) Very small count for state 400: 37; corresponding phone list: 207 208 209 210 
WARNING (gmm-init-model[5.5.1009~1-e4940]:InitAmGmm():gmm-init-model.cc:83) Very small count for state 401: 71; corresponding phone list: 223 224 225 226 
WARNING (gmm-init-model[5.5.1009~1-e4940]:InitAmGmm():gmm-init-model.cc:83) Very small count for state 414: 55; corresponding phone list: 163 164 165 166 
WARNING (gmm-init-model[5.5.1009~1-e4940]:InitAmGmm():gmm-init-model.cc:83) Very small count for state 418: 45; corresponding phone list: 232 
WARNING (gmm-init-model[5.5.1009~1-e4940]:InitAmGmm():gmm-init-model.cc:83) Very small count for state 419: 19; corresponding phone list: 231 232 233 234 
WARNING (gmm-init-model[5.5.1009~1-e4940]:InitAmGmm():gmm-init-model.cc:83) Very small count for state 421: 45; corresponding phone list: 223 224 225 226 
WARNING (gmm-init-model[5.5.1009~1-e4940]:InitAmGmm():gmm-init-model.cc:83) Very small count for state 431: 23; corresponding phone list: 183 184 185 186 
WARNING (gmm-init-model[5.5.1009~1-e4940]:InitAmGmm():gmm-init-model.cc:83) Very small count for state 432: 54; corresponding phone list: 271 272 273 274 
WARNING (gmm-init-model[5.5.1009~1-e4940]:InitAmGmm():gmm-init-model.cc:83) Very small count for state 434: 15; corresponding phone list: 167 168 169 170 
WARNING (gmm-init-model[5.5.1009~1-e4940]:InitAmGmm():gmm-init-model.cc:83) Very small count for state 436: 29; corresponding phone list: 168 
WARNING (gmm-init-model[5.5.1009~1-e4940]:InitAmGmm():gmm-init-model.cc:83) Very small count for state 439: 23; corresponding phone list: 167 168 169 170 
WARNING (gmm-init-model[5.5.1009~1-e4940]:InitAmGmm():gmm-init-model.cc:83) Very small count for state 442: 26; corresponding phone list: 187 188 189 190 
WARNING (gmm-init-model[5.5.1009~1-e4940]:InitAmGmm():gmm-init-model.cc:83) Very small count for state 443: 16; corresponding phone list: 167 168 169 170 
WARNING (gmm-init-model[5.5.1009~1-e4940]:InitAmGmm():gmm-init-model.cc:83) Very small count for state 447: 16; corresponding phone list: 163 164 165 166 
WARNING (gmm-init-model[5.5.1009~1-e4940]:InitAmGmm():gmm-init-model.cc:83) Very small count for state 459: 31; corresponding phone list: 167 168 169 170 
WARNING (gmm-init-model[5.5.1009~1-e4940]:InitAmGmm():gmm-init-model.cc:83) Very small count for state 461: 28; corresponding phone list: 215 216 217 218 
WARNING (gmm-init-model[5.5.1009~1-e4940]:InitAmGmm():gmm-init-model.cc:83) Very small count for state 469: 28; corresponding phone list: 167 168 169 170 
WARNING (gmm-init-model[5.5.1009~1-e4940]:InitAmGmm():gmm-init-model.cc:83) Very small count for state 470: 18; corresponding phone list: 255 256 257 258 
WARNING (gmm-init-model[5.5.1009~1-e4940]:InitAmGmm():gmm-init-model.cc:83) Very small count for state 471: 21; corresponding phone list: 232 
WARNING (gmm-init-model[5.5.1009~1-e4940]:InitAmGmm():gmm-init-model.cc:83) Very small count for state 472: 12; corresponding phone list: 175 176 177 178 
WARNING (gmm-init-model[5.5.1009~1-e4940]:InitAmGmm():gmm-init-model.cc:83) Very small count for state 474: 32; corresponding phone list: 271 272 273 274 
WARNING (gmm-init-model[5.5.1009~1-e4940]:InitAmGmm():gmm-init-model.cc:83) Very small count for state 475: 78; corresponding phone list: 215 216 217 218 
WARNING (gmm-init-model[5.5.1009~1-e4940]:InitAmGmm():gmm-init-model.cc:83) Very small count for state 476: 34; corresponding phone list: 223 224 225 226 
WARNING (gmm-init-model[5.5.1009~1-e4940]:InitAmGmm():gmm-init-model.cc:83) Very small count for state 485: 97; corresponding phone list: 228 
WARNING (gmm-init-model[5.5.1009~1-e4940]:InitAmGmm():gmm-init-model.cc:83) Very small count for state 488: 24; corresponding phone list: 179 180 181 182 
WARNING (gmm-init-model[5.5.1009~1-e4940]:InitAmGmm():gmm-init-model.cc:83) Very small count for state 489: 69; corresponding phone list: 179 180 181 182 
WARNING (gmm-init-model[5.5.1009~1-e4940]:InitAmGmm():gmm-init-model.cc:83) Very small count for state 491: 39; corresponding phone list: 207 208 209 210 
WARNING (gmm-init-model[5.5.1009~1-e4940]:InitAmGmm():gmm-init-model.cc:83) Very small count for state 492: 30; corresponding phone list: 211 212 213 214 
WARNING (gmm-init-model[5.5.1009~1-e4940]:InitAmGmm():gmm-init-model.cc:83) Very small count for state 493: 66; corresponding phone list: 163 164 165 166 
WARNING (gmm-init-model[5.5.1009~1-e4940]:InitAmGmm():gmm-init-model.cc:83) Very small count for state 494: 39; corresponding phone list: 55 56 57 58 
WARNING (gmm-init-model[5.5.1009~1-e4940]:InitAmGmm():gmm-init-model.cc:83) Very small count for state 495: 18; corresponding phone list: 167 168 169 170 
WARNING (gmm-init-model[5.5.1009~1-e4940]:InitAmGmm():gmm-init-model.cc:83) Very small count for state 496: 39; corresponding phone list: 183 184 185 186 
WARNING (gmm-init-model[5.5.1009~1-e4940]:InitAmGmm():gmm-init-model.cc:83) Very small count for state 505: 64; corresponding phone list: 51 52 53 54 
WARNING (gmm-init-model[5.5.1009~1-e4940]:InitAmGmm():gmm-init-model.cc:83) Very small count for state 517: 81; corresponding phone list: 167 168 169 170 
WARNING (gmm-init-model[5.5.1009~1-e4940]:InitAmGmm():gmm-init-model.cc:83) Very small count for state 518: 35; corresponding phone list: 167 168 169 170 
WARNING (gmm-init-model[5.5.1009~1-e4940]:InitAmGmm():gmm-init-model.cc:83) Very small count for state 520: 82; corresponding phone list: 23 24 25 26 
WARNING (gmm-init-model[5.5.1009~1-e4940]:InitAmGmm():gmm-init-model.cc:83) Very small count for state 522: 18; corresponding phone list: 279 280 281 282 
WARNING (gmm-init-model[5.5.1009~1-e4940]:InitAmGmm():gmm-init-model.cc:83) Very small count for state 524: 22; corresponding phone list: 199 201 202 
WARNING (gmm-init-model[5.5.1009~1-e4940]:InitAmGmm():gmm-init-model.cc:83) Very small count for state 529: 48; corresponding phone list: 171 172 173 174 
WARNING (gmm-init-model[5.5.1009~1-e4940]:InitAmGmm():gmm-init-model.cc:83) Very small count for state 533: 18; corresponding phone list: 207 208 209 210 
WARNING (gmm-init-model[5.5.1009~1-e4940]:InitAmGmm():gmm-init-model.cc:83) Very small count for state 535: 26; corresponding phone list: 227 228 229 230 
WARNING (gmm-init-model[5.5.1009~1-e4940]:InitAmGmm():gmm-init-model.cc:83) Very small count for state 538: 7; corresponding phone list: 63 64 65 66 
WARNING (gmm-init-model[5.5.1009~1-e4940]:InitAmGmm():gmm-init-model.cc:83) Very small count for state 540: 30; corresponding phone list: 231 233 234 
WARNING (gmm-init-model[5.5.1009~1-e4940]:InitAmGmm():gmm-init-model.cc:83) Very small count for state 550: 89; corresponding phone list: 83 84 85 86 
WARNING (gmm-init-model[5.5.1009~1-e4940]:InitAmGmm():gmm-init-model.cc:83) Very small count for state 553: 14; corresponding phone list: 224 
WARNING (gmm-init-model[5.5.1009~1-e4940]:InitAmGmm():gmm-init-model.cc:83) Very small count for state 555: 44; corresponding phone list: 159 160 161 162 
WARNING (gmm-init-model[5.5.1009~1-e4940]:InitAmGmm():gmm-init-model.cc:83) Very small count for state 556: 64; corresponding phone list: 239 240 241 242 
WARNING (gmm-init-model[5.5.1009~1-e4940]:InitAmGmm():gmm-init-model.cc:83) Very small count for state 561: 19; corresponding phone list: 207 208 209 210 
WARNING (gmm-init-model[5.5.1009~1-e4940]:InitAmGmm():gmm-init-model.cc:83) Very small count for state 562: 47; corresponding phone list: 223 224 225 226 
WARNING (gmm-init-model[5.5.1009~1-e4940]:InitAmGmm():gmm-init-model.cc:83) Very small count for state 563: 65; corresponding phone list: 183 184 185 186 
WARNING (gmm-init-model[5.5.1009~1-e4940]:InitAmGmm():gmm-init-model.cc:83) Very small count for state 569: 56; corresponding phone list: 215 216 217 218 
WARNING (gmm-init-model[5.5.1009~1-e4940]:InitAmGmm():gmm-init-model.cc:83) Very small count for state 570: 27; corresponding phone list: 167 168 169 170 
WARNING (gmm-init-model[5.5.1009~1-e4940]:InitAmGmm():gmm-init-model.cc:83) Very small count for state 571: 37; corresponding phone list: 223 224 225 226 
WARNING (gmm-init-model[5.5.1009~1-e4940]:InitAmGmm():gmm-init-model.cc:83) Very small count for state 572: 31; corresponding phone list: 176 
WARNING (gmm-init-model[5.5.1009~1-e4940]:InitAmGmm():gmm-init-model.cc:83) Very small count for state 578: 12; corresponding phone list: 207 208 209 210 
WARNING (gmm-init-model[5.5.1009~1-e4940]:InitAmGmm():gmm-init-model.cc:83) Very small count for state 585: 60; corresponding phone list: 167 168 169 170 
WARNING (gmm-init-model[5.5.1009~1-e4940]:InitAmGmm():gmm-init-model.cc:83) Very small count for state 586: 31; corresponding phone list: 271 272 273 274 
WARNING (gmm-init-model[5.5.1009~1-e4940]:InitAmGmm():gmm-init-model.cc:83) Very small count for state 595: 19; corresponding phone list: 195 196 197 198 
WARNING (gmm-init-model[5.5.1009~1-e4940]:InitAmGmm():gmm-init-model.cc:83) Very small count for state 601: 79; corresponding phone list: 175 176 177 178 
WARNING (gmm-init-model[5.5.1009~1-e4940]:InitAmGmm():gmm-init-model.cc:83) Very small count for state 603: 23; corresponding phone list: 167 168 169 170 
WARNING (gmm-init-model[5.5.1009~1-e4940]:InitAmGmm():gmm-init-model.cc:83) Very small count for state 618: 16; corresponding phone list: 167 168 169 170 
WARNING (gmm-init-model[5.5.1009~1-e4940]:InitAmGmm():gmm-init-model.cc:83) Very small count for state 619: 76; corresponding phone list: 207 208 209 210 
WARNING (gmm-init-model[5.5.1009~1-e4940]:InitAmGmm():gmm-init-model.cc:83) Very small count for state 636: 21; corresponding phone list: 167 168 169 170 
WARNING (gmm-init-model[5.5.1009~1-e4940]:InitAmGmm():gmm-init-model.cc:83) Very small count for state 638: 39; corresponding phone list: 207 208 209 210 
WARNING (gmm-init-model[5.5.1009~1-e4940]:InitAmGmm():gmm-init-model.cc:83) Very small count for state 640: 18; corresponding phone list: 199 201 202 
WARNING (gmm-init-model[5.5.1009~1-e4940]:InitAmGmm():gmm-init-model.cc:83) Very small count for state 647: 79; corresponding phone list: 215 216 217 218 
WARNING (gmm-init-model[5.5.1009~1-e4940]:InitAmGmm():gmm-init-model.cc:83) Very small count for state 648: 47; corresponding phone list: 175 176 177 178 
WARNING (gmm-init-model[5.5.1009~1-e4940]:InitAmGmm():gmm-init-model.cc:83) Very small count for state 652: 31; corresponding phone list: 215 216 217 218 
WARNING (gmm-init-model[5.5.1009~1-e4940]:InitAmGmm():gmm-init-model.cc:83) Very small count for state 654: 10; corresponding phone list: 167 168 169 170 
WARNING (gmm-init-model[5.5.1009~1-e4940]:InitAmGmm():gmm-init-model.cc:83) Very small count for state 657: 21; corresponding phone list: 167 168 169 170 
WARNING (gmm-init-model[5.5.1009~1-e4940]:InitAmGmm():gmm-init-model.cc:83) Very small count for state 658: 18; corresponding phone list: 215 216 217 218 
WARNING (gmm-init-model[5.5.1009~1-e4940]:InitAmGmm():gmm-init-model.cc:83) Very small count for state 659: 96; corresponding phone list: 255 256 257 258 
WARNING (gmm-init-model[5.5.1009~1-e4940]:InitAmGmm():gmm-init-model.cc:83) Very small count for state 660: 77; corresponding phone list: 287 288 289 290 
WARNING (gmm-init-model[5.5.1009~1-e4940]:InitAmGmm():gmm-init-model.cc:83) Very small count for state 661: 44; corresponding phone list: 183 184 185 186 
WARNING (gmm-init-model[5.5.1009~1-e4940]:InitAmGmm():gmm-init-model.cc:83) Very small count for state 662: 92; corresponding phone list: 287 288 289 290 
WARNING (gmm-init-model[5.5.1009~1-e4940]:InitAmGmm():gmm-init-model.cc:83) Very small count for state 668: 68; corresponding phone list: 271 272 273 274 
WARNING (gmm-init-model[5.5.1009~1-e4940]:InitAmGmm():gmm-init-model.cc:83) Very small count for state 671: 65; corresponding phone list: 283 284 285 286 
WARNING (gmm-init-model[5.5.1009~1-e4940]:InitAmGmm():gmm-init-model.cc:83) Very small count for state 676: 15; corresponding phone list: 119 120 121 122 
WARNING (gmm-init-model[5.5.1009~1-e4940]:InitAmGmm():gmm-init-model.cc:83) Very small count for state 683: 57; corresponding phone list: 267 268 269 270 
WARNING (gmm-init-model[5.5.1009~1-e4940]:InitAmGmm():gmm-init-model.cc:83) Very small count for state 692: 43; corresponding phone list: 175 176 177 178 
WARNING (gmm-init-model[5.5.1009~1-e4940]:InitAmGmm():gmm-init-model.cc:83) Very small count for state 693: 32; corresponding phone list: 223 224 225 226 
WARNING (gmm-init-model[5.5.1009~1-e4940]:InitAmGmm():gmm-init-model.cc:83) Very small count for state 694: 79; corresponding phone list: 223 224 225 226 
WARNING (gmm-init-model[5.5.1009~1-e4940]:InitAmGmm():gmm-init-model.cc:83) Very small count for state 696: 24; corresponding phone list: 232 
WARNING (gmm-init-model[5.5.1009~1-e4940]:InitAmGmm():gmm-init-model.cc:83) Very small count for state 697: 97; corresponding phone list: 275 276 277 278 
WARNING (gmm-init-model[5.5.1009~1-e4940]:InitAmGmm():gmm-init-model.cc:83) Very small count for state 699: 23; corresponding phone list: 199 200 201 202 
WARNING (gmm-init-model[5.5.1009~1-e4940]:InitAmGmm():gmm-init-model.cc:83) Very small count for state 700: 61; corresponding phone list: 207 208 209 210 
WARNING (gmm-init-model[5.5.1009~1-e4940]:InitAmGmm():gmm-init-model.cc:83) Very small count for state 704: 12; corresponding phone list: 199 201 202 
WARNING (gmm-init-model[5.5.1009~1-e4940]:InitAmGmm():gmm-init-model.cc:83) Very small count for state 714: 23; corresponding phone list: 167 168 169 170 
WARNING (gmm-init-model[5.5.1009~1-e4940]:InitAmGmm():gmm-init-model.cc:83) Very small count for state 715: 61; corresponding phone list: 167 168 169 170 
WARNING (gmm-init-model[5.5.1009~1-e4940]:InitAmGmm():gmm-init-model.cc:83) Very small count for state 720: 31; corresponding phone list: 167 168 169 170 
WARNING (gmm-init-model[5.5.1009~1-e4940]:InitAmGmm():gmm-init-model.cc:83) Very small count for state 723: 23; corresponding phone list: 199 201 202 
WARNING (gmm-init-model[5.5.1009~1-e4940]:InitAmGmm():gmm-init-model.cc:83) Very small count for state 734: 71; corresponding phone list: 271 272 273 274 
WARNING (gmm-init-model[5.5.1009~1-e4940]:InitAmGmm():gmm-init-model.cc:83) Very small count for state 735: 38; corresponding phone list: 207 208 209 210 
WARNING (gmm-init-model[5.5.1009~1-e4940]:InitAmGmm():gmm-init-model.cc:83) Very small count for state 739: 40; corresponding phone list: 175 176 177 178 
WARNING (gmm-init-model[5.5.1009~1-e4940]:InitAmGmm():gmm-init-model.cc:83) Very small count for state 743: 52; corresponding phone list: 167 168 169 170 
WARNING (gmm-init-model[5.5.1009~1-e4940]:InitAmGmm():gmm-init-model.cc:83) Very small count for state 746: 63; corresponding phone list: 167 168 169 170 
WARNING (gmm-init-model[5.5.1009~1-e4940]:InitAmGmm():gmm-init-model.cc:83) Very small count for state 750: 88; corresponding phone list: 223 224 225 226 
WARNING (gmm-init-model[5.5.1009~1-e4940]:InitAmGmm():gmm-init-model.cc:83) Very small count for state 751: 19; corresponding phone list: 203 204 205 206 
WARNING (gmm-init-model[5.5.1009~1-e4940]:InitAmGmm():gmm-init-model.cc:83) Very small count for state 752: 16; corresponding phone list: 183 184 185 186 
WARNING (gmm-init-model[5.5.1009~1-e4940]:InitAmGmm():gmm-init-model.cc:83) Very small count for state 756: 19; corresponding phone list: 207 208 209 210 
WARNING (gmm-init-model[5.5.1009~1-e4940]:InitAmGmm():gmm-init-model.cc:83) Very small count for state 758: 54; corresponding phone list: 215 216 217 218 
WARNING (gmm-init-model[5.5.1009~1-e4940]:InitAmGmm():gmm-init-model.cc:83) Very small count for state 759: 60; corresponding phone list: 215 216 217 218 
WARNING (gmm-init-model[5.5.1009~1-e4940]:InitAmGmm():gmm-init-model.cc:83) Very small count for state 760: 61; corresponding phone list: 167 168 169 170 
WARNING (gmm-init-model[5.5.1009~1-e4940]:InitAmGmm():gmm-init-model.cc:83) Very small count for state 762: 35; corresponding phone list: 167 168 169 170 
WARNING (gmm-init-model[5.5.1009~1-e4940]:InitAmGmm():gmm-init-model.cc:83) Very small count for state 764: 49; corresponding phone list: 175 176 177 178 
WARNING (gmm-init-model[5.5.1009~1-e4940]:InitAmGmm():gmm-init-model.cc:83) Very small count for state 767: 63; corresponding phone list: 223 224 225 226 
WARNING (gmm-init-model[5.5.1009~1-e4940]:InitAmGmm():gmm-init-model.cc:83) Very small count for state 768: 34; corresponding phone list: 175 176 177 178 
WARNING (gmm-init-model[5.5.1009~1-e4940]:InitAmGmm():gmm-init-model.cc:83) Very small count for state 773: 66; corresponding phone list: 183 184 185 186 
WARNING (gmm-init-model[5.5.1009~1-e4940]:InitAmGmm():gmm-init-model.cc:83) Very small count for state 777: 52; corresponding phone list: 223 224 225 226 
WARNING (gmm-init-model[5.5.1009~1-e4940]:InitAmGmm():gmm-init-model.cc:83) Very small count for state 778: 93; corresponding phone list: 167 168 169 170 
WARNING (gmm-init-model[5.5.1009~1-e4940]:InitAmGmm():gmm-init-model.cc:83) Very small count for state 779: 34; corresponding phone list: 207 208 209 210 
WARNING (gmm-init-model[5.5.1009~1-e4940]:InitAmGmm():gmm-init-model.cc:83) Very small count for state 782: 76; corresponding phone list: 195 196 197 198 
WARNING (gmm-init-model[5.5.1009~1-e4940]:InitAmGmm():gmm-init-model.cc:83) Very small count for state 783: 59; corresponding phone list: 191 192 193 194 
WARNING (gmm-init-model[5.5.1009~1-e4940]:InitAmGmm():gmm-init-model.cc:83) Very small count for state 789: 36; corresponding phone list: 232 
WARNING (gmm-init-model[5.5.1009~1-e4940]:InitAmGmm():gmm-init-model.cc:83) Very small count for state 790: 60; corresponding phone list: 199 201 202 
WARNING (gmm-init-model[5.5.1009~1-e4940]:InitAmGmm():gmm-init-model.cc:83) Very small count for state 795: 55; corresponding phone list: 223 224 225 226 
WARNING (gmm-init-model[5.5.1009~1-e4940]:InitAmGmm():gmm-init-model.cc:83) Very small count for state 796: 26; corresponding phone list: 215 216 217 218 
WARNING (gmm-init-model[5.5.1009~1-e4940]:InitAmGmm():gmm-init-model.cc:83) Very small count for state 799: 40; corresponding phone list: 183 184 185 186 
WARNING (gmm-init-model[5.5.1009~1-e4940]:InitAmGmm():gmm-init-model.cc:83) Very small count for state 806: 12; corresponding phone list: 232 
WARNING (gmm-init-model[5.5.1009~1-e4940]:InitAmGmm():gmm-init-model.cc:83) Very small count for state 808: 72; corresponding phone list: 223 224 225 226 
WARNING (gmm-init-model[5.5.1009~1-e4940]:InitAmGmm():gmm-init-model.cc:83) Very small count for state 810: 16; corresponding phone list: 232 
WARNING (gmm-init-model[5.5.1009~1-e4940]:InitAmGmm():gmm-init-model.cc:83) Very small count for state 811: 97; corresponding phone list: 231 232 233 234 
WARNING (gmm-init-model[5.5.1009~1-e4940]:InitAmGmm():gmm-init-model.cc:83) Very small count for state 817: 61; corresponding phone list: 195 196 197 198 
WARNING (gmm-init-model[5.5.1009~1-e4940]:InitAmGmm():gmm-init-model.cc:83) Very small count for state 820: 24; corresponding phone list: 231 233 234 
WARNING (gmm-init-model[5.5.1009~1-e4940]:InitAmGmm():gmm-init-model.cc:83) Very small count for state 821: 7; corresponding phone list: 167 168 169 170 
WARNING (gmm-init-model[5.5.1009~1-e4940]:InitAmGmm():gmm-init-model.cc:83) Very small count for state 829: 32; corresponding phone list: 183 184 185 186 
WARNING (gmm-init-model[5.5.1009~1-e4940]:InitAmGmm():gmm-init-model.cc:83) Very small count for state 832: 38; corresponding phone list: 191 192 193 194 
WARNING (gmm-init-model[5.5.1009~1-e4940]:InitAmGmm():gmm-init-model.cc:83) Very small count for state 833: 10; corresponding phone list: 143 144 145 146 
WARNING (gmm-init-model[5.5.1009~1-e4940]:InitAmGmm():gmm-init-model.cc:83) Very small count for state 837: 14; corresponding phone list: 279 280 281 282 
WARNING (gmm-init-model[5.5.1009~1-e4940]:InitAmGmm():gmm-init-model.cc:83) Very small count for state 838: 86; corresponding phone list: 279 280 281 282 
WARNING (gmm-init-model[5.5.1009~1-e4940]:InitAmGmm():gmm-init-model.cc:83) Very small count for state 842: 57; corresponding phone list: 167 168 169 170 
WARNING (gmm-init-model[5.5.1009~1-e4940]:InitAmGmm():gmm-init-model.cc:83) Very small count for state 845: 46; corresponding phone list: 199 201 202 
WARNING (gmm-init-model[5.5.1009~1-e4940]:InitAmGmm():gmm-init-model.cc:83) Very small count for state 849: 21; corresponding phone list: 223 224 225 226 
WARNING (gmm-init-model[5.5.1009~1-e4940]:InitAmGmm():gmm-init-model.cc:83) Very small count for state 857: 98; corresponding phone list: 223 224 225 226 
WARNING (gmm-init-model[5.5.1009~1-e4940]:InitAmGmm():gmm-init-model.cc:83) Very small count for state 858: 67; corresponding phone list: 223 225 226 
WARNING (gmm-init-model[5.5.1009~1-e4940]:InitAmGmm():gmm-init-model.cc:83) Very small count for state 859: 99; corresponding phone list: 167 168 169 170 
WARNING (gmm-init-model[5.5.1009~1-e4940]:InitAmGmm():gmm-init-model.cc:83) Very small count for state 864: 28; corresponding phone list: 175 176 177 178 
WARNING (gmm-init-model[5.5.1009~1-e4940]:InitAmGmm():gmm-init-model.cc:83) Very small count for state 865: 52; corresponding phone list: 175 176 177 178 
WARNING (gmm-init-model[5.5.1009~1-e4940]:InitAmGmm():gmm-init-model.cc:83) Very small count for state 866: 84; corresponding phone list: 175 176 177 178 
WARNING (gmm-init-model[5.5.1009~1-e4940]:InitAmGmm():gmm-init-model.cc:83) Very small count for state 869: 53; corresponding phone list: 167 168 169 170 
WARNING (gmm-init-model[5.5.1009~1-e4940]:InitAmGmm():gmm-init-model.cc:83) Very small count for state 878: 55; corresponding phone list: 171 172 173 174 
WARNING (gmm-init-model[5.5.1009~1-e4940]:InitAmGmm():gmm-init-model.cc:83) Very small count for state 880: 82; corresponding phone list: 219 220 221 222 
WARNING (gmm-init-model[5.5.1009~1-e4940]:InitAmGmm():gmm-init-model.cc:83) Very small count for state 881: 10; corresponding phone list: 231 233 234 
WARNING (gmm-init-model[5.5.1009~1-e4940]:InitAmGmm():gmm-init-model.cc:83) Very small count for state 882: 95; corresponding phone list: 231 233 234 
WARNING (gmm-init-model[5.5.1009~1-e4940]:InitAmGmm():gmm-init-model.cc:83) Very small count for state 888: 57; corresponding phone list: 219 220 221 222 
WARNING (gmm-init-model[5.5.1009~1-e4940]:InitAmGmm():gmm-init-model.cc:83) Very small count for state 893: 49; corresponding phone list: 231 233 234 
WARNING (gmm-init-model[5.5.1009~1-e4940]:InitAmGmm():gmm-init-model.cc:83) Very small count for state 894: 22; corresponding phone list: 219 220 221 222 
WARNING (gmm-init-model[5.5.1009~1-e4940]:InitAmGmm():gmm-init-model.cc:83) Very small count for state 897: 88; corresponding phone list: 207 208 209 210 
WARNING (gmm-init-model[5.5.1009~1-e4940]:InitAmGmm():gmm-init-model.cc:83) Very small count for state 898: 79; corresponding phone list: 183 184 185 186 
WARNING (gmm-init-model[5.5.1009~1-e4940]:InitAmGmm():gmm-init-model.cc:83) Very small count for state 900: 32; corresponding phone list: 175 176 177 178 
WARNING (gmm-init-model[5.5.1009~1-e4940]:InitAmGmm():gmm-init-model.cc:83) Very small count for state 901: 35; corresponding phone list: 175 176 177 178 
WARNING (gmm-init-model[5.5.1009~1-e4940]:InitAmGmm():gmm-init-model.cc:83) Very small count for state 902: 59; corresponding phone list: 175 176 177 178 
WARNING (gmm-init-model[5.5.1009~1-e4940]:InitAmGmm():gmm-init-model.cc:83) Very small count for state 903: 62; corresponding phone list: 223 224 225 226 
WARNING (gmm-init-model[5.5.1009~1-e4940]:InitAmGmm():gmm-init-model.cc:83) Very small count for state 911: 71; corresponding phone list: 199 200 201 202 
WARNING (gmm-init-model[5.5.1009~1-e4940]:InitAmGmm():gmm-init-model.cc:83) Very small count for state 912: 51; corresponding phone list: 123 124 125 126 
WARNING (gmm-init-model[5.5.1009~1-e4940]:InitAmGmm():gmm-init-model.cc:83) Very small count for state 922: 37; corresponding phone list: 199 201 202 
WARNING (gmm-init-model[5.5.1009~1-e4940]:InitAmGmm():gmm-init-model.cc:83) Very small count for state 924: 28; corresponding phone list: 247 248 249 250 
WARNING (gmm-init-model[5.5.1009~1-e4940]:InitAmGmm():gmm-init-model.cc:83) Very small count for state 932: 54; corresponding phone list: 215 216 217 218 
WARNING (gmm-init-model[5.5.1009~1-e4940]:InitAmGmm():gmm-init-model.cc:83) Very small count for state 934: 85; corresponding phone list: 247 248 249 250 
WARNING (gmm-init-model[5.5.1009~1-e4940]:InitAmGmm():gmm-init-model.cc:83) Very small count for state 935: 66; corresponding phone list: 167 168 169 170 
WARNING (gmm-init-model[5.5.1009~1-e4940]:InitAmGmm():gmm-init-model.cc:83) Very small count for state 944: 86; corresponding phone list: 207 208 209 210 
WARNING (gmm-init-model[5.5.1009~1-e4940]:InitAmGmm():gmm-init-model.cc:83) Very small count for state 946: 86; corresponding phone list: 183 184 185 186 
WARNING (gmm-init-model[5.5.1009~1-e4940]:InitAmGmm():gmm-init-model.cc:83) Very small count for state 973: 82; corresponding phone list: 232 
WARNING (gmm-init-model[5.5.1009~1-e4940]:InitAmGmm():gmm-init-model.cc:83) Very small count for state 983: 33; corresponding phone list: 247 248 249 250 
WARNING (gmm-init-model[5.5.1009~1-e4940]:InitAmGmm():gmm-init-model.cc:83) Very small count for state 988: 98; corresponding phone list: 215 216 217 218 
WARNING (gmm-init-model[5.5.1009~1-e4940]:InitAmGmm():gmm-init-model.cc:83) Very small count for state 991: 50; corresponding phone list: 183 184 185 186 
WARNING (gmm-init-model[5.5.1009~1-e4940]:InitAmGmm():gmm-init-model.cc:83) Very small count for state 993: 43; corresponding phone list: 199 201 202 
WARNING (gmm-init-model[5.5.1009~1-e4940]:InitAmGmm():gmm-init-model.cc:83) Very small count for state 995: 63; corresponding phone list: 207 208 209 210 
WARNING (gmm-init-model[5.5.1009~1-e4940]:InitAmGmm():gmm-init-model.cc:83) Very small count for state 1003: 66; corresponding phone list: 183 184 185 186 
WARNING (gmm-init-model[5.5.1009~1-e4940]:InitAmGmm():gmm-init-model.cc:83) Very small count for state 1014: 88; corresponding phone list: 231 232 233 234 
WARNING (gmm-init-model[5.5.1009~1-e4940]:InitAmGmm():gmm-init-model.cc:83) Very small count for state 1024: 15; corresponding phone list: 215 216 217 218 
WARNING (gmm-init-model[5.5.1009~1-e4940]:InitAmGmm():gmm-init-model.cc:83) Very small count for state 1031: 91; corresponding phone list: 179 180 181 182 
WARNING (gmm-init-model[5.5.1009~1-e4940]:InitAmGmm():gmm-init-model.cc:83) Very small count for state 1038: 79; corresponding phone list: 227 228 229 230 
WARNING (gmm-init-model[5.5.1009~1-e4940]:InitAmGmm():gmm-init-model.cc:83) Very small count for state 1042: 90; corresponding phone list: 195 196 197 198 
WARNING (gmm-init-model[5.5.1009~1-e4940]:InitAmGmm():gmm-init-model.cc:83) Very small count for state 1048: 16; corresponding phone list: 191 192 193 194 
WARNING (gmm-init-model[5.5.1009~1-e4940]:InitAmGmm():gmm-init-model.cc:83) Very small count for state 1060: 27; corresponding phone list: 183 184 185 186 
WARNING (gmm-init-model[5.5.1009~1-e4940]:InitAmGmm():gmm-init-model.cc:83) Very small count for state 1068: 29; corresponding phone list: 159 160 161 162 
WARNING (gmm-init-model[5.5.1009~1-e4940]:InitAmGmm():gmm-init-model.cc:83) Very small count for state 1069: 74; corresponding phone list: 115 116 117 118 
WARNING (gmm-init-model[5.5.1009~1-e4940]:InitAmGmm():gmm-init-model.cc:83) Very small count for state 1070: 98; corresponding phone list: 139 140 141 142 
WARNING (gmm-init-model[5.5.1009~1-e4940]:InitAmGmm():gmm-init-model.cc:83) Very small count for state 1071: 14; corresponding phone list: 143 144 145 146 
LOG (gmm-init-model[5.5.1009~1-e4940]:main():gmm-init-model.cc:306) Wrote model.
# Accounting: time=0 threads=1
# Ended (code 0) at Thu Mar 17 09:40:00 UTC 2022, elapsed time 0 seconds
