# gmm-est --mix-up=11000 --power=0.25 --write-occs=exp/tri1/31.occs exp/tri1/30.mdl "gmm-sum-accs - exp/tri1/30.*.acc |" exp/tri1/31.mdl 
# Started at Thu Mar 17 09:40:49 UTC 2022
#
gmm-est --mix-up=11000 --power=0.25 --write-occs=exp/tri1/31.occs exp/tri1/30.mdl 'gmm-sum-accs - exp/tri1/30.*.acc |' exp/tri1/31.mdl 
gmm-sum-accs - exp/tri1/30.1.acc 
LOG (gmm-sum-accs[5.5.1009~1-e4940]:main():gmm-sum-accs.cc:63) Summed 1 stats, total count 415065, avg like/frame -85.9286
LOG (gmm-sum-accs[5.5.1009~1-e4940]:main():gmm-sum-accs.cc:66) Total count of stats is 415065
LOG (gmm-sum-accs[5.5.1009~1-e4940]:main():gmm-sum-accs.cc:67) Written stats to -
LOG (gmm-est[5.5.1009~1-e4940]:MleUpdate():transition-model.cc:528) TransitionModel::Update, objf change is 7.65336e-05 per frame over 415065 frames. 
LOG (gmm-est[5.5.1009~1-e4940]:MleUpdate():transition-model.cc:531) 33 probabilities floored, 2709 out of 4427 transition-states skipped due to insuffient data (it is normal to have some skipped.)
LOG (gmm-est[5.5.1009~1-e4940]:main():gmm-est.cc:102) Transition model update: Overall 7.65336e-05 log-like improvement per frame over 415065 frames.
WARNING (gmm-est[5.5.1009~1-e4940]:MleDiagGmmUpdate():mle-diag-gmm.cc:359) Too little data - removing Gaussian (weight 0.027021, occupation count 9.997807, vector size 39)
WARNING (gmm-est[5.5.1009~1-e4940]:MleDiagGmmUpdate():mle-diag-gmm.cc:359) Too little data - removing Gaussian (weight 0.095912, occupation count 9.015719, vector size 39)
WARNING (gmm-est[5.5.1009~1-e4940]:MleDiagGmmUpdate():mle-diag-gmm.cc:365) Gaussian has too little data but not removing it because it is the last Gaussian: i = 0, occ = 6, weight = 1
WARNING (gmm-est[5.5.1009~1-e4940]:MleDiagGmmUpdate():mle-diag-gmm.cc:365) Gaussian has too little data but not removing it because it is the last Gaussian: i = 0, occ = 3, weight = 1
WARNING (gmm-est[5.5.1009~1-e4940]:MleDiagGmmUpdate():mle-diag-gmm.cc:365) Gaussian has too little data but not removing it because it is the last Gaussian: i = 0, occ = 10, weight = 1
WARNING (gmm-est[5.5.1009~1-e4940]:MleDiagGmmUpdate():mle-diag-gmm.cc:365) Gaussian has too little data but not removing it because it is the last Gaussian: i = 0, occ = 0, weight = 1
WARNING (gmm-est[5.5.1009~1-e4940]:MleDiagGmmUpdate():mle-diag-gmm.cc:365) Gaussian has too little data but not removing it because it is the last Gaussian: i = 0, occ = 0, weight = 1
WARNING (gmm-est[5.5.1009~1-e4940]:MleDiagGmmUpdate():mle-diag-gmm.cc:365) Gaussian has too little data but not removing it because it is the last Gaussian: i = 0, occ = 0, weight = 1
WARNING (gmm-est[5.5.1009~1-e4940]:MleDiagGmmUpdate():mle-diag-gmm.cc:365) Gaussian has too little data but not removing it because it is the last Gaussian: i = 0, occ = 0, weight = 1
WARNING (gmm-est[5.5.1009~1-e4940]:MleDiagGmmUpdate():mle-diag-gmm.cc:365) Gaussian has too little data but not removing it because it is the last Gaussian: i = 0, occ = 10, weight = 1
WARNING (gmm-est[5.5.1009~1-e4940]:MleDiagGmmUpdate():mle-diag-gmm.cc:359) Too little data - removing Gaussian (weight 0.031665, occupation count 9.879405, vector size 39)
WARNING (gmm-est[5.5.1009~1-e4940]:MleDiagGmmUpdate():mle-diag-gmm.cc:359) Too little data - removing Gaussian (weight 0.219512, occupation count 9.000000, vector size 39)
WARNING (gmm-est[5.5.1009~1-e4940]:MleDiagGmmUpdate():mle-diag-gmm.cc:359) Too little data - removing Gaussian (weight 0.055836, occupation count 9.994722, vector size 39)
WARNING (gmm-est[5.5.1009~1-e4940]:MleDiagGmmUpdate():mle-diag-gmm.cc:365) Gaussian has too little data but not removing it because it is the last Gaussian: i = 0, occ = 7, weight = 1
WARNING (gmm-est[5.5.1009~1-e4940]:MleDiagGmmUpdate():mle-diag-gmm.cc:365) Gaussian has too little data but not removing it because it is the last Gaussian: i = 0, occ = 10, weight = 1
WARNING (gmm-est[5.5.1009~1-e4940]:MleDiagGmmUpdate():mle-diag-gmm.cc:359) Too little data - removing Gaussian (weight 0.030300, occupation count 9.998971, vector size 39)
WARNING (gmm-est[5.5.1009~1-e4940]:MleDiagGmmUpdate():mle-diag-gmm.cc:359) Too little data - removing Gaussian (weight 0.192308, occupation count 10.000000, vector size 39)
WARNING (gmm-est[5.5.1009~1-e4940]:MleDiagGmmUpdate():mle-diag-gmm.cc:365) Gaussian has too little data but not removing it because it is the last Gaussian: i = 0, occ = 7, weight = 1
WARNING (gmm-est[5.5.1009~1-e4940]:MleDiagGmmUpdate():mle-diag-gmm.cc:365) Gaussian has too little data but not removing it because it is the last Gaussian: i = 0, occ = 9, weight = 1
WARNING (gmm-est[5.5.1009~1-e4940]:MleDiagGmmUpdate():mle-diag-gmm.cc:359) Too little data - removing Gaussian (weight 0.052356, occupation count 10.000000, vector size 39)
WARNING (gmm-est[5.5.1009~1-e4940]:MleDiagGmmUpdate():mle-diag-gmm.cc:359) Too little data - removing Gaussian (weight 0.031277, occupation count 9.477026, vector size 39)
WARNING (gmm-est[5.5.1009~1-e4940]:MleDiagGmmUpdate():mle-diag-gmm.cc:359) Too little data - removing Gaussian (weight 0.025815, occupation count 8.906336, vector size 39)
WARNING (gmm-est[5.5.1009~1-e4940]:MleDiagGmmUpdate():mle-diag-gmm.cc:359) Too little data - removing Gaussian (weight 0.061860, occupation count 9.897561, vector size 39)
LOG (gmm-est[5.5.1009~1-e4940]:MleAmDiagGmmUpdate():mle-am-diag-gmm.cc:225) 6 variance elements floored in 6 Gaussians, out of 11004
LOG (gmm-est[5.5.1009~1-e4940]:MleAmDiagGmmUpdate():mle-am-diag-gmm.cc:229) Removed 11 Gaussians due to counts < --min-gaussian-occupancy=10 and --remove-low-count-gaussians=true
LOG (gmm-est[5.5.1009~1-e4940]:main():gmm-est.cc:113) GMM update: Overall 0.0847683 objective function improvement per frame over 415065 frames
LOG (gmm-est[5.5.1009~1-e4940]:main():gmm-est.cc:116) GMM update: Overall avg like per frame = -85.9286 over 415065 frames.
LOG (gmm-est[5.5.1009~1-e4940]:SplitByCount():am-diag-gmm.cc:116) Split 1072 states with target = 11000, power = 0.25, perturb_factor = 0.01 and min_count = 20, split #Gauss from 11004 to 11040
LOG (gmm-est[5.5.1009~1-e4940]:main():gmm-est.cc:146) Written model to exp/tri1/31.mdl
# Accounting: time=0 threads=1
# Ended (code 0) at Thu Mar 17 09:40:49 UTC 2022, elapsed time 0 seconds
