# gmm-est --mix-up=5600 --power=0.25 --write-occs=exp/tri1/12.occs exp/tri1/11.mdl "gmm-sum-accs - exp/tri1/11.*.acc |" exp/tri1/12.mdl 
# Started at Thu Mar 17 09:40:16 UTC 2022
#
gmm-est --mix-up=5600 --power=0.25 --write-occs=exp/tri1/12.occs exp/tri1/11.mdl 'gmm-sum-accs - exp/tri1/11.*.acc |' exp/tri1/12.mdl 
gmm-sum-accs - exp/tri1/11.1.acc 
LOG (gmm-sum-accs[5.5.1009~1-e4940]:main():gmm-sum-accs.cc:63) Summed 1 stats, total count 415065, avg like/frame -89.4073
LOG (gmm-sum-accs[5.5.1009~1-e4940]:main():gmm-sum-accs.cc:66) Total count of stats is 415065
LOG (gmm-sum-accs[5.5.1009~1-e4940]:main():gmm-sum-accs.cc:67) Written stats to -
LOG (gmm-est[5.5.1009~1-e4940]:MleUpdate():transition-model.cc:528) TransitionModel::Update, objf change is 0 per frame over 415065 frames. 
LOG (gmm-est[5.5.1009~1-e4940]:MleUpdate():transition-model.cc:531) 32 probabilities floored, 2708 out of 4427 transition-states skipped due to insuffient data (it is normal to have some skipped.)
LOG (gmm-est[5.5.1009~1-e4940]:main():gmm-est.cc:102) Transition model update: Overall 0 log-like improvement per frame over 415065 frames.
WARNING (gmm-est[5.5.1009~1-e4940]:MleDiagGmmUpdate():mle-diag-gmm.cc:365) Gaussian has too little data but not removing it because it is the last Gaussian: i = 0, occ = 6, weight = 1
WARNING (gmm-est[5.5.1009~1-e4940]:MleDiagGmmUpdate():mle-diag-gmm.cc:365) Gaussian has too little data but not removing it because it is the last Gaussian: i = 0, occ = 3, weight = 1
WARNING (gmm-est[5.5.1009~1-e4940]:MleDiagGmmUpdate():mle-diag-gmm.cc:365) Gaussian has too little data but not removing it because it is the last Gaussian: i = 0, occ = 10, weight = 1
WARNING (gmm-est[5.5.1009~1-e4940]:MleDiagGmmUpdate():mle-diag-gmm.cc:365) Gaussian has too little data but not removing it because it is the last Gaussian: i = 0, occ = 0, weight = 1
WARNING (gmm-est[5.5.1009~1-e4940]:MleDiagGmmUpdate():mle-diag-gmm.cc:365) Gaussian has too little data but not removing it because it is the last Gaussian: i = 0, occ = 0, weight = 1
WARNING (gmm-est[5.5.1009~1-e4940]:MleDiagGmmUpdate():mle-diag-gmm.cc:365) Gaussian has too little data but not removing it because it is the last Gaussian: i = 0, occ = 0, weight = 1
WARNING (gmm-est[5.5.1009~1-e4940]:MleDiagGmmUpdate():mle-diag-gmm.cc:365) Gaussian has too little data but not removing it because it is the last Gaussian: i = 0, occ = 0, weight = 1
WARNING (gmm-est[5.5.1009~1-e4940]:MleDiagGmmUpdate():mle-diag-gmm.cc:365) Gaussian has too little data but not removing it because it is the last Gaussian: i = 0, occ = 10, weight = 1
WARNING (gmm-est[5.5.1009~1-e4940]:MleDiagGmmUpdate():mle-diag-gmm.cc:365) Gaussian has too little data but not removing it because it is the last Gaussian: i = 0, occ = 7, weight = 1
WARNING (gmm-est[5.5.1009~1-e4940]:MleDiagGmmUpdate():mle-diag-gmm.cc:365) Gaussian has too little data but not removing it because it is the last Gaussian: i = 0, occ = 10, weight = 1
WARNING (gmm-est[5.5.1009~1-e4940]:MleDiagGmmUpdate():mle-diag-gmm.cc:359) Too little data - removing Gaussian (weight 0.160633, occupation count 9.959235, vector size 39)
WARNING (gmm-est[5.5.1009~1-e4940]:MleDiagGmmUpdate():mle-diag-gmm.cc:365) Gaussian has too little data but not removing it because it is the last Gaussian: i = 0, occ = 7, weight = 1
WARNING (gmm-est[5.5.1009~1-e4940]:MleDiagGmmUpdate():mle-diag-gmm.cc:365) Gaussian has too little data but not removing it because it is the last Gaussian: i = 0, occ = 9, weight = 1
WARNING (gmm-est[5.5.1009~1-e4940]:MleDiagGmmUpdate():mle-diag-gmm.cc:359) Too little data - removing Gaussian (weight 0.111363, occupation count 9.131783, vector size 39)
LOG (gmm-est[5.5.1009~1-e4940]:MleAmDiagGmmUpdate():mle-am-diag-gmm.cc:225) 1 variance elements floored in 1 Gaussians, out of 5241
LOG (gmm-est[5.5.1009~1-e4940]:MleAmDiagGmmUpdate():mle-am-diag-gmm.cc:229) Removed 2 Gaussians due to counts < --min-gaussian-occupancy=10 and --remove-low-count-gaussians=true
LOG (gmm-est[5.5.1009~1-e4940]:main():gmm-est.cc:113) GMM update: Overall 0.140844 objective function improvement per frame over 415065 frames
LOG (gmm-est[5.5.1009~1-e4940]:main():gmm-est.cc:116) GMM update: Overall avg like per frame = -89.4073 over 415065 frames.
LOG (gmm-est[5.5.1009~1-e4940]:SplitByCount():am-diag-gmm.cc:116) Split 1072 states with target = 5600, power = 0.25, perturb_factor = 0.01 and min_count = 20, split #Gauss from 5241 to 5603
LOG (gmm-est[5.5.1009~1-e4940]:main():gmm-est.cc:146) Written model to exp/tri1/12.mdl
# Accounting: time=0 threads=1
# Ended (code 0) at Thu Mar 17 09:40:16 UTC 2022, elapsed time 0 seconds
