# gmm-align-compiled --transition-scale=1.0 --acoustic-scale=0.1 --self-loop-scale=0.1 --beam=10 --retry-beam=40 --careful=false "gmm-boost-silence --boost=1.0 1 exp/mono/2.mdl - |" "ark:gunzip -c exp/mono/fsts.1.gz|" "ark,s,cs:apply-cmvn  --utt2spk=ark:data/train/split1/1/utt2spk scp:data/train/split1/1/cmvn.scp scp:data/train/split1/1/feats.scp ark:- | add-deltas  ark:- ark:- |" "ark,t:|gzip -c >exp/mono/ali.1.gz" 
# Started at Thu Mar 17 09:37:20 UTC 2022
#
gmm-align-compiled --transition-scale=1.0 --acoustic-scale=0.1 --self-loop-scale=0.1 --beam=10 --retry-beam=40 --careful=false 'gmm-boost-silence --boost=1.0 1 exp/mono/2.mdl - |' 'ark:gunzip -c exp/mono/fsts.1.gz|' 'ark,s,cs:apply-cmvn  --utt2spk=ark:data/train/split1/1/utt2spk scp:data/train/split1/1/cmvn.scp scp:data/train/split1/1/feats.scp ark:- | add-deltas  ark:- ark:- |' 'ark,t:|gzip -c >exp/mono/ali.1.gz' 
gmm-boost-silence --boost=1.0 1 exp/mono/2.mdl - 
WARNING (gmm-boost-silence[5.5.1009~1-e4940]:main():gmm-boost-silence.cc:82) The pdfs for the silence phones may be shared by other phones (note: this probably does not matter.)
LOG (gmm-boost-silence[5.5.1009~1-e4940]:main():gmm-boost-silence.cc:93) Boosted weights for 5 pdfs, by factor of 1
LOG (gmm-boost-silence[5.5.1009~1-e4940]:main():gmm-boost-silence.cc:103) Wrote model to -
apply-cmvn --utt2spk=ark:data/train/split1/1/utt2spk scp:data/train/split1/1/cmvn.scp scp:data/train/split1/1/feats.scp ark:- 
add-deltas ark:- ark:- 
LOG (gmm-align-compiled[5.5.1009~1-e4940]:main():gmm-align-compiled.cc:127) COF001_Pa001_001
LOG (gmm-align-compiled[5.5.1009~1-e4940]:main():gmm-align-compiled.cc:127) COF001_Pa001_002
LOG (gmm-align-compiled[5.5.1009~1-e4940]:main():gmm-align-compiled.cc:127) COF001_Pa001_003
LOG (gmm-align-compiled[5.5.1009~1-e4940]:main():gmm-align-compiled.cc:127) COF001_Pa001_004
LOG (gmm-align-compiled[5.5.1009~1-e4940]:main():gmm-align-compiled.cc:127) COF001_Pa001_005
LOG (gmm-align-compiled[5.5.1009~1-e4940]:main():gmm-align-compiled.cc:127) COF001_Pa001_006
LOG (gmm-align-compiled[5.5.1009~1-e4940]:main():gmm-align-compiled.cc:127) COF001_Pa001_007
LOG (gmm-align-compiled[5.5.1009~1-e4940]:main():gmm-align-compiled.cc:127) COF001_Pa001_008
LOG (gmm-align-compiled[5.5.1009~1-e4940]:main():gmm-align-compiled.cc:127) COF001_Pa001_009
LOG (gmm-align-compiled[5.5.1009~1-e4940]:main():gmm-align-compiled.cc:127) COF001_Pa001_010
LOG (gmm-align-compiled[5.5.1009~1-e4940]:main():gmm-align-compiled.cc:127) COF001_Pa001_011
LOG (gmm-align-compiled[5.5.1009~1-e4940]:main():gmm-align-compiled.cc:127) COF001_Pa001_012
LOG (gmm-align-compiled[5.5.1009~1-e4940]:main():gmm-align-compiled.cc:127) COF001_Pa001_013
LOG (gmm-align-compiled[5.5.1009~1-e4940]:main():gmm-align-compiled.cc:127) COF001_Pa001_014
LOG (gmm-align-compiled[5.5.1009~1-e4940]:main():gmm-align-compiled.cc:127) COF001_Pa001_015
LOG (gmm-align-compiled[5.5.1009~1-e4940]:main():gmm-align-compiled.cc:127) COF001_Pa001_016
LOG (gmm-align-compiled[5.5.1009~1-e4940]:main():gmm-align-compiled.cc:127) COF001_Pa001_017
LOG (gmm-align-compiled[5.5.1009~1-e4940]:main():gmm-align-compiled.cc:127) COF001_Pa001_018
LOG (gmm-align-compiled[5.5.1009~1-e4940]:main():gmm-align-compiled.cc:127) COF001_Pa001_019
LOG (gmm-align-compiled[5.5.1009~1-e4940]:main():gmm-align-compiled.cc:127) COF001_Pa001_020
LOG (gmm-align-compiled[5.5.1009~1-e4940]:main():gmm-align-compiled.cc:127) COF001_Pa001_021
LOG (gmm-align-compiled[5.5.1009~1-e4940]:main():gmm-align-compiled.cc:127) COF001_Pa001_022
LOG (gmm-align-compiled[5.5.1009~1-e4940]:main():gmm-align-compiled.cc:127) COF001_Pa001_023
LOG (gmm-align-compiled[5.5.1009~1-e4940]:main():gmm-align-compiled.cc:127) COF001_Pa001_024
LOG (gmm-align-compiled[5.5.1009~1-e4940]:main():gmm-align-compiled.cc:127) COF001_Pa001_025
LOG (gmm-align-compiled[5.5.1009~1-e4940]:main():gmm-align-compiled.cc:127) COF001_Pa001_026
LOG (gmm-align-compiled[5.5.1009~1-e4940]:main():gmm-align-compiled.cc:127) COF001_Pa001_027
LOG (gmm-align-compiled[5.5.1009~1-e4940]:main():gmm-align-compiled.cc:127) COF001_Pa001_028
LOG (gmm-align-compiled[5.5.1009~1-e4940]:main():gmm-align-compiled.cc:127) COF002_Pa002_001
LOG (gmm-align-compiled[5.5.1009~1-e4940]:main():gmm-align-compiled.cc:127) COF002_Pa002_002
LOG (gmm-align-compiled[5.5.1009~1-e4940]:main():gmm-align-compiled.cc:127) COF002_Pa002_003
LOG (gmm-align-compiled[5.5.1009~1-e4940]:main():gmm-align-compiled.cc:127) COF002_Pa002_004
LOG (gmm-align-compiled[5.5.1009~1-e4940]:main():gmm-align-compiled.cc:127) COF002_Pa002_005
LOG (gmm-align-compiled[5.5.1009~1-e4940]:main():gmm-align-compiled.cc:127) COF002_Pa002_006
LOG (gmm-align-compiled[5.5.1009~1-e4940]:main():gmm-align-compiled.cc:127) COF002_Pa002_007
LOG (gmm-align-compiled[5.5.1009~1-e4940]:main():gmm-align-compiled.cc:127) COF002_Pa002_008
LOG (gmm-align-compiled[5.5.1009~1-e4940]:main():gmm-align-compiled.cc:127) COF002_Pa002_009
LOG (gmm-align-compiled[5.5.1009~1-e4940]:main():gmm-align-compiled.cc:127) COF002_Pa002_010
LOG (gmm-align-compiled[5.5.1009~1-e4940]:main():gmm-align-compiled.cc:127) COF002_Pa002_011
LOG (gmm-align-compiled[5.5.1009~1-e4940]:main():gmm-align-compiled.cc:127) COF002_Pa002_012
LOG (gmm-align-compiled[5.5.1009~1-e4940]:main():gmm-align-compiled.cc:127) COF002_Pa002_013
LOG (gmm-align-compiled[5.5.1009~1-e4940]:main():gmm-align-compiled.cc:127) COF002_Pa002_014
LOG (gmm-align-compiled[5.5.1009~1-e4940]:main():gmm-align-compiled.cc:127) COF002_Pa002_015
LOG (gmm-align-compiled[5.5.1009~1-e4940]:main():gmm-align-compiled.cc:127) COF002_Pa002_016
LOG (gmm-align-compiled[5.5.1009~1-e4940]:main():gmm-align-compiled.cc:127) COF002_Pa002_017
LOG (gmm-align-compiled[5.5.1009~1-e4940]:main():gmm-align-compiled.cc:127) COF002_Pa002_018
LOG (gmm-align-compiled[5.5.1009~1-e4940]:main():gmm-align-compiled.cc:127) COF002_Pa002_019
LOG (gmm-align-compiled[5.5.1009~1-e4940]:main():gmm-align-compiled.cc:127) COF002_Pa002_020
LOG (gmm-align-compiled[5.5.1009~1-e4940]:main():gmm-align-compiled.cc:127) COF002_Pa002_021
LOG (gmm-align-compiled[5.5.1009~1-e4940]:main():gmm-align-compiled.cc:127) COF002_Pa002_022
LOG (gmm-align-compiled[5.5.1009~1-e4940]:main():gmm-align-compiled.cc:127) COF002_Pa002_023
LOG (gmm-align-compiled[5.5.1009~1-e4940]:main():gmm-align-compiled.cc:127) COF002_Pa002_024
LOG (gmm-align-compiled[5.5.1009~1-e4940]:main():gmm-align-compiled.cc:127) COF002_Pa002_025
LOG (gmm-align-compiled[5.5.1009~1-e4940]:main():gmm-align-compiled.cc:127) COF002_Pa002_026
LOG (gmm-align-compiled[5.5.1009~1-e4940]:main():gmm-align-compiled.cc:127) COF002_Pa002_027
LOG (gmm-align-compiled[5.5.1009~1-e4940]:main():gmm-align-compiled.cc:127) COF002_Pa002_028
LOG (gmm-align-compiled[5.5.1009~1-e4940]:main():gmm-align-compiled.cc:127) COF004_Pa004_001
LOG (gmm-align-compiled[5.5.1009~1-e4940]:main():gmm-align-compiled.cc:127) COF004_Pa004_002
LOG (gmm-align-compiled[5.5.1009~1-e4940]:main():gmm-align-compiled.cc:127) COF004_Pa004_003
LOG (gmm-align-compiled[5.5.1009~1-e4940]:main():gmm-align-compiled.cc:127) COF004_Pa004_004
LOG (gmm-align-compiled[5.5.1009~1-e4940]:main():gmm-align-compiled.cc:127) COF004_Pa004_005
LOG (gmm-align-compiled[5.5.1009~1-e4940]:main():gmm-align-compiled.cc:127) COF004_Pa004_006
LOG (gmm-align-compiled[5.5.1009~1-e4940]:main():gmm-align-compiled.cc:127) COF004_Pa004_007
LOG (gmm-align-compiled[5.5.1009~1-e4940]:main():gmm-align-compiled.cc:127) COF004_Pa004_008
LOG (gmm-align-compiled[5.5.1009~1-e4940]:main():gmm-align-compiled.cc:127) COF004_Pa004_009
LOG (gmm-align-compiled[5.5.1009~1-e4940]:main():gmm-align-compiled.cc:127) COF004_Pa004_010
LOG (gmm-align-compiled[5.5.1009~1-e4940]:main():gmm-align-compiled.cc:127) COF004_Pa004_011
LOG (gmm-align-compiled[5.5.1009~1-e4940]:main():gmm-align-compiled.cc:127) COF004_Pa004_012
LOG (gmm-align-compiled[5.5.1009~1-e4940]:main():gmm-align-compiled.cc:127) COF004_Pa004_013
LOG (gmm-align-compiled[5.5.1009~1-e4940]:main():gmm-align-compiled.cc:127) COF004_Pa004_014
LOG (gmm-align-compiled[5.5.1009~1-e4940]:main():gmm-align-compiled.cc:127) COF004_Pa004_015
LOG (gmm-align-compiled[5.5.1009~1-e4940]:main():gmm-align-compiled.cc:127) COF004_Pa004_016
LOG (gmm-align-compiled[5.5.1009~1-e4940]:main():gmm-align-compiled.cc:127) COF004_Pa004_017
LOG (gmm-align-compiled[5.5.1009~1-e4940]:main():gmm-align-compiled.cc:127) COF004_Pa004_018
LOG (gmm-align-compiled[5.5.1009~1-e4940]:main():gmm-align-compiled.cc:127) COF004_Pa004_019
LOG (gmm-align-compiled[5.5.1009~1-e4940]:main():gmm-align-compiled.cc:127) COF004_Pa004_020
LOG (gmm-align-compiled[5.5.1009~1-e4940]:main():gmm-align-compiled.cc:127) COF004_Pa004_021
LOG (gmm-align-compiled[5.5.1009~1-e4940]:main():gmm-align-compiled.cc:127) COF004_Pa004_022
LOG (gmm-align-compiled[5.5.1009~1-e4940]:main():gmm-align-compiled.cc:127) COF004_Pa004_023
LOG (gmm-align-compiled[5.5.1009~1-e4940]:main():gmm-align-compiled.cc:127) COF004_Pa004_024
LOG (gmm-align-compiled[5.5.1009~1-e4940]:main():gmm-align-compiled.cc:127) COF004_Pa004_025
LOG (gmm-align-compiled[5.5.1009~1-e4940]:main():gmm-align-compiled.cc:127) COF004_Pa004_026
LOG (gmm-align-compiled[5.5.1009~1-e4940]:main():gmm-align-compiled.cc:127) COF004_Pa004_027
LOG (gmm-align-compiled[5.5.1009~1-e4940]:main():gmm-align-compiled.cc:127) COF004_Pa004_028
LOG (gmm-align-compiled[5.5.1009~1-e4940]:main():gmm-align-compiled.cc:127) COF005_Pa005_001
LOG (gmm-align-compiled[5.5.1009~1-e4940]:main():gmm-align-compiled.cc:127) COF005_Pa005_002
LOG (gmm-align-compiled[5.5.1009~1-e4940]:main():gmm-align-compiled.cc:127) COF005_Pa005_003
LOG (gmm-align-compiled[5.5.1009~1-e4940]:main():gmm-align-compiled.cc:127) COF005_Pa005_004
LOG (gmm-align-compiled[5.5.1009~1-e4940]:main():gmm-align-compiled.cc:127) COF005_Pa005_005
LOG (gmm-align-compiled[5.5.1009~1-e4940]:main():gmm-align-compiled.cc:127) COF005_Pa005_006
LOG (gmm-align-compiled[5.5.1009~1-e4940]:main():gmm-align-compiled.cc:127) COF005_Pa005_007
LOG (gmm-align-compiled[5.5.1009~1-e4940]:main():gmm-align-compiled.cc:127) COF005_Pa005_008
LOG (gmm-align-compiled[5.5.1009~1-e4940]:main():gmm-align-compiled.cc:127) COF005_Pa005_009
LOG (gmm-align-compiled[5.5.1009~1-e4940]:main():gmm-align-compiled.cc:127) COF005_Pa005_010
LOG (gmm-align-compiled[5.5.1009~1-e4940]:main():gmm-align-compiled.cc:127) COF005_Pa005_011
LOG (gmm-align-compiled[5.5.1009~1-e4940]:main():gmm-align-compiled.cc:127) COF005_Pa005_012
LOG (gmm-align-compiled[5.5.1009~1-e4940]:main():gmm-align-compiled.cc:127) COF005_Pa005_013
LOG (gmm-align-compiled[5.5.1009~1-e4940]:main():gmm-align-compiled.cc:127) COF005_Pa005_014
LOG (gmm-align-compiled[5.5.1009~1-e4940]:main():gmm-align-compiled.cc:127) COF005_Pa005_015
LOG (gmm-align-compiled[5.5.1009~1-e4940]:main():gmm-align-compiled.cc:127) COF005_Pa005_016
LOG (gmm-align-compiled[5.5.1009~1-e4940]:main():gmm-align-compiled.cc:127) COF005_Pa005_017
LOG (gmm-align-compiled[5.5.1009~1-e4940]:main():gmm-align-compiled.cc:127) COF005_Pa005_018
LOG (gmm-align-compiled[5.5.1009~1-e4940]:main():gmm-align-compiled.cc:127) COF005_Pa005_019
LOG (gmm-align-compiled[5.5.1009~1-e4940]:main():gmm-align-compiled.cc:127) COF005_Pa005_020
LOG (gmm-align-compiled[5.5.1009~1-e4940]:main():gmm-align-compiled.cc:127) COF005_Pa005_021
LOG (gmm-align-compiled[5.5.1009~1-e4940]:main():gmm-align-compiled.cc:127) COF005_Pa005_022
LOG (gmm-align-compiled[5.5.1009~1-e4940]:main():gmm-align-compiled.cc:127) COF005_Pa005_023
LOG (gmm-align-compiled[5.5.1009~1-e4940]:main():gmm-align-compiled.cc:127) COF005_Pa005_024
LOG (gmm-align-compiled[5.5.1009~1-e4940]:main():gmm-align-compiled.cc:127) COF005_Pa005_025
LOG (gmm-align-compiled[5.5.1009~1-e4940]:main():gmm-align-compiled.cc:127) COF005_Pa005_026
LOG (gmm-align-compiled[5.5.1009~1-e4940]:main():gmm-align-compiled.cc:127) COF005_Pa005_027
LOG (gmm-align-compiled[5.5.1009~1-e4940]:main():gmm-align-compiled.cc:127) COF005_Pa005_028
LOG (gmm-align-compiled[5.5.1009~1-e4940]:main():gmm-align-compiled.cc:127) COF007_Pa007_001
LOG (gmm-align-compiled[5.5.1009~1-e4940]:main():gmm-align-compiled.cc:127) COF007_Pa007_002
LOG (gmm-align-compiled[5.5.1009~1-e4940]:main():gmm-align-compiled.cc:127) COF007_Pa007_003
LOG (gmm-align-compiled[5.5.1009~1-e4940]:main():gmm-align-compiled.cc:127) COF007_Pa007_004
LOG (gmm-align-compiled[5.5.1009~1-e4940]:main():gmm-align-compiled.cc:127) COF007_Pa007_005
LOG (gmm-align-compiled[5.5.1009~1-e4940]:main():gmm-align-compiled.cc:127) COF007_Pa007_006
LOG (gmm-align-compiled[5.5.1009~1-e4940]:main():gmm-align-compiled.cc:127) COF007_Pa007_007
LOG (gmm-align-compiled[5.5.1009~1-e4940]:main():gmm-align-compiled.cc:127) COF007_Pa007_008
LOG (gmm-align-compiled[5.5.1009~1-e4940]:main():gmm-align-compiled.cc:127) COF007_Pa007_009
LOG (gmm-align-compiled[5.5.1009~1-e4940]:main():gmm-align-compiled.cc:127) COF007_Pa007_010
LOG (gmm-align-compiled[5.5.1009~1-e4940]:main():gmm-align-compiled.cc:127) COF007_Pa007_011
LOG (gmm-align-compiled[5.5.1009~1-e4940]:main():gmm-align-compiled.cc:127) COF007_Pa007_012
LOG (gmm-align-compiled[5.5.1009~1-e4940]:main():gmm-align-compiled.cc:127) COF007_Pa007_013
LOG (gmm-align-compiled[5.5.1009~1-e4940]:main():gmm-align-compiled.cc:127) COF007_Pa007_014
LOG (gmm-align-compiled[5.5.1009~1-e4940]:main():gmm-align-compiled.cc:127) COF007_Pa007_015
LOG (gmm-align-compiled[5.5.1009~1-e4940]:main():gmm-align-compiled.cc:127) COF007_Pa007_016
LOG (gmm-align-compiled[5.5.1009~1-e4940]:main():gmm-align-compiled.cc:127) COF007_Pa007_017
LOG (gmm-align-compiled[5.5.1009~1-e4940]:main():gmm-align-compiled.cc:127) COF007_Pa007_018
LOG (gmm-align-compiled[5.5.1009~1-e4940]:main():gmm-align-compiled.cc:127) COF007_Pa007_019
LOG (gmm-align-compiled[5.5.1009~1-e4940]:main():gmm-align-compiled.cc:127) COF007_Pa007_020
LOG (gmm-align-compiled[5.5.1009~1-e4940]:main():gmm-align-compiled.cc:127) COF007_Pa007_021
LOG (gmm-align-compiled[5.5.1009~1-e4940]:main():gmm-align-compiled.cc:127) COF007_Pa007_022
LOG (gmm-align-compiled[5.5.1009~1-e4940]:main():gmm-align-compiled.cc:127) COF007_Pa007_023
LOG (gmm-align-compiled[5.5.1009~1-e4940]:main():gmm-align-compiled.cc:127) COF007_Pa007_024
LOG (gmm-align-compiled[5.5.1009~1-e4940]:main():gmm-align-compiled.cc:127) COF007_Pa007_025
LOG (gmm-align-compiled[5.5.1009~1-e4940]:main():gmm-align-compiled.cc:127) COF007_Pa007_026
LOG (gmm-align-compiled[5.5.1009~1-e4940]:main():gmm-align-compiled.cc:127) COF007_Pa007_027
LOG (gmm-align-compiled[5.5.1009~1-e4940]:main():gmm-align-compiled.cc:127) COF007_Pa007_028
LOG (gmm-align-compiled[5.5.1009~1-e4940]:main():gmm-align-compiled.cc:127) COF008_Pa008_001
LOG (gmm-align-compiled[5.5.1009~1-e4940]:main():gmm-align-compiled.cc:127) COF008_Pa008_002
LOG (gmm-align-compiled[5.5.1009~1-e4940]:main():gmm-align-compiled.cc:127) COF008_Pa008_003
LOG (gmm-align-compiled[5.5.1009~1-e4940]:main():gmm-align-compiled.cc:127) COF008_Pa008_004
LOG (gmm-align-compiled[5.5.1009~1-e4940]:main():gmm-align-compiled.cc:127) COF008_Pa008_005
LOG (gmm-align-compiled[5.5.1009~1-e4940]:main():gmm-align-compiled.cc:127) COF008_Pa008_006
LOG (gmm-align-compiled[5.5.1009~1-e4940]:main():gmm-align-compiled.cc:127) COF008_Pa008_007
LOG (gmm-align-compiled[5.5.1009~1-e4940]:main():gmm-align-compiled.cc:127) COF008_Pa008_008
LOG (gmm-align-compiled[5.5.1009~1-e4940]:main():gmm-align-compiled.cc:127) COF008_Pa008_009
LOG (gmm-align-compiled[5.5.1009~1-e4940]:main():gmm-align-compiled.cc:127) COF008_Pa008_010
LOG (gmm-align-compiled[5.5.1009~1-e4940]:main():gmm-align-compiled.cc:127) COF008_Pa008_011
LOG (gmm-align-compiled[5.5.1009~1-e4940]:main():gmm-align-compiled.cc:127) COF008_Pa008_012
LOG (gmm-align-compiled[5.5.1009~1-e4940]:main():gmm-align-compiled.cc:127) COF008_Pa008_013
LOG (gmm-align-compiled[5.5.1009~1-e4940]:main():gmm-align-compiled.cc:127) COF008_Pa008_014
LOG (gmm-align-compiled[5.5.1009~1-e4940]:main():gmm-align-compiled.cc:127) COF008_Pa008_015
LOG (gmm-align-compiled[5.5.1009~1-e4940]:main():gmm-align-compiled.cc:127) COF008_Pa008_016
LOG (gmm-align-compiled[5.5.1009~1-e4940]:main():gmm-align-compiled.cc:127) COF008_Pa008_017
LOG (gmm-align-compiled[5.5.1009~1-e4940]:main():gmm-align-compiled.cc:127) COF008_Pa008_018
LOG (gmm-align-compiled[5.5.1009~1-e4940]:main():gmm-align-compiled.cc:127) COF008_Pa008_019
LOG (gmm-align-compiled[5.5.1009~1-e4940]:main():gmm-align-compiled.cc:127) COF008_Pa008_020
LOG (gmm-align-compiled[5.5.1009~1-e4940]:main():gmm-align-compiled.cc:127) COF008_Pa008_021
LOG (gmm-align-compiled[5.5.1009~1-e4940]:main():gmm-align-compiled.cc:127) COF008_Pa008_022
LOG (gmm-align-compiled[5.5.1009~1-e4940]:main():gmm-align-compiled.cc:127) COF008_Pa008_023
LOG (gmm-align-compiled[5.5.1009~1-e4940]:main():gmm-align-compiled.cc:127) COF008_Pa008_024
LOG (gmm-align-compiled[5.5.1009~1-e4940]:main():gmm-align-compiled.cc:127) COF008_Pa008_025
LOG (gmm-align-compiled[5.5.1009~1-e4940]:main():gmm-align-compiled.cc:127) COF008_Pa008_026
LOG (gmm-align-compiled[5.5.1009~1-e4940]:main():gmm-align-compiled.cc:127) COF008_Pa008_027
LOG (gmm-align-compiled[5.5.1009~1-e4940]:main():gmm-align-compiled.cc:127) COF008_Pa008_028
LOG (gmm-align-compiled[5.5.1009~1-e4940]:main():gmm-align-compiled.cc:127) COF009_Pa009_001
LOG (gmm-align-compiled[5.5.1009~1-e4940]:main():gmm-align-compiled.cc:127) COF009_Pa009_002
LOG (gmm-align-compiled[5.5.1009~1-e4940]:main():gmm-align-compiled.cc:127) COF009_Pa009_003
LOG (gmm-align-compiled[5.5.1009~1-e4940]:main():gmm-align-compiled.cc:127) COF009_Pa009_004
LOG (gmm-align-compiled[5.5.1009~1-e4940]:main():gmm-align-compiled.cc:127) COF009_Pa009_005
LOG (gmm-align-compiled[5.5.1009~1-e4940]:main():gmm-align-compiled.cc:127) COF009_Pa009_006
LOG (gmm-align-compiled[5.5.1009~1-e4940]:main():gmm-align-compiled.cc:127) COF009_Pa009_007
LOG (gmm-align-compiled[5.5.1009~1-e4940]:main():gmm-align-compiled.cc:127) COF009_Pa009_008
LOG (gmm-align-compiled[5.5.1009~1-e4940]:main():gmm-align-compiled.cc:127) COF009_Pa009_009
LOG (gmm-align-compiled[5.5.1009~1-e4940]:main():gmm-align-compiled.cc:127) COF009_Pa009_010
LOG (gmm-align-compiled[5.5.1009~1-e4940]:main():gmm-align-compiled.cc:127) COF009_Pa009_011
LOG (gmm-align-compiled[5.5.1009~1-e4940]:main():gmm-align-compiled.cc:127) COF009_Pa009_012
LOG (gmm-align-compiled[5.5.1009~1-e4940]:main():gmm-align-compiled.cc:127) COF009_Pa009_013
LOG (gmm-align-compiled[5.5.1009~1-e4940]:main():gmm-align-compiled.cc:127) COF009_Pa009_014
LOG (gmm-align-compiled[5.5.1009~1-e4940]:main():gmm-align-compiled.cc:127) COF009_Pa009_015
LOG (gmm-align-compiled[5.5.1009~1-e4940]:main():gmm-align-compiled.cc:127) COF009_Pa009_016
LOG (gmm-align-compiled[5.5.1009~1-e4940]:main():gmm-align-compiled.cc:127) COF009_Pa009_017
LOG (gmm-align-compiled[5.5.1009~1-e4940]:main():gmm-align-compiled.cc:127) COF009_Pa009_018
WARNING (gmm-align-compiled[5.5.1009~1-e4940]:AlignUtteranceWrapper():decoder-wrappers.cc:617) Retrying utterance COF009_Pa009_018 with beam 40
LOG (gmm-align-compiled[5.5.1009~1-e4940]:main():gmm-align-compiled.cc:127) COF009_Pa009_019
LOG (gmm-align-compiled[5.5.1009~1-e4940]:main():gmm-align-compiled.cc:127) COF009_Pa009_020
LOG (gmm-align-compiled[5.5.1009~1-e4940]:main():gmm-align-compiled.cc:127) COF009_Pa009_021
LOG (gmm-align-compiled[5.5.1009~1-e4940]:main():gmm-align-compiled.cc:127) COF009_Pa009_022
LOG (gmm-align-compiled[5.5.1009~1-e4940]:main():gmm-align-compiled.cc:127) COF009_Pa009_023
LOG (gmm-align-compiled[5.5.1009~1-e4940]:main():gmm-align-compiled.cc:127) COF009_Pa009_024
LOG (gmm-align-compiled[5.5.1009~1-e4940]:main():gmm-align-compiled.cc:127) COF009_Pa009_025
LOG (gmm-align-compiled[5.5.1009~1-e4940]:main():gmm-align-compiled.cc:127) COF009_Pa009_026
LOG (gmm-align-compiled[5.5.1009~1-e4940]:main():gmm-align-compiled.cc:127) COF009_Pa009_027
LOG (gmm-align-compiled[5.5.1009~1-e4940]:main():gmm-align-compiled.cc:127) COF009_Pa009_028
LOG (gmm-align-compiled[5.5.1009~1-e4940]:main():gmm-align-compiled.cc:127) COF011_Pa011_001
LOG (gmm-align-compiled[5.5.1009~1-e4940]:main():gmm-align-compiled.cc:127) COF011_Pa011_002
LOG (gmm-align-compiled[5.5.1009~1-e4940]:main():gmm-align-compiled.cc:127) COF011_Pa011_003
LOG (gmm-align-compiled[5.5.1009~1-e4940]:main():gmm-align-compiled.cc:127) COF011_Pa011_004
LOG (gmm-align-compiled[5.5.1009~1-e4940]:main():gmm-align-compiled.cc:127) COF011_Pa011_005
LOG (gmm-align-compiled[5.5.1009~1-e4940]:main():gmm-align-compiled.cc:127) COF011_Pa011_006
LOG (gmm-align-compiled[5.5.1009~1-e4940]:main():gmm-align-compiled.cc:127) COF011_Pa011_007
LOG (gmm-align-compiled[5.5.1009~1-e4940]:main():gmm-align-compiled.cc:127) COF011_Pa011_008
LOG (gmm-align-compiled[5.5.1009~1-e4940]:main():gmm-align-compiled.cc:127) COF011_Pa011_009
LOG (gmm-align-compiled[5.5.1009~1-e4940]:main():gmm-align-compiled.cc:127) COF011_Pa011_010
LOG (gmm-align-compiled[5.5.1009~1-e4940]:main():gmm-align-compiled.cc:127) COF011_Pa011_011
LOG (gmm-align-compiled[5.5.1009~1-e4940]:main():gmm-align-compiled.cc:127) COF011_Pa011_012
LOG (gmm-align-compiled[5.5.1009~1-e4940]:main():gmm-align-compiled.cc:127) COF011_Pa011_013
LOG (gmm-align-compiled[5.5.1009~1-e4940]:main():gmm-align-compiled.cc:127) COF011_Pa011_014
LOG (gmm-align-compiled[5.5.1009~1-e4940]:main():gmm-align-compiled.cc:127) COF011_Pa011_015
LOG (gmm-align-compiled[5.5.1009~1-e4940]:main():gmm-align-compiled.cc:127) COF011_Pa011_016
LOG (gmm-align-compiled[5.5.1009~1-e4940]:main():gmm-align-compiled.cc:127) COF011_Pa011_017
LOG (gmm-align-compiled[5.5.1009~1-e4940]:main():gmm-align-compiled.cc:127) COF011_Pa011_018
LOG (gmm-align-compiled[5.5.1009~1-e4940]:main():gmm-align-compiled.cc:127) COF011_Pa011_019
LOG (gmm-align-compiled[5.5.1009~1-e4940]:main():gmm-align-compiled.cc:127) COF011_Pa011_020
LOG (gmm-align-compiled[5.5.1009~1-e4940]:main():gmm-align-compiled.cc:127) COF011_Pa011_021
LOG (gmm-align-compiled[5.5.1009~1-e4940]:main():gmm-align-compiled.cc:127) COF011_Pa011_022
LOG (gmm-align-compiled[5.5.1009~1-e4940]:main():gmm-align-compiled.cc:127) COF011_Pa011_023
LOG (gmm-align-compiled[5.5.1009~1-e4940]:main():gmm-align-compiled.cc:127) COF011_Pa011_024
LOG (gmm-align-compiled[5.5.1009~1-e4940]:main():gmm-align-compiled.cc:127) COF011_Pa011_025
LOG (gmm-align-compiled[5.5.1009~1-e4940]:main():gmm-align-compiled.cc:127) COF011_Pa011_026
LOG (gmm-align-compiled[5.5.1009~1-e4940]:main():gmm-align-compiled.cc:127) COF011_Pa011_027
LOG (gmm-align-compiled[5.5.1009~1-e4940]:main():gmm-align-compiled.cc:127) COF011_Pa011_028
LOG (gmm-align-compiled[5.5.1009~1-e4940]:main():gmm-align-compiled.cc:127) COF014_Pa014_001
LOG (gmm-align-compiled[5.5.1009~1-e4940]:main():gmm-align-compiled.cc:127) COF014_Pa014_002
LOG (gmm-align-compiled[5.5.1009~1-e4940]:main():gmm-align-compiled.cc:127) COF014_Pa014_003
LOG (gmm-align-compiled[5.5.1009~1-e4940]:main():gmm-align-compiled.cc:127) COF014_Pa014_004
LOG (gmm-align-compiled[5.5.1009~1-e4940]:main():gmm-align-compiled.cc:127) COF014_Pa014_005
LOG (gmm-align-compiled[5.5.1009~1-e4940]:main():gmm-align-compiled.cc:127) COF014_Pa014_006
LOG (gmm-align-compiled[5.5.1009~1-e4940]:main():gmm-align-compiled.cc:127) COF014_Pa014_007
LOG (gmm-align-compiled[5.5.1009~1-e4940]:main():gmm-align-compiled.cc:127) COF014_Pa014_008
LOG (gmm-align-compiled[5.5.1009~1-e4940]:main():gmm-align-compiled.cc:127) COF014_Pa014_009
LOG (gmm-align-compiled[5.5.1009~1-e4940]:main():gmm-align-compiled.cc:127) COF014_Pa014_010
LOG (gmm-align-compiled[5.5.1009~1-e4940]:main():gmm-align-compiled.cc:127) COF014_Pa014_011
LOG (gmm-align-compiled[5.5.1009~1-e4940]:main():gmm-align-compiled.cc:127) COF014_Pa014_012
LOG (gmm-align-compiled[5.5.1009~1-e4940]:main():gmm-align-compiled.cc:127) COF014_Pa014_013
LOG (gmm-align-compiled[5.5.1009~1-e4940]:main():gmm-align-compiled.cc:127) COF014_Pa014_014
LOG (gmm-align-compiled[5.5.1009~1-e4940]:main():gmm-align-compiled.cc:127) COF014_Pa014_015
LOG (gmm-align-compiled[5.5.1009~1-e4940]:main():gmm-align-compiled.cc:127) COF014_Pa014_016
LOG (gmm-align-compiled[5.5.1009~1-e4940]:main():gmm-align-compiled.cc:127) COF014_Pa014_017
LOG (gmm-align-compiled[5.5.1009~1-e4940]:main():gmm-align-compiled.cc:127) COF014_Pa014_018
LOG (gmm-align-compiled[5.5.1009~1-e4940]:main():gmm-align-compiled.cc:127) COF014_Pa014_019
LOG (gmm-align-compiled[5.5.1009~1-e4940]:main():gmm-align-compiled.cc:127) COF014_Pa014_020
LOG (gmm-align-compiled[5.5.1009~1-e4940]:main():gmm-align-compiled.cc:127) COF014_Pa014_021
LOG (gmm-align-compiled[5.5.1009~1-e4940]:main():gmm-align-compiled.cc:127) COF014_Pa014_022
LOG (gmm-align-compiled[5.5.1009~1-e4940]:main():gmm-align-compiled.cc:127) COF014_Pa014_023
LOG (gmm-align-compiled[5.5.1009~1-e4940]:main():gmm-align-compiled.cc:127) COF014_Pa014_024
LOG (gmm-align-compiled[5.5.1009~1-e4940]:main():gmm-align-compiled.cc:127) COF014_Pa014_025
LOG (gmm-align-compiled[5.5.1009~1-e4940]:main():gmm-align-compiled.cc:127) COF014_Pa014_026
LOG (gmm-align-compiled[5.5.1009~1-e4940]:main():gmm-align-compiled.cc:127) COF014_Pa014_027
LOG (gmm-align-compiled[5.5.1009~1-e4940]:main():gmm-align-compiled.cc:127) COF017_Pa017_001
LOG (gmm-align-compiled[5.5.1009~1-e4940]:main():gmm-align-compiled.cc:127) COF017_Pa017_002
LOG (gmm-align-compiled[5.5.1009~1-e4940]:main():gmm-align-compiled.cc:127) COF017_Pa017_003
LOG (gmm-align-compiled[5.5.1009~1-e4940]:main():gmm-align-compiled.cc:127) COF017_Pa017_004
LOG (gmm-align-compiled[5.5.1009~1-e4940]:main():gmm-align-compiled.cc:127) COF017_Pa017_005
LOG (gmm-align-compiled[5.5.1009~1-e4940]:main():gmm-align-compiled.cc:127) COF017_Pa017_006
LOG (gmm-align-compiled[5.5.1009~1-e4940]:main():gmm-align-compiled.cc:127) COF017_Pa017_007
LOG (gmm-align-compiled[5.5.1009~1-e4940]:main():gmm-align-compiled.cc:127) COF017_Pa017_008
LOG (gmm-align-compiled[5.5.1009~1-e4940]:main():gmm-align-compiled.cc:127) COF017_Pa017_009
LOG (gmm-align-compiled[5.5.1009~1-e4940]:main():gmm-align-compiled.cc:127) COF017_Pa017_010
LOG (gmm-align-compiled[5.5.1009~1-e4940]:main():gmm-align-compiled.cc:127) COF017_Pa017_011
LOG (gmm-align-compiled[5.5.1009~1-e4940]:main():gmm-align-compiled.cc:127) COF017_Pa017_012
LOG (gmm-align-compiled[5.5.1009~1-e4940]:main():gmm-align-compiled.cc:127) COF017_Pa017_013
LOG (gmm-align-compiled[5.5.1009~1-e4940]:main():gmm-align-compiled.cc:127) COF017_Pa017_014
LOG (gmm-align-compiled[5.5.1009~1-e4940]:main():gmm-align-compiled.cc:127) COF017_Pa017_015
LOG (gmm-align-compiled[5.5.1009~1-e4940]:main():gmm-align-compiled.cc:127) COF017_Pa017_016
LOG (gmm-align-compiled[5.5.1009~1-e4940]:main():gmm-align-compiled.cc:127) COF017_Pa017_017
LOG (gmm-align-compiled[5.5.1009~1-e4940]:main():gmm-align-compiled.cc:127) COF017_Pa017_018
LOG (gmm-align-compiled[5.5.1009~1-e4940]:main():gmm-align-compiled.cc:127) COF017_Pa017_019
LOG (gmm-align-compiled[5.5.1009~1-e4940]:main():gmm-align-compiled.cc:127) COF017_Pa017_020
LOG (gmm-align-compiled[5.5.1009~1-e4940]:main():gmm-align-compiled.cc:127) COF017_Pa017_021
LOG (gmm-align-compiled[5.5.1009~1-e4940]:main():gmm-align-compiled.cc:127) COF017_Pa017_022
LOG (gmm-align-compiled[5.5.1009~1-e4940]:main():gmm-align-compiled.cc:127) COF017_Pa017_023
LOG (gmm-align-compiled[5.5.1009~1-e4940]:main():gmm-align-compiled.cc:127) COF017_Pa017_024
LOG (gmm-align-compiled[5.5.1009~1-e4940]:main():gmm-align-compiled.cc:127) COF017_Pa017_025
LOG (gmm-align-compiled[5.5.1009~1-e4940]:main():gmm-align-compiled.cc:127) COF017_Pa017_026
LOG (gmm-align-compiled[5.5.1009~1-e4940]:main():gmm-align-compiled.cc:127) COF017_Pa017_027
LOG (gmm-align-compiled[5.5.1009~1-e4940]:main():gmm-align-compiled.cc:127) COF017_Pa017_028
LOG (gmm-align-compiled[5.5.1009~1-e4940]:main():gmm-align-compiled.cc:127) COF020_Pa020_001
LOG (gmm-align-compiled[5.5.1009~1-e4940]:main():gmm-align-compiled.cc:127) COF020_Pa020_002
LOG (gmm-align-compiled[5.5.1009~1-e4940]:main():gmm-align-compiled.cc:127) COF020_Pa020_003
LOG (gmm-align-compiled[5.5.1009~1-e4940]:main():gmm-align-compiled.cc:127) COF020_Pa020_004
LOG (gmm-align-compiled[5.5.1009~1-e4940]:main():gmm-align-compiled.cc:127) COF020_Pa020_005
LOG (gmm-align-compiled[5.5.1009~1-e4940]:main():gmm-align-compiled.cc:127) COF020_Pa020_006
LOG (gmm-align-compiled[5.5.1009~1-e4940]:main():gmm-align-compiled.cc:127) COF020_Pa020_007
LOG (gmm-align-compiled[5.5.1009~1-e4940]:main():gmm-align-compiled.cc:127) COF020_Pa020_008
LOG (gmm-align-compiled[5.5.1009~1-e4940]:main():gmm-align-compiled.cc:127) COF020_Pa020_009
LOG (gmm-align-compiled[5.5.1009~1-e4940]:main():gmm-align-compiled.cc:127) COF020_Pa020_010
LOG (gmm-align-compiled[5.5.1009~1-e4940]:main():gmm-align-compiled.cc:127) COF020_Pa020_011
LOG (gmm-align-compiled[5.5.1009~1-e4940]:main():gmm-align-compiled.cc:127) COF020_Pa020_012
LOG (gmm-align-compiled[5.5.1009~1-e4940]:main():gmm-align-compiled.cc:127) COF020_Pa020_013
LOG (gmm-align-compiled[5.5.1009~1-e4940]:main():gmm-align-compiled.cc:127) COF020_Pa020_014
LOG (gmm-align-compiled[5.5.1009~1-e4940]:main():gmm-align-compiled.cc:127) COF020_Pa020_015
LOG (gmm-align-compiled[5.5.1009~1-e4940]:main():gmm-align-compiled.cc:127) COF020_Pa020_016
LOG (gmm-align-compiled[5.5.1009~1-e4940]:main():gmm-align-compiled.cc:127) COF020_Pa020_017
LOG (gmm-align-compiled[5.5.1009~1-e4940]:main():gmm-align-compiled.cc:127) COF020_Pa020_018
LOG (gmm-align-compiled[5.5.1009~1-e4940]:main():gmm-align-compiled.cc:127) COF020_Pa020_019
LOG (gmm-align-compiled[5.5.1009~1-e4940]:main():gmm-align-compiled.cc:127) COF020_Pa020_020
LOG (gmm-align-compiled[5.5.1009~1-e4940]:main():gmm-align-compiled.cc:127) COF020_Pa020_021
LOG (gmm-align-compiled[5.5.1009~1-e4940]:main():gmm-align-compiled.cc:127) COF020_Pa020_022
LOG (gmm-align-compiled[5.5.1009~1-e4940]:main():gmm-align-compiled.cc:127) COF020_Pa020_023
LOG (gmm-align-compiled[5.5.1009~1-e4940]:main():gmm-align-compiled.cc:127) COF020_Pa020_024
LOG (gmm-align-compiled[5.5.1009~1-e4940]:main():gmm-align-compiled.cc:127) COF020_Pa020_025
LOG (gmm-align-compiled[5.5.1009~1-e4940]:main():gmm-align-compiled.cc:127) COF020_Pa020_026
LOG (gmm-align-compiled[5.5.1009~1-e4940]:main():gmm-align-compiled.cc:127) COF020_Pa020_027
LOG (gmm-align-compiled[5.5.1009~1-e4940]:main():gmm-align-compiled.cc:127) COF020_Pa020_028
LOG (gmm-align-compiled[5.5.1009~1-e4940]:main():gmm-align-compiled.cc:127) COF024_Pa024_001
LOG (gmm-align-compiled[5.5.1009~1-e4940]:main():gmm-align-compiled.cc:127) COF024_Pa024_002
LOG (gmm-align-compiled[5.5.1009~1-e4940]:main():gmm-align-compiled.cc:127) COF024_Pa024_003
LOG (gmm-align-compiled[5.5.1009~1-e4940]:main():gmm-align-compiled.cc:127) COF024_Pa024_004
LOG (gmm-align-compiled[5.5.1009~1-e4940]:main():gmm-align-compiled.cc:127) COF024_Pa024_005
LOG (gmm-align-compiled[5.5.1009~1-e4940]:main():gmm-align-compiled.cc:127) COF024_Pa024_006
LOG (gmm-align-compiled[5.5.1009~1-e4940]:main():gmm-align-compiled.cc:127) COF024_Pa024_007
LOG (gmm-align-compiled[5.5.1009~1-e4940]:main():gmm-align-compiled.cc:127) COF024_Pa024_008
LOG (gmm-align-compiled[5.5.1009~1-e4940]:main():gmm-align-compiled.cc:127) COF024_Pa024_009
LOG (gmm-align-compiled[5.5.1009~1-e4940]:main():gmm-align-compiled.cc:127) COF024_Pa024_010
LOG (gmm-align-compiled[5.5.1009~1-e4940]:main():gmm-align-compiled.cc:127) COF024_Pa024_011
LOG (gmm-align-compiled[5.5.1009~1-e4940]:main():gmm-align-compiled.cc:127) COF024_Pa024_012
LOG (gmm-align-compiled[5.5.1009~1-e4940]:main():gmm-align-compiled.cc:127) COF024_Pa024_013
LOG (gmm-align-compiled[5.5.1009~1-e4940]:main():gmm-align-compiled.cc:127) COF024_Pa024_014
LOG (gmm-align-compiled[5.5.1009~1-e4940]:main():gmm-align-compiled.cc:127) COF024_Pa024_015
LOG (gmm-align-compiled[5.5.1009~1-e4940]:main():gmm-align-compiled.cc:127) COF024_Pa024_016
LOG (gmm-align-compiled[5.5.1009~1-e4940]:main():gmm-align-compiled.cc:127) COF024_Pa024_017
LOG (gmm-align-compiled[5.5.1009~1-e4940]:main():gmm-align-compiled.cc:127) COF024_Pa024_018
LOG (gmm-align-compiled[5.5.1009~1-e4940]:main():gmm-align-compiled.cc:127) COF024_Pa024_019
LOG (gmm-align-compiled[5.5.1009~1-e4940]:main():gmm-align-compiled.cc:127) COF024_Pa024_020
LOG (gmm-align-compiled[5.5.1009~1-e4940]:main():gmm-align-compiled.cc:127) COF024_Pa024_021
LOG (gmm-align-compiled[5.5.1009~1-e4940]:main():gmm-align-compiled.cc:127) COF024_Pa024_022
LOG (gmm-align-compiled[5.5.1009~1-e4940]:main():gmm-align-compiled.cc:127) COF024_Pa024_023
LOG (gmm-align-compiled[5.5.1009~1-e4940]:main():gmm-align-compiled.cc:127) COF024_Pa024_024
LOG (gmm-align-compiled[5.5.1009~1-e4940]:main():gmm-align-compiled.cc:127) COF024_Pa024_025
LOG (gmm-align-compiled[5.5.1009~1-e4940]:main():gmm-align-compiled.cc:127) COF024_Pa024_026
LOG (gmm-align-compiled[5.5.1009~1-e4940]:main():gmm-align-compiled.cc:127) COF024_Pa024_027
LOG (gmm-align-compiled[5.5.1009~1-e4940]:main():gmm-align-compiled.cc:127) COF024_Pa024_028
LOG (gmm-align-compiled[5.5.1009~1-e4940]:main():gmm-align-compiled.cc:127) COM025_Pa025_001
LOG (gmm-align-compiled[5.5.1009~1-e4940]:main():gmm-align-compiled.cc:127) COM025_Pa025_002
LOG (gmm-align-compiled[5.5.1009~1-e4940]:main():gmm-align-compiled.cc:127) COM025_Pa025_003
LOG (gmm-align-compiled[5.5.1009~1-e4940]:main():gmm-align-compiled.cc:127) COM025_Pa025_004
LOG (gmm-align-compiled[5.5.1009~1-e4940]:main():gmm-align-compiled.cc:127) COM025_Pa025_005
LOG (gmm-align-compiled[5.5.1009~1-e4940]:main():gmm-align-compiled.cc:127) COM025_Pa025_006
LOG (gmm-align-compiled[5.5.1009~1-e4940]:main():gmm-align-compiled.cc:127) COM025_Pa025_007
LOG (gmm-align-compiled[5.5.1009~1-e4940]:main():gmm-align-compiled.cc:127) COM025_Pa025_008
LOG (gmm-align-compiled[5.5.1009~1-e4940]:main():gmm-align-compiled.cc:127) COM025_Pa025_009
LOG (gmm-align-compiled[5.5.1009~1-e4940]:main():gmm-align-compiled.cc:127) COM025_Pa025_010
LOG (gmm-align-compiled[5.5.1009~1-e4940]:main():gmm-align-compiled.cc:127) COM025_Pa025_011
LOG (gmm-align-compiled[5.5.1009~1-e4940]:main():gmm-align-compiled.cc:127) COM025_Pa025_012
LOG (gmm-align-compiled[5.5.1009~1-e4940]:main():gmm-align-compiled.cc:127) COM025_Pa025_013
LOG (gmm-align-compiled[5.5.1009~1-e4940]:main():gmm-align-compiled.cc:127) COM025_Pa025_014
LOG (gmm-align-compiled[5.5.1009~1-e4940]:main():gmm-align-compiled.cc:127) COM025_Pa025_015
LOG (gmm-align-compiled[5.5.1009~1-e4940]:main():gmm-align-compiled.cc:127) COM025_Pa025_016
LOG (gmm-align-compiled[5.5.1009~1-e4940]:main():gmm-align-compiled.cc:127) COM025_Pa025_017
LOG (gmm-align-compiled[5.5.1009~1-e4940]:main():gmm-align-compiled.cc:127) COM025_Pa025_018
LOG (gmm-align-compiled[5.5.1009~1-e4940]:main():gmm-align-compiled.cc:127) COM025_Pa025_019
LOG (gmm-align-compiled[5.5.1009~1-e4940]:main():gmm-align-compiled.cc:127) COM025_Pa025_020
LOG (gmm-align-compiled[5.5.1009~1-e4940]:main():gmm-align-compiled.cc:127) COM025_Pa025_021
LOG (gmm-align-compiled[5.5.1009~1-e4940]:main():gmm-align-compiled.cc:127) COM025_Pa025_022
LOG (gmm-align-compiled[5.5.1009~1-e4940]:main():gmm-align-compiled.cc:127) COM025_Pa025_023
LOG (gmm-align-compiled[5.5.1009~1-e4940]:main():gmm-align-compiled.cc:127) COM025_Pa025_024
LOG (gmm-align-compiled[5.5.1009~1-e4940]:main():gmm-align-compiled.cc:127) COM025_Pa025_025
LOG (gmm-align-compiled[5.5.1009~1-e4940]:main():gmm-align-compiled.cc:127) COM025_Pa025_026
LOG (gmm-align-compiled[5.5.1009~1-e4940]:main():gmm-align-compiled.cc:127) COM025_Pa025_027
LOG (gmm-align-compiled[5.5.1009~1-e4940]:main():gmm-align-compiled.cc:127) COM025_Pa025_028
LOG (gmm-align-compiled[5.5.1009~1-e4940]:main():gmm-align-compiled.cc:127) COM027_Pa027_001
LOG (gmm-align-compiled[5.5.1009~1-e4940]:main():gmm-align-compiled.cc:127) COM027_Pa027_002
LOG (gmm-align-compiled[5.5.1009~1-e4940]:main():gmm-align-compiled.cc:127) COM027_Pa027_003
LOG (gmm-align-compiled[5.5.1009~1-e4940]:main():gmm-align-compiled.cc:127) COM027_Pa027_004
LOG (gmm-align-compiled[5.5.1009~1-e4940]:main():gmm-align-compiled.cc:127) COM027_Pa027_005
LOG (gmm-align-compiled[5.5.1009~1-e4940]:main():gmm-align-compiled.cc:127) COM027_Pa027_006
LOG (gmm-align-compiled[5.5.1009~1-e4940]:main():gmm-align-compiled.cc:127) COM027_Pa027_007
LOG (gmm-align-compiled[5.5.1009~1-e4940]:main():gmm-align-compiled.cc:127) COM027_Pa027_008
LOG (gmm-align-compiled[5.5.1009~1-e4940]:main():gmm-align-compiled.cc:127) COM027_Pa027_009
LOG (gmm-align-compiled[5.5.1009~1-e4940]:main():gmm-align-compiled.cc:127) COM027_Pa027_010
LOG (gmm-align-compiled[5.5.1009~1-e4940]:main():gmm-align-compiled.cc:127) COM027_Pa027_011
LOG (gmm-align-compiled[5.5.1009~1-e4940]:main():gmm-align-compiled.cc:127) COM027_Pa027_012
LOG (gmm-align-compiled[5.5.1009~1-e4940]:main():gmm-align-compiled.cc:127) COM027_Pa027_013
LOG (gmm-align-compiled[5.5.1009~1-e4940]:main():gmm-align-compiled.cc:127) COM027_Pa027_014
LOG (gmm-align-compiled[5.5.1009~1-e4940]:main():gmm-align-compiled.cc:127) COM027_Pa027_015
LOG (gmm-align-compiled[5.5.1009~1-e4940]:main():gmm-align-compiled.cc:127) COM027_Pa027_016
LOG (gmm-align-compiled[5.5.1009~1-e4940]:main():gmm-align-compiled.cc:127) COM027_Pa027_017
LOG (gmm-align-compiled[5.5.1009~1-e4940]:main():gmm-align-compiled.cc:127) COM027_Pa027_018
LOG (gmm-align-compiled[5.5.1009~1-e4940]:main():gmm-align-compiled.cc:127) COM027_Pa027_019
LOG (gmm-align-compiled[5.5.1009~1-e4940]:main():gmm-align-compiled.cc:127) COM027_Pa027_020
LOG (gmm-align-compiled[5.5.1009~1-e4940]:main():gmm-align-compiled.cc:127) COM027_Pa027_021
LOG (gmm-align-compiled[5.5.1009~1-e4940]:main():gmm-align-compiled.cc:127) COM027_Pa027_022
LOG (gmm-align-compiled[5.5.1009~1-e4940]:main():gmm-align-compiled.cc:127) COM027_Pa027_023
LOG (gmm-align-compiled[5.5.1009~1-e4940]:main():gmm-align-compiled.cc:127) COM027_Pa027_024
LOG (gmm-align-compiled[5.5.1009~1-e4940]:main():gmm-align-compiled.cc:127) COM027_Pa027_025
LOG (gmm-align-compiled[5.5.1009~1-e4940]:main():gmm-align-compiled.cc:127) COM027_Pa027_026
LOG (gmm-align-compiled[5.5.1009~1-e4940]:main():gmm-align-compiled.cc:127) COM027_Pa027_027
LOG (gmm-align-compiled[5.5.1009~1-e4940]:main():gmm-align-compiled.cc:127) COM027_Pa027_028
LOG (gmm-align-compiled[5.5.1009~1-e4940]:main():gmm-align-compiled.cc:127) COM030_Pa030_001
LOG (gmm-align-compiled[5.5.1009~1-e4940]:main():gmm-align-compiled.cc:127) COM030_Pa030_002
LOG (gmm-align-compiled[5.5.1009~1-e4940]:main():gmm-align-compiled.cc:127) COM030_Pa030_003
LOG (gmm-align-compiled[5.5.1009~1-e4940]:main():gmm-align-compiled.cc:127) COM030_Pa030_004
LOG (gmm-align-compiled[5.5.1009~1-e4940]:main():gmm-align-compiled.cc:127) COM030_Pa030_005
LOG (gmm-align-compiled[5.5.1009~1-e4940]:main():gmm-align-compiled.cc:127) COM030_Pa030_006
LOG (gmm-align-compiled[5.5.1009~1-e4940]:main():gmm-align-compiled.cc:127) COM030_Pa030_007
LOG (gmm-align-compiled[5.5.1009~1-e4940]:main():gmm-align-compiled.cc:127) COM030_Pa030_008
LOG (gmm-align-compiled[5.5.1009~1-e4940]:main():gmm-align-compiled.cc:127) COM030_Pa030_009
LOG (gmm-align-compiled[5.5.1009~1-e4940]:main():gmm-align-compiled.cc:127) COM030_Pa030_010
LOG (gmm-align-compiled[5.5.1009~1-e4940]:main():gmm-align-compiled.cc:127) COM030_Pa030_011
LOG (gmm-align-compiled[5.5.1009~1-e4940]:main():gmm-align-compiled.cc:127) COM030_Pa030_012
LOG (gmm-align-compiled[5.5.1009~1-e4940]:main():gmm-align-compiled.cc:127) COM030_Pa030_013
LOG (gmm-align-compiled[5.5.1009~1-e4940]:main():gmm-align-compiled.cc:127) COM030_Pa030_014
LOG (gmm-align-compiled[5.5.1009~1-e4940]:main():gmm-align-compiled.cc:127) COM030_Pa030_015
LOG (gmm-align-compiled[5.5.1009~1-e4940]:main():gmm-align-compiled.cc:127) COM030_Pa030_016
LOG (gmm-align-compiled[5.5.1009~1-e4940]:main():gmm-align-compiled.cc:127) COM030_Pa030_017
LOG (gmm-align-compiled[5.5.1009~1-e4940]:main():gmm-align-compiled.cc:127) COM030_Pa030_018
LOG (gmm-align-compiled[5.5.1009~1-e4940]:main():gmm-align-compiled.cc:127) COM030_Pa030_019
LOG (gmm-align-compiled[5.5.1009~1-e4940]:main():gmm-align-compiled.cc:127) COM030_Pa030_020
LOG (gmm-align-compiled[5.5.1009~1-e4940]:main():gmm-align-compiled.cc:127) COM030_Pa030_021
LOG (gmm-align-compiled[5.5.1009~1-e4940]:main():gmm-align-compiled.cc:127) COM030_Pa030_022
LOG (gmm-align-compiled[5.5.1009~1-e4940]:main():gmm-align-compiled.cc:127) COM030_Pa030_023
LOG (gmm-align-compiled[5.5.1009~1-e4940]:main():gmm-align-compiled.cc:127) COM030_Pa030_024
LOG (gmm-align-compiled[5.5.1009~1-e4940]:main():gmm-align-compiled.cc:127) COM030_Pa030_025
LOG (gmm-align-compiled[5.5.1009~1-e4940]:main():gmm-align-compiled.cc:127) COM030_Pa030_026
LOG (gmm-align-compiled[5.5.1009~1-e4940]:main():gmm-align-compiled.cc:127) COM030_Pa030_027
LOG (gmm-align-compiled[5.5.1009~1-e4940]:main():gmm-align-compiled.cc:127) COM030_Pa030_028
LOG (gmm-align-compiled[5.5.1009~1-e4940]:main():gmm-align-compiled.cc:127) COM032_Pa032_001
LOG (gmm-align-compiled[5.5.1009~1-e4940]:main():gmm-align-compiled.cc:127) COM032_Pa032_002
LOG (gmm-align-compiled[5.5.1009~1-e4940]:main():gmm-align-compiled.cc:127) COM032_Pa032_003
LOG (gmm-align-compiled[5.5.1009~1-e4940]:main():gmm-align-compiled.cc:127) COM032_Pa032_004
LOG (gmm-align-compiled[5.5.1009~1-e4940]:main():gmm-align-compiled.cc:127) COM032_Pa032_005
LOG (gmm-align-compiled[5.5.1009~1-e4940]:main():gmm-align-compiled.cc:127) COM032_Pa032_006
LOG (gmm-align-compiled[5.5.1009~1-e4940]:main():gmm-align-compiled.cc:127) COM032_Pa032_007
LOG (gmm-align-compiled[5.5.1009~1-e4940]:main():gmm-align-compiled.cc:127) COM032_Pa032_008
LOG (gmm-align-compiled[5.5.1009~1-e4940]:main():gmm-align-compiled.cc:127) COM032_Pa032_009
LOG (gmm-align-compiled[5.5.1009~1-e4940]:main():gmm-align-compiled.cc:127) COM032_Pa032_010
LOG (gmm-align-compiled[5.5.1009~1-e4940]:main():gmm-align-compiled.cc:127) COM032_Pa032_011
LOG (gmm-align-compiled[5.5.1009~1-e4940]:main():gmm-align-compiled.cc:127) COM032_Pa032_012
LOG (gmm-align-compiled[5.5.1009~1-e4940]:main():gmm-align-compiled.cc:127) COM032_Pa032_013
LOG (gmm-align-compiled[5.5.1009~1-e4940]:main():gmm-align-compiled.cc:127) COM032_Pa032_014
LOG (gmm-align-compiled[5.5.1009~1-e4940]:main():gmm-align-compiled.cc:127) COM032_Pa032_015
LOG (gmm-align-compiled[5.5.1009~1-e4940]:main():gmm-align-compiled.cc:127) COM032_Pa032_016
LOG (gmm-align-compiled[5.5.1009~1-e4940]:main():gmm-align-compiled.cc:127) COM032_Pa032_017
LOG (gmm-align-compiled[5.5.1009~1-e4940]:main():gmm-align-compiled.cc:127) COM032_Pa032_018
LOG (gmm-align-compiled[5.5.1009~1-e4940]:main():gmm-align-compiled.cc:127) COM032_Pa032_019
LOG (gmm-align-compiled[5.5.1009~1-e4940]:main():gmm-align-compiled.cc:127) COM032_Pa032_020
LOG (gmm-align-compiled[5.5.1009~1-e4940]:main():gmm-align-compiled.cc:127) COM032_Pa032_021
LOG (gmm-align-compiled[5.5.1009~1-e4940]:main():gmm-align-compiled.cc:127) COM032_Pa032_022
LOG (gmm-align-compiled[5.5.1009~1-e4940]:main():gmm-align-compiled.cc:127) COM032_Pa032_023
LOG (gmm-align-compiled[5.5.1009~1-e4940]:main():gmm-align-compiled.cc:127) COM032_Pa032_024
LOG (gmm-align-compiled[5.5.1009~1-e4940]:main():gmm-align-compiled.cc:127) COM032_Pa032_025
LOG (gmm-align-compiled[5.5.1009~1-e4940]:main():gmm-align-compiled.cc:127) COM032_Pa032_026
LOG (gmm-align-compiled[5.5.1009~1-e4940]:main():gmm-align-compiled.cc:127) COM032_Pa032_027
LOG (gmm-align-compiled[5.5.1009~1-e4940]:main():gmm-align-compiled.cc:127) COM032_Pa032_028
LOG (gmm-align-compiled[5.5.1009~1-e4940]:main():gmm-align-compiled.cc:127) COM034_Pa034_001
LOG (gmm-align-compiled[5.5.1009~1-e4940]:main():gmm-align-compiled.cc:127) COM034_Pa034_002
LOG (gmm-align-compiled[5.5.1009~1-e4940]:main():gmm-align-compiled.cc:127) COM034_Pa034_003
LOG (gmm-align-compiled[5.5.1009~1-e4940]:main():gmm-align-compiled.cc:127) COM034_Pa034_004
LOG (gmm-align-compiled[5.5.1009~1-e4940]:main():gmm-align-compiled.cc:127) COM034_Pa034_005
LOG (gmm-align-compiled[5.5.1009~1-e4940]:main():gmm-align-compiled.cc:127) COM034_Pa034_006
LOG (gmm-align-compiled[5.5.1009~1-e4940]:main():gmm-align-compiled.cc:127) COM034_Pa034_007
LOG (gmm-align-compiled[5.5.1009~1-e4940]:main():gmm-align-compiled.cc:127) COM034_Pa034_008
LOG (gmm-align-compiled[5.5.1009~1-e4940]:main():gmm-align-compiled.cc:127) COM034_Pa034_009
LOG (gmm-align-compiled[5.5.1009~1-e4940]:main():gmm-align-compiled.cc:127) COM034_Pa034_010
LOG (gmm-align-compiled[5.5.1009~1-e4940]:main():gmm-align-compiled.cc:127) COM034_Pa034_011
LOG (gmm-align-compiled[5.5.1009~1-e4940]:main():gmm-align-compiled.cc:127) COM034_Pa034_012
LOG (gmm-align-compiled[5.5.1009~1-e4940]:main():gmm-align-compiled.cc:127) COM034_Pa034_013
LOG (gmm-align-compiled[5.5.1009~1-e4940]:main():gmm-align-compiled.cc:127) COM034_Pa034_014
LOG (gmm-align-compiled[5.5.1009~1-e4940]:main():gmm-align-compiled.cc:127) COM034_Pa034_015
LOG (gmm-align-compiled[5.5.1009~1-e4940]:main():gmm-align-compiled.cc:127) COM034_Pa034_016
LOG (gmm-align-compiled[5.5.1009~1-e4940]:main():gmm-align-compiled.cc:127) COM034_Pa034_017
LOG (gmm-align-compiled[5.5.1009~1-e4940]:main():gmm-align-compiled.cc:127) COM034_Pa034_018
LOG (gmm-align-compiled[5.5.1009~1-e4940]:main():gmm-align-compiled.cc:127) COM034_Pa034_019
LOG (gmm-align-compiled[5.5.1009~1-e4940]:main():gmm-align-compiled.cc:127) COM034_Pa034_020
LOG (gmm-align-compiled[5.5.1009~1-e4940]:main():gmm-align-compiled.cc:127) COM034_Pa034_021
LOG (gmm-align-compiled[5.5.1009~1-e4940]:main():gmm-align-compiled.cc:127) COM034_Pa034_022
LOG (gmm-align-compiled[5.5.1009~1-e4940]:main():gmm-align-compiled.cc:127) COM034_Pa034_023
LOG (gmm-align-compiled[5.5.1009~1-e4940]:main():gmm-align-compiled.cc:127) COM034_Pa034_024
LOG (gmm-align-compiled[5.5.1009~1-e4940]:main():gmm-align-compiled.cc:127) COM034_Pa034_025
LOG (gmm-align-compiled[5.5.1009~1-e4940]:main():gmm-align-compiled.cc:127) COM034_Pa034_026
LOG (gmm-align-compiled[5.5.1009~1-e4940]:main():gmm-align-compiled.cc:127) COM034_Pa034_027
LOG (gmm-align-compiled[5.5.1009~1-e4940]:main():gmm-align-compiled.cc:127) COM034_Pa034_028
LOG (gmm-align-compiled[5.5.1009~1-e4940]:main():gmm-align-compiled.cc:127) COM036_Pa036_001
LOG (gmm-align-compiled[5.5.1009~1-e4940]:main():gmm-align-compiled.cc:127) COM036_Pa036_002
LOG (gmm-align-compiled[5.5.1009~1-e4940]:main():gmm-align-compiled.cc:127) COM036_Pa036_003
LOG (gmm-align-compiled[5.5.1009~1-e4940]:main():gmm-align-compiled.cc:127) COM036_Pa036_004
LOG (gmm-align-compiled[5.5.1009~1-e4940]:main():gmm-align-compiled.cc:127) COM036_Pa036_005
LOG (gmm-align-compiled[5.5.1009~1-e4940]:main():gmm-align-compiled.cc:127) COM036_Pa036_006
LOG (gmm-align-compiled[5.5.1009~1-e4940]:main():gmm-align-compiled.cc:127) COM036_Pa036_007
LOG (gmm-align-compiled[5.5.1009~1-e4940]:main():gmm-align-compiled.cc:127) COM036_Pa036_008
LOG (gmm-align-compiled[5.5.1009~1-e4940]:main():gmm-align-compiled.cc:127) COM036_Pa036_009
LOG (gmm-align-compiled[5.5.1009~1-e4940]:main():gmm-align-compiled.cc:127) COM036_Pa036_010
LOG (gmm-align-compiled[5.5.1009~1-e4940]:main():gmm-align-compiled.cc:127) COM036_Pa036_011
LOG (gmm-align-compiled[5.5.1009~1-e4940]:main():gmm-align-compiled.cc:127) COM036_Pa036_012
LOG (gmm-align-compiled[5.5.1009~1-e4940]:main():gmm-align-compiled.cc:127) COM036_Pa036_013
LOG (gmm-align-compiled[5.5.1009~1-e4940]:main():gmm-align-compiled.cc:127) COM036_Pa036_014
LOG (gmm-align-compiled[5.5.1009~1-e4940]:main():gmm-align-compiled.cc:127) COM036_Pa036_015
LOG (gmm-align-compiled[5.5.1009~1-e4940]:main():gmm-align-compiled.cc:127) COM036_Pa036_016
LOG (gmm-align-compiled[5.5.1009~1-e4940]:main():gmm-align-compiled.cc:127) COM036_Pa036_017
LOG (gmm-align-compiled[5.5.1009~1-e4940]:main():gmm-align-compiled.cc:127) COM036_Pa036_018
LOG (gmm-align-compiled[5.5.1009~1-e4940]:main():gmm-align-compiled.cc:127) COM036_Pa036_019
LOG (gmm-align-compiled[5.5.1009~1-e4940]:main():gmm-align-compiled.cc:127) COM036_Pa036_020
LOG (gmm-align-compiled[5.5.1009~1-e4940]:main():gmm-align-compiled.cc:127) COM036_Pa036_021
LOG (gmm-align-compiled[5.5.1009~1-e4940]:main():gmm-align-compiled.cc:127) COM036_Pa036_022
LOG (gmm-align-compiled[5.5.1009~1-e4940]:main():gmm-align-compiled.cc:127) COM036_Pa036_023
LOG (gmm-align-compiled[5.5.1009~1-e4940]:main():gmm-align-compiled.cc:127) COM036_Pa036_024
LOG (gmm-align-compiled[5.5.1009~1-e4940]:main():gmm-align-compiled.cc:127) COM036_Pa036_025
LOG (gmm-align-compiled[5.5.1009~1-e4940]:main():gmm-align-compiled.cc:127) COM036_Pa036_026
LOG (gmm-align-compiled[5.5.1009~1-e4940]:main():gmm-align-compiled.cc:127) COM036_Pa036_027
LOG (gmm-align-compiled[5.5.1009~1-e4940]:main():gmm-align-compiled.cc:127) COM036_Pa036_028
LOG (gmm-align-compiled[5.5.1009~1-e4940]:main():gmm-align-compiled.cc:127) COM037_Pa037_001
LOG (gmm-align-compiled[5.5.1009~1-e4940]:main():gmm-align-compiled.cc:127) COM037_Pa037_002
LOG (gmm-align-compiled[5.5.1009~1-e4940]:main():gmm-align-compiled.cc:127) COM037_Pa037_003
LOG (gmm-align-compiled[5.5.1009~1-e4940]:main():gmm-align-compiled.cc:127) COM037_Pa037_004
LOG (gmm-align-compiled[5.5.1009~1-e4940]:main():gmm-align-compiled.cc:127) COM037_Pa037_005
LOG (gmm-align-compiled[5.5.1009~1-e4940]:main():gmm-align-compiled.cc:127) COM037_Pa037_006
LOG (gmm-align-compiled[5.5.1009~1-e4940]:main():gmm-align-compiled.cc:127) COM037_Pa037_007
LOG (gmm-align-compiled[5.5.1009~1-e4940]:main():gmm-align-compiled.cc:127) COM037_Pa037_008
LOG (gmm-align-compiled[5.5.1009~1-e4940]:main():gmm-align-compiled.cc:127) COM037_Pa037_009
LOG (gmm-align-compiled[5.5.1009~1-e4940]:main():gmm-align-compiled.cc:127) COM037_Pa037_010
LOG (gmm-align-compiled[5.5.1009~1-e4940]:main():gmm-align-compiled.cc:127) COM037_Pa037_011
LOG (gmm-align-compiled[5.5.1009~1-e4940]:main():gmm-align-compiled.cc:127) COM037_Pa037_012
LOG (gmm-align-compiled[5.5.1009~1-e4940]:main():gmm-align-compiled.cc:127) COM037_Pa037_013
LOG (gmm-align-compiled[5.5.1009~1-e4940]:main():gmm-align-compiled.cc:127) COM037_Pa037_014
LOG (gmm-align-compiled[5.5.1009~1-e4940]:main():gmm-align-compiled.cc:127) COM037_Pa037_015
LOG (gmm-align-compiled[5.5.1009~1-e4940]:main():gmm-align-compiled.cc:127) COM037_Pa037_016
LOG (gmm-align-compiled[5.5.1009~1-e4940]:main():gmm-align-compiled.cc:127) COM037_Pa037_017
LOG (gmm-align-compiled[5.5.1009~1-e4940]:main():gmm-align-compiled.cc:127) COM037_Pa037_018
LOG (gmm-align-compiled[5.5.1009~1-e4940]:main():gmm-align-compiled.cc:127) COM037_Pa037_019
LOG (gmm-align-compiled[5.5.1009~1-e4940]:main():gmm-align-compiled.cc:127) COM037_Pa037_020
LOG (gmm-align-compiled[5.5.1009~1-e4940]:main():gmm-align-compiled.cc:127) COM037_Pa037_021
LOG (gmm-align-compiled[5.5.1009~1-e4940]:main():gmm-align-compiled.cc:127) COM037_Pa037_022
LOG (gmm-align-compiled[5.5.1009~1-e4940]:main():gmm-align-compiled.cc:127) COM037_Pa037_023
LOG (gmm-align-compiled[5.5.1009~1-e4940]:main():gmm-align-compiled.cc:127) COM037_Pa037_024
LOG (gmm-align-compiled[5.5.1009~1-e4940]:main():gmm-align-compiled.cc:127) COM037_Pa037_025
LOG (gmm-align-compiled[5.5.1009~1-e4940]:main():gmm-align-compiled.cc:127) COM037_Pa037_026
LOG (gmm-align-compiled[5.5.1009~1-e4940]:main():gmm-align-compiled.cc:127) COM037_Pa037_027
LOG (gmm-align-compiled[5.5.1009~1-e4940]:main():gmm-align-compiled.cc:127) COM037_Pa037_028
LOG (gmm-align-compiled[5.5.1009~1-e4940]:main():gmm-align-compiled.cc:127) COM040_Pa040_001
LOG (gmm-align-compiled[5.5.1009~1-e4940]:main():gmm-align-compiled.cc:127) COM040_Pa040_002
LOG (gmm-align-compiled[5.5.1009~1-e4940]:main():gmm-align-compiled.cc:127) COM040_Pa040_003
LOG (gmm-align-compiled[5.5.1009~1-e4940]:main():gmm-align-compiled.cc:127) COM040_Pa040_004
LOG (gmm-align-compiled[5.5.1009~1-e4940]:main():gmm-align-compiled.cc:127) COM040_Pa040_005
LOG (gmm-align-compiled[5.5.1009~1-e4940]:main():gmm-align-compiled.cc:127) COM040_Pa040_006
LOG (gmm-align-compiled[5.5.1009~1-e4940]:main():gmm-align-compiled.cc:127) COM040_Pa040_007
LOG (gmm-align-compiled[5.5.1009~1-e4940]:main():gmm-align-compiled.cc:127) COM040_Pa040_008
LOG (gmm-align-compiled[5.5.1009~1-e4940]:main():gmm-align-compiled.cc:127) COM040_Pa040_009
LOG (gmm-align-compiled[5.5.1009~1-e4940]:main():gmm-align-compiled.cc:127) COM040_Pa040_010
LOG (gmm-align-compiled[5.5.1009~1-e4940]:main():gmm-align-compiled.cc:127) COM040_Pa040_011
LOG (gmm-align-compiled[5.5.1009~1-e4940]:main():gmm-align-compiled.cc:127) COM040_Pa040_012
LOG (gmm-align-compiled[5.5.1009~1-e4940]:main():gmm-align-compiled.cc:127) COM040_Pa040_013
LOG (gmm-align-compiled[5.5.1009~1-e4940]:main():gmm-align-compiled.cc:127) COM040_Pa040_014
LOG (gmm-align-compiled[5.5.1009~1-e4940]:main():gmm-align-compiled.cc:127) COM040_Pa040_015
LOG (gmm-align-compiled[5.5.1009~1-e4940]:main():gmm-align-compiled.cc:127) COM040_Pa040_016
LOG (gmm-align-compiled[5.5.1009~1-e4940]:main():gmm-align-compiled.cc:127) COM040_Pa040_017
LOG (gmm-align-compiled[5.5.1009~1-e4940]:main():gmm-align-compiled.cc:127) COM040_Pa040_018
LOG (gmm-align-compiled[5.5.1009~1-e4940]:main():gmm-align-compiled.cc:127) COM040_Pa040_019
LOG (gmm-align-compiled[5.5.1009~1-e4940]:main():gmm-align-compiled.cc:127) COM040_Pa040_020
LOG (gmm-align-compiled[5.5.1009~1-e4940]:main():gmm-align-compiled.cc:127) COM040_Pa040_021
LOG (gmm-align-compiled[5.5.1009~1-e4940]:main():gmm-align-compiled.cc:127) COM040_Pa040_022
LOG (gmm-align-compiled[5.5.1009~1-e4940]:main():gmm-align-compiled.cc:127) COM040_Pa040_023
LOG (gmm-align-compiled[5.5.1009~1-e4940]:main():gmm-align-compiled.cc:127) COM040_Pa040_024
LOG (gmm-align-compiled[5.5.1009~1-e4940]:main():gmm-align-compiled.cc:127) COM040_Pa040_025
LOG (gmm-align-compiled[5.5.1009~1-e4940]:main():gmm-align-compiled.cc:127) COM040_Pa040_026
LOG (gmm-align-compiled[5.5.1009~1-e4940]:main():gmm-align-compiled.cc:127) COM040_Pa040_027
LOG (gmm-align-compiled[5.5.1009~1-e4940]:main():gmm-align-compiled.cc:127) COM040_Pa040_028
LOG (gmm-align-compiled[5.5.1009~1-e4940]:main():gmm-align-compiled.cc:127) COM043_Pa043_001
LOG (gmm-align-compiled[5.5.1009~1-e4940]:main():gmm-align-compiled.cc:127) COM043_Pa043_002
LOG (gmm-align-compiled[5.5.1009~1-e4940]:main():gmm-align-compiled.cc:127) COM043_Pa043_003
LOG (gmm-align-compiled[5.5.1009~1-e4940]:main():gmm-align-compiled.cc:127) COM043_Pa043_004
LOG (gmm-align-compiled[5.5.1009~1-e4940]:main():gmm-align-compiled.cc:127) COM043_Pa043_005
LOG (gmm-align-compiled[5.5.1009~1-e4940]:main():gmm-align-compiled.cc:127) COM043_Pa043_006
LOG (gmm-align-compiled[5.5.1009~1-e4940]:main():gmm-align-compiled.cc:127) COM043_Pa043_007
LOG (gmm-align-compiled[5.5.1009~1-e4940]:main():gmm-align-compiled.cc:127) COM043_Pa043_008
LOG (gmm-align-compiled[5.5.1009~1-e4940]:main():gmm-align-compiled.cc:127) COM043_Pa043_009
LOG (gmm-align-compiled[5.5.1009~1-e4940]:main():gmm-align-compiled.cc:127) COM043_Pa043_010
LOG (gmm-align-compiled[5.5.1009~1-e4940]:main():gmm-align-compiled.cc:127) COM043_Pa043_011
LOG (gmm-align-compiled[5.5.1009~1-e4940]:main():gmm-align-compiled.cc:127) COM043_Pa043_012
LOG (gmm-align-compiled[5.5.1009~1-e4940]:main():gmm-align-compiled.cc:127) COM043_Pa043_013
LOG (gmm-align-compiled[5.5.1009~1-e4940]:main():gmm-align-compiled.cc:127) COM043_Pa043_014
LOG (gmm-align-compiled[5.5.1009~1-e4940]:main():gmm-align-compiled.cc:127) COM043_Pa043_015
LOG (gmm-align-compiled[5.5.1009~1-e4940]:main():gmm-align-compiled.cc:127) COM043_Pa043_016
LOG (gmm-align-compiled[5.5.1009~1-e4940]:main():gmm-align-compiled.cc:127) COM043_Pa043_017
LOG (gmm-align-compiled[5.5.1009~1-e4940]:main():gmm-align-compiled.cc:127) COM043_Pa043_018
LOG (gmm-align-compiled[5.5.1009~1-e4940]:main():gmm-align-compiled.cc:127) COM043_Pa043_019
LOG (gmm-align-compiled[5.5.1009~1-e4940]:main():gmm-align-compiled.cc:127) COM043_Pa043_020
LOG (gmm-align-compiled[5.5.1009~1-e4940]:main():gmm-align-compiled.cc:127) COM043_Pa043_021
LOG (gmm-align-compiled[5.5.1009~1-e4940]:main():gmm-align-compiled.cc:127) COM043_Pa043_022
LOG (gmm-align-compiled[5.5.1009~1-e4940]:main():gmm-align-compiled.cc:127) COM043_Pa043_023
LOG (gmm-align-compiled[5.5.1009~1-e4940]:main():gmm-align-compiled.cc:127) COM043_Pa043_024
LOG (gmm-align-compiled[5.5.1009~1-e4940]:main():gmm-align-compiled.cc:127) COM043_Pa043_025
LOG (gmm-align-compiled[5.5.1009~1-e4940]:main():gmm-align-compiled.cc:127) COM043_Pa043_026
LOG (gmm-align-compiled[5.5.1009~1-e4940]:main():gmm-align-compiled.cc:127) COM043_Pa043_027
LOG (gmm-align-compiled[5.5.1009~1-e4940]:main():gmm-align-compiled.cc:127) COM043_Pa043_028
LOG (gmm-align-compiled[5.5.1009~1-e4940]:main():gmm-align-compiled.cc:127) COM044_Pa044_001
LOG (gmm-align-compiled[5.5.1009~1-e4940]:main():gmm-align-compiled.cc:127) COM044_Pa044_002
LOG (gmm-align-compiled[5.5.1009~1-e4940]:main():gmm-align-compiled.cc:127) COM044_Pa044_003
LOG (gmm-align-compiled[5.5.1009~1-e4940]:main():gmm-align-compiled.cc:127) COM044_Pa044_004
LOG (gmm-align-compiled[5.5.1009~1-e4940]:main():gmm-align-compiled.cc:127) COM044_Pa044_005
LOG (gmm-align-compiled[5.5.1009~1-e4940]:main():gmm-align-compiled.cc:127) COM044_Pa044_006
LOG (gmm-align-compiled[5.5.1009~1-e4940]:main():gmm-align-compiled.cc:127) COM044_Pa044_007
LOG (gmm-align-compiled[5.5.1009~1-e4940]:main():gmm-align-compiled.cc:127) COM044_Pa044_008
LOG (gmm-align-compiled[5.5.1009~1-e4940]:main():gmm-align-compiled.cc:127) COM044_Pa044_009
LOG (gmm-align-compiled[5.5.1009~1-e4940]:main():gmm-align-compiled.cc:127) COM044_Pa044_010
LOG (gmm-align-compiled[5.5.1009~1-e4940]:main():gmm-align-compiled.cc:127) COM044_Pa044_011
LOG (gmm-align-compiled[5.5.1009~1-e4940]:main():gmm-align-compiled.cc:127) COM044_Pa044_012
LOG (gmm-align-compiled[5.5.1009~1-e4940]:main():gmm-align-compiled.cc:127) COM044_Pa044_013
LOG (gmm-align-compiled[5.5.1009~1-e4940]:main():gmm-align-compiled.cc:127) COM044_Pa044_014
LOG (gmm-align-compiled[5.5.1009~1-e4940]:main():gmm-align-compiled.cc:127) COM044_Pa044_015
LOG (gmm-align-compiled[5.5.1009~1-e4940]:main():gmm-align-compiled.cc:127) COM044_Pa044_016
LOG (gmm-align-compiled[5.5.1009~1-e4940]:main():gmm-align-compiled.cc:127) COM044_Pa044_017
LOG (gmm-align-compiled[5.5.1009~1-e4940]:main():gmm-align-compiled.cc:127) COM044_Pa044_018
LOG (gmm-align-compiled[5.5.1009~1-e4940]:main():gmm-align-compiled.cc:127) COM044_Pa044_019
LOG (gmm-align-compiled[5.5.1009~1-e4940]:main():gmm-align-compiled.cc:127) COM044_Pa044_020
LOG (gmm-align-compiled[5.5.1009~1-e4940]:main():gmm-align-compiled.cc:127) COM044_Pa044_021
LOG (gmm-align-compiled[5.5.1009~1-e4940]:main():gmm-align-compiled.cc:127) COM044_Pa044_022
LOG (gmm-align-compiled[5.5.1009~1-e4940]:main():gmm-align-compiled.cc:127) COM044_Pa044_023
LOG (gmm-align-compiled[5.5.1009~1-e4940]:main():gmm-align-compiled.cc:127) COM044_Pa044_024
LOG (gmm-align-compiled[5.5.1009~1-e4940]:main():gmm-align-compiled.cc:127) COM044_Pa044_025
LOG (gmm-align-compiled[5.5.1009~1-e4940]:main():gmm-align-compiled.cc:127) COM044_Pa044_026
LOG (gmm-align-compiled[5.5.1009~1-e4940]:main():gmm-align-compiled.cc:127) COM044_Pa044_027
LOG (gmm-align-compiled[5.5.1009~1-e4940]:main():gmm-align-compiled.cc:127) COM044_Pa044_028
LOG (gmm-align-compiled[5.5.1009~1-e4940]:main():gmm-align-compiled.cc:127) COM046_Pa046_001
LOG (gmm-align-compiled[5.5.1009~1-e4940]:main():gmm-align-compiled.cc:127) COM046_Pa046_002
LOG (gmm-align-compiled[5.5.1009~1-e4940]:main():gmm-align-compiled.cc:127) COM046_Pa046_003
LOG (gmm-align-compiled[5.5.1009~1-e4940]:main():gmm-align-compiled.cc:127) COM046_Pa046_004
LOG (gmm-align-compiled[5.5.1009~1-e4940]:main():gmm-align-compiled.cc:127) COM046_Pa046_005
LOG (gmm-align-compiled[5.5.1009~1-e4940]:main():gmm-align-compiled.cc:127) COM046_Pa046_006
LOG (gmm-align-compiled[5.5.1009~1-e4940]:main():gmm-align-compiled.cc:127) COM046_Pa046_007
LOG (gmm-align-compiled[5.5.1009~1-e4940]:main():gmm-align-compiled.cc:127) COM046_Pa046_008
LOG (gmm-align-compiled[5.5.1009~1-e4940]:main():gmm-align-compiled.cc:127) COM046_Pa046_009
LOG (gmm-align-compiled[5.5.1009~1-e4940]:main():gmm-align-compiled.cc:127) COM046_Pa046_010
LOG (gmm-align-compiled[5.5.1009~1-e4940]:main():gmm-align-compiled.cc:127) COM046_Pa046_011
LOG (gmm-align-compiled[5.5.1009~1-e4940]:main():gmm-align-compiled.cc:127) COM046_Pa046_012
LOG (gmm-align-compiled[5.5.1009~1-e4940]:main():gmm-align-compiled.cc:127) COM046_Pa046_013
LOG (gmm-align-compiled[5.5.1009~1-e4940]:main():gmm-align-compiled.cc:127) COM046_Pa046_014
LOG (gmm-align-compiled[5.5.1009~1-e4940]:main():gmm-align-compiled.cc:127) COM046_Pa046_015
LOG (gmm-align-compiled[5.5.1009~1-e4940]:main():gmm-align-compiled.cc:127) COM046_Pa046_016
LOG (gmm-align-compiled[5.5.1009~1-e4940]:main():gmm-align-compiled.cc:127) COM046_Pa046_017
LOG (gmm-align-compiled[5.5.1009~1-e4940]:main():gmm-align-compiled.cc:127) COM046_Pa046_018
LOG (gmm-align-compiled[5.5.1009~1-e4940]:main():gmm-align-compiled.cc:127) COM046_Pa046_019
LOG (gmm-align-compiled[5.5.1009~1-e4940]:main():gmm-align-compiled.cc:127) COM046_Pa046_020
LOG (gmm-align-compiled[5.5.1009~1-e4940]:main():gmm-align-compiled.cc:127) COM046_Pa046_021
LOG (gmm-align-compiled[5.5.1009~1-e4940]:main():gmm-align-compiled.cc:127) COM046_Pa046_022
LOG (gmm-align-compiled[5.5.1009~1-e4940]:main():gmm-align-compiled.cc:127) COM046_Pa046_023
LOG (gmm-align-compiled[5.5.1009~1-e4940]:main():gmm-align-compiled.cc:127) COM046_Pa046_024
LOG (gmm-align-compiled[5.5.1009~1-e4940]:main():gmm-align-compiled.cc:127) COM046_Pa046_025
LOG (gmm-align-compiled[5.5.1009~1-e4940]:main():gmm-align-compiled.cc:127) COM046_Pa046_026
LOG (gmm-align-compiled[5.5.1009~1-e4940]:main():gmm-align-compiled.cc:127) COM046_Pa046_027
LOG (gmm-align-compiled[5.5.1009~1-e4940]:main():gmm-align-compiled.cc:127) COM046_Pa046_028
LOG (gmm-align-compiled[5.5.1009~1-e4940]:main():gmm-align-compiled.cc:127) COM047_Pa047_001
LOG (gmm-align-compiled[5.5.1009~1-e4940]:main():gmm-align-compiled.cc:127) COM047_Pa047_002
LOG (gmm-align-compiled[5.5.1009~1-e4940]:main():gmm-align-compiled.cc:127) COM047_Pa047_003
LOG (gmm-align-compiled[5.5.1009~1-e4940]:main():gmm-align-compiled.cc:127) COM047_Pa047_004
LOG (gmm-align-compiled[5.5.1009~1-e4940]:main():gmm-align-compiled.cc:127) COM047_Pa047_005
LOG (gmm-align-compiled[5.5.1009~1-e4940]:main():gmm-align-compiled.cc:127) COM047_Pa047_006
LOG (gmm-align-compiled[5.5.1009~1-e4940]:main():gmm-align-compiled.cc:127) COM047_Pa047_007
LOG (gmm-align-compiled[5.5.1009~1-e4940]:main():gmm-align-compiled.cc:127) COM047_Pa047_008
LOG (gmm-align-compiled[5.5.1009~1-e4940]:main():gmm-align-compiled.cc:127) COM047_Pa047_009
LOG (gmm-align-compiled[5.5.1009~1-e4940]:main():gmm-align-compiled.cc:127) COM047_Pa047_010
LOG (gmm-align-compiled[5.5.1009~1-e4940]:main():gmm-align-compiled.cc:127) COM047_Pa047_011
LOG (gmm-align-compiled[5.5.1009~1-e4940]:main():gmm-align-compiled.cc:127) COM047_Pa047_012
LOG (gmm-align-compiled[5.5.1009~1-e4940]:main():gmm-align-compiled.cc:127) COM047_Pa047_013
LOG (gmm-align-compiled[5.5.1009~1-e4940]:main():gmm-align-compiled.cc:127) COM047_Pa047_014
LOG (gmm-align-compiled[5.5.1009~1-e4940]:main():gmm-align-compiled.cc:127) COM047_Pa047_015
LOG (gmm-align-compiled[5.5.1009~1-e4940]:main():gmm-align-compiled.cc:127) COM047_Pa047_016
LOG (gmm-align-compiled[5.5.1009~1-e4940]:main():gmm-align-compiled.cc:127) COM047_Pa047_017
LOG (gmm-align-compiled[5.5.1009~1-e4940]:main():gmm-align-compiled.cc:127) COM047_Pa047_018
LOG (gmm-align-compiled[5.5.1009~1-e4940]:main():gmm-align-compiled.cc:127) COM047_Pa047_019
LOG (gmm-align-compiled[5.5.1009~1-e4940]:main():gmm-align-compiled.cc:127) COM047_Pa047_020
LOG (gmm-align-compiled[5.5.1009~1-e4940]:main():gmm-align-compiled.cc:127) COM047_Pa047_021
LOG (gmm-align-compiled[5.5.1009~1-e4940]:main():gmm-align-compiled.cc:127) COM047_Pa047_022
LOG (gmm-align-compiled[5.5.1009~1-e4940]:main():gmm-align-compiled.cc:127) COM047_Pa047_023
LOG (gmm-align-compiled[5.5.1009~1-e4940]:main():gmm-align-compiled.cc:127) COM047_Pa047_024
LOG (gmm-align-compiled[5.5.1009~1-e4940]:main():gmm-align-compiled.cc:127) COM047_Pa047_025
LOG (gmm-align-compiled[5.5.1009~1-e4940]:main():gmm-align-compiled.cc:127) COM047_Pa047_026
LOG (apply-cmvn[5.5.1009~1-e4940]:main():apply-cmvn.cc:162) Applied cepstral mean normalization to 671 utterances, errors on 0
LOG (gmm-align-compiled[5.5.1009~1-e4940]:main():gmm-align-compiled.cc:127) COM047_Pa047_027
LOG (gmm-align-compiled[5.5.1009~1-e4940]:main():gmm-align-compiled.cc:127) COM047_Pa047_028
LOG (gmm-align-compiled[5.5.1009~1-e4940]:main():gmm-align-compiled.cc:135) Overall log-likelihood per frame is -99.6378 over 415603 frames.
LOG (gmm-align-compiled[5.5.1009~1-e4940]:main():gmm-align-compiled.cc:137) Retried 1 out of 671 utterances.
LOG (gmm-align-compiled[5.5.1009~1-e4940]:main():gmm-align-compiled.cc:139) Done 671, errors on 0
# Accounting: time=6 threads=1
# Ended (code 0) at Thu Mar 17 09:37:26 UTC 2022, elapsed time 6 seconds
